10:01:23 - [INPUT] KEYDOWN key=return code=13 state=MENU
10:01:23 - \U0001f3ae Inizia nuova partita
10:01:23 - \U0001f504 Nuova partita iniziata!
10:01:23 - [INPUT] KEYUP key=return code=13 state=PLAYING
10:01:24 - [INPUT] KEYDOWN key=space code=32 state=PLAYING
10:01:24 - [INPUT] KEYUP key=space code=32 state=PLAYING
10:01:24 - [INPUT] KEYDOWN key=space code=32 state=PLAYING
10:01:24 - [INPUT] KEYUP key=space code=32 state=PLAYING
10:01:24 - [INPUT] KEYDOWN key=space code=32 state=PLAYING
10:01:25 - [INPUT] KEYUP key=space code=32 state=PLAYING
10:01:25 - [INPUT] KEYDOWN key=space code=32 state=PLAYING
10:01:25 - [INPUT] KEYUP key=space code=32 state=PLAYING
10:01:25 - [INPUT] KEYDOWN key=space code=32 state=PLAYING
10:01:25 - [INPUT] KEYUP key=space code=32 state=PLAYING
10:01:25 - [INPUT] KEYDOWN key=left code=1073741904 state=PLAYING
10:01:25 - [INPUT] KEYUP key=left code=1073741904 state=PLAYING
10:01:25 - [INPUT] KEYDOWN key=space code=32 state=PLAYING
10:01:25 - [INPUT] KEYDOWN key=left code=1073741904 state=PLAYING
10:01:25 - [INPUT] KEYUP key=left code=1073741904 state=PLAYING
10:01:25 - [INPUT] KEYUP key=space code=32 state=PLAYING
10:01:25 - [INPUT] KEYDOWN key=space code=32 state=PLAYING
10:01:26 - [INPUT] KEYUP key=space code=32 state=PLAYING
10:01:26 - [INPUT] KEYDOWN key=space code=32 state=PLAYING
10:01:26 - [INPUT] KEYUP key=space code=32 state=PLAYING
10:01:26 - [INPUT] KEYDOWN key=right code=1073741903 state=PLAYING
10:01:26 - [INPUT] KEYUP key=right code=1073741903 state=PLAYING
10:01:26 - [INPUT] KEYDOWN key=space code=32 state=PLAYING
10:01:26 - [INPUT] KEYDOWN key=right code=1073741903 state=PLAYING
10:01:26 - [INPUT] KEYUP key=space code=32 state=PLAYING
10:01:26 - [INPUT] KEYUP key=right code=1073741903 state=PLAYING
10:01:26 - [INPUT] KEYDOWN key=space code=32 state=PLAYING
10:01:26 - [INPUT] KEYDOWN key=right code=1073741903 state=PLAYING
10:01:26 - [INPUT] KEYUP key=space code=32 state=PLAYING
10:01:26 - [INPUT] KEYUP key=right code=1073741903 state=PLAYING
10:01:26 - [INPUT] KEYDOWN key=space code=32 state=PLAYING
10:01:26 - [INPUT] KEYDOWN key=left code=1073741904 state=PLAYING
10:01:26 - [INPUT] KEYUP key=space code=32 state=PLAYING
10:01:27 - [INPUT] KEYUP key=left code=1073741904 state=PLAYING
10:01:27 - [INPUT] KEYDOWN key=left code=1073741904 state=PLAYING
10:01:27 - [INPUT] KEYDOWN key=space code=32 state=PLAYING
10:01:27 - [INPUT] KEYUP key=left code=1073741904 state=PLAYING
10:01:27 - [INPUT] KEYUP key=space code=32 state=PLAYING
10:01:27 - [INPUT] KEYDOWN key=left code=1073741904 state=PLAYING
10:01:27 - [INPUT] KEYDOWN key=space code=32 state=PLAYING
10:01:27 - [INPUT] KEYUP key=left code=1073741904 state=PLAYING
10:01:27 - [INPUT] KEYUP key=space code=32 state=PLAYING
10:01:27 - [INPUT] KEYDOWN key=left code=1073741904 state=PLAYING
10:01:27 - [INPUT] KEYDOWN key=space code=32 state=PLAYING
10:01:27 - [INPUT] KEYUP key=left code=1073741904 state=PLAYING
10:01:27 - [INPUT] KEYUP key=space code=32 state=PLAYING
10:01:27 - [INPUT] KEYDOWN key=right code=1073741903 state=PLAYING
10:01:27 - [INPUT] KEYDOWN key=space code=32 state=PLAYING
10:01:27 - [INPUT] KEYUP key=right code=1073741903 state=PLAYING
10:01:27 - [INPUT] KEYUP key=space code=32 state=PLAYING
10:01:27 - [INPUT] KEYDOWN key=right code=1073741903 state=PLAYING
10:01:27 - [INPUT] KEYDOWN key=space code=32 state=PLAYING
10:01:28 - [INPUT] KEYUP key=right code=1073741903 state=PLAYING
10:01:28 - [INPUT] KEYDOWN key=left code=1073741904 state=PLAYING
10:01:28 - [INPUT] KEYUP key=space code=32 state=PLAYING
10:01:28 - [INPUT] KEYUP key=left code=1073741904 state=PLAYING
10:01:28 - [INPUT] KEYDOWN key=space code=32 state=PLAYING
10:01:28 - [INPUT] KEYDOWN key=left code=1073741904 state=PLAYING
10:01:28 - [INPUT] KEYUP key=space code=32 state=PLAYING
10:01:28 - [INPUT] KEYUP key=left code=1073741904 state=PLAYING
10:01:28 - [INPUT] KEYDOWN key=right code=1073741903 state=PLAYING
10:01:28 - [INPUT] KEYDOWN key=space code=32 state=PLAYING
10:01:28 - [INPUT] KEYUP key=space code=32 state=PLAYING
10:01:28 - [INPUT] KEYUP key=right code=1073741903 state=PLAYING
10:01:28 - [INPUT] KEYDOWN key=space code=32 state=PLAYING
10:01:28 - [INPUT] KEYDOWN key=right code=1073741903 state=PLAYING
10:01:28 - [INPUT] KEYUP key=space code=32 state=PLAYING
10:01:28 - [INPUT] KEYUP key=right code=1073741903 state=PLAYING
10:01:28 - [INPUT] KEYDOWN key=space code=32 state=PLAYING
10:01:28 - [INPUT] KEYDOWN key=left code=1073741904 state=PLAYING
10:01:28 - [INPUT] KEYUP key=left code=1073741904 state=PLAYING
10:01:28 - [INPUT] KEYUP key=space code=32 state=PLAYING
10:01:29 - [INPUT] KEYDOWN key=space code=32 state=PLAYING
10:01:29 - [INPUT] KEYDOWN key=left code=1073741904 state=PLAYING
10:01:29 - [INPUT] KEYUP key=left code=1073741904 state=PLAYING
10:01:29 - [INPUT] KEYUP key=space code=32 state=PLAYING
10:01:29 - [INPUT] KEYDOWN key=left code=1073741904 state=PLAYING
10:01:29 - [INPUT] KEYDOWN key=space code=32 state=PLAYING
10:01:29 - [INPUT] KEYUP key=left code=1073741904 state=PLAYING
10:01:29 - [INPUT] KEYUP key=space code=32 state=PLAYING
10:01:29 - [INPUT] KEYDOWN key=space code=32 state=PLAYING
10:01:29 - [INPUT] KEYDOWN key=right code=1073741903 state=PLAYING
10:01:29 - [INPUT] KEYUP key=space code=32 state=PLAYING
10:01:29 - [INPUT] KEYUP key=right code=1073741903 state=PLAYING
10:01:29 - [INPUT] KEYDOWN key=left code=1073741904 state=PLAYING
10:01:29 - [INPUT] KEYDOWN key=space code=32 state=PLAYING
10:01:29 - [INPUT] KEYUP key=space code=32 state=PLAYING
10:01:29 - [INPUT] KEYUP key=left code=1073741904 state=PLAYING
10:01:29 - [INPUT] KEYDOWN key=space code=32 state=PLAYING
10:01:30 - [INPUT] KEYDOWN key=right code=1073741903 state=PLAYING
10:01:30 - [INPUT] KEYUP key=space code=32 state=PLAYING
10:01:30 - [INPUT] KEYDOWN key=space code=32 state=PLAYING
10:01:30 - [INPUT] KEYUP key=right code=1073741903 state=PLAYING
10:01:30 - [INPUT] KEYUP key=space code=32 state=PLAYING
10:01:30 - [INPUT] KEYDOWN key=right code=1073741903 state=PLAYING
10:01:30 - [INPUT] KEYDOWN key=space code=32 state=PLAYING
10:01:30 - [INPUT] KEYUP key=right code=1073741903 state=PLAYING
10:01:30 - [INPUT] KEYUP key=space code=32 state=PLAYING
10:01:30 - [INPUT] KEYDOWN key=space code=32 state=PLAYING
10:01:30 - [INPUT] KEYDOWN key=left code=1073741904 state=PLAYING
10:01:30 - [INPUT] KEYUP key=space code=32 state=PLAYING
10:01:30 - [INPUT] KEYDOWN key=space code=32 state=PLAYING
10:01:31 - [INPUT] KEYUP key=left code=1073741904 state=PLAYING
10:01:31 - [INPUT] KEYUP key=space code=32 state=PLAYING
10:01:31 - [INPUT] KEYDOWN key=right code=1073741903 state=PLAYING
10:01:31 - [INPUT] KEYDOWN key=space code=32 state=PLAYING
10:01:31 - [INPUT] KEYUP key=space code=32 state=PLAYING
10:01:31 - [INPUT] KEYUP key=right code=1073741903 state=PLAYING
10:01:31 - [INPUT] KEYDOWN key=space code=32 state=PLAYING
10:01:31 - [INPUT] KEYDOWN key=right code=1073741903 state=PLAYING
10:01:31 - [INPUT] KEYUP key=right code=1073741903 state=PLAYING
10:01:31 - [INPUT] KEYDOWN key=left code=1073741904 state=PLAYING
10:01:31 - [INPUT] KEYUP key=space code=32 state=PLAYING
10:01:31 - [INPUT] KEYUP key=left code=1073741904 state=PLAYING
10:01:31 - [INPUT] KEYDOWN key=space code=32 state=PLAYING
10:01:31 - [INPUT] KEYDOWN key=left code=1073741904 state=PLAYING
10:01:31 - [INPUT] KEYUP key=space code=32 state=PLAYING
10:01:31 - [INPUT] KEYUP key=left code=1073741904 state=PLAYING
10:01:31 - [INPUT] KEYDOWN key=space code=32 state=PLAYING
10:01:31 - [INPUT] KEYDOWN key=right code=1073741903 state=PLAYING
10:01:32 - [INPUT] KEYUP key=space code=32 state=PLAYING
10:01:32 - [INPUT] KEYUP key=right code=1073741903 state=PLAYING
10:01:32 - [INPUT] KEYDOWN key=space code=32 state=PLAYING
10:01:32 - [INPUT] KEYDOWN key=right code=1073741903 state=PLAYING
10:01:32 - [INPUT] KEYUP key=space code=32 state=PLAYING
10:01:32 - [INPUT] KEYDOWN key=space code=32 state=PLAYING
10:01:32 - [INPUT] KEYDOWN key=left code=1073741904 state=PLAYING
10:01:32 - [INPUT] KEYUP key=right code=1073741903 state=PLAYING
10:01:32 - [INPUT] KEYUP key=space code=32 state=PLAYING
10:01:32 - [INPUT] KEYDOWN key=space code=32 state=PLAYING
10:01:32 - [INPUT] KEYUP key=space code=32 state=PLAYING
10:01:33 - [INPUT] KEYDOWN key=space code=32 state=PLAYING
10:01:33 - [INPUT] KEYUP key=space code=32 state=PLAYING
10:01:33 - [INPUT] KEYUP key=left code=1073741904 state=PLAYING
10:01:33 - [INPUT] KEYDOWN key=space code=32 state=PLAYING
10:01:33 - [INPUT] KEYUP key=space code=32 state=PLAYING
10:01:33 - [INPUT] KEYDOWN key=space code=32 state=PLAYING
10:01:33 - [INPUT] KEYUP key=space code=32 state=PLAYING
10:01:33 - [INPUT] KEYDOWN key=space code=32 state=PLAYING
10:01:34 - [INPUT] KEYUP key=space code=32 state=PLAYING
10:01:34 - [INPUT] KEYDOWN key=space code=32 state=PLAYING
10:01:34 - [INPUT] KEYUP key=space code=32 state=PLAYING
10:01:34 - [INPUT] KEYDOWN key=space code=32 state=PLAYING
10:01:34 - [INPUT] KEYUP key=space code=32 state=PLAYING
10:01:34 - [INPUT] KEYDOWN key=space code=32 state=PLAYING
10:01:34 - [INPUT] KEYUP key=space code=32 state=PLAYING
10:01:34 - [INPUT] KEYDOWN key=space code=32 state=PLAYING
10:01:34 - [INPUT] KEYUP key=space code=32 state=PLAYING
10:01:35 - [INPUT] KEYDOWN key=space code=32 state=PLAYING
10:01:35 - [INPUT] KEYUP key=space code=32 state=PLAYING
10:01:35 - [INPUT] KEYDOWN key=space code=32 state=PLAYING
10:01:35 - [INPUT] KEYUP key=space code=32 state=PLAYING
10:01:36 - [INPUT] KEYDOWN key=right code=1073741903 state=PLAYING
10:01:36 - [INPUT] KEYDOWN key=space code=32 state=PLAYING
10:01:36 - [INPUT] KEYUP key=space code=32 state=PLAYING
10:01:36 - [INPUT] KEYDOWN key=space code=32 state=PLAYING
10:01:36 - [INPUT] KEYUP key=right code=1073741903 state=PLAYING
10:01:36 - [INPUT] KEYUP key=space code=32 state=PLAYING
10:01:36 - [INPUT] KEYDOWN key=left code=1073741904 state=PLAYING
10:01:37 - [INPUT] KEYUP key=left code=1073741904 state=PLAYING
10:01:39 - [INPUT] KEYDOWN key=left code=1073741904 state=PLAYING
10:01:39 - [INPUT] KEYUP key=left code=1073741904 state=PLAYING
10:01:40 - [INPUT] KEYDOWN key=left code=1073741904 state=PLAYING
10:01:40 - [INPUT] KEYUP key=left code=1073741904 state=PLAYING
10:01:40 - [INPUT] KEYDOWN key=left code=1073741904 state=PLAYING
10:01:40 - [INPUT] KEYUP key=left code=1073741904 state=PLAYING
10:01:41 - [INPUT] KEYDOWN key=left code=1073741904 state=PLAYING
10:01:41 - [INPUT] KEYUP key=left code=1073741904 state=PLAYING
10:01:42 - [INPUT] KEYDOWN key=right code=1073741903 state=PLAYING
10:01:42 - [INPUT] KEYUP key=right code=1073741903 state=PLAYING
