16:45:25 - Creata piattaforma a x=250, y=750, livello=Mantello
16:45:25 - Creata piattaforma a x=221, y=670, livello=Mantello
16:45:25 - Creata piattaforma a x=231, y=590, livello=Mantello
16:45:25 - Creata piattaforma a x=444, y=510, livello=Mantello
16:45:25 - Creata piattaforma a x=417, y=430, livello=Mantello
16:45:25 - Creata piattaforma a x=103, y=350, livello=Mantello
16:45:25 - Creata piattaforma a x=95, y=270, livello=Mantello
16:45:25 - Creata piattaforma a x=156, y=190, livello=Mantello
16:45:25 - Creata piattaforma a x=87, y=110, livello=Mantello
16:45:25 - Creata piattaforma a x=79, y=30, livello=Mantello
16:45:25 - Creata piattaforma a x=222, y=-50, livello=Crosta Terrestre
16:45:25 - Creata piattaforma a x=439, y=-130, livello=Crosta Terrestre
16:45:25 - Creata piattaforma a x=405, y=-210, livello=Crosta Terrestre
16:45:25 - Creata piattaforma a x=436, y=-290, livello=Crosta Terrestre
16:45:25 - Creata piattaforma a x=77, y=-370, livello=Crosta Terrestre
16:45:25 - Creata piattaforma a x=255, y=-450, livello=Crosta Terrestre
16:45:25 - Creata piattaforma a x=445, y=-530, livello=Crosta Terrestre
16:45:25 - Creata piattaforma a x=450, y=-610, livello=Crosta Terrestre
16:45:25 - Creata piattaforma a x=428, y=-690, livello=Crosta Terrestre
16:45:25 - Creata piattaforma a x=400, y=-770, livello=Vulcano
16:45:25 - Creata piattaforma a x=221, y=-850, livello=Vulcano
16:45:25 - Creata piattaforma a x=146, y=-930, livello=Vulcano
16:45:25 - Creata piattaforma a x=419, y=-1010, livello=Vulcano
16:45:25 - Creata piattaforma a x=73, y=-1090, livello=Vulcano
16:45:25 - Creata piattaforma a x=391, y=-1170, livello=Vulcano
16:45:25 - Creata piattaforma a x=152, y=-1250, livello=Vulcano
16:45:25 - Creata piattaforma a x=124, y=-1330, livello=Vulcano
16:45:25 - Creata piattaforma a x=398, y=-1410, livello=Vulcano
16:45:25 - Creata piattaforma a x=82, y=-1490, livello=Vulcano
16:45:25 - Creata piattaforma a x=372, y=-1570, livello=Vulcano
16:45:25 - Creata piattaforma a x=433, y=-1650, livello=Vulcano
16:45:25 - Creata piattaforma a x=232, y=-1730, livello=Vulcano
16:45:25 - Creata piattaforma a x=423, y=-1810, livello=Vulcano
16:45:25 - Creata piattaforma a x=281, y=-1890, livello=Vulcano
16:45:25 - Creata piattaforma a x=329, y=-1970, livello=Vulcano
16:45:25 - Creata piattaforma a x=280, y=-2050, livello=Vulcano
16:45:25 - Creata piattaforma a x=71, y=-2130, livello=Vulcano
16:45:25 - Creata piattaforma a x=282, y=-2210, livello=Vulcano
16:45:25 - Creata piattaforma a x=447, y=-2290, livello=Vulcano
16:45:25 - Creata piattaforma a x=283, y=-2370, livello=Vulcano
16:45:25 - Creata piattaforma a x=415, y=-2450, livello=Vulcano
16:45:25 - Creata piattaforma a x=86, y=-2530, livello=Vulcano
16:45:25 - Creata piattaforma a x=136, y=-2610, livello=Vulcano
16:45:25 - Creata piattaforma a x=416, y=-2690, livello=Vulcano
16:45:25 - Creata piattaforma a x=101, y=-2770, livello=Vulcano
16:45:25 - Creata piattaforma a x=154, y=-2850, livello=Vulcano
16:45:25 - Creata piattaforma a x=445, y=-2930, livello=Vulcano
16:45:25 - Creata piattaforma a x=88, y=-3010, livello=Vulcano
16:45:25 - Creata piattaforma a x=177, y=-3090, livello=Vulcano
16:45:25 - Creata piattaforma a x=409, y=-3170, livello=Vulcano
16:45:25 - Creata piattaforma a x=429, y=-3250, livello=Vulcano
16:45:25 - Creata piattaforma a x=170, y=-3330, livello=Vulcano
16:45:25 - Creata piattaforma a x=411, y=-3410, livello=Vulcano
16:45:25 - Creata piattaforma a x=449, y=-3490, livello=Vulcano
16:45:25 - Creata piattaforma a x=328, y=-3570, livello=Vulcano
16:45:25 - Creata piattaforma a x=404, y=-3650, livello=Vulcano
16:45:25 - Creata piattaforma a x=389, y=-3730, livello=Vulcano
16:45:25 - Creata piattaforma a x=344, y=-3810, livello=Vulcano
16:45:25 - Creata piattaforma a x=419, y=-3890, livello=Vulcano
16:45:25 - Creata piattaforma a x=412, y=-3970, livello=Vulcano
16:45:25 - Creata piattaforma a x=292, y=-4050, livello=Vulcano
16:45:25 - Creata piattaforma a x=407, y=-4130, livello=Vulcano
16:45:25 - Creata piattaforma a x=405, y=-4210, livello=Vulcano
16:45:25 - Creata piattaforma a x=331, y=-4290, livello=Vulcano
16:45:25 - Creata piattaforma a x=396, y=-4370, livello=Vulcano
16:45:25 - Creata piattaforma a x=450, y=-4450, livello=Vulcano
16:45:25 - Generate 66 piattaforme, 10 power-ups, 19 collectibles, 13 nemici
16:45:26 - Creata piattaforma a x=250, y=750, livello=Mantello
16:45:26 - Creata piattaforma a x=437, y=670, livello=Mantello
16:45:26 - Creata piattaforma a x=361, y=590, livello=Mantello
16:45:26 - Creata piattaforma a x=328, y=510, livello=Mantello
16:45:26 - Creata piattaforma a x=88, y=430, livello=Mantello
16:45:26 - Creata piattaforma a x=328, y=350, livello=Mantello
16:45:26 - Creata piattaforma a x=153, y=270, livello=Mantello
16:45:26 - Creata piattaforma a x=446, y=190, livello=Mantello
16:45:26 - Creata piattaforma a x=146, y=110, livello=Mantello
16:45:26 - Creata piattaforma a x=254, y=30, livello=Mantello
16:45:26 - Creata piattaforma a x=58, y=-50, livello=Crosta Terrestre
16:45:26 - Creata piattaforma a x=71, y=-130, livello=Crosta Terrestre
16:45:26 - Creata piattaforma a x=448, y=-210, livello=Crosta Terrestre
16:45:26 - Creata piattaforma a x=145, y=-290, livello=Crosta Terrestre
16:45:26 - Creata piattaforma a x=356, y=-370, livello=Crosta Terrestre
16:45:26 - Creata piattaforma a x=200, y=-450, livello=Crosta Terrestre
16:45:26 - Creata piattaforma a x=103, y=-530, livello=Crosta Terrestre
16:45:26 - Creata piattaforma a x=243, y=-610, livello=Crosta Terrestre
16:45:26 - Creata piattaforma a x=435, y=-690, livello=Crosta Terrestre
16:45:26 - Creata piattaforma a x=442, y=-770, livello=Vulcano
16:45:26 - Creata piattaforma a x=124, y=-850, livello=Vulcano
16:45:26 - Creata piattaforma a x=241, y=-930, livello=Vulcano
16:45:26 - Creata piattaforma a x=298, y=-1010, livello=Vulcano
16:45:26 - Creata piattaforma a x=428, y=-1090, livello=Vulcano
16:45:26 - Creata piattaforma a x=259, y=-1170, livello=Vulcano
16:45:26 - Creata piattaforma a x=327, y=-1250, livello=Vulcano
16:45:26 - Creata piattaforma a x=281, y=-1330, livello=Vulcano
16:45:26 - Creata piattaforma a x=414, y=-1410, livello=Vulcano
16:45:26 - Creata piattaforma a x=424, y=-1490, livello=Vulcano
16:45:26 - Creata piattaforma a x=74, y=-1570, livello=Vulcano
16:45:26 - Creata piattaforma a x=415, y=-1650, livello=Vulcano
16:45:26 - Creata piattaforma a x=87, y=-1730, livello=Vulcano
16:45:26 - Creata piattaforma a x=308, y=-1810, livello=Vulcano
16:45:26 - Creata piattaforma a x=264, y=-1890, livello=Vulcano
16:45:26 - Creata piattaforma a x=392, y=-1970, livello=Vulcano
16:45:26 - Creata piattaforma a x=135, y=-2050, livello=Vulcano
16:45:26 - Creata piattaforma a x=413, y=-2130, livello=Vulcano
16:45:26 - Creata piattaforma a x=108, y=-2210, livello=Vulcano
16:45:26 - Creata piattaforma a x=403, y=-2290, livello=Vulcano
16:45:26 - Creata piattaforma a x=56, y=-2370, livello=Vulcano
16:45:26 - Creata piattaforma a x=135, y=-2450, livello=Vulcano
16:45:26 - Creata piattaforma a x=147, y=-2530, livello=Vulcano
16:45:26 - Creata piattaforma a x=412, y=-2610, livello=Vulcano
16:45:26 - Creata piattaforma a x=388, y=-2690, livello=Vulcano
16:45:26 - Creata piattaforma a x=72, y=-2770, livello=Vulcano
16:45:26 - Creata piattaforma a x=260, y=-2850, livello=Vulcano
16:45:26 - Creata piattaforma a x=108, y=-2930, livello=Vulcano
16:45:26 - Creata piattaforma a x=115, y=-3010, livello=Vulcano
16:45:26 - Creata piattaforma a x=54, y=-3090, livello=Vulcano
16:45:26 - Creata piattaforma a x=314, y=-3170, livello=Vulcano
16:45:26 - Creata piattaforma a x=293, y=-3250, livello=Vulcano
16:45:26 - Creata piattaforma a x=168, y=-3330, livello=Vulcano
16:45:26 - Creata piattaforma a x=156, y=-3410, livello=Vulcano
16:45:26 - Creata piattaforma a x=226, y=-3490, livello=Vulcano
16:45:26 - Creata piattaforma a x=150, y=-3570, livello=Vulcano
16:45:26 - Creata piattaforma a x=319, y=-3650, livello=Vulcano
16:45:26 - Creata piattaforma a x=366, y=-3730, livello=Vulcano
16:45:26 - Creata piattaforma a x=421, y=-3810, livello=Vulcano
16:45:26 - Creata piattaforma a x=370, y=-3890, livello=Vulcano
16:45:26 - Creata piattaforma a x=157, y=-3970, livello=Vulcano
16:45:26 - Creata piattaforma a x=226, y=-4050, livello=Vulcano
16:45:26 - Creata piattaforma a x=380, y=-4130, livello=Vulcano
16:45:26 - Creata piattaforma a x=179, y=-4210, livello=Vulcano
16:45:26 - Creata piattaforma a x=412, y=-4290, livello=Vulcano
16:45:26 - Creata piattaforma a x=177, y=-4370, livello=Vulcano
16:45:26 - Creata piattaforma a x=167, y=-4450, livello=Vulcano
16:45:26 - Generate 66 piattaforme, 10 power-ups, 23 collectibles, 16 nemici
16:45:26 - Gioco resettato - Player posizionato a x=300, y=718
16:45:26 - Collisione con piattaforma 0 - Tipo: 0 - plat_top(screen)=750.0
16:45:27 - Scroll - km: 0.05, world_offset: 2.4
16:45:27 - Scroll - km: 0.16, world_offset: 7.9
16:45:27 - Scroll - km: 0.29, world_offset: 14.4
16:45:27 - Scroll - km: 0.39, world_offset: 19.5
16:45:27 - Scroll - km: 0.41, world_offset: 20.6
16:45:27 - Collisione con piattaforma 5 - Tipo: 0 - plat_top(screen)=371.0
16:45:27 - Collisione con piattaforma 5 - Tipo: 0 - plat_top(screen)=371.0
16:45:27 - Collisione con piattaforma 5 - Tipo: 0 - plat_top(screen)=371.0
16:45:27 - Collisione con piattaforma 5 - Tipo: 0 - plat_top(screen)=371.0
16:45:27 - Collisione con piattaforma 5 - Tipo: 0 - plat_top(screen)=371.0
16:45:27 - Collisione con piattaforma 5 - Tipo: 0 - plat_top(screen)=371.0
16:45:27 - Collisione con piattaforma 5 - Tipo: 0 - plat_top(screen)=371.0
16:45:27 - Collisione con piattaforma 5 - Tipo: 0 - plat_top(screen)=371.0
16:45:27 - Collisione con piattaforma 5 - Tipo: 0 - plat_top(screen)=371.0
16:45:27 - Collisione con piattaforma 5 - Tipo: 0 - plat_top(screen)=371.0
16:45:27 - Collisione con piattaforma 5 - Tipo: 0 - plat_top(screen)=371.0
16:45:27 - Collisione con piattaforma 5 - Tipo: 0 - plat_top(screen)=371.0
16:45:27 - Collisione con piattaforma 5 - Tipo: 0 - plat_top(screen)=371.0
16:45:27 - Collisione con piattaforma 5 - Tipo: 0 - plat_top(screen)=371.0
16:45:27 - Collisione con piattaforma 5 - Tipo: 0 - plat_top(screen)=371.0
16:45:27 - Collisione con piattaforma 5 - Tipo: 0 - plat_top(screen)=371.0
16:45:27 - Collisione con piattaforma 5 - Tipo: 0 - plat_top(screen)=371.0
16:45:27 - Collisione con piattaforma 5 - Tipo: 0 - plat_top(screen)=371.0
16:45:28 - Collisione con piattaforma 5 - Tipo: 0 - plat_top(screen)=371.0
16:45:28 - Collisione con piattaforma 5 - Tipo: 0 - plat_top(screen)=371.0
16:45:28 - Collisione con piattaforma 5 - Tipo: 0 - plat_top(screen)=371.0
16:45:28 - Collisione con piattaforma 5 - Tipo: 0 - plat_top(screen)=371.0
16:45:28 - Collisione con piattaforma 5 - Tipo: 0 - plat_top(screen)=371.0
16:45:28 - Collisione con piattaforma 5 - Tipo: 0 - plat_top(screen)=371.0
16:45:28 - Collisione con piattaforma 5 - Tipo: 0 - plat_top(screen)=371.0
16:45:28 - Collisione con piattaforma 5 - Tipo: 0 - plat_top(screen)=371.0
16:45:28 - Collisione con piattaforma 5 - Tipo: 0 - plat_top(screen)=371.0
16:45:28 - Collisione con piattaforma 5 - Tipo: 0 - plat_top(screen)=371.0
16:45:28 - Collisione con piattaforma 5 - Tipo: 0 - plat_top(screen)=371.0
16:45:28 - Collisione con piattaforma 5 - Tipo: 0 - plat_top(screen)=371.0
16:45:28 - Collisione con piattaforma 5 - Tipo: 0 - plat_top(screen)=371.0
16:45:28 - Collisione con piattaforma 4 - Tipo: 0 - plat_top(screen)=451.0
16:45:28 - Collisione con piattaforma 4 - Tipo: 0 - plat_top(screen)=451.0
16:45:28 - Collisione con piattaforma 4 - Tipo: 0 - plat_top(screen)=451.0
16:45:28 - Collisione con piattaforma 4 - Tipo: 0 - plat_top(screen)=451.0
16:45:28 - Collisione con piattaforma 4 - Tipo: 0 - plat_top(screen)=451.0
16:45:28 - Collisione con piattaforma 4 - Tipo: 0 - plat_top(screen)=451.0
16:45:28 - Collisione con piattaforma 4 - Tipo: 0 - plat_top(screen)=451.0
16:45:28 - Collisione con piattaforma 4 - Tipo: 0 - plat_top(screen)=451.0
16:45:28 - Collisione con piattaforma 4 - Tipo: 0 - plat_top(screen)=451.0
16:45:28 - Collisione con piattaforma 4 - Tipo: 0 - plat_top(screen)=451.0
16:45:28 - Collisione con piattaforma 4 - Tipo: 0 - plat_top(screen)=451.0
16:45:28 - Collisione con piattaforma 4 - Tipo: 0 - plat_top(screen)=451.0
16:45:28 - Collisione con piattaforma 4 - Tipo: 0 - plat_top(screen)=451.0
16:45:28 - Collisione con piattaforma 4 - Tipo: 0 - plat_top(screen)=451.0
16:45:29 - Collisione con piattaforma 4 - Tipo: 0 - plat_top(screen)=451.0
16:45:29 - Collisione con piattaforma 4 - Tipo: 0 - plat_top(screen)=451.0
16:45:29 - Collisione con piattaforma 4 - Tipo: 0 - plat_top(screen)=451.0
16:45:29 - Collisione con piattaforma 4 - Tipo: 0 - plat_top(screen)=451.0
16:45:29 - Collisione con piattaforma 4 - Tipo: 0 - plat_top(screen)=451.0
16:45:29 - Collisione con piattaforma 4 - Tipo: 0 - plat_top(screen)=451.0
16:45:29 - Collisione con piattaforma 4 - Tipo: 0 - plat_top(screen)=451.0
16:45:29 - Collisione con piattaforma 4 - Tipo: 0 - plat_top(screen)=451.0
16:45:29 - Collisione con piattaforma 4 - Tipo: 0 - plat_top(screen)=451.0
16:45:29 - Collisione con piattaforma 4 - Tipo: 0 - plat_top(screen)=451.0
16:45:29 - Collisione con piattaforma 4 - Tipo: 0 - plat_top(screen)=451.0
16:45:29 - Collisione con piattaforma 4 - Tipo: 0 - plat_top(screen)=451.0
16:45:29 - Collisione con piattaforma 4 - Tipo: 0 - plat_top(screen)=451.0
16:45:29 - Collisione con piattaforma 4 - Tipo: 0 - plat_top(screen)=451.0
16:45:29 - Collisione con piattaforma 4 - Tipo: 0 - plat_top(screen)=451.0
16:45:29 - Collisione con piattaforma 4 - Tipo: 0 - plat_top(screen)=451.0
16:45:29 - Collisione con piattaforma 4 - Tipo: 0 - plat_top(screen)=451.0
16:45:29 - Collisione con piattaforma 4 - Tipo: 0 - plat_top(screen)=451.0
16:45:29 - Collisione con piattaforma 3 - Tipo: 0 - plat_top(screen)=531.0
16:45:29 - Collisione con piattaforma 3 - Tipo: 0 - plat_top(screen)=531.0
16:45:29 - Collisione con piattaforma 3 - Tipo: 0 - plat_top(screen)=531.0
16:45:29 - Collisione con piattaforma 3 - Tipo: 0 - plat_top(screen)=531.0
16:45:29 - Collisione con piattaforma 3 - Tipo: 0 - plat_top(screen)=531.0
16:45:29 - Collisione con piattaforma 3 - Tipo: 0 - plat_top(screen)=531.0
16:45:29 - Collisione con piattaforma 3 - Tipo: 0 - plat_top(screen)=531.0
16:45:29 - Collisione con piattaforma 3 - Tipo: 0 - plat_top(screen)=531.0
16:45:30 - Collisione con piattaforma 3 - Tipo: 0 - plat_top(screen)=531.0
16:45:30 - Collisione con piattaforma 3 - Tipo: 0 - plat_top(screen)=531.0
16:45:30 - Collisione con piattaforma 3 - Tipo: 0 - plat_top(screen)=531.0
16:45:30 - Collisione con piattaforma 3 - Tipo: 0 - plat_top(screen)=531.0
16:45:30 - Collisione con piattaforma 3 - Tipo: 0 - plat_top(screen)=531.0
16:45:30 - Collisione con piattaforma 3 - Tipo: 0 - plat_top(screen)=531.0
16:45:30 - Collisione con piattaforma 3 - Tipo: 0 - plat_top(screen)=531.0
16:45:30 - Collisione con piattaforma 3 - Tipo: 0 - plat_top(screen)=531.0
16:45:30 - Collisione con piattaforma 3 - Tipo: 0 - plat_top(screen)=531.0
16:45:30 - Collisione con piattaforma 3 - Tipo: 0 - plat_top(screen)=531.0
16:45:30 - Collisione con piattaforma 3 - Tipo: 0 - plat_top(screen)=531.0
16:45:30 - Collisione con piattaforma 0 - Tipo: 0 - plat_top(screen)=771.0
16:45:30 - Collisione con piattaforma 0 - Tipo: 0 - plat_top(screen)=771.0
16:45:30 - Collisione con piattaforma 0 - Tipo: 0 - plat_top(screen)=771.0
16:45:30 - Collisione con piattaforma 0 - Tipo: 0 - plat_top(screen)=771.0
16:45:30 - Collisione con piattaforma 0 - Tipo: 0 - plat_top(screen)=771.0
16:45:30 - Collisione con piattaforma 0 - Tipo: 0 - plat_top(screen)=771.0
16:45:30 - Collisione con piattaforma 0 - Tipo: 0 - plat_top(screen)=771.0
16:45:30 - Collisione con piattaforma 0 - Tipo: 0 - plat_top(screen)=771.0
16:45:31 - Collisione con piattaforma 0 - Tipo: 0 - plat_top(screen)=771.0
16:45:31 - Collisione con piattaforma 0 - Tipo: 0 - plat_top(screen)=771.0
16:45:31 - Collisione con piattaforma 0 - Tipo: 0 - plat_top(screen)=771.0
16:45:31 - Collisione con piattaforma 0 - Tipo: 0 - plat_top(screen)=771.0
16:45:31 - Collisione con piattaforma 0 - Tipo: 0 - plat_top(screen)=771.0
16:45:31 - Collisione con piattaforma 0 - Tipo: 0 - plat_top(screen)=771.0
16:45:31 - Collisione con piattaforma 0 - Tipo: 0 - plat_top(screen)=771.0
16:45:31 - Collisione con piattaforma 0 - Tipo: 0 - plat_top(screen)=771.0
16:45:31 - Collisione con piattaforma 0 - Tipo: 0 - plat_top(screen)=771.0
16:45:31 - Collisione con piattaforma 0 - Tipo: 0 - plat_top(screen)=771.0
16:45:31 - Collisione con piattaforma 0 - Tipo: 0 - plat_top(screen)=771.0
16:45:31 - Collisione con piattaforma 0 - Tipo: 0 - plat_top(screen)=771.0
