10:14:50 - [INPUT] KEYDOWN key=return code=13 state=MENU
10:14:50 - \U0001f3ae Inizia nuova partita
10:14:50 - \U0001f504 Nuova partita iniziata!
10:14:50 - [INPUT] KEYUP key=return code=13 state=PLAYING
10:14:50 - [INPUT] KEYDOWN key=space code=32 state=PLAYING
10:14:50 - [INPUT] KEYUP key=space code=32 state=PLAYING
10:14:51 - [INPUT] KEYDOWN key=space code=32 state=PLAYING
10:14:51 - [INPUT] KEYUP key=space code=32 state=PLAYING
10:14:51 - [INPUT] KEYDOWN key=space code=32 state=PLAYING
10:14:51 - [INPUT] KEYDOWN key=left code=1073741904 state=PLAYING
10:14:51 - [INPUT] KEYUP key=left code=1073741904 state=PLAYING
10:14:51 - [INPUT] KEYUP key=space code=32 state=PLAYING
10:14:51 - [INPUT] KEYDOWN key=space code=32 state=PLAYING
10:14:51 - [INPUT] KEYDOWN key=left code=1073741904 state=PLAYING
10:14:51 - [INPUT] KEYUP key=space code=32 state=PLAYING
10:14:51 - [INPUT] KEYUP key=left code=1073741904 state=PLAYING
10:14:51 - [INPUT] KEYDOWN key=space code=32 state=PLAYING
10:14:51 - [INPUT] KEYUP key=space code=32 state=PLAYING
10:14:51 - [INPUT] KEYDOWN key=space code=32 state=PLAYING
10:14:51 - [INPUT] KEYUP key=space code=32 state=PLAYING
10:14:52 - [INPUT] KEYDOWN key=space code=32 state=PLAYING
10:14:52 - [INPUT] KEYUP key=space code=32 state=PLAYING
10:14:52 - [INPUT] KEYDOWN key=space code=32 state=PLAYING
10:14:52 - [INPUT] KEYUP key=space code=32 state=PLAYING
10:14:52 - [INPUT] KEYDOWN key=space code=32 state=PLAYING
10:14:52 - [INPUT] KEYUP key=space code=32 state=PLAYING
10:14:52 - [INPUT] KEYDOWN key=space code=32 state=PLAYING
10:14:52 - [INPUT] KEYUP key=space code=32 state=PLAYING
10:14:52 - [INPUT] KEYDOWN key=space code=32 state=PLAYING
10:14:52 - [INPUT] KEYDOWN key=right code=1073741903 state=PLAYING
10:14:52 - [INPUT] KEYUP key=space code=32 state=PLAYING
10:14:53 - [INPUT] KEYUP key=right code=1073741903 state=PLAYING
10:14:53 - [INPUT] KEYDOWN key=space code=32 state=PLAYING
10:14:53 - [INPUT] KEYUP key=space code=32 state=PLAYING
10:14:53 - [INPUT] KEYDOWN key=right code=1073741903 state=PLAYING
10:14:53 - [INPUT] KEYDOWN key=space code=32 state=PLAYING
10:14:53 - [INPUT] KEYUP key=space code=32 state=PLAYING
10:14:53 - [INPUT] KEYUP key=right code=1073741903 state=PLAYING
10:14:53 - [INPUT] KEYDOWN key=space code=32 state=PLAYING
10:14:53 - [INPUT] KEYDOWN key=left code=1073741904 state=PLAYING
10:14:53 - [INPUT] KEYUP key=space code=32 state=PLAYING
10:14:53 - [INPUT] KEYUP key=left code=1073741904 state=PLAYING
10:14:53 - [INPUT] KEYDOWN key=space code=32 state=PLAYING
10:14:53 - [INPUT] KEYDOWN key=right code=1073741903 state=PLAYING
10:14:53 - [INPUT] KEYUP key=space code=32 state=PLAYING
10:14:53 - [INPUT] KEYDOWN key=space code=32 state=PLAYING
10:14:54 - [INPUT] KEYUP key=right code=1073741903 state=PLAYING
10:14:54 - [INPUT] KEYUP key=space code=32 state=PLAYING
10:14:54 - [INPUT] KEYDOWN key=right code=1073741903 state=PLAYING
10:14:54 - [INPUT] KEYDOWN key=space code=32 state=PLAYING
10:14:54 - [INPUT] KEYUP key=right code=1073741903 state=PLAYING
10:14:54 - [INPUT] KEYUP key=space code=32 state=PLAYING
10:14:54 - [INPUT] KEYDOWN key=right code=1073741903 state=PLAYING
10:14:54 - [INPUT] KEYDOWN key=space code=32 state=PLAYING
10:14:54 - [INPUT] KEYUP key=right code=1073741903 state=PLAYING
10:14:54 - [INPUT] KEYUP key=space code=32 state=PLAYING
10:14:54 - [INPUT] KEYDOWN key=left code=1073741904 state=PLAYING
10:14:54 - [INPUT] KEYUP key=left code=1073741904 state=PLAYING
10:14:54 - [INPUT] KEYDOWN key=space code=32 state=PLAYING
10:14:54 - [INPUT] KEYUP key=space code=32 state=PLAYING
10:14:54 - [INPUT] KEYDOWN key=left code=1073741904 state=PLAYING
10:14:54 - [INPUT] KEYUP key=left code=1073741904 state=PLAYING
10:14:54 - [INPUT] KEYDOWN key=space code=32 state=PLAYING
10:14:55 - [INPUT] KEYDOWN key=left code=1073741904 state=PLAYING
10:14:55 - [INPUT] KEYUP key=left code=1073741904 state=PLAYING
10:14:55 - [INPUT] KEYUP key=space code=32 state=PLAYING
10:14:55 - [INPUT] KEYDOWN key=space code=32 state=PLAYING
10:14:55 - [INPUT] KEYUP key=space code=32 state=PLAYING
10:14:55 - [INPUT] KEYDOWN key=space code=32 state=PLAYING
10:14:55 - [INPUT] KEYDOWN key=left code=1073741904 state=PLAYING
10:14:55 - [INPUT] KEYUP key=space code=32 state=PLAYING
10:14:55 - [INPUT] KEYUP key=left code=1073741904 state=PLAYING
10:14:55 - [INPUT] KEYDOWN key=space code=32 state=PLAYING
10:14:55 - [INPUT] KEYDOWN key=left code=1073741904 state=PLAYING
10:14:55 - [INPUT] KEYUP key=left code=1073741904 state=PLAYING
10:14:55 - [INPUT] KEYUP key=space code=32 state=PLAYING
10:14:55 - [INPUT] KEYDOWN key=space code=32 state=PLAYING
10:14:55 - [INPUT] KEYDOWN key=left code=1073741904 state=PLAYING
10:14:55 - [INPUT] KEYUP key=left code=1073741904 state=PLAYING
10:14:55 - [INPUT] KEYUP key=space code=32 state=PLAYING
10:14:56 - [INPUT] KEYDOWN key=space code=32 state=PLAYING
10:14:56 - [INPUT] KEYDOWN key=right code=1073741903 state=PLAYING
10:14:56 - [INPUT] KEYUP key=space code=32 state=PLAYING
10:14:56 - [INPUT] KEYDOWN key=space code=32 state=PLAYING
10:14:56 - [INPUT] KEYUP key=right code=1073741903 state=PLAYING
10:14:56 - [INPUT] KEYUP key=space code=32 state=PLAYING
10:14:56 - [INPUT] KEYDOWN key=left code=1073741904 state=PLAYING
10:14:56 - [INPUT] KEYDOWN key=space code=32 state=PLAYING
10:14:56 - [INPUT] KEYUP key=left code=1073741904 state=PLAYING
10:14:56 - [INPUT] KEYUP key=space code=32 state=PLAYING
10:14:56 - [INPUT] KEYDOWN key=space code=32 state=PLAYING
10:14:56 - [INPUT] KEYDOWN key=left code=1073741904 state=PLAYING
10:14:56 - [INPUT] KEYUP key=left code=1073741904 state=PLAYING
10:14:56 - [INPUT] KEYUP key=space code=32 state=PLAYING
10:14:56 - [INPUT] KEYDOWN key=space code=32 state=PLAYING
10:14:56 - [INPUT] KEYDOWN key=left code=1073741904 state=PLAYING
10:14:56 - [INPUT] KEYUP key=left code=1073741904 state=PLAYING
10:14:57 - [INPUT] KEYUP key=space code=32 state=PLAYING
10:14:57 - [INPUT] KEYDOWN key=left code=1073741904 state=PLAYING
10:14:57 - [INPUT] KEYDOWN key=space code=32 state=PLAYING
10:14:57 - [INPUT] KEYUP key=left code=1073741904 state=PLAYING
10:14:57 - [INPUT] KEYUP key=space code=32 state=PLAYING
10:14:57 - [INPUT] KEYDOWN key=right code=1073741903 state=PLAYING
10:14:57 - [INPUT] KEYDOWN key=space code=32 state=PLAYING
10:14:57 - [INPUT] KEYUP key=right code=1073741903 state=PLAYING
10:14:57 - [INPUT] KEYUP key=space code=32 state=PLAYING
10:14:57 - [INPUT] KEYDOWN key=right code=1073741903 state=PLAYING
10:14:57 - [INPUT] KEYDOWN key=space code=32 state=PLAYING
10:14:57 - [INPUT] KEYUP key=space code=32 state=PLAYING
10:14:57 - [INPUT] KEYUP key=right code=1073741903 state=PLAYING
10:14:57 - [INPUT] KEYDOWN key=right code=1073741903 state=PLAYING
10:14:57 - [INPUT] KEYDOWN key=space code=32 state=PLAYING
10:14:57 - [INPUT] KEYUP key=right code=1073741903 state=PLAYING
10:14:57 - [INPUT] KEYUP key=space code=32 state=PLAYING
10:14:57 - [INPUT] KEYDOWN key=left code=1073741904 state=PLAYING
10:14:58 - [INPUT] KEYUP key=left code=1073741904 state=PLAYING
10:14:58 - [INPUT] KEYDOWN key=space code=32 state=PLAYING
10:14:58 - [INPUT] KEYUP key=space code=32 state=PLAYING
10:14:58 - [INPUT] KEYDOWN key=left code=1073741904 state=PLAYING
10:14:58 - [INPUT] KEYUP key=left code=1073741904 state=PLAYING
10:14:58 - [INPUT] KEYDOWN key=left code=1073741904 state=PLAYING
10:14:58 - [INPUT] KEYDOWN key=space code=32 state=PLAYING
10:14:58 - [INPUT] KEYUP key=space code=32 state=PLAYING
10:14:58 - [INPUT] KEYUP key=left code=1073741904 state=PLAYING
10:14:58 - [INPUT] KEYDOWN key=space code=32 state=PLAYING
10:14:59 - [INPUT] KEYDOWN key=left code=1073741904 state=PLAYING
10:14:59 - [INPUT] KEYUP key=left code=1073741904 state=PLAYING
10:14:59 - [INPUT] KEYUP key=space code=32 state=PLAYING
10:14:59 - [INPUT] KEYDOWN key=space code=32 state=PLAYING
10:14:59 - [INPUT] KEYDOWN key=left code=1073741904 state=PLAYING
10:14:59 - [INPUT] KEYUP key=left code=1073741904 state=PLAYING
10:14:59 - [INPUT] KEYUP key=space code=32 state=PLAYING
10:14:59 - [INPUT] KEYDOWN key=space code=32 state=PLAYING
10:14:59 - [INPUT] KEYDOWN key=left code=1073741904 state=PLAYING
10:14:59 - [INPUT] KEYUP key=left code=1073741904 state=PLAYING
10:14:59 - [INPUT] KEYUP key=space code=32 state=PLAYING
10:14:59 - [INPUT] KEYDOWN key=left code=1073741904 state=PLAYING
10:14:59 - [INPUT] KEYUP key=left code=1073741904 state=PLAYING
10:14:59 - [INPUT] KEYDOWN key=space code=32 state=PLAYING
10:14:59 - [INPUT] KEYDOWN key=left code=1073741904 state=PLAYING
10:14:59 - [INPUT] KEYUP key=space code=32 state=PLAYING
10:14:59 - [INPUT] KEYUP key=left code=1073741904 state=PLAYING
10:14:59 - [INPUT] KEYDOWN key=left code=1073741904 state=PLAYING
10:14:59 - [INPUT] KEYDOWN key=space code=32 state=PLAYING
10:14:59 - [INPUT] KEYUP key=left code=1073741904 state=PLAYING
10:15:00 - [INPUT] KEYDOWN key=left code=1073741904 state=PLAYING
10:15:00 - [INPUT] KEYUP key=space code=32 state=PLAYING
10:15:00 - [INPUT] KEYUP key=left code=1073741904 state=PLAYING
10:15:00 - [INPUT] KEYDOWN key=space code=32 state=PLAYING
10:15:00 - [INPUT] KEYDOWN key=right code=1073741903 state=PLAYING
10:15:00 - [INPUT] KEYUP key=space code=32 state=PLAYING
10:15:00 - [INPUT] KEYDOWN key=space code=32 state=PLAYING
10:15:00 - [INPUT] KEYUP key=space code=32 state=PLAYING
10:15:00 - [INPUT] KEYDOWN key=space code=32 state=PLAYING
10:15:00 - [INPUT] KEYUP key=space code=32 state=PLAYING
10:15:00 - [INPUT] KEYUP key=right code=1073741903 state=PLAYING
10:15:00 - [INPUT] KEYDOWN key=space code=32 state=PLAYING
10:15:00 - [INPUT] KEYDOWN key=left code=1073741904 state=PLAYING
10:15:01 - [INPUT] KEYUP key=space code=32 state=PLAYING
10:15:01 - [INPUT] KEYDOWN key=space code=32 state=PLAYING
10:15:01 - [INPUT] KEYUP key=space code=32 state=PLAYING
10:15:01 - [INPUT] KEYDOWN key=space code=32 state=PLAYING
10:15:01 - [INPUT] KEYUP key=space code=32 state=PLAYING
10:15:01 - [INPUT] KEYDOWN key=space code=32 state=PLAYING
10:15:01 - [INPUT] KEYUP key=left code=1073741904 state=PLAYING
10:15:01 - [INPUT] KEYDOWN key=right code=1073741903 state=PLAYING
10:15:01 - [INPUT] KEYUP key=space code=32 state=PLAYING
10:15:01 - [INPUT] KEYDOWN key=space code=32 state=PLAYING
10:15:01 - [INPUT] KEYUP key=space code=32 state=PLAYING
10:15:02 - [INPUT] KEYDOWN key=space code=32 state=PLAYING
10:15:02 - [INPUT] KEYUP key=space code=32 state=PLAYING
10:15:02 - [INPUT] KEYUP key=right code=1073741903 state=PLAYING
