21:25:51 - [INPUT] KEYDOWN key=return code=13 state=MENU
21:25:51 - \U0001f3ae Inizia nuova partita
21:25:51 - \U0001f504 Nuova partita iniziata!
21:25:51 - [INPUT] KEYUP key=return code=13 state=PLAYING
21:25:52 - [INPUT] KEYDOWN key=right code=1073741903 state=PLAYING
21:25:52 - [INPUT] KEYUP key=right code=1073741903 state=PLAYING
21:25:54 - [INPUT] KEYDOWN key=left code=1073741904 state=PLAYING
21:25:54 - [INPUT] KEYUP key=left code=1073741904 state=PLAYING
21:25:54 - [INPUT] KEYDOWN key=left code=1073741904 state=PLAYING
21:25:54 - [INPUT] KEYUP key=left code=1073741904 state=PLAYING
21:25:55 - [INPUT] KEYDOWN key=right code=1073741903 state=PLAYING
21:25:56 - [INPUT] KEYUP key=right code=1073741903 state=PLAYING
21:25:56 - [INPUT] KEYDOWN key=left code=1073741904 state=PLAYING
21:25:56 - [INPUT] KEYUP key=left code=1073741904 state=PLAYING
21:25:56 - [INPUT] KEYDOWN key=left code=1073741904 state=PLAYING
21:25:56 - [INPUT] KEYUP key=left code=1073741904 state=PLAYING
21:25:57 - [INPUT] KEYDOWN key=left code=1073741904 state=PLAYING
21:25:57 - [INPUT] KEYUP key=left code=1073741904 state=PLAYING
21:25:58 - [INPUT] KEYDOWN key=right code=1073741903 state=PLAYING
21:25:59 - [INPUT] KEYUP key=right code=1073741903 state=PLAYING
21:25:59 - [INPUT] KEYDOWN key=left code=1073741904 state=PLAYING
21:25:59 - [INPUT] KEYUP key=left code=1073741904 state=PLAYING
21:26:00 - [INPUT] KEYDOWN key=left code=1073741904 state=PLAYING
21:26:00 - [INPUT] KEYUP key=left code=1073741904 state=PLAYING
21:26:00 - [INPUT] KEYDOWN key=right code=1073741903 state=PLAYING
21:26:00 - [INPUT] KEYUP key=right code=1073741903 state=PLAYING
21:26:01 - [INPUT] KEYDOWN key=right code=1073741903 state=PLAYING
21:26:02 - [INPUT] KEYUP key=right code=1073741903 state=PLAYING
21:26:02 - [INPUT] KEYDOWN key=left code=1073741904 state=PLAYING
21:26:02 - [INPUT] KEYUP key=left code=1073741904 state=PLAYING
21:26:02 - [INPUT] KEYDOWN key=left code=1073741904 state=PLAYING
21:26:03 - [INPUT] KEYUP key=left code=1073741904 state=PLAYING
21:26:04 - [INPUT] KEYDOWN key=left code=1073741904 state=PLAYING
21:26:04 - [INPUT] KEYUP key=left code=1073741904 state=PLAYING
21:26:04 - [INPUT] KEYDOWN key=right code=1073741903 state=PLAYING
21:26:05 - [INPUT] KEYDOWN key=left code=1073741904 state=PLAYING
21:26:05 - [INPUT] KEYUP key=right code=1073741903 state=PLAYING
21:26:05 - [INPUT] KEYUP key=left code=1073741904 state=PLAYING
21:26:05 - [INPUT] KEYDOWN key=left code=1073741904 state=PLAYING
21:26:05 - [INPUT] KEYUP key=left code=1073741904 state=PLAYING
21:26:06 - [INPUT] KEYDOWN key=left code=1073741904 state=PLAYING
21:26:06 - [INPUT] KEYUP key=left code=1073741904 state=PLAYING
21:26:06 - [INPUT] KEYDOWN key=right code=1073741903 state=PLAYING
21:26:07 - [INPUT] KEYUP key=right code=1073741903 state=PLAYING
21:26:08 - [INPUT] KEYDOWN key=right code=1073741903 state=PLAYING
21:26:08 - [INPUT] KEYUP key=right code=1073741903 state=PLAYING
21:26:08 - [INPUT] KEYDOWN key=left code=1073741904 state=PLAYING
21:26:08 - [INPUT] KEYUP key=left code=1073741904 state=PLAYING
21:26:09 - [INPUT] KEYDOWN key=left code=1073741904 state=PLAYING
21:26:10 - [INPUT] KEYUP key=left code=1073741904 state=PLAYING
21:26:10 - [INPUT] KEYDOWN key=right code=1073741903 state=PLAYING
21:26:10 - [INPUT] KEYUP key=right code=1073741903 state=PLAYING
21:26:11 - [INPUT] KEYDOWN key=right code=1073741903 state=PLAYING
21:26:11 - [INPUT] KEYUP key=right code=1073741903 state=PLAYING
21:26:11 - [INPUT] KEYDOWN key=left code=1073741904 state=PLAYING
21:26:12 - [INPUT] KEYUP key=left code=1073741904 state=PLAYING
21:26:12 - [INPUT] KEYDOWN key=right code=1073741903 state=PLAYING
21:26:12 - [INPUT] KEYUP key=right code=1073741903 state=PLAYING
21:26:12 - [INPUT] KEYDOWN key=left code=1073741904 state=PLAYING
21:26:12 - [INPUT] KEYUP key=left code=1073741904 state=PLAYING
21:26:13 - [INPUT] KEYDOWN key=right code=1073741903 state=PLAYING
21:26:13 - [INPUT] KEYUP key=right code=1073741903 state=PLAYING
21:26:13 - [INPUT] KEYDOWN key=left code=1073741904 state=PLAYING
21:26:13 - [INPUT] KEYUP key=left code=1073741904 state=PLAYING
21:26:14 - [INPUT] KEYDOWN key=left code=1073741904 state=PLAYING
21:26:14 - [INPUT] KEYUP key=left code=1073741904 state=PLAYING
21:26:15 - [INPUT] KEYDOWN key=right code=1073741903 state=PLAYING
21:26:15 - [INPUT] KEYUP key=right code=1073741903 state=PLAYING
21:26:16 - [INPUT] KEYDOWN key=right code=1073741903 state=PLAYING
21:26:17 - [INPUT] KEYUP key=right code=1073741903 state=PLAYING
21:26:17 - [INPUT] KEYDOWN key=left code=1073741904 state=PLAYING
21:26:17 - [INPUT] KEYUP key=left code=1073741904 state=PLAYING
21:26:18 - [INPUT] KEYDOWN key=right code=1073741903 state=PLAYING
21:26:18 - [INPUT] KEYUP key=right code=1073741903 state=PLAYING
21:26:20 - [INPUT] KEYDOWN key=left code=1073741904 state=PLAYING
21:26:20 - [INPUT] KEYUP key=left code=1073741904 state=PLAYING
21:26:20 - \U0001f30b ERUZIONE INIZIATA! La goccia diventa fontana di lava!
21:26:21 - \U0001f3d4\ufe0f Cima raggiunta! Bonus +20000
