10:16:09 - [INPUT] KEYDOWN key=return code=13 state=MENU
10:16:09 - \U0001f3ae Inizia nuova partita
10:16:09 - \U0001f504 Nuova partita iniziata!
10:16:09 - [INPUT] KEYUP key=return code=13 state=PLAYING
10:16:09 - [INPUT] KEYDOWN key=space code=32 state=PLAYING
10:16:09 - [INPUT] KEYUP key=space code=32 state=PLAYING
10:16:09 - [INPUT] KEYDOWN key=space code=32 state=PLAYING
10:16:09 - [INPUT] KEYDOWN key=left code=1073741904 state=PLAYING
10:16:09 - [INPUT] KEYUP key=space code=32 state=PLAYING
10:16:10 - [INPUT] KEYUP key=left code=1073741904 state=PLAYING
10:16:10 - [INPUT] KEYDOWN key=space code=32 state=PLAYING
10:16:10 - [INPUT] KEYUP key=space code=32 state=PLAYING
10:16:10 - [INPUT] KEYDOWN key=space code=32 state=PLAYING
10:16:10 - [INPUT] KEYDOWN key=right code=1073741903 state=PLAYING
10:16:10 - [INPUT] KEYUP key=right code=1073741903 state=PLAYING
10:16:10 - [INPUT] KEYUP key=space code=32 state=PLAYING
10:16:10 - [INPUT] KEYDOWN key=right code=1073741903 state=PLAYING
10:16:10 - [INPUT] KEYDOWN key=space code=32 state=PLAYING
10:16:10 - [INPUT] KEYUP key=right code=1073741903 state=PLAYING
10:16:10 - [INPUT] KEYUP key=space code=32 state=PLAYING
10:16:10 - [INPUT] KEYDOWN key=space code=32 state=PLAYING
10:16:10 - [INPUT] KEYDOWN key=right code=1073741903 state=PLAYING
10:16:10 - [INPUT] KEYDOWN key=left code=1073741904 state=PLAYING
10:16:10 - [INPUT] KEYUP key=right code=1073741903 state=PLAYING
10:16:10 - [INPUT] KEYUP key=space code=32 state=PLAYING
10:16:10 - [INPUT] KEYDOWN key=space code=32 state=PLAYING
10:16:11 - [INPUT] KEYUP key=space code=32 state=PLAYING
10:16:11 - [INPUT] KEYDOWN key=space code=32 state=PLAYING
10:16:11 - [INPUT] KEYUP key=space code=32 state=PLAYING
10:16:11 - [INPUT] KEYDOWN key=right code=1073741903 state=PLAYING
10:16:11 - [INPUT] KEYDOWN key=space code=32 state=PLAYING
10:16:11 - [INPUT] KEYUP key=left code=1073741904 state=PLAYING
10:16:11 - [INPUT] KEYUP key=space code=32 state=PLAYING
10:16:11 - [INPUT] KEYDOWN key=space code=32 state=PLAYING
10:16:11 - [INPUT] KEYUP key=space code=32 state=PLAYING
10:16:11 - [INPUT] KEYDOWN key=space code=32 state=PLAYING
10:16:11 - [INPUT] KEYUP key=space code=32 state=PLAYING
10:16:11 - [INPUT] KEYDOWN key=space code=32 state=PLAYING
10:16:12 - [INPUT] KEYDOWN key=left code=1073741904 state=PLAYING
10:16:12 - [INPUT] KEYUP key=space code=32 state=PLAYING
10:16:12 - [INPUT] KEYDOWN key=space code=32 state=PLAYING
10:16:12 - [INPUT] KEYUP key=left code=1073741904 state=PLAYING
10:16:12 - [INPUT] KEYUP key=space code=32 state=PLAYING
10:16:12 - [INPUT] KEYDOWN key=space code=32 state=PLAYING
10:16:12 - [INPUT] KEYDOWN key=left code=1073741904 state=PLAYING
10:16:12 - [INPUT] KEYUP key=right code=1073741903 state=PLAYING
10:16:12 - [INPUT] KEYUP key=space code=32 state=PLAYING
10:16:12 - [INPUT] KEYDOWN key=space code=32 state=PLAYING
10:16:12 - [INPUT] KEYUP key=space code=32 state=PLAYING
10:16:12 - [INPUT] KEYDOWN key=space code=32 state=PLAYING
10:16:13 - [INPUT] KEYUP key=space code=32 state=PLAYING
10:16:13 - [INPUT] KEYUP key=left code=1073741904 state=PLAYING
10:16:13 - [INPUT] KEYDOWN key=right code=1073741903 state=PLAYING
10:16:13 - [INPUT] KEYDOWN key=space code=32 state=PLAYING
10:16:13 - [INPUT] KEYUP key=space code=32 state=PLAYING
10:16:13 - [INPUT] KEYUP key=right code=1073741903 state=PLAYING
10:16:13 - [INPUT] KEYDOWN key=space code=32 state=PLAYING
10:16:13 - [INPUT] KEYUP key=space code=32 state=PLAYING
10:16:13 - [INPUT] KEYDOWN key=space code=32 state=PLAYING
10:16:13 - [INPUT] KEYUP key=space code=32 state=PLAYING
10:16:13 - [INPUT] KEYDOWN key=space code=32 state=PLAYING
10:16:13 - [INPUT] KEYUP key=space code=32 state=PLAYING
10:16:14 - [INPUT] KEYDOWN key=space code=32 state=PLAYING
10:16:14 - [INPUT] KEYUP key=space code=32 state=PLAYING
10:16:14 - [INPUT] KEYDOWN key=space code=32 state=PLAYING
10:16:14 - [INPUT] KEYDOWN key=left code=1073741904 state=PLAYING
10:16:14 - [INPUT] KEYUP key=space code=32 state=PLAYING
10:16:14 - [INPUT] KEYUP key=left code=1073741904 state=PLAYING
10:16:14 - [INPUT] KEYDOWN key=left code=1073741904 state=PLAYING
10:16:14 - [INPUT] KEYUP key=left code=1073741904 state=PLAYING
10:16:14 - [INPUT] KEYDOWN key=space code=32 state=PLAYING
10:16:15 - [INPUT] KEYUP key=space code=32 state=PLAYING
10:16:15 - [INPUT] KEYDOWN key=right code=1073741903 state=PLAYING
10:16:16 - [INPUT] KEYUP key=right code=1073741903 state=PLAYING
10:16:17 - [INPUT] KEYDOWN key=left code=1073741904 state=PLAYING
10:16:17 - [INPUT] KEYUP key=left code=1073741904 state=PLAYING
10:16:18 - [INPUT] KEYDOWN key=right code=1073741903 state=PLAYING
10:16:18 - [INPUT] KEYUP key=right code=1073741903 state=PLAYING
10:16:19 - [INPUT] KEYDOWN key=left code=1073741904 state=PLAYING
10:16:19 - [INPUT] KEYUP key=left code=1073741904 state=PLAYING
10:16:19 - [INPUT] KEYDOWN key=right code=1073741903 state=PLAYING
10:16:19 - [INPUT] KEYDOWN key=left code=1073741904 state=PLAYING
10:16:19 - [INPUT] KEYUP key=right code=1073741903 state=PLAYING
10:16:19 - [INPUT] KEYUP key=left code=1073741904 state=PLAYING
10:16:19 - [INPUT] KEYDOWN key=right code=1073741903 state=PLAYING
10:16:20 - [INPUT] KEYDOWN key=left code=1073741904 state=PLAYING
10:16:20 - [INPUT] KEYUP key=right code=1073741903 state=PLAYING
10:16:20 - [INPUT] KEYUP key=left code=1073741904 state=PLAYING
10:16:20 - [INPUT] KEYDOWN key=right code=1073741903 state=PLAYING
10:16:20 - [INPUT] KEYUP key=right code=1073741903 state=PLAYING
10:16:20 - [INPUT] KEYDOWN key=left code=1073741904 state=PLAYING
10:16:20 - [INPUT] KEYUP key=left code=1073741904 state=PLAYING
10:16:20 - [INPUT] KEYDOWN key=left code=1073741904 state=PLAYING
10:16:21 - [INPUT] KEYUP key=left code=1073741904 state=PLAYING
10:16:25 - [INPUT] KEYDOWN key=space code=32 state=PLAYING
10:16:25 - [INPUT] KEYUP key=space code=32 state=PLAYING
10:16:25 - [INPUT] KEYDOWN key=space code=32 state=PLAYING
10:16:25 - [INPUT] KEYUP key=space code=32 state=PLAYING
10:16:26 - [INPUT] KEYDOWN key=space code=32 state=PLAYING
10:16:26 - [INPUT] KEYUP key=space code=32 state=PLAYING
10:16:26 - [INPUT] KEYDOWN key=left code=1073741904 state=PLAYING
10:16:26 - [INPUT] KEYUP key=left code=1073741904 state=PLAYING
10:16:26 - [INPUT] KEYDOWN key=space code=32 state=PLAYING
10:16:26 - [INPUT] KEYUP key=space code=32 state=PLAYING
10:16:26 - [INPUT] KEYDOWN key=left code=1073741904 state=PLAYING
10:16:26 - [INPUT] KEYUP key=left code=1073741904 state=PLAYING
10:16:28 - [INPUT] KEYDOWN key=space code=32 state=PLAYING
10:16:29 - [INPUT] KEYUP key=space code=32 state=PLAYING
10:16:29 - [INPUT] KEYDOWN key=space code=32 state=PLAYING
10:16:29 - [INPUT] KEYUP key=space code=32 state=PLAYING
10:16:29 - [INPUT] KEYDOWN key=space code=32 state=PLAYING
10:16:29 - [INPUT] KEYUP key=space code=32 state=PLAYING
