09:53:35 - [INPUT] KEYDOWN key=return code=13 state=MENU
09:53:35 - \U0001f3ae Inizia nuova partita
09:53:35 - \U0001f504 Nuova partita iniziata!
09:53:35 - [INPUT] KEYUP key=return code=13 state=PLAYING
09:53:36 - [INPUT] KEYDOWN key=right code=1073741903 state=PLAYING
09:53:36 - [INPUT] KEYUP key=right code=1073741903 state=PLAYING
09:53:37 - [INPUT] KEYDOWN key=left code=1073741904 state=PLAYING
09:53:37 - [INPUT] KEYUP key=left code=1073741904 state=PLAYING
09:53:37 - [INPUT] KEYDOWN key=right code=1073741903 state=PLAYING
09:53:38 - [INPUT] KEYUP key=right code=1073741903 state=PLAYING
09:53:38 - [INPUT] KEYDOWN key=left code=1073741904 state=PLAYING
09:53:38 - [INPUT] KEYUP key=left code=1073741904 state=PLAYING
09:53:38 - [INPUT] KEYDOWN key=right code=1073741903 state=PLAYING
09:53:39 - [INPUT] KEYUP key=right code=1073741903 state=PLAYING
09:53:39 - [INPUT] KEYDOWN key=left code=1073741904 state=PLAYING
09:53:40 - [INPUT] KEYUP key=left code=1073741904 state=PLAYING
09:53:40 - [INPUT] KEYDOWN key=right code=1073741903 state=PLAYING
09:53:40 - [INPUT] KEYUP key=right code=1073741903 state=PLAYING
09:53:40 - [INPUT] KEYDOWN key=left code=1073741904 state=PLAYING
09:53:40 - [INPUT] KEYUP key=left code=1073741904 state=PLAYING
09:53:41 - [INPUT] KEYDOWN key=right code=1073741903 state=PLAYING
09:53:41 - [INPUT] KEYUP key=right code=1073741903 state=PLAYING
09:53:42 - [INPUT] KEYDOWN key=left code=1073741904 state=PLAYING
09:53:42 - [INPUT] KEYUP key=left code=1073741904 state=PLAYING
09:53:43 - [INPUT] KEYDOWN key=left code=1073741904 state=PLAYING
09:53:44 - [INPUT] KEYUP key=left code=1073741904 state=PLAYING
09:53:45 - [INPUT] KEYDOWN key=left code=1073741904 state=PLAYING
09:53:45 - [INPUT] KEYUP key=left code=1073741904 state=PLAYING
09:53:46 - [INPUT] KEYDOWN key=right code=1073741903 state=PLAYING
09:53:46 - [INPUT] KEYUP key=right code=1073741903 state=PLAYING
09:53:46 - [INPUT] KEYDOWN key=right code=1073741903 state=PLAYING
09:53:46 - [INPUT] KEYUP key=right code=1073741903 state=PLAYING
09:53:46 - [INPUT] KEYDOWN key=left code=1073741904 state=PLAYING
09:53:47 - [INPUT] KEYUP key=left code=1073741904 state=PLAYING
09:53:47 - [INPUT] KEYDOWN key=left code=1073741904 state=PLAYING
09:53:48 - [INPUT] KEYUP key=left code=1073741904 state=PLAYING
09:53:48 - [INPUT] KEYDOWN key=right code=1073741903 state=PLAYING
09:53:48 - [INPUT] KEYUP key=right code=1073741903 state=PLAYING
09:53:48 - [INPUT] KEYDOWN key=left code=1073741904 state=PLAYING
09:53:48 - [INPUT] KEYUP key=left code=1073741904 state=PLAYING
09:53:49 - [INPUT] KEYDOWN key=right code=1073741903 state=PLAYING
09:53:50 - [INPUT] KEYUP key=right code=1073741903 state=PLAYING
09:53:50 - [INPUT] KEYDOWN key=left code=1073741904 state=PLAYING
09:53:50 - [INPUT] KEYUP key=left code=1073741904 state=PLAYING
