16:37:27 - Creata piattaforma a x=250, y=750, livello=Mantello
16:37:27 - Creata piattaforma a x=214, y=670, livello=Mantello
16:37:27 - Creata piattaforma a x=321, y=590, livello=Mantello
16:37:27 - Creata piattaforma a x=218, y=510, livello=Mantello
16:37:27 - Creata piattaforma a x=169, y=430, livello=Mantello
16:37:27 - Creata piattaforma a x=417, y=350, livello=Mantello
16:37:27 - Creata piattaforma a x=407, y=270, livello=Mantello
16:37:27 - Creata piattaforma a x=413, y=190, livello=Mantello
16:37:27 - Creata piattaforma a x=424, y=110, livello=Mantello
16:37:27 - Creata piattaforma a x=187, y=30, livello=Mantello
16:37:27 - Creata piattaforma a x=164, y=-50, livello=Crosta Terrestre
16:37:27 - Creata piattaforma a x=404, y=-130, livello=Crosta Terrestre
16:37:27 - Creata piattaforma a x=201, y=-210, livello=Crosta Terrestre
16:37:27 - Creata piattaforma a x=61, y=-290, livello=Crosta Terrestre
16:37:27 - Creata piattaforma a x=85, y=-370, livello=Crosta Terrestre
16:37:27 - Creata piattaforma a x=427, y=-450, livello=Crosta Terrestre
16:37:27 - Creata piattaforma a x=328, y=-530, livello=Crosta Terrestre
16:37:27 - Creata piattaforma a x=93, y=-610, livello=Crosta Terrestre
16:37:27 - Creata piattaforma a x=443, y=-690, livello=Crosta Terrestre
16:37:27 - Creata piattaforma a x=419, y=-770, livello=Vulcano
16:37:27 - Creata piattaforma a x=428, y=-850, livello=Vulcano
16:37:27 - Creata piattaforma a x=192, y=-930, livello=Vulcano
16:37:27 - Creata piattaforma a x=106, y=-1010, livello=Vulcano
16:37:27 - Creata piattaforma a x=97, y=-1090, livello=Vulcano
16:37:27 - Creata piattaforma a x=431, y=-1170, livello=Vulcano
16:37:27 - Creata piattaforma a x=317, y=-1250, livello=Vulcano
16:37:27 - Creata piattaforma a x=447, y=-1330, livello=Vulcano
16:37:27 - Creata piattaforma a x=238, y=-1410, livello=Vulcano
16:37:27 - Creata piattaforma a x=281, y=-1490, livello=Vulcano
16:37:27 - Creata piattaforma a x=422, y=-1570, livello=Vulcano
16:37:27 - Creata piattaforma a x=166, y=-1650, livello=Vulcano
16:37:27 - Creata piattaforma a x=64, y=-1730, livello=Vulcano
16:37:27 - Creata piattaforma a x=99, y=-1810, livello=Vulcano
16:37:27 - Creata piattaforma a x=261, y=-1890, livello=Vulcano
16:37:27 - Creata piattaforma a x=246, y=-1970, livello=Vulcano
16:37:27 - Creata piattaforma a x=439, y=-2050, livello=Vulcano
16:37:27 - Creata piattaforma a x=339, y=-2130, livello=Vulcano
16:37:27 - Creata piattaforma a x=339, y=-2210, livello=Vulcano
16:37:27 - Creata piattaforma a x=151, y=-2290, livello=Vulcano
16:37:27 - Creata piattaforma a x=94, y=-2370, livello=Vulcano
16:37:27 - Creata piattaforma a x=273, y=-2450, livello=Vulcano
16:37:27 - Creata piattaforma a x=445, y=-2530, livello=Vulcano
16:37:27 - Creata piattaforma a x=160, y=-2610, livello=Vulcano
16:37:27 - Creata piattaforma a x=273, y=-2690, livello=Vulcano
16:37:27 - Creata piattaforma a x=109, y=-2770, livello=Vulcano
16:37:27 - Creata piattaforma a x=400, y=-2850, livello=Vulcano
16:37:27 - Creata piattaforma a x=234, y=-2930, livello=Vulcano
16:37:27 - Creata piattaforma a x=155, y=-3010, livello=Vulcano
16:37:27 - Creata piattaforma a x=163, y=-3090, livello=Vulcano
16:37:27 - Creata piattaforma a x=167, y=-3170, livello=Vulcano
16:37:27 - Creata piattaforma a x=431, y=-3250, livello=Vulcano
16:37:27 - Creata piattaforma a x=143, y=-3330, livello=Vulcano
16:37:27 - Creata piattaforma a x=311, y=-3410, livello=Vulcano
16:37:27 - Creata piattaforma a x=360, y=-3490, livello=Vulcano
16:37:27 - Creata piattaforma a x=167, y=-3570, livello=Vulcano
16:37:27 - Creata piattaforma a x=435, y=-3650, livello=Vulcano
16:37:27 - Creata piattaforma a x=355, y=-3730, livello=Vulcano
16:37:27 - Creata piattaforma a x=184, y=-3810, livello=Vulcano
16:37:27 - Creata piattaforma a x=406, y=-3890, livello=Vulcano
16:37:27 - Creata piattaforma a x=408, y=-3970, livello=Vulcano
16:37:27 - Creata piattaforma a x=342, y=-4050, livello=Vulcano
16:37:27 - Creata piattaforma a x=84, y=-4130, livello=Vulcano
16:37:27 - Creata piattaforma a x=410, y=-4210, livello=Vulcano
16:37:27 - Creata piattaforma a x=233, y=-4290, livello=Vulcano
16:37:27 - Creata piattaforma a x=271, y=-4370, livello=Vulcano
16:37:27 - Creata piattaforma a x=161, y=-4450, livello=Vulcano
16:37:27 - Generate 66 piattaforme, 8 power-ups, 20 collectibles, 11 nemici
16:37:30 - Creata piattaforma a x=250, y=750, livello=Mantello
16:37:30 - Creata piattaforma a x=232, y=670, livello=Mantello
16:37:30 - Creata piattaforma a x=137, y=590, livello=Mantello
16:37:30 - Creata piattaforma a x=271, y=510, livello=Mantello
16:37:30 - Creata piattaforma a x=409, y=430, livello=Mantello
16:37:30 - Creata piattaforma a x=355, y=350, livello=Mantello
16:37:30 - Creata piattaforma a x=377, y=270, livello=Mantello
16:37:30 - Creata piattaforma a x=93, y=190, livello=Mantello
16:37:30 - Creata piattaforma a x=99, y=110, livello=Mantello
16:37:30 - Creata piattaforma a x=449, y=30, livello=Mantello
16:37:30 - Creata piattaforma a x=180, y=-50, livello=Crosta Terrestre
16:37:30 - Creata piattaforma a x=376, y=-130, livello=Crosta Terrestre
16:37:30 - Creata piattaforma a x=125, y=-210, livello=Crosta Terrestre
16:37:30 - Creata piattaforma a x=425, y=-290, livello=Crosta Terrestre
16:37:30 - Creata piattaforma a x=444, y=-370, livello=Crosta Terrestre
16:37:30 - Creata piattaforma a x=229, y=-450, livello=Crosta Terrestre
16:37:30 - Creata piattaforma a x=449, y=-530, livello=Crosta Terrestre
16:37:30 - Creata piattaforma a x=399, y=-610, livello=Crosta Terrestre
16:37:30 - Creata piattaforma a x=372, y=-690, livello=Crosta Terrestre
16:37:30 - Creata piattaforma a x=60, y=-770, livello=Vulcano
16:37:30 - Creata piattaforma a x=172, y=-850, livello=Vulcano
16:37:30 - Creata piattaforma a x=395, y=-930, livello=Vulcano
16:37:30 - Creata piattaforma a x=222, y=-1010, livello=Vulcano
16:37:30 - Creata piattaforma a x=321, y=-1090, livello=Vulcano
16:37:30 - Creata piattaforma a x=109, y=-1170, livello=Vulcano
16:37:30 - Creata piattaforma a x=447, y=-1250, livello=Vulcano
16:37:30 - Creata piattaforma a x=405, y=-1330, livello=Vulcano
16:37:30 - Creata piattaforma a x=350, y=-1410, livello=Vulcano
16:37:30 - Creata piattaforma a x=198, y=-1490, livello=Vulcano
16:37:30 - Creata piattaforma a x=180, y=-1570, livello=Vulcano
16:37:30 - Creata piattaforma a x=144, y=-1650, livello=Vulcano
16:37:30 - Creata piattaforma a x=118, y=-1730, livello=Vulcano
16:37:30 - Creata piattaforma a x=407, y=-1810, livello=Vulcano
16:37:30 - Creata piattaforma a x=420, y=-1890, livello=Vulcano
16:37:30 - Creata piattaforma a x=110, y=-1970, livello=Vulcano
16:37:30 - Creata piattaforma a x=433, y=-2050, livello=Vulcano
16:37:30 - Creata piattaforma a x=182, y=-2130, livello=Vulcano
16:37:30 - Creata piattaforma a x=439, y=-2210, livello=Vulcano
16:37:30 - Creata piattaforma a x=431, y=-2290, livello=Vulcano
16:37:30 - Creata piattaforma a x=448, y=-2370, livello=Vulcano
16:37:30 - Creata piattaforma a x=258, y=-2450, livello=Vulcano
16:37:30 - Creata piattaforma a x=323, y=-2530, livello=Vulcano
16:37:30 - Creata piattaforma a x=441, y=-2610, livello=Vulcano
16:37:30 - Creata piattaforma a x=96, y=-2690, livello=Vulcano
16:37:30 - Creata piattaforma a x=113, y=-2770, livello=Vulcano
16:37:30 - Creata piattaforma a x=428, y=-2850, livello=Vulcano
16:37:30 - Creata piattaforma a x=411, y=-2930, livello=Vulcano
16:37:30 - Creata piattaforma a x=94, y=-3010, livello=Vulcano
16:37:30 - Creata piattaforma a x=439, y=-3090, livello=Vulcano
16:37:30 - Creata piattaforma a x=431, y=-3170, livello=Vulcano
16:37:30 - Creata piattaforma a x=414, y=-3250, livello=Vulcano
16:37:30 - Creata piattaforma a x=420, y=-3330, livello=Vulcano
16:37:30 - Creata piattaforma a x=292, y=-3410, livello=Vulcano
16:37:30 - Creata piattaforma a x=157, y=-3490, livello=Vulcano
16:37:30 - Creata piattaforma a x=65, y=-3570, livello=Vulcano
16:37:30 - Creata piattaforma a x=78, y=-3650, livello=Vulcano
16:37:30 - Creata piattaforma a x=142, y=-3730, livello=Vulcano
16:37:30 - Creata piattaforma a x=411, y=-3810, livello=Vulcano
16:37:30 - Creata piattaforma a x=436, y=-3890, livello=Vulcano
16:37:30 - Creata piattaforma a x=402, y=-3970, livello=Vulcano
16:37:30 - Creata piattaforma a x=51, y=-4050, livello=Vulcano
16:37:30 - Creata piattaforma a x=128, y=-4130, livello=Vulcano
16:37:30 - Creata piattaforma a x=119, y=-4210, livello=Vulcano
16:37:30 - Creata piattaforma a x=440, y=-4290, livello=Vulcano
16:37:30 - Creata piattaforma a x=240, y=-4370, livello=Vulcano
16:37:30 - Creata piattaforma a x=440, y=-4450, livello=Vulcano
16:37:30 - Generate 66 piattaforme, 15 power-ups, 24 collectibles, 5 nemici
16:37:30 - Gioco resettato - Player posizionato a x=300, y=718
16:37:30 - Collisione con piattaforma 0 - Tipo: 0 - plat_top(screen)=750.0
16:37:30 - Collisione con piattaforma 1 - Tipo: 0 - plat_top(screen)=670.0
16:37:31 - Collisione con piattaforma 1 - Tipo: 0 - plat_top(screen)=670.0
16:37:31 - Collisione con piattaforma 2 - Tipo: 0 - plat_top(screen)=590.0
16:37:32 - Collisione con piattaforma 2 - Tipo: 0 - plat_top(screen)=590.0
16:37:32 - Collisione con piattaforma 3 - Tipo: 0 - plat_top(screen)=510.0
16:37:32 - Collisione con piattaforma 4 - Tipo: 0 - plat_top(screen)=430.0
16:37:33 - Scroll - km: 0.02, world_offset: 0.9
16:37:33 - Scroll - km: 0.07, world_offset: 3.7
16:37:33 - Scroll - km: 0.16, world_offset: 7.8
16:37:33 - Scroll - km: 0.25, world_offset: 12.4
16:37:33 - Scroll - km: 0.34, world_offset: 17.2
16:37:33 - Scroll - km: 0.44, world_offset: 21.9
16:37:33 - Scroll - km: 0.53, world_offset: 26.3
16:37:33 - Scroll - km: 0.60, world_offset: 30.2
16:37:33 - Scroll - km: 0.67, world_offset: 33.5
16:37:33 - Scroll - km: 0.72, world_offset: 36.2
16:37:33 - Scroll - km: 0.76, world_offset: 38.2
16:37:33 - Scroll - km: 0.79, world_offset: 39.5
16:37:33 - Scroll - km: 0.80, world_offset: 40.0
16:37:33 - Collisione con piattaforma 5 - Tipo: 0 - plat_top(screen)=390.0
16:37:33 - Scroll - km: 0.82, world_offset: 41.1
16:37:33 - Scroll - km: 0.90, world_offset: 45.1
16:37:33 - Scroll - km: 1.02, world_offset: 50.9
16:37:33 - Scroll - km: 1.15, world_offset: 57.7
16:37:33 - Scroll - km: 1.30, world_offset: 65.0
16:37:33 - Scroll - km: 1.45, world_offset: 72.3
16:37:33 - Scroll - km: 1.59, world_offset: 79.6
16:37:33 - Scroll - km: 1.73, world_offset: 86.4
16:37:33 - Scroll - km: 1.85, world_offset: 92.7
16:37:33 - Scroll - km: 1.97, world_offset: 98.5
16:37:33 - Scroll - km: 2.07, world_offset: 103.6
16:37:33 - Scroll - km: 2.16, world_offset: 108.1
16:37:33 - Scroll - km: 2.23, world_offset: 111.7
16:37:33 - Scroll - km: 2.29, world_offset: 114.7
16:37:33 - Scroll - km: 2.34, world_offset: 116.9
16:37:33 - Scroll - km: 2.37, world_offset: 118.3
16:37:33 - Scroll - km: 2.38, world_offset: 118.9
16:37:33 - Collisione con piattaforma 6 - Tipo: 0 - plat_top(screen)=389.0
16:37:33 - Scroll - km: 2.40, world_offset: 120.2
16:37:33 - Scroll - km: 2.49, world_offset: 124.4
16:37:33 - Scroll - km: 2.61, world_offset: 130.4
16:37:33 - Scroll - km: 2.75, world_offset: 137.3
16:37:33 - Scroll - km: 2.89, world_offset: 144.6
16:37:33 - Scroll - km: 3.04, world_offset: 152.0
16:37:33 - Scroll - km: 3.19, world_offset: 159.3
16:37:33 - Scroll - km: 3.32, world_offset: 166.1
16:37:33 - Scroll - km: 3.45, world_offset: 172.5
16:37:33 - Scroll - km: 3.57, world_offset: 178.3
16:37:33 - Scroll - km: 3.67, world_offset: 183.4
16:37:33 - Scroll - km: 3.76, world_offset: 187.8
16:37:34 - Scroll - km: 3.83, world_offset: 191.5
16:37:34 - Scroll - km: 3.89, world_offset: 194.5
16:37:34 - Scroll - km: 3.93, world_offset: 196.7
16:37:34 - Scroll - km: 3.96, world_offset: 198.1
16:37:34 - Scroll - km: 3.97, world_offset: 198.7
16:37:34 - Collisione con piattaforma 6 - Tipo: 0 - plat_top(screen)=469.0
16:37:34 - Scroll - km: 3.99, world_offset: 199.3
16:37:34 - Scroll - km: 4.01, world_offset: 200.5
16:37:34 - Scroll - km: 4.04, world_offset: 202.0
16:37:34 - Scroll - km: 4.07, world_offset: 203.3
16:37:34 - Scroll - km: 4.09, world_offset: 204.4
16:37:34 - Scroll - km: 4.10, world_offset: 205.1
16:37:34 - Scroll - km: 4.10, world_offset: 205.1
16:37:34 - Collisione con piattaforma 7 - Tipo: 0 - plat_top(screen)=395.0
16:37:34 - Scroll - km: 4.12, world_offset: 206.1
16:37:34 - Scroll - km: 4.20, world_offset: 209.9
16:37:34 - Scroll - km: 4.31, world_offset: 215.7
16:37:34 - Scroll - km: 4.45, world_offset: 222.4
16:37:34 - Scroll - km: 4.59, world_offset: 229.7
16:37:34 - Scroll - km: 4.74, world_offset: 237.0
16:37:34 - Scroll - km: 4.88, world_offset: 244.2
16:37:34 - Scroll - km: 5.02, world_offset: 251.1
16:37:34 - Scroll - km: 5.15, world_offset: 257.4
16:37:34 - Scroll - km: 5.26, world_offset: 263.2
16:37:34 - Scroll - km: 5.37, world_offset: 268.3
16:37:34 - Scroll - km: 5.45, world_offset: 272.7
16:37:34 - Scroll - km: 5.53, world_offset: 276.4
16:37:35 - Scroll - km: 5.59, world_offset: 279.3
16:37:35 - Scroll - km: 5.63, world_offset: 281.5
16:37:35 - Scroll - km: 5.66, world_offset: 282.9
16:37:35 - Scroll - km: 5.67, world_offset: 283.5
16:37:35 - Collisione con piattaforma 8 - Tipo: 0 - plat_top(screen)=394.0
16:37:35 - Scroll - km: 5.67, world_offset: 283.7
16:37:35 - Scroll - km: 5.74, world_offset: 287.0
16:37:35 - Scroll - km: 5.85, world_offset: 292.4
16:37:35 - Scroll - km: 5.98, world_offset: 298.8
16:37:35 - Scroll - km: 6.12, world_offset: 305.9
16:37:35 - Scroll - km: 6.26, world_offset: 313.1
16:37:35 - Scroll - km: 6.40, world_offset: 320.2
16:37:35 - Scroll - km: 6.54, world_offset: 327.0
16:37:35 - Scroll - km: 6.67, world_offset: 333.3
16:37:35 - Scroll - km: 6.78, world_offset: 339.0
16:37:35 - Scroll - km: 6.88, world_offset: 344.1
16:37:35 - Scroll - km: 6.97, world_offset: 348.5
16:37:35 - Scroll - km: 7.04, world_offset: 352.2
16:37:35 - Scroll - km: 7.10, world_offset: 355.1
16:37:35 - Scroll - km: 7.15, world_offset: 357.3
16:37:35 - Scroll - km: 7.17, world_offset: 358.7
16:37:35 - Scroll - km: 7.19, world_offset: 359.4
16:37:35 - Collisione con piattaforma 8 - Tipo: 0 - plat_top(screen)=469.0
16:37:35 - Scroll - km: 7.20, world_offset: 359.9
16:37:35 - Scroll - km: 7.22, world_offset: 361.2
16:37:35 - Scroll - km: 7.25, world_offset: 362.6
16:37:36 - Scroll - km: 7.28, world_offset: 364.0
16:37:36 - Scroll - km: 7.30, world_offset: 365.1
16:37:36 - Scroll - km: 7.31, world_offset: 365.7
16:37:36 - Scroll - km: 7.32, world_offset: 365.8
16:37:36 - Collisione con piattaforma 9 - Tipo: 0 - plat_top(screen)=396.0
16:37:36 - Scroll - km: 7.33, world_offset: 366.6
16:37:36 - Scroll - km: 7.41, world_offset: 370.3
16:37:36 - Scroll - km: 7.52, world_offset: 375.9
16:37:36 - Scroll - km: 7.65, world_offset: 382.6
16:37:36 - Scroll - km: 7.80, world_offset: 389.8
16:37:36 - Scroll - km: 7.94, world_offset: 397.1
16:37:36 - Scroll - km: 8.09, world_offset: 404.3
16:37:36 - Scroll - km: 8.22, world_offset: 411.1
16:37:36 - Scroll - km: 8.35, world_offset: 417.5
16:37:36 - Scroll - km: 8.46, world_offset: 423.2
16:37:36 - Scroll - km: 8.57, world_offset: 428.3
16:37:36 - Scroll - km: 8.65, world_offset: 432.7
16:37:36 - Scroll - km: 8.73, world_offset: 436.4
16:37:36 - Scroll - km: 8.79, world_offset: 439.4
16:37:36 - Scroll - km: 8.83, world_offset: 441.5
16:37:36 - Scroll - km: 8.86, world_offset: 442.9
16:37:36 - Scroll - km: 8.87, world_offset: 443.6
16:37:36 - Collisione con piattaforma 9 - Tipo: 0 - plat_top(screen)=474.0
16:37:36 - Scroll - km: 8.88, world_offset: 443.8
16:37:37 - Scroll - km: 8.89, world_offset: 444.3
16:37:37 - Scroll - km: 8.90, world_offset: 444.8
16:37:37 - Scroll - km: 8.90, world_offset: 445.1
16:37:37 - Collisione con piattaforma 10 - Tipo: 1 - plat_top(screen)=395.0
16:37:37 - Scroll - km: 8.92, world_offset: 446.0
16:37:37 - Scroll - km: 9.00, world_offset: 449.9
16:37:37 - Scroll - km: 9.11, world_offset: 455.6
16:37:37 - Scroll - km: 9.25, world_offset: 462.4
16:37:37 - Scroll - km: 9.39, world_offset: 469.6
16:37:37 - Scroll - km: 9.54, world_offset: 477.0
16:37:37 - Scroll - km: 9.68, world_offset: 484.2
16:37:37 - Scroll - km: 9.82, world_offset: 491.0
16:37:37 - Scroll - km: 9.95, world_offset: 497.3
16:37:37 - Scroll - km: 10.06, world_offset: 503.1
16:37:37 - Scroll - km: 10.16, world_offset: 508.2
16:37:37 - Scroll - km: 10.25, world_offset: 512.6
16:37:37 - Scroll - km: 10.33, world_offset: 516.3
16:37:37 - Scroll - km: 10.39, world_offset: 519.3
16:37:37 - Scroll - km: 10.43, world_offset: 521.4
16:37:37 - Scroll - km: 10.46, world_offset: 522.9
16:37:37 - Scroll - km: 10.47, world_offset: 523.5
16:37:37 - Collisione con piattaforma 10 - Tipo: 1 - plat_top(screen)=473.0
16:37:37 - Scroll - km: 10.48, world_offset: 524.1
16:37:37 - Scroll - km: 10.50, world_offset: 524.8
16:37:38 - Scroll - km: 10.51, world_offset: 525.5
16:37:38 - Scroll - km: 10.52, world_offset: 525.9
16:37:38 - Collisione con piattaforma 11 - Tipo: 1 - plat_top(screen)=396.0
16:37:38 - Scroll - km: 10.57, world_offset: 528.6
16:37:38 - Scroll - km: 10.67, world_offset: 533.6
16:37:38 - Scroll - km: 10.80, world_offset: 539.8
16:37:38 - Scroll - km: 10.93, world_offset: 546.7
16:37:38 - Scroll - km: 11.08, world_offset: 553.8
16:37:38 - Scroll - km: 11.22, world_offset: 560.8
16:37:38 - Scroll - km: 11.35, world_offset: 567.5
16:37:38 - Scroll - km: 11.47, world_offset: 573.7
16:37:38 - Scroll - km: 11.59, world_offset: 579.4
16:37:38 - Scroll - km: 11.69, world_offset: 584.5
16:37:38 - Scroll - km: 11.78, world_offset: 588.9
16:37:38 - Scroll - km: 11.85, world_offset: 592.6
16:37:38 - Scroll - km: 11.91, world_offset: 595.5
16:37:38 - Scroll - km: 11.95, world_offset: 597.7
16:37:38 - Scroll - km: 11.98, world_offset: 599.1
16:37:38 - Scroll - km: 11.99, world_offset: 599.7
16:37:38 - Collisione con piattaforma 11 - Tipo: 1 - plat_top(screen)=470.0
16:37:38 - Scroll - km: 12.01, world_offset: 600.5
16:37:38 - Scroll - km: 12.03, world_offset: 601.6
16:37:38 - Scroll - km: 12.06, world_offset: 602.8
16:37:39 - Scroll - km: 12.07, world_offset: 603.7
16:37:39 - Scroll - km: 12.09, world_offset: 604.3
16:37:39 - Scroll - km: 12.09, world_offset: 604.3
16:37:39 - Collisione con piattaforma 12 - Tipo: 1 - plat_top(screen)=394.0
16:37:39 - Scroll - km: 12.10, world_offset: 605.0
16:37:39 - Scroll - km: 12.18, world_offset: 608.8
16:37:39 - Scroll - km: 12.29, world_offset: 614.5
16:37:39 - Scroll - km: 12.42, world_offset: 621.2
16:37:39 - Scroll - km: 12.57, world_offset: 628.4
16:37:39 - Scroll - km: 12.71, world_offset: 635.7
16:37:39 - Scroll - km: 12.86, world_offset: 642.9
16:37:39 - Scroll - km: 12.99, world_offset: 649.7
16:37:39 - Scroll - km: 13.12, world_offset: 656.0
16:37:39 - Scroll - km: 13.24, world_offset: 661.8
16:37:39 - Scroll - km: 13.34, world_offset: 666.9
16:37:39 - Scroll - km: 13.43, world_offset: 671.3
16:37:39 - Scroll - km: 13.50, world_offset: 675.0
16:37:39 - Scroll - km: 13.56, world_offset: 678.0
16:37:39 - Scroll - km: 13.60, world_offset: 680.1
16:37:39 - Scroll - km: 13.63, world_offset: 681.5
16:37:39 - Scroll - km: 13.64, world_offset: 682.2
16:37:39 - Collisione con piattaforma 12 - Tipo: 1 - plat_top(screen)=472.0
16:37:39 - Scroll - km: 13.65, world_offset: 682.5
16:37:39 - Scroll - km: 13.67, world_offset: 683.3
16:37:39 - Scroll - km: 13.68, world_offset: 684.2
16:37:39 - Scroll - km: 13.70, world_offset: 685.0
16:37:40 - Scroll - km: 13.71, world_offset: 685.4
16:37:40 - Collisione con piattaforma 13 - Tipo: 1 - plat_top(screen)=395.0
16:37:40 - Scroll - km: 13.72, world_offset: 686.2
16:37:40 - Scroll - km: 13.80, world_offset: 690.0
16:37:40 - Scroll - km: 13.91, world_offset: 695.7
16:37:40 - Scroll - km: 14.05, world_offset: 702.4
16:37:40 - Scroll - km: 14.19, world_offset: 709.6
16:37:40 - Scroll - km: 14.34, world_offset: 717.0
16:37:40 - Scroll - km: 14.48, world_offset: 724.1
16:37:40 - Scroll - km: 14.62, world_offset: 731.0
16:37:40 - Scroll - km: 14.75, world_offset: 737.3
16:37:40 - Scroll - km: 14.86, world_offset: 743.1
16:37:40 - Scroll - km: 14.96, world_offset: 748.2
16:37:40 - Scroll - km: 15.05, world_offset: 752.6
16:37:40 - Scroll - km: 15.13, world_offset: 756.3
16:37:40 - Scroll - km: 15.18, world_offset: 759.2
16:37:40 - Scroll - km: 15.23, world_offset: 761.4
16:37:40 - Scroll - km: 15.26, world_offset: 762.8
16:37:40 - Scroll - km: 15.27, world_offset: 763.4
16:37:40 - Collisione con piattaforma 14 - Tipo: 1 - plat_top(screen)=393.0
16:37:40 - Scroll - km: 15.27, world_offset: 763.5
16:37:40 - Scroll - km: 15.34, world_offset: 766.8
16:37:40 - Scroll - km: 15.44, world_offset: 772.1
16:37:40 - Scroll - km: 15.57, world_offset: 778.5
16:37:40 - Scroll - km: 15.71, world_offset: 785.6
16:37:40 - Scroll - km: 15.86, world_offset: 792.8
16:37:40 - Scroll - km: 16.00, world_offset: 799.9
16:37:40 - Scroll - km: 16.13, world_offset: 806.6
16:37:40 - Scroll - km: 16.26, world_offset: 812.9
16:37:40 - Scroll - km: 16.37, world_offset: 818.6
16:37:40 - Scroll - km: 16.47, world_offset: 823.7
16:37:40 - Scroll - km: 16.56, world_offset: 828.1
16:37:40 - Scroll - km: 16.64, world_offset: 831.8
16:37:40 - Scroll - km: 16.70, world_offset: 834.8
16:37:40 - Scroll - km: 16.74, world_offset: 836.9
16:37:40 - Scroll - km: 16.77, world_offset: 838.3
16:37:40 - Scroll - km: 16.78, world_offset: 839.0
16:37:40 - Collisione con piattaforma 15 - Tipo: 1 - plat_top(screen)=389.0
16:37:41 - Scroll - km: 16.83, world_offset: 841.4
16:37:41 - Scroll - km: 16.93, world_offset: 846.4
16:37:41 - Scroll - km: 17.06, world_offset: 852.9
16:37:41 - Scroll - km: 17.20, world_offset: 860.2
16:37:41 - Scroll - km: 17.36, world_offset: 867.8
16:37:41 - Scroll - km: 17.51, world_offset: 875.4
16:37:41 - Scroll - km: 17.66, world_offset: 882.8
16:37:41 - Scroll - km: 17.80, world_offset: 889.8
16:37:41 - Scroll - km: 17.92, world_offset: 896.2
16:37:41 - Scroll - km: 18.04, world_offset: 902.0
16:37:41 - Scroll - km: 18.14, world_offset: 907.2
16:37:41 - Scroll - km: 18.23, world_offset: 911.6
16:37:41 - Scroll - km: 18.31, world_offset: 915.3
16:37:41 - Scroll - km: 18.37, world_offset: 918.3
16:37:41 - Scroll - km: 18.41, world_offset: 920.5
16:37:41 - Scroll - km: 18.44, world_offset: 921.9
16:37:41 - Scroll - km: 18.45, world_offset: 922.5
16:37:41 - Collisione con piattaforma 15 - Tipo: 1 - plat_top(screen)=473.0
16:37:41 - Scroll - km: 18.46, world_offset: 923.1
16:37:41 - Scroll - km: 18.48, world_offset: 923.9
16:37:41 - Scroll - km: 18.49, world_offset: 924.5
16:37:41 - Scroll - km: 18.50, world_offset: 924.8
16:37:42 - Collisione con piattaforma 14 - Tipo: 1 - plat_top(screen)=555.0
16:37:42 - Collisione con piattaforma 14 - Tipo: 1 - plat_top(screen)=555.0
16:37:43 - Collisione con piattaforma 15 - Tipo: 1 - plat_top(screen)=475.0
16:37:43 - Collisione con piattaforma 15 - Tipo: 1 - plat_top(screen)=475.0
16:37:44 - Scroll - km: 18.50, world_offset: 924.9
16:37:44 - Scroll - km: 18.51, world_offset: 925.3
16:37:44 - Scroll - km: 18.51, world_offset: 925.7
16:37:44 - Scroll - km: 18.52, world_offset: 925.8
16:37:44 - Collisione con piattaforma 16 - Tipo: 1 - plat_top(screen)=396.0
16:37:44 - Scroll - km: 18.58, world_offset: 929.0
16:37:44 - Scroll - km: 18.69, world_offset: 934.3
16:37:44 - Scroll - km: 18.81, world_offset: 940.7
16:37:44 - Scroll - km: 18.96, world_offset: 947.8
16:37:44 - Scroll - km: 19.10, world_offset: 954.9
16:37:44 - Scroll - km: 19.24, world_offset: 962.0
16:37:44 - Scroll - km: 19.38, world_offset: 968.8
16:37:44 - Scroll - km: 19.50, world_offset: 975.1
16:37:44 - Scroll - km: 19.62, world_offset: 980.8
16:37:44 - Scroll - km: 19.72, world_offset: 985.9
16:37:44 - Scroll - km: 19.81, world_offset: 990.3
16:37:44 - Scroll - km: 19.88, world_offset: 994.0
16:37:44 - Scroll - km: 19.94, world_offset: 996.9
16:37:44 - Scroll - km: 19.98, world_offset: 999.1
16:37:44 - Scroll - km: 20.01, world_offset: 1000.5
16:37:44 - Scroll - km: 20.02, world_offset: 1001.1
16:37:44 - Collisione con piattaforma 17 - Tipo: 1 - plat_top(screen)=391.0
16:37:44 - Scroll - km: 20.04, world_offset: 1001.8
16:37:44 - Scroll - km: 20.11, world_offset: 1005.5
16:37:44 - Scroll - km: 20.22, world_offset: 1011.2
16:37:44 - Scroll - km: 20.36, world_offset: 1017.8
16:37:44 - Scroll - km: 20.50, world_offset: 1025.0
16:37:44 - Scroll - km: 20.65, world_offset: 1032.4
16:37:44 - Scroll - km: 20.79, world_offset: 1039.5
16:37:44 - Scroll - km: 20.93, world_offset: 1046.4
16:37:44 - Scroll - km: 21.05, world_offset: 1052.7
16:37:44 - Scroll - km: 21.17, world_offset: 1058.4
16:37:44 - Scroll - km: 21.27, world_offset: 1063.5
16:37:44 - Scroll - km: 21.36, world_offset: 1068.0
16:37:44 - Scroll - km: 21.43, world_offset: 1071.6
16:37:44 - Scroll - km: 21.49, world_offset: 1074.6
16:37:44 - Scroll - km: 21.54, world_offset: 1076.8
16:37:44 - Scroll - km: 21.56, world_offset: 1078.2
16:37:44 - Scroll - km: 21.58, world_offset: 1078.8
16:37:45 - Collisione con piattaforma 18 - Tipo: 1 - plat_top(screen)=389.0
16:37:45 - Scroll - km: 21.61, world_offset: 1080.5
16:37:45 - Scroll - km: 21.70, world_offset: 1084.9
16:37:45 - Scroll - km: 21.82, world_offset: 1091.0
16:37:45 - Scroll - km: 21.96, world_offset: 1098.0
16:37:45 - Scroll - km: 22.11, world_offset: 1105.4
16:37:45 - Scroll - km: 22.26, world_offset: 1112.9
16:37:45 - Scroll - km: 22.40, world_offset: 1120.2
16:37:45 - Scroll - km: 22.54, world_offset: 1127.1
16:37:45 - Scroll - km: 22.67, world_offset: 1133.4
16:37:45 - Scroll - km: 22.78, world_offset: 1139.2
16:37:45 - Scroll - km: 22.89, world_offset: 1144.4
16:37:45 - Scroll - km: 22.98, world_offset: 1148.8
16:37:45 - Scroll - km: 23.05, world_offset: 1152.5
16:37:45 - Scroll - km: 23.11, world_offset: 1155.5
16:37:45 - Scroll - km: 23.15, world_offset: 1157.6
16:37:45 - Scroll - km: 23.18, world_offset: 1159.1
16:37:45 - Scroll - km: 23.19, world_offset: 1159.7
16:37:45 - Collisione con piattaforma 18 - Tipo: 1 - plat_top(screen)=470.0
16:37:45 - Scroll - km: 23.21, world_offset: 1160.4
16:37:45 - Scroll - km: 23.23, world_offset: 1161.6
16:37:45 - Scroll - km: 23.25, world_offset: 1162.7
16:37:45 - Scroll - km: 23.27, world_offset: 1163.7
16:37:45 - Scroll - km: 23.28, world_offset: 1164.2
16:37:45 - Scroll - km: 23.28, world_offset: 1164.2
16:37:46 - Collisione con piattaforma 19 - Tipo: 2 - plat_top(screen)=394.0
16:37:46 - Scroll - km: 23.31, world_offset: 1165.4
16:37:46 - Scroll - km: 23.39, world_offset: 1169.4
16:37:46 - Scroll - km: 23.51, world_offset: 1175.3
16:37:46 - Scroll - km: 23.64, world_offset: 1182.1
16:37:46 - Scroll - km: 23.79, world_offset: 1189.5
16:37:46 - Scroll - km: 23.94, world_offset: 1196.9
16:37:46 - Scroll - km: 24.08, world_offset: 1204.1
16:37:46 - Scroll - km: 24.22, world_offset: 1210.9
16:37:46 - Scroll - km: 24.35, world_offset: 1217.3
16:37:46 - Scroll - km: 24.46, world_offset: 1223.1
16:37:46 - Scroll - km: 24.56, world_offset: 1228.2
16:37:46 - Scroll - km: 24.65, world_offset: 1232.6
16:37:46 - Scroll - km: 24.73, world_offset: 1236.3
16:37:46 - Scroll - km: 24.78, world_offset: 1239.2
16:37:46 - Scroll - km: 24.83, world_offset: 1241.4
16:37:46 - Scroll - km: 24.86, world_offset: 1242.8
16:37:46 - Scroll - km: 24.87, world_offset: 1243.5
16:37:46 - Collisione con piattaforma 20 - Tipo: 2 - plat_top(screen)=393.0
16:37:46 - Scroll - km: 24.88, world_offset: 1243.8
16:37:46 - Scroll - km: 24.94, world_offset: 1247.2
16:37:46 - Scroll - km: 25.05, world_offset: 1252.6
16:37:46 - Scroll - km: 25.18, world_offset: 1259.2
16:37:46 - Scroll - km: 25.33, world_offset: 1266.3
16:37:46 - Scroll - km: 25.47, world_offset: 1273.6
16:37:46 - Scroll - km: 25.61, world_offset: 1280.7
16:37:46 - Scroll - km: 25.75, world_offset: 1287.5
16:37:46 - Scroll - km: 25.88, world_offset: 1293.8
16:37:46 - Scroll - km: 25.99, world_offset: 1299.5
16:37:46 - Scroll - km: 26.09, world_offset: 1304.6
16:37:46 - Scroll - km: 26.18, world_offset: 1309.0
16:37:46 - Scroll - km: 26.25, world_offset: 1312.7
16:37:46 - Scroll - km: 26.31, world_offset: 1315.6
16:37:46 - Scroll - km: 26.36, world_offset: 1317.8
16:37:46 - Scroll - km: 26.38, world_offset: 1319.2
16:37:46 - Scroll - km: 26.40, world_offset: 1319.8
16:37:47 - Collisione con piattaforma 20 - Tipo: 2 - plat_top(screen)=470.0
16:37:47 - Scroll - km: 26.40, world_offset: 1320.2
16:37:47 - Scroll - km: 26.43, world_offset: 1321.3
16:37:47 - Scroll - km: 26.45, world_offset: 1322.7
16:37:47 - Scroll - km: 26.48, world_offset: 1324.0
16:37:47 - Scroll - km: 26.50, world_offset: 1325.1
16:37:47 - Scroll - km: 26.51, world_offset: 1325.7
16:37:47 - Scroll - km: 26.52, world_offset: 1325.8
16:37:47 - Collisione con piattaforma 21 - Tipo: 2 - plat_top(screen)=396.0
16:37:47 - Scroll - km: 26.52, world_offset: 1325.8
16:37:47 - Scroll - km: 26.58, world_offset: 1329.1
16:37:47 - Scroll - km: 26.69, world_offset: 1334.5
16:37:47 - Scroll - km: 26.82, world_offset: 1340.9
16:37:47 - Scroll - km: 26.96, world_offset: 1348.0
16:37:47 - Scroll - km: 27.10, world_offset: 1355.2
16:37:47 - Scroll - km: 27.25, world_offset: 1362.3
16:37:47 - Scroll - km: 27.38, world_offset: 1369.1
16:37:47 - Scroll - km: 27.51, world_offset: 1375.4
16:37:47 - Scroll - km: 27.62, world_offset: 1381.1
16:37:47 - Scroll - km: 27.72, world_offset: 1386.2
16:37:47 - Scroll - km: 27.81, world_offset: 1390.6
16:37:47 - Scroll - km: 27.89, world_offset: 1394.3
16:37:47 - Scroll - km: 27.94, world_offset: 1397.2
16:37:47 - Scroll - km: 27.99, world_offset: 1399.4
16:37:47 - Scroll - km: 28.02, world_offset: 1400.8
16:37:47 - Scroll - km: 28.03, world_offset: 1401.4
16:37:47 - Collisione con piattaforma 22 - Tipo: 2 - plat_top(screen)=391.0
16:37:47 - Scroll - km: 28.06, world_offset: 1403.1
16:37:47 - Scroll - km: 28.15, world_offset: 1407.6
16:37:47 - Scroll - km: 28.27, world_offset: 1413.7
16:37:47 - Scroll - km: 28.41, world_offset: 1420.7
16:37:47 - Scroll - km: 28.56, world_offset: 1428.2
16:37:48 - Scroll - km: 28.71, world_offset: 1435.7
16:37:48 - Scroll - km: 28.86, world_offset: 1443.0
16:37:48 - Scroll - km: 29.00, world_offset: 1449.9
16:37:48 - Scroll - km: 29.13, world_offset: 1456.3
16:37:48 - Scroll - km: 29.24, world_offset: 1462.1
16:37:48 - Scroll - km: 29.34, world_offset: 1467.2
16:37:48 - Scroll - km: 29.43, world_offset: 1471.6
16:37:48 - Scroll - km: 29.51, world_offset: 1475.3
16:37:48 - Scroll - km: 29.57, world_offset: 1478.3
16:37:48 - Scroll - km: 29.61, world_offset: 1480.5
16:37:48 - Scroll - km: 29.64, world_offset: 1481.9
16:37:48 - Scroll - km: 29.65, world_offset: 1482.5
16:37:48 - Collisione con piattaforma 23 - Tipo: 2 - plat_top(screen)=393.0
16:37:48 - Scroll - km: 29.67, world_offset: 1483.3
16:37:48 - Scroll - km: 29.74, world_offset: 1487.1
16:37:48 - Scroll - km: 29.85, world_offset: 1492.7
16:37:48 - Scroll - km: 29.99, world_offset: 1499.4
16:37:48 - Scroll - km: 30.13, world_offset: 1506.7
16:37:48 - Scroll - km: 30.28, world_offset: 1514.0
16:37:48 - Scroll - km: 30.42, world_offset: 1521.2
16:37:48 - Scroll - km: 30.56, world_offset: 1528.0
16:37:48 - Scroll - km: 30.69, world_offset: 1534.3
16:37:48 - Scroll - km: 30.80, world_offset: 1540.1
16:37:48 - Scroll - km: 30.90, world_offset: 1545.2
16:37:48 - Scroll - km: 30.99, world_offset: 1549.6
16:37:48 - Scroll - km: 31.07, world_offset: 1553.3
16:37:48 - Scroll - km: 31.13, world_offset: 1556.3
16:37:48 - Scroll - km: 31.17, world_offset: 1558.4
16:37:48 - Scroll - km: 31.20, world_offset: 1559.8
16:37:48 - Scroll - km: 31.21, world_offset: 1560.5
16:37:48 - Collisione con piattaforma 24 - Tipo: 2 - plat_top(screen)=390.0
16:37:48 - Scroll - km: 31.25, world_offset: 1562.3
16:37:48 - Scroll - km: 31.34, world_offset: 1566.8
16:37:48 - Scroll - km: 31.46, world_offset: 1572.9
16:37:48 - Scroll - km: 31.60, world_offset: 1580.0
16:37:48 - Scroll - km: 31.75, world_offset: 1587.4
16:37:48 - Scroll - km: 31.90, world_offset: 1594.9
16:37:48 - Scroll - km: 32.04, world_offset: 1602.2
16:37:48 - Scroll - km: 32.18, world_offset: 1609.1
16:37:48 - Scroll - km: 32.31, world_offset: 1615.5
16:37:48 - Scroll - km: 32.43, world_offset: 1621.3
16:37:48 - Scroll - km: 32.53, world_offset: 1626.5
16:37:48 - Scroll - km: 32.62, world_offset: 1630.9
16:37:48 - Scroll - km: 32.69, world_offset: 1634.6
16:37:49 - Scroll - km: 32.75, world_offset: 1637.6
16:37:49 - Scroll - km: 32.79, world_offset: 1639.7
16:37:49 - Scroll - km: 32.82, world_offset: 1641.2
16:37:49 - Scroll - km: 32.84, world_offset: 1641.8
16:37:49 - Collisione con piattaforma 24 - Tipo: 2 - plat_top(screen)=472.0
16:37:49 - Scroll - km: 32.84, world_offset: 1642.0
16:37:49 - Scroll - km: 32.85, world_offset: 1642.7
16:37:49 - Scroll - km: 32.87, world_offset: 1643.6
16:37:49 - Scroll - km: 32.89, world_offset: 1644.3
16:37:49 - Scroll - km: 32.89, world_offset: 1644.7
16:37:49 - Collisione con piattaforma 25 - Tipo: 2 - plat_top(screen)=395.0
16:37:49 - Scroll - km: 32.91, world_offset: 1645.7
16:37:49 - Scroll - km: 32.99, world_offset: 1649.7
16:37:49 - Scroll - km: 33.11, world_offset: 1655.5
16:37:49 - Scroll - km: 33.25, world_offset: 1662.3
16:37:49 - Scroll - km: 33.39, world_offset: 1669.5
16:37:49 - Scroll - km: 33.54, world_offset: 1676.9
16:37:49 - Scroll - km: 33.68, world_offset: 1684.1
16:37:49 - Scroll - km: 33.82, world_offset: 1691.0
16:37:49 - Scroll - km: 33.95, world_offset: 1697.3
16:37:49 - Scroll - km: 34.06, world_offset: 1703.1
16:37:49 - Scroll - km: 34.16, world_offset: 1708.2
16:37:49 - Scroll - km: 34.25, world_offset: 1712.6
16:37:49 - Scroll - km: 34.33, world_offset: 1716.3
16:37:49 - Scroll - km: 34.39, world_offset: 1719.3
16:37:50 - Scroll - km: 34.43, world_offset: 1721.4
16:37:50 - Scroll - km: 34.46, world_offset: 1722.9
16:37:50 - Scroll - km: 34.47, world_offset: 1723.5
16:37:50 - Collisione con piattaforma 26 - Tipo: 2 - plat_top(screen)=393.0
16:37:50 - Scroll - km: 34.49, world_offset: 1724.6
16:37:50 - Scroll - km: 34.57, world_offset: 1728.6
16:37:50 - Scroll - km: 34.69, world_offset: 1734.5
16:37:50 - Scroll - km: 34.83, world_offset: 1741.3
16:37:50 - Scroll - km: 34.97, world_offset: 1748.6
16:37:50 - Scroll - km: 35.12, world_offset: 1756.0
16:37:50 - Scroll - km: 35.26, world_offset: 1763.2
16:37:50 - Scroll - km: 35.40, world_offset: 1770.0
16:37:50 - Scroll - km: 35.53, world_offset: 1776.4
16:37:50 - Scroll - km: 35.64, world_offset: 1782.2
16:37:50 - Scroll - km: 35.75, world_offset: 1787.3
16:37:50 - Scroll - km: 35.83, world_offset: 1791.7
16:37:50 - Scroll - km: 35.91, world_offset: 1795.4
16:37:50 - Scroll - km: 35.97, world_offset: 1798.4
16:37:50 - Scroll - km: 36.01, world_offset: 1800.5
16:37:50 - Scroll - km: 36.04, world_offset: 1801.9
16:37:50 - Scroll - km: 36.05, world_offset: 1802.6
16:37:50 - Collisione con piattaforma 27 - Tipo: 2 - plat_top(screen)=393.0
16:37:50 - Scroll - km: 36.06, world_offset: 1802.9
16:37:50 - Scroll - km: 36.13, world_offset: 1806.4
16:37:50 - Scroll - km: 36.24, world_offset: 1811.9
16:37:50 - Scroll - km: 36.37, world_offset: 1818.4
16:37:50 - Scroll - km: 36.51, world_offset: 1825.6
16:37:50 - Scroll - km: 36.66, world_offset: 1832.8
16:37:50 - Scroll - km: 36.80, world_offset: 1839.9
16:37:50 - Scroll - km: 36.93, world_offset: 1846.7
16:37:50 - Scroll - km: 37.06, world_offset: 1853.0
16:37:50 - Scroll - km: 37.18, world_offset: 1858.8
16:37:50 - Scroll - km: 37.28, world_offset: 1863.9
16:37:50 - Scroll - km: 37.37, world_offset: 1868.3
16:37:50 - Scroll - km: 37.44, world_offset: 1872.0
16:37:50 - Scroll - km: 37.50, world_offset: 1874.9
16:37:50 - Scroll - km: 37.54, world_offset: 1877.1
16:37:50 - Scroll - km: 37.57, world_offset: 1878.5
16:37:50 - Scroll - km: 37.58, world_offset: 1879.1
16:37:51 - Collisione con piattaforma 28 - Tipo: 2 - plat_top(screen)=389.0
16:37:51 - Scroll - km: 37.62, world_offset: 1881.0
16:37:51 - Scroll - km: 37.71, world_offset: 1885.6
16:37:51 - Scroll - km: 37.84, world_offset: 1891.8
16:37:51 - Scroll - km: 37.98, world_offset: 1898.9
16:37:51 - Scroll - km: 38.13, world_offset: 1906.4
16:37:51 - Scroll - km: 38.28, world_offset: 1913.9
16:37:51 - Scroll - km: 38.42, world_offset: 1921.2
16:37:51 - Scroll - km: 38.56, world_offset: 1928.1
16:37:51 - Scroll - km: 38.69, world_offset: 1934.5
16:37:51 - Scroll - km: 38.81, world_offset: 1940.3
16:37:51 - Scroll - km: 38.91, world_offset: 1945.4
16:37:51 - Scroll - km: 39.00, world_offset: 1949.9
16:37:51 - Scroll - km: 39.07, world_offset: 1953.6
16:37:51 - Scroll - km: 39.13, world_offset: 1956.5
16:37:51 - Scroll - km: 39.17, world_offset: 1958.7
16:37:51 - Scroll - km: 39.20, world_offset: 1960.1
16:37:51 - Scroll - km: 39.22, world_offset: 1960.8
16:37:51 - Collisione con piattaforma 29 - Tipo: 2 - plat_top(screen)=391.0
16:37:51 - Scroll - km: 39.23, world_offset: 1961.6
16:37:51 - Scroll - km: 39.31, world_offset: 1965.4
16:37:51 - Scroll - km: 39.42, world_offset: 1971.1
16:37:51 - Scroll - km: 39.56, world_offset: 1977.8
16:37:51 - Scroll - km: 39.70, world_offset: 1985.0
16:37:51 - Scroll - km: 39.85, world_offset: 1992.3
16:37:51 - Scroll - km: 39.99, world_offset: 1999.5
16:37:51 - Scroll - km: 40.13, world_offset: 2006.4
16:37:51 - Scroll - km: 40.25, world_offset: 2012.7
16:37:51 - Scroll - km: 40.37, world_offset: 2018.4
