09:54:43 - [INPUT] KEYDOWN key=return code=13 state=MENU
09:54:43 - \U0001f3ae Inizia nuova partita
09:54:43 - \U0001f504 Nuova partita iniziata!
09:54:43 - [INPUT] KEYUP key=return code=13 state=PLAYING
09:54:44 - [INPUT] KEYDOWN key=a code=97 state=PLAYING
09:54:44 - [INPUT] KEYDOWN key=right code=1073741903 state=PLAYING
09:54:44 - [INPUT] KEYUP key=a code=97 state=PLAYING
09:54:44 - [INPUT] KEYUP key=right code=1073741903 state=PLAYING
09:54:44 - [INPUT] KEYDOWN key=right code=1073741903 state=PLAYING
09:54:44 - [INPUT] KEYUP key=right code=1073741903 state=PLAYING
09:54:45 - [INPUT] KEYDOWN key=right code=1073741903 state=PLAYING
09:54:45 - [INPUT] KEYDOWN key=space code=32 state=PLAYING
09:54:45 - [INPUT] KEYUP key=space code=32 state=PLAYING
09:54:45 - [INPUT] KEYUP key=right code=1073741903 state=PLAYING
09:54:45 - [INPUT] KEYDOWN key=space code=32 state=PLAYING
09:54:45 - [INPUT] KEYDOWN key=left code=1073741904 state=PLAYING
09:54:45 - [INPUT] KEYUP key=space code=32 state=PLAYING
09:54:45 - [INPUT] KEYDOWN key=space code=32 state=PLAYING
09:54:45 - [INPUT] KEYUP key=space code=32 state=PLAYING
09:54:45 - [INPUT] KEYUP key=left code=1073741904 state=PLAYING
09:54:45 - [INPUT] KEYDOWN key=space code=32 state=PLAYING
09:54:45 - [INPUT] KEYUP key=space code=32 state=PLAYING
09:54:45 - [INPUT] KEYDOWN key=right code=1073741903 state=PLAYING
09:54:45 - [INPUT] KEYDOWN key=space code=32 state=PLAYING
09:54:46 - [INPUT] KEYUP key=space code=32 state=PLAYING
09:54:46 - [INPUT] KEYUP key=right code=1073741903 state=PLAYING
09:54:46 - [INPUT] KEYDOWN key=space code=32 state=PLAYING
09:54:46 - [INPUT] KEYDOWN key=left code=1073741904 state=PLAYING
09:54:46 - [INPUT] KEYUP key=space code=32 state=PLAYING
09:54:46 - [INPUT] KEYUP key=left code=1073741904 state=PLAYING
09:54:46 - [INPUT] KEYDOWN key=space code=32 state=PLAYING
09:54:46 - [INPUT] KEYDOWN key=left code=1073741904 state=PLAYING
09:54:46 - [INPUT] KEYUP key=space code=32 state=PLAYING
09:54:46 - [INPUT] KEYUP key=left code=1073741904 state=PLAYING
09:54:46 - [INPUT] KEYDOWN key=space code=32 state=PLAYING
09:54:46 - [INPUT] KEYDOWN key=left code=1073741904 state=PLAYING
09:54:46 - [INPUT] KEYUP key=left code=1073741904 state=PLAYING
09:54:46 - [INPUT] KEYUP key=space code=32 state=PLAYING
09:54:46 - [INPUT] KEYDOWN key=right code=1073741903 state=PLAYING
09:54:46 - [INPUT] KEYDOWN key=space code=32 state=PLAYING
09:54:46 - [INPUT] KEYUP key=space code=32 state=PLAYING
09:54:46 - [INPUT] KEYUP key=right code=1073741903 state=PLAYING
09:54:46 - [INPUT] KEYDOWN key=space code=32 state=PLAYING
09:54:47 - [INPUT] KEYUP key=space code=32 state=PLAYING
09:54:47 - [INPUT] KEYDOWN key=space code=32 state=PLAYING
09:54:47 - [INPUT] KEYDOWN key=right code=1073741903 state=PLAYING
09:54:47 - [INPUT] KEYUP key=space code=32 state=PLAYING
09:54:47 - [INPUT] KEYUP key=right code=1073741903 state=PLAYING
09:54:47 - [INPUT] KEYDOWN key=space code=32 state=PLAYING
09:54:47 - [INPUT] KEYUP key=space code=32 state=PLAYING
09:54:47 - [INPUT] KEYDOWN key=space code=32 state=PLAYING
09:54:47 - [INPUT] KEYUP key=space code=32 state=PLAYING
09:54:47 - [INPUT] KEYDOWN key=left code=1073741904 state=PLAYING
09:54:47 - [INPUT] KEYDOWN key=space code=32 state=PLAYING
09:54:47 - [INPUT] KEYUP key=space code=32 state=PLAYING
09:54:48 - [INPUT] KEYDOWN key=space code=32 state=PLAYING
09:54:48 - [INPUT] KEYUP key=left code=1073741904 state=PLAYING
09:54:48 - [INPUT] KEYDOWN key=right code=1073741903 state=PLAYING
09:54:48 - [INPUT] KEYUP key=space code=32 state=PLAYING
09:54:48 - [INPUT] KEYDOWN key=space code=32 state=PLAYING
09:54:48 - [INPUT] KEYUP key=space code=32 state=PLAYING
09:54:48 - [INPUT] KEYDOWN key=space code=32 state=PLAYING
09:54:48 - [INPUT] KEYUP key=space code=32 state=PLAYING
09:54:48 - [INPUT] KEYDOWN key=space code=32 state=PLAYING
09:54:48 - [INPUT] KEYDOWN key=left code=1073741904 state=PLAYING
09:54:48 - [INPUT] KEYUP key=right code=1073741903 state=PLAYING
09:54:48 - [INPUT] KEYUP key=space code=32 state=PLAYING
09:54:48 - [INPUT] KEYUP key=left code=1073741904 state=PLAYING
09:54:48 - [INPUT] KEYDOWN key=space code=32 state=PLAYING
09:54:49 - [INPUT] KEYUP key=space code=32 state=PLAYING
09:54:49 - [INPUT] KEYDOWN key=left code=1073741904 state=PLAYING
09:54:49 - [INPUT] KEYUP key=left code=1073741904 state=PLAYING
09:54:49 - [INPUT] KEYDOWN key=space code=32 state=PLAYING
09:54:49 - [INPUT] KEYUP key=space code=32 state=PLAYING
09:54:49 - [INPUT] KEYDOWN key=left code=1073741904 state=PLAYING
09:54:49 - [INPUT] KEYDOWN key=space code=32 state=PLAYING
09:54:49 - [INPUT] KEYUP key=left code=1073741904 state=PLAYING
09:54:49 - [INPUT] KEYUP key=space code=32 state=PLAYING
09:54:49 - [INPUT] KEYDOWN key=left code=1073741904 state=PLAYING
09:54:49 - [INPUT] KEYDOWN key=space code=32 state=PLAYING
09:54:49 - [INPUT] KEYUP key=left code=1073741904 state=PLAYING
09:54:49 - [INPUT] KEYUP key=space code=32 state=PLAYING
09:54:49 - [INPUT] KEYDOWN key=right code=1073741903 state=PLAYING
09:54:49 - [INPUT] KEYDOWN key=space code=32 state=PLAYING
09:54:49 - [INPUT] KEYUP key=right code=1073741903 state=PLAYING
09:54:49 - [INPUT] KEYUP key=space code=32 state=PLAYING
09:54:49 - [INPUT] KEYDOWN key=space code=32 state=PLAYING
09:54:50 - [INPUT] KEYUP key=space code=32 state=PLAYING
09:54:50 - [INPUT] KEYDOWN key=right code=1073741903 state=PLAYING
09:54:50 - [INPUT] KEYDOWN key=space code=32 state=PLAYING
09:54:50 - [INPUT] KEYUP key=space code=32 state=PLAYING
09:54:50 - [INPUT] KEYUP key=right code=1073741903 state=PLAYING
09:54:50 - [INPUT] KEYDOWN key=space code=32 state=PLAYING
09:54:50 - [INPUT] KEYDOWN key=right code=1073741903 state=PLAYING
09:54:50 - [INPUT] KEYUP key=right code=1073741903 state=PLAYING
09:54:50 - [INPUT] KEYUP key=space code=32 state=PLAYING
09:54:50 - [INPUT] KEYDOWN key=space code=32 state=PLAYING
09:54:50 - [INPUT] KEYDOWN key=right code=1073741903 state=PLAYING
09:54:50 - [INPUT] KEYUP key=space code=32 state=PLAYING
09:54:50 - [INPUT] KEYUP key=right code=1073741903 state=PLAYING
09:54:50 - [INPUT] KEYDOWN key=space code=32 state=PLAYING
09:54:50 - [INPUT] KEYDOWN key=left code=1073741904 state=PLAYING
09:54:50 - [INPUT] KEYUP key=space code=32 state=PLAYING
09:54:50 - [INPUT] KEYUP key=left code=1073741904 state=PLAYING
09:54:50 - [INPUT] KEYDOWN key=left code=1073741904 state=PLAYING
09:54:50 - [INPUT] KEYDOWN key=space code=32 state=PLAYING
09:54:51 - [INPUT] KEYUP key=left code=1073741904 state=PLAYING
09:54:51 - [INPUT] KEYUP key=space code=32 state=PLAYING
09:54:51 - [INPUT] KEYDOWN key=left code=1073741904 state=PLAYING
09:54:51 - [INPUT] KEYDOWN key=space code=32 state=PLAYING
09:54:51 - [INPUT] KEYUP key=left code=1073741904 state=PLAYING
09:54:51 - [INPUT] KEYUP key=space code=32 state=PLAYING
09:54:51 - [INPUT] KEYDOWN key=space code=32 state=PLAYING
09:54:51 - [INPUT] KEYDOWN key=right code=1073741903 state=PLAYING
09:54:51 - [INPUT] KEYUP key=right code=1073741903 state=PLAYING
09:54:51 - [INPUT] KEYUP key=space code=32 state=PLAYING
09:54:51 - [INPUT] KEYDOWN key=right code=1073741903 state=PLAYING
09:54:51 - [INPUT] KEYDOWN key=space code=32 state=PLAYING
09:54:51 - [INPUT] KEYUP key=right code=1073741903 state=PLAYING
09:54:51 - [INPUT] KEYUP key=space code=32 state=PLAYING
09:54:51 - [INPUT] KEYDOWN key=right code=1073741903 state=PLAYING
09:54:51 - [INPUT] KEYDOWN key=space code=32 state=PLAYING
09:54:51 - [INPUT] KEYUP key=right code=1073741903 state=PLAYING
09:54:51 - [INPUT] KEYDOWN key=left code=1073741904 state=PLAYING
09:54:51 - [INPUT] KEYUP key=space code=32 state=PLAYING
09:54:51 - [INPUT] KEYUP key=left code=1073741904 state=PLAYING
09:54:52 - [INPUT] KEYDOWN key=left code=1073741904 state=PLAYING
09:54:52 - [INPUT] KEYDOWN key=space code=32 state=PLAYING
09:54:52 - [INPUT] KEYUP key=left code=1073741904 state=PLAYING
09:54:52 - [INPUT] KEYUP key=space code=32 state=PLAYING
09:54:52 - [INPUT] KEYDOWN key=left code=1073741904 state=PLAYING
09:54:52 - [INPUT] KEYUP key=left code=1073741904 state=PLAYING
09:54:52 - [INPUT] KEYDOWN key=left code=1073741904 state=PLAYING
09:54:52 - [INPUT] KEYUP key=left code=1073741904 state=PLAYING
09:54:52 - [INPUT] KEYDOWN key=left code=1073741904 state=PLAYING
09:54:53 - [INPUT] KEYUP key=left code=1073741904 state=PLAYING
09:54:53 - [INPUT] KEYDOWN key=left code=1073741904 state=PLAYING
09:54:53 - [INPUT] KEYUP key=left code=1073741904 state=PLAYING
