10:35:31 - [INPUT] KEYDOWN key=return code=13 state=MENU
10:35:31 - \U0001f3ae Inizia nuova partita
10:35:31 - \U0001f504 Nuova partita iniziata!
10:35:32 - [INPUT] KEYUP key=return code=13 state=PLAYING
10:35:32 - [INPUT] KEYDOWN key=space code=32 state=PLAYING
10:35:33 - [INPUT] KEYUP key=space code=32 state=PLAYING
10:35:33 - [INPUT] KEYDOWN key=space code=32 state=PLAYING
10:35:33 - [INPUT] KEYDOWN key=right code=1073741903 state=PLAYING
10:35:33 - [INPUT] KEYUP key=space code=32 state=PLAYING
10:35:33 - [INPUT] KEYDOWN key=space code=32 state=PLAYING
10:35:33 - [INPUT] KEYUP key=right code=1073741903 state=PLAYING
10:35:33 - [INPUT] KEYUP key=space code=32 state=PLAYING
10:35:34 - [INPUT] KEYDOWN key=left code=1073741904 state=PLAYING
10:35:34 - [INPUT] KEYUP key=left code=1073741904 state=PLAYING
10:35:34 - [INPUT] KEYDOWN key=right code=1073741903 state=PLAYING
10:35:35 - [INPUT] KEYUP key=right code=1073741903 state=PLAYING
10:35:35 - [INPUT] KEYDOWN key=left code=1073741904 state=PLAYING
10:35:36 - [INPUT] KEYUP key=left code=1073741904 state=PLAYING
10:35:36 - [INPUT] KEYDOWN key=space code=32 state=PLAYING
10:35:36 - [INPUT] KEYDOWN key=right code=1073741903 state=PLAYING
10:35:36 - [INPUT] KEYUP key=space code=32 state=PLAYING
10:35:36 - [INPUT] KEYUP key=right code=1073741903 state=PLAYING
10:35:36 - [INPUT] KEYDOWN key=left code=1073741904 state=PLAYING
10:35:36 - [INPUT] KEYDOWN key=space code=32 state=PLAYING
10:35:36 - [INPUT] KEYUP key=left code=1073741904 state=PLAYING
10:35:36 - [INPUT] KEYUP key=space code=32 state=PLAYING
10:35:37 - [INPUT] KEYDOWN key=space code=32 state=PLAYING
10:35:37 - [INPUT] KEYUP key=space code=32 state=PLAYING
10:35:37 - [INPUT] KEYDOWN key=right code=1073741903 state=PLAYING
10:35:38 - [INPUT] KEYUP key=right code=1073741903 state=PLAYING
10:35:38 - [INPUT] KEYDOWN key=space code=32 state=PLAYING
10:35:38 - [INPUT] KEYUP key=space code=32 state=PLAYING
10:35:38 - [INPUT] KEYDOWN key=space code=32 state=PLAYING
10:35:38 - [INPUT] KEYDOWN key=left code=1073741904 state=PLAYING
10:35:38 - [INPUT] KEYUP key=space code=32 state=PLAYING
10:35:38 - [INPUT] KEYDOWN key=space code=32 state=PLAYING
10:35:39 - [INPUT] KEYUP key=space code=32 state=PLAYING
10:35:39 - [INPUT] KEYDOWN key=space code=32 state=PLAYING
10:35:39 - [INPUT] KEYUP key=left code=1073741904 state=PLAYING
10:35:39 - [INPUT] KEYUP key=space code=32 state=PLAYING
10:35:39 - [INPUT] KEYDOWN key=right code=1073741903 state=PLAYING
10:35:40 - [INPUT] KEYUP key=right code=1073741903 state=PLAYING
10:35:40 - [INPUT] KEYDOWN key=left code=1073741904 state=PLAYING
10:35:40 - [INPUT] KEYUP key=left code=1073741904 state=PLAYING
10:35:40 - [INPUT] KEYDOWN key=right code=1073741903 state=PLAYING
10:35:41 - [INPUT] KEYUP key=right code=1073741903 state=PLAYING
10:35:41 - [INPUT] KEYDOWN key=space code=32 state=PLAYING
10:35:41 - [INPUT] KEYUP key=space code=32 state=PLAYING
10:35:41 - [INPUT] KEYDOWN key=space code=32 state=PLAYING
10:35:41 - [INPUT] KEYDOWN key=left code=1073741904 state=PLAYING
10:35:41 - [INPUT] KEYUP key=space code=32 state=PLAYING
10:35:41 - [INPUT] KEYDOWN key=space code=32 state=PLAYING
10:35:41 - [INPUT] KEYUP key=left code=1073741904 state=PLAYING
10:35:41 - [INPUT] KEYUP key=space code=32 state=PLAYING
10:35:41 - [INPUT] KEYDOWN key=space code=32 state=PLAYING
10:35:41 - [INPUT] KEYDOWN key=right code=1073741903 state=PLAYING
10:35:41 - [INPUT] KEYUP key=space code=32 state=PLAYING
10:35:41 - [INPUT] KEYDOWN key=space code=32 state=PLAYING
10:35:41 - [INPUT] KEYUP key=space code=32 state=PLAYING
10:35:42 - [INPUT] KEYDOWN key=space code=32 state=PLAYING
10:35:42 - [INPUT] KEYUP key=right code=1073741903 state=PLAYING
10:35:42 - [INPUT] KEYUP key=space code=32 state=PLAYING
10:35:42 - [INPUT] KEYDOWN key=left code=1073741904 state=PLAYING
10:35:42 - [INPUT] KEYDOWN key=space code=32 state=PLAYING
10:35:42 - [INPUT] KEYUP key=space code=32 state=PLAYING
10:35:42 - [INPUT] KEYDOWN key=space code=32 state=PLAYING
10:35:42 - [INPUT] KEYUP key=space code=32 state=PLAYING
10:35:42 - [INPUT] KEYUP key=left code=1073741904 state=PLAYING
10:35:42 - [INPUT] KEYDOWN key=left code=1073741904 state=PLAYING
10:35:43 - [INPUT] KEYUP key=left code=1073741904 state=PLAYING
10:35:43 - [INPUT] KEYDOWN key=left code=1073741904 state=PLAYING
10:35:43 - [INPUT] KEYDOWN key=space code=32 state=PLAYING
10:35:43 - [INPUT] KEYUP key=left code=1073741904 state=PLAYING
10:35:43 - [INPUT] KEYUP key=space code=32 state=PLAYING
10:35:44 - [INPUT] KEYDOWN key=space code=32 state=PLAYING
10:35:45 - [INPUT] KEYUP key=space code=32 state=PLAYING
10:35:45 - [INPUT] KEYDOWN key=space code=32 state=PLAYING
10:35:45 - [INPUT] KEYUP key=space code=32 state=PLAYING
10:35:45 - [INPUT] KEYDOWN key=space code=32 state=PLAYING
10:35:45 - [INPUT] KEYUP key=space code=32 state=PLAYING
10:35:45 - [INPUT] KEYDOWN key=space code=32 state=PLAYING
10:35:45 - [INPUT] KEYUP key=space code=32 state=PLAYING
10:35:45 - [INPUT] KEYDOWN key=space code=32 state=PLAYING
10:35:46 - [INPUT] KEYUP key=space code=32 state=PLAYING
10:35:46 - [INPUT] KEYDOWN key=left code=1073741904 state=PLAYING
10:35:46 - [INPUT] KEYDOWN key=space code=32 state=PLAYING
10:35:46 - [INPUT] KEYUP key=space code=32 state=PLAYING
10:35:46 - [INPUT] KEYDOWN key=space code=32 state=PLAYING
10:35:46 - [INPUT] KEYUP key=space code=32 state=PLAYING
10:35:46 - [INPUT] KEYDOWN key=space code=32 state=PLAYING
10:35:46 - [INPUT] KEYUP key=left code=1073741904 state=PLAYING
10:35:46 - [INPUT] KEYUP key=space code=32 state=PLAYING
