21:50:56 - [INPUT] KEYDOWN key=return code=13 state=MENU
21:50:56 - \U0001f3ae Inizia nuova partita
21:50:56 - \U0001f504 Nuova partita iniziata!
21:50:56 - [INPUT] KEYUP key=return code=13 state=PLAYING
21:50:57 - [INPUT] KEYDOWN key=left code=1073741904 state=PLAYING
21:50:57 - [INPUT] KEYUP key=left code=1073741904 state=PLAYING
21:50:57 - [INPUT] KEYDOWN key=right code=1073741903 state=PLAYING
21:50:58 - [INPUT] KEYUP key=right code=1073741903 state=PLAYING
21:50:58 - [INPUT] KEYDOWN key=left code=1073741904 state=PLAYING
21:50:58 - [INPUT] KEYUP key=left code=1073741904 state=PLAYING
21:50:58 - [INPUT] KEYDOWN key=left code=1073741904 state=PLAYING
21:50:59 - [INPUT] KEYUP key=left code=1073741904 state=PLAYING
21:50:59 - [INPUT] KEYDOWN key=right code=1073741903 state=PLAYING
21:50:59 - [INPUT] KEYUP key=right code=1073741903 state=PLAYING
21:50:59 - [INPUT] KEYDOWN key=right code=1073741903 state=PLAYING
21:51:00 - [INPUT] KEYUP key=right code=1073741903 state=PLAYING
21:51:00 - [INPUT] KEYDOWN key=left code=1073741904 state=PLAYING
21:51:00 - [INPUT] KEYUP key=left code=1073741904 state=PLAYING
21:51:01 - [INPUT] KEYDOWN key=left code=1073741904 state=PLAYING
21:51:01 - [INPUT] KEYUP key=left code=1073741904 state=PLAYING
21:51:02 - [INPUT] KEYDOWN key=right code=1073741903 state=PLAYING
21:51:02 - [INPUT] KEYUP key=right code=1073741903 state=PLAYING
21:51:02 - [INPUT] KEYDOWN key=left code=1073741904 state=PLAYING
21:51:02 - [INPUT] KEYUP key=left code=1073741904 state=PLAYING
21:51:03 - [INPUT] KEYDOWN key=right code=1073741903 state=PLAYING
21:51:03 - [INPUT] KEYUP key=right code=1073741903 state=PLAYING
21:51:04 - [INPUT] KEYDOWN key=left code=1073741904 state=PLAYING
21:51:04 - [INPUT] KEYUP key=left code=1073741904 state=PLAYING
21:51:04 - [INPUT] KEYDOWN key=left code=1073741904 state=PLAYING
21:51:04 - [INPUT] KEYUP key=left code=1073741904 state=PLAYING
21:51:05 - [INPUT] KEYDOWN key=left code=1073741904 state=PLAYING
21:51:05 - [INPUT] KEYUP key=left code=1073741904 state=PLAYING
21:51:05 - [INPUT] KEYDOWN key=right code=1073741903 state=PLAYING
21:51:06 - [INPUT] KEYUP key=right code=1073741903 state=PLAYING
21:51:06 - [INPUT] KEYDOWN key=left code=1073741904 state=PLAYING
21:51:06 - [INPUT] KEYUP key=left code=1073741904 state=PLAYING
21:51:06 - [INPUT] KEYDOWN key=right code=1073741903 state=PLAYING
21:51:07 - [INPUT] KEYUP key=right code=1073741903 state=PLAYING
21:51:07 - [INPUT] KEYDOWN key=left code=1073741904 state=PLAYING
21:51:07 - [INPUT] KEYUP key=left code=1073741904 state=PLAYING
21:51:08 - [INPUT] KEYDOWN key=right code=1073741903 state=PLAYING
21:51:08 - [INPUT] KEYUP key=right code=1073741903 state=PLAYING
21:51:08 - [INPUT] KEYDOWN key=right code=1073741903 state=PLAYING
21:51:09 - [INPUT] KEYUP key=right code=1073741903 state=PLAYING
21:51:09 - [INPUT] KEYDOWN key=left code=1073741904 state=PLAYING
21:51:10 - [INPUT] KEYUP key=left code=1073741904 state=PLAYING
21:51:10 - [INPUT] KEYDOWN key=right code=1073741903 state=PLAYING
21:51:11 - [INPUT] KEYUP key=right code=1073741903 state=PLAYING
21:51:11 - [INPUT] KEYDOWN key=left code=1073741904 state=PLAYING
21:51:11 - [INPUT] KEYUP key=left code=1073741904 state=PLAYING
21:51:12 - [INPUT] KEYDOWN key=left code=1073741904 state=PLAYING
21:51:12 - [INPUT] KEYUP key=left code=1073741904 state=PLAYING
21:51:13 - [INPUT] KEYDOWN key=right code=1073741903 state=PLAYING
21:51:13 - [INPUT] KEYUP key=right code=1073741903 state=PLAYING
21:51:13 - [INPUT] KEYDOWN key=left code=1073741904 state=PLAYING
21:51:13 - [INPUT] KEYUP key=left code=1073741904 state=PLAYING
21:51:13 - [INPUT] KEYDOWN key=right code=1073741903 state=PLAYING
21:51:14 - [INPUT] KEYUP key=right code=1073741903 state=PLAYING
21:51:14 - [INPUT] KEYDOWN key=right code=1073741903 state=PLAYING
21:51:14 - [INPUT] KEYUP key=right code=1073741903 state=PLAYING
21:51:15 - [INPUT] KEYDOWN key=left code=1073741904 state=PLAYING
21:51:15 - [INPUT] KEYUP key=left code=1073741904 state=PLAYING
21:51:15 - [INPUT] KEYDOWN key=right code=1073741903 state=PLAYING
21:51:15 - [INPUT] KEYUP key=right code=1073741903 state=PLAYING
21:51:16 - [INPUT] KEYDOWN key=left code=1073741904 state=PLAYING
21:51:16 - [INPUT] KEYUP key=left code=1073741904 state=PLAYING
21:51:17 - [INPUT] KEYDOWN key=right code=1073741903 state=PLAYING
21:51:17 - [INPUT] KEYUP key=right code=1073741903 state=PLAYING
21:51:18 - [INPUT] KEYDOWN key=right code=1073741903 state=PLAYING
21:51:18 - [INPUT] KEYUP key=right code=1073741903 state=PLAYING
21:51:18 - [INPUT] KEYDOWN key=left code=1073741904 state=PLAYING
21:51:18 - [INPUT] KEYUP key=left code=1073741904 state=PLAYING
21:51:18 - [INPUT] KEYDOWN key=right code=1073741903 state=PLAYING
21:51:19 - [INPUT] KEYDOWN key=left code=1073741904 state=PLAYING
21:51:19 - [INPUT] KEYUP key=right code=1073741903 state=PLAYING
21:51:19 - [INPUT] KEYUP key=left code=1073741904 state=PLAYING
21:51:20 - [INPUT] KEYDOWN key=left code=1073741904 state=PLAYING
21:51:20 - [INPUT] KEYUP key=left code=1073741904 state=PLAYING
21:51:21 - [INPUT] KEYDOWN key=right code=1073741903 state=PLAYING
21:51:21 - [INPUT] KEYUP key=right code=1073741903 state=PLAYING
21:51:21 - [INPUT] KEYDOWN key=left code=1073741904 state=PLAYING
21:51:21 - [INPUT] KEYUP key=left code=1073741904 state=PLAYING
21:51:22 - [INPUT] KEYDOWN key=right code=1073741903 state=PLAYING
21:51:22 - [INPUT] KEYUP key=right code=1073741903 state=PLAYING
21:51:23 - [INPUT] KEYDOWN key=right code=1073741903 state=PLAYING
21:51:23 - [INPUT] KEYUP key=right code=1073741903 state=PLAYING
21:51:27 - [INPUT] KEYDOWN key=space code=32 state=PLAYING
21:51:27 - [INPUT] KEYUP key=space code=32 state=PLAYING
21:51:27 - [INPUT] KEYDOWN key=space code=32 state=PLAYING
21:51:27 - [INPUT] KEYUP key=space code=32 state=PLAYING
21:51:27 - [INPUT] KEYDOWN key=space code=32 state=PLAYING
21:51:27 - [INPUT] KEYUP key=space code=32 state=PLAYING
21:51:27 - [INPUT] KEYDOWN key=space code=32 state=PLAYING
21:51:28 - [INPUT] KEYUP key=space code=32 state=PLAYING
21:51:28 - [INPUT] KEYDOWN key=space code=32 state=PLAYING
21:51:28 - [INPUT] KEYUP key=space code=32 state=PLAYING
21:51:28 - [INPUT] KEYDOWN key=space code=32 state=PLAYING
21:51:28 - [INPUT] KEYUP key=space code=32 state=PLAYING
21:51:28 - [INPUT] KEYDOWN key=space code=32 state=PLAYING
21:51:28 - [INPUT] KEYUP key=space code=32 state=PLAYING
21:51:28 - [INPUT] KEYDOWN key=space code=32 state=PLAYING
21:51:28 - [INPUT] KEYUP key=space code=32 state=PLAYING
21:51:28 - [INPUT] KEYDOWN key=space code=32 state=PLAYING
21:51:28 - [INPUT] KEYUP key=space code=32 state=PLAYING
21:51:29 - [INPUT] KEYDOWN key=space code=32 state=PLAYING
21:51:29 - [INPUT] KEYUP key=space code=32 state=PLAYING
21:51:29 - [INPUT] KEYDOWN key=space code=32 state=PLAYING
21:51:29 - [INPUT] KEYUP key=space code=32 state=PLAYING
21:51:29 - [INPUT] KEYDOWN key=space code=32 state=PLAYING
21:51:29 - [INPUT] KEYUP key=space code=32 state=PLAYING
21:51:29 - [INPUT] KEYDOWN key=space code=32 state=PLAYING
21:51:29 - [INPUT] KEYUP key=space code=32 state=PLAYING
21:51:29 - [INPUT] KEYDOWN key=space code=32 state=PLAYING
21:51:29 - [INPUT] KEYUP key=space code=32 state=PLAYING
21:51:29 - [INPUT] KEYDOWN key=space code=32 state=PLAYING
21:51:30 - [INPUT] KEYUP key=space code=32 state=PLAYING
21:51:30 - [INPUT] KEYDOWN key=space code=32 state=PLAYING
21:51:30 - [INPUT] KEYUP key=space code=32 state=PLAYING
21:51:30 - [INPUT] KEYDOWN key=space code=32 state=PLAYING
21:51:30 - [INPUT] KEYUP key=space code=32 state=PLAYING
21:51:30 - [INPUT] KEYDOWN key=space code=32 state=PLAYING
21:51:30 - [INPUT] KEYUP key=space code=32 state=PLAYING
21:51:30 - [INPUT] KEYDOWN key=space code=32 state=PLAYING
21:51:30 - [INPUT] KEYUP key=space code=32 state=PLAYING
21:51:30 - [INPUT] KEYDOWN key=space code=32 state=PLAYING
21:51:30 - [INPUT] KEYUP key=space code=32 state=PLAYING
21:51:31 - [INPUT] KEYDOWN key=space code=32 state=PLAYING
21:51:31 - [INPUT] KEYUP key=space code=32 state=PLAYING
21:51:31 - [INPUT] KEYDOWN key=space code=32 state=PLAYING
21:51:31 - [INPUT] KEYUP key=space code=32 state=PLAYING
21:51:31 - [INPUT] KEYDOWN key=space code=32 state=PLAYING
21:51:31 - [INPUT] KEYUP key=space code=32 state=PLAYING
21:51:31 - [INPUT] KEYDOWN key=space code=32 state=PLAYING
21:51:31 - [INPUT] KEYUP key=space code=32 state=PLAYING
21:51:31 - [INPUT] KEYDOWN key=space code=32 state=PLAYING
21:51:31 - [INPUT] KEYUP key=space code=32 state=PLAYING
21:51:32 - [INPUT] KEYDOWN key=space code=32 state=PLAYING
21:51:32 - [INPUT] KEYUP key=space code=32 state=PLAYING
21:51:32 - [INPUT] KEYDOWN key=space code=32 state=PLAYING
21:51:33 - [INPUT] KEYUP key=space code=32 state=PLAYING
