09:36:52 - [INPUT] KEYDOWN key=return code=13 state=MENU
09:36:52 - \U0001f3ae Inizia nuova partita
09:36:52 - \U0001f504 Nuova partita iniziata!
09:36:52 - [INPUT] KEYUP key=return code=13 state=PLAYING
09:36:52 - [INPUT] KEYDOWN key=right code=1073741903 state=PLAYING
09:36:52 - [INPUT] KEYUP key=right code=1073741903 state=PLAYING
09:36:53 - [INPUT] KEYDOWN key=right code=1073741903 state=PLAYING
09:36:53 - [INPUT] KEYUP key=right code=1073741903 state=PLAYING
09:36:54 - [INPUT] KEYDOWN key=left code=1073741904 state=PLAYING
09:36:54 - [INPUT] KEYUP key=left code=1073741904 state=PLAYING
09:36:55 - [INPUT] KEYDOWN key=right code=1073741903 state=PLAYING
09:36:55 - [INPUT] KEYUP key=right code=1073741903 state=PLAYING
09:36:56 - [INPUT] KEYDOWN key=right code=1073741903 state=PLAYING
09:36:56 - [INPUT] KEYUP key=right code=1073741903 state=PLAYING
09:36:57 - [INPUT] KEYDOWN key=left code=1073741904 state=PLAYING
09:36:57 - [INPUT] KEYUP key=left code=1073741904 state=PLAYING
09:36:57 - [INPUT] KEYDOWN key=right code=1073741903 state=PLAYING
09:36:57 - [INPUT] KEYUP key=right code=1073741903 state=PLAYING
09:36:58 - [INPUT] KEYDOWN key=right code=1073741903 state=PLAYING
09:36:58 - [INPUT] KEYUP key=right code=1073741903 state=PLAYING
09:36:59 - [INPUT] KEYDOWN key=left code=1073741904 state=PLAYING
09:37:00 - [INPUT] KEYUP key=left code=1073741904 state=PLAYING
09:37:00 - [INPUT] KEYDOWN key=right code=1073741903 state=PLAYING
09:37:00 - [INPUT] KEYDOWN key=up code=1073741906 state=PLAYING
09:37:00 - [INPUT] KEYUP key=up code=1073741906 state=PLAYING
09:37:00 - [INPUT] KEYUP key=right code=1073741903 state=PLAYING
09:37:00 - [INPUT] KEYDOWN key=right code=1073741903 state=PLAYING
09:37:01 - [INPUT] KEYUP key=right code=1073741903 state=PLAYING
09:37:01 - [INPUT] KEYDOWN key=right code=1073741903 state=PLAYING
09:37:01 - [INPUT] KEYUP key=right code=1073741903 state=PLAYING
09:37:02 - [INPUT] KEYDOWN key=left code=1073741904 state=PLAYING
09:37:02 - [INPUT] KEYUP key=left code=1073741904 state=PLAYING
09:37:03 - [INPUT] KEYDOWN key=right code=1073741903 state=PLAYING
09:37:03 - [INPUT] KEYUP key=right code=1073741903 state=PLAYING
09:37:04 - [INPUT] KEYDOWN key=left code=1073741904 state=PLAYING
09:37:04 - [INPUT] KEYUP key=left code=1073741904 state=PLAYING
09:37:04 - [INPUT] KEYDOWN key=right code=1073741903 state=PLAYING
09:37:05 - [INPUT] KEYUP key=right code=1073741903 state=PLAYING
09:37:05 - [INPUT] KEYDOWN key=left code=1073741904 state=PLAYING
09:37:06 - [INPUT] KEYUP key=left code=1073741904 state=PLAYING
09:37:07 - [INPUT] KEYDOWN key=right code=1073741903 state=PLAYING
09:37:07 - [INPUT] KEYUP key=right code=1073741903 state=PLAYING
09:37:07 - [INPUT] KEYDOWN key=left code=1073741904 state=PLAYING
09:37:08 - [INPUT] KEYUP key=left code=1073741904 state=PLAYING
09:37:08 - [INPUT] KEYDOWN key=right code=1073741903 state=PLAYING
09:37:09 - [INPUT] KEYUP key=right code=1073741903 state=PLAYING
09:37:09 - [INPUT] KEYDOWN key=left code=1073741904 state=PLAYING
09:37:10 - [INPUT] KEYUP key=left code=1073741904 state=PLAYING
09:37:10 - [INPUT] KEYDOWN key=right code=1073741903 state=PLAYING
09:37:10 - [INPUT] KEYUP key=right code=1073741903 state=PLAYING
09:37:11 - [INPUT] KEYDOWN key=left code=1073741904 state=PLAYING
09:37:11 - [INPUT] KEYUP key=left code=1073741904 state=PLAYING
09:37:12 - [INPUT] KEYDOWN key=left code=1073741904 state=PLAYING
09:37:12 - [INPUT] KEYUP key=left code=1073741904 state=PLAYING
09:37:13 - [INPUT] KEYDOWN key=right code=1073741903 state=PLAYING
09:37:13 - [INPUT] KEYUP key=right code=1073741903 state=PLAYING
09:37:14 - [INPUT] KEYDOWN key=left code=1073741904 state=PLAYING
09:37:14 - [INPUT] KEYUP key=left code=1073741904 state=PLAYING
09:37:14 - [INPUT] KEYDOWN key=left code=1073741904 state=PLAYING
09:37:14 - [INPUT] KEYUP key=left code=1073741904 state=PLAYING
09:37:14 - [INPUT] KEYDOWN key=left code=1073741904 state=PLAYING
09:37:14 - [INPUT] KEYUP key=left code=1073741904 state=PLAYING
09:37:14 - [INPUT] KEYDOWN key=left code=1073741904 state=PLAYING
09:37:14 - [INPUT] KEYUP key=left code=1073741904 state=PLAYING
09:37:15 - [INPUT] KEYDOWN key=left code=1073741904 state=PLAYING
09:37:15 - [INPUT] KEYUP key=left code=1073741904 state=PLAYING
09:37:15 - [INPUT] KEYDOWN key=left code=1073741904 state=PLAYING
09:37:15 - [INPUT] KEYUP key=left code=1073741904 state=PLAYING
09:37:15 - [INPUT] KEYDOWN key=left code=1073741904 state=PLAYING
09:37:15 - [INPUT] KEYUP key=left code=1073741904 state=PLAYING
09:37:15 - [INPUT] KEYDOWN key=left code=1073741904 state=PLAYING
09:37:15 - [INPUT] KEYUP key=left code=1073741904 state=PLAYING
09:37:15 - [INPUT] KEYDOWN key=right code=1073741903 state=PLAYING
09:37:15 - [INPUT] KEYUP key=right code=1073741903 state=PLAYING
09:37:18 - [INPUT] KEYDOWN key=space code=32 state=PLAYING
09:37:18 - [INPUT] KEYUP key=space code=32 state=PLAYING
09:37:18 - [INPUT] KEYDOWN key=space code=32 state=PLAYING
09:37:19 - [INPUT] KEYUP key=space code=32 state=PLAYING
09:37:19 - [INPUT] KEYDOWN key=space code=32 state=PLAYING
09:37:19 - [INPUT] KEYUP key=space code=32 state=PLAYING
09:37:19 - [INPUT] KEYDOWN key=space code=32 state=PLAYING
09:37:19 - [INPUT] KEYUP key=space code=32 state=PLAYING
09:37:19 - [INPUT] KEYDOWN key=space code=32 state=PLAYING
09:37:19 - [INPUT] KEYUP key=space code=32 state=PLAYING
09:37:19 - [INPUT] KEYDOWN key=down code=1073741905 state=PLAYING
09:37:19 - [INPUT] KEYUP key=down code=1073741905 state=PLAYING
09:37:19 - [INPUT] KEYDOWN key=left code=1073741904 state=PLAYING
09:37:19 - [INPUT] KEYDOWN key=space code=32 state=PLAYING
09:37:20 - [INPUT] KEYUP key=space code=32 state=PLAYING
09:37:20 - [INPUT] KEYUP key=left code=1073741904 state=PLAYING
09:37:20 - [INPUT] KEYDOWN key=space code=32 state=PLAYING
09:37:20 - [INPUT] KEYDOWN key=left code=1073741904 state=PLAYING
09:37:20 - [INPUT] KEYUP key=left code=1073741904 state=PLAYING
09:37:20 - [INPUT] KEYUP key=space code=32 state=PLAYING
09:37:20 - [INPUT] KEYDOWN key=right code=1073741903 state=PLAYING
09:37:20 - [INPUT] KEYDOWN key=space code=32 state=PLAYING
09:37:20 - [INPUT] KEYUP key=space code=32 state=PLAYING
09:37:20 - [INPUT] KEYUP key=right code=1073741903 state=PLAYING
09:37:20 - [INPUT] KEYDOWN key=space code=32 state=PLAYING
09:37:20 - [INPUT] KEYDOWN key=right code=1073741903 state=PLAYING
09:37:20 - [INPUT] KEYUP key=space code=32 state=PLAYING
09:37:20 - [INPUT] KEYDOWN key=space code=32 state=PLAYING
09:37:21 - [INPUT] KEYUP key=space code=32 state=PLAYING
09:37:21 - [INPUT] KEYDOWN key=space code=32 state=PLAYING
09:37:21 - [INPUT] KEYUP key=right code=1073741903 state=PLAYING
09:37:21 - [INPUT] KEYUP key=space code=32 state=PLAYING
09:37:21 - [INPUT] KEYDOWN key=left code=1073741904 state=PLAYING
09:37:21 - [INPUT] KEYDOWN key=space code=32 state=PLAYING
09:37:21 - [INPUT] KEYUP key=space code=32 state=PLAYING
09:37:21 - [INPUT] KEYDOWN key=space code=32 state=PLAYING
09:37:21 - [INPUT] KEYUP key=space code=32 state=PLAYING
09:37:21 - [INPUT] KEYDOWN key=space code=32 state=PLAYING
09:37:22 - [INPUT] KEYUP key=space code=32 state=PLAYING
09:37:22 - [INPUT] KEYUP key=left code=1073741904 state=PLAYING
09:37:22 - [INPUT] KEYDOWN key=space code=32 state=PLAYING
09:37:22 - [INPUT] KEYDOWN key=right code=1073741903 state=PLAYING
09:37:22 - [INPUT] KEYUP key=space code=32 state=PLAYING
09:37:22 - [INPUT] KEYDOWN key=space code=32 state=PLAYING
09:37:22 - [INPUT] KEYUP key=space code=32 state=PLAYING
09:37:22 - [INPUT] KEYDOWN key=space code=32 state=PLAYING
09:37:22 - [INPUT] KEYUP key=space code=32 state=PLAYING
09:37:22 - [INPUT] KEYUP key=right code=1073741903 state=PLAYING
09:37:22 - [INPUT] KEYDOWN key=space code=32 state=PLAYING
09:37:22 - [INPUT] KEYDOWN key=left code=1073741904 state=PLAYING
09:37:22 - [INPUT] KEYUP key=space code=32 state=PLAYING
09:37:23 - [INPUT] KEYDOWN key=space code=32 state=PLAYING
09:37:23 - [INPUT] KEYUP key=space code=32 state=PLAYING
09:37:23 - [INPUT] KEYDOWN key=space code=32 state=PLAYING
09:37:23 - [INPUT] KEYUP key=space code=32 state=PLAYING
09:37:23 - [INPUT] KEYDOWN key=space code=32 state=PLAYING
09:37:23 - [INPUT] KEYUP key=left code=1073741904 state=PLAYING
09:37:23 - [INPUT] KEYDOWN key=right code=1073741903 state=PLAYING
09:37:23 - [INPUT] KEYUP key=space code=32 state=PLAYING
09:37:23 - [INPUT] KEYDOWN key=space code=32 state=PLAYING
09:37:23 - [INPUT] KEYUP key=space code=32 state=PLAYING
09:37:23 - [INPUT] KEYDOWN key=space code=32 state=PLAYING
09:37:24 - [INPUT] KEYUP key=space code=32 state=PLAYING
09:37:24 - [INPUT] KEYDOWN key=space code=32 state=PLAYING
09:37:24 - [INPUT] KEYUP key=space code=32 state=PLAYING
09:37:24 - [INPUT] KEYDOWN key=space code=32 state=PLAYING
09:37:24 - [INPUT] KEYDOWN key=left code=1073741904 state=PLAYING
09:37:24 - [INPUT] KEYUP key=right code=1073741903 state=PLAYING
09:37:24 - [INPUT] KEYUP key=space code=32 state=PLAYING
09:37:24 - [INPUT] KEYDOWN key=space code=32 state=PLAYING
09:37:24 - [INPUT] KEYUP key=space code=32 state=PLAYING
09:37:24 - [INPUT] KEYDOWN key=space code=32 state=PLAYING
09:37:24 - [INPUT] KEYUP key=left code=1073741904 state=PLAYING
09:37:24 - [INPUT] KEYUP key=space code=32 state=PLAYING
09:37:25 - [INPUT] KEYDOWN key=space code=32 state=PLAYING
09:37:25 - [INPUT] KEYDOWN key=right code=1073741903 state=PLAYING
09:37:25 - [INPUT] KEYUP key=space code=32 state=PLAYING
09:37:25 - [INPUT] KEYUP key=right code=1073741903 state=PLAYING
09:37:25 - [INPUT] KEYDOWN key=space code=32 state=PLAYING
09:37:25 - [INPUT] KEYUP key=space code=32 state=PLAYING
09:37:25 - [INPUT] KEYDOWN key=space code=32 state=PLAYING
09:37:25 - [INPUT] KEYDOWN key=left code=1073741904 state=PLAYING
09:37:25 - [INPUT] KEYUP key=space code=32 state=PLAYING
09:37:25 - [INPUT] KEYUP key=left code=1073741904 state=PLAYING
09:37:25 - [INPUT] KEYDOWN key=space code=32 state=PLAYING
09:37:25 - [INPUT] KEYDOWN key=left code=1073741904 state=PLAYING
09:37:25 - [INPUT] KEYUP key=space code=32 state=PLAYING
09:37:25 - [INPUT] KEYUP key=left code=1073741904 state=PLAYING
09:37:25 - [INPUT] KEYDOWN key=space code=32 state=PLAYING
09:37:25 - [INPUT] KEYDOWN key=right code=1073741903 state=PLAYING
09:37:25 - [INPUT] KEYUP key=space code=32 state=PLAYING
09:37:25 - [INPUT] KEYUP key=right code=1073741903 state=PLAYING
09:37:26 - [INPUT] KEYDOWN key=space code=32 state=PLAYING
09:37:26 - [INPUT] KEYDOWN key=right code=1073741903 state=PLAYING
09:37:26 - [INPUT] KEYUP key=space code=32 state=PLAYING
09:37:26 - [INPUT] KEYUP key=right code=1073741903 state=PLAYING
09:37:26 - [INPUT] KEYDOWN key=space code=32 state=PLAYING
09:37:26 - [INPUT] KEYDOWN key=right code=1073741903 state=PLAYING
09:37:26 - [INPUT] KEYUP key=right code=1073741903 state=PLAYING
09:37:26 - [INPUT] KEYUP key=space code=32 state=PLAYING
09:37:26 - [INPUT] KEYDOWN key=left code=1073741904 state=PLAYING
09:37:26 - [INPUT] KEYDOWN key=space code=32 state=PLAYING
09:37:26 - [INPUT] KEYUP key=left code=1073741904 state=PLAYING
09:37:26 - [INPUT] KEYUP key=space code=32 state=PLAYING
09:37:26 - [INPUT] KEYDOWN key=left code=1073741904 state=PLAYING
09:37:26 - [INPUT] KEYDOWN key=space code=32 state=PLAYING
09:37:26 - [INPUT] KEYUP key=left code=1073741904 state=PLAYING
09:37:26 - [INPUT] KEYUP key=space code=32 state=PLAYING
09:37:26 - [INPUT] KEYDOWN key=left code=1073741904 state=PLAYING
09:37:26 - [INPUT] KEYUP key=left code=1073741904 state=PLAYING
09:37:26 - [INPUT] KEYDOWN key=space code=32 state=PLAYING
09:37:26 - [INPUT] KEYDOWN key=left code=1073741904 state=PLAYING
09:37:27 - [INPUT] KEYUP key=space code=32 state=PLAYING
09:37:27 - [INPUT] KEYUP key=left code=1073741904 state=PLAYING
09:37:27 - [INPUT] KEYDOWN key=space code=32 state=PLAYING
09:37:27 - [INPUT] KEYDOWN key=left code=1073741904 state=PLAYING
09:37:27 - [INPUT] KEYUP key=left code=1073741904 state=PLAYING
09:37:27 - [INPUT] KEYUP key=space code=32 state=PLAYING
09:37:27 - [INPUT] KEYDOWN key=left code=1073741904 state=PLAYING
09:37:27 - [INPUT] KEYDOWN key=space code=32 state=PLAYING
09:37:27 - [INPUT] KEYUP key=left code=1073741904 state=PLAYING
09:37:27 - [INPUT] KEYDOWN key=right code=1073741903 state=PLAYING
09:37:27 - [INPUT] KEYUP key=space code=32 state=PLAYING
09:37:27 - [INPUT] KEYDOWN key=space code=32 state=PLAYING
09:37:27 - [INPUT] KEYUP key=right code=1073741903 state=PLAYING
09:37:27 - [INPUT] KEYUP key=space code=32 state=PLAYING
09:37:27 - [INPUT] KEYDOWN key=right code=1073741903 state=PLAYING
09:37:27 - [INPUT] KEYDOWN key=space code=32 state=PLAYING
09:37:27 - [INPUT] KEYUP key=right code=1073741903 state=PLAYING
09:37:27 - [INPUT] KEYUP key=space code=32 state=PLAYING
09:37:28 - [INPUT] KEYDOWN key=right code=1073741903 state=PLAYING
09:37:28 - [INPUT] KEYDOWN key=space code=32 state=PLAYING
09:37:28 - [INPUT] KEYUP key=right code=1073741903 state=PLAYING
09:37:28 - [INPUT] KEYUP key=space code=32 state=PLAYING
09:37:28 - [INPUT] KEYDOWN key=left code=1073741904 state=PLAYING
09:37:28 - [INPUT] KEYUP key=left code=1073741904 state=PLAYING
09:37:28 - [INPUT] KEYDOWN key=space code=32 state=PLAYING
09:37:28 - [INPUT] KEYUP key=space code=32 state=PLAYING
09:37:28 - [INPUT] KEYDOWN key=right code=1073741903 state=PLAYING
09:37:28 - [INPUT] KEYDOWN key=space code=32 state=PLAYING
09:37:28 - [INPUT] KEYUP key=right code=1073741903 state=PLAYING
09:37:28 - [INPUT] KEYUP key=space code=32 state=PLAYING
09:37:28 - [INPUT] KEYDOWN key=right code=1073741903 state=PLAYING
09:37:28 - [INPUT] KEYDOWN key=space code=32 state=PLAYING
09:37:28 - [INPUT] KEYUP key=right code=1073741903 state=PLAYING
09:37:28 - [INPUT] KEYUP key=space code=32 state=PLAYING
09:37:28 - [INPUT] KEYDOWN key=space code=32 state=PLAYING
09:37:28 - [INPUT] KEYDOWN key=right code=1073741903 state=PLAYING
09:37:29 - [INPUT] KEYUP key=right code=1073741903 state=PLAYING
09:37:29 - [INPUT] KEYUP key=space code=32 state=PLAYING
09:37:29 - [INPUT] KEYDOWN key=space code=32 state=PLAYING
09:37:29 - [INPUT] KEYUP key=space code=32 state=PLAYING
