10:42:44 - [INPUT] KEYDOWN key=return code=13 state=MENU
10:42:44 - \U0001f3ae Inizia nuova partita
10:42:44 - \U0001f504 Nuova partita iniziata!
10:42:44 - [INPUT] KEYUP key=return code=13 state=PLAYING
10:42:45 - [INPUT] KEYDOWN key=space code=32 state=PLAYING
10:42:45 - [INPUT] KEYUP key=space code=32 state=PLAYING
10:42:46 - [INPUT] KEYDOWN key=space code=32 state=PLAYING
10:42:46 - [INPUT] KEYDOWN key=right code=1073741903 state=PLAYING
10:42:46 - [INPUT] KEYUP key=space code=32 state=PLAYING
10:42:46 - [INPUT] KEYUP key=right code=1073741903 state=PLAYING
10:42:46 - [INPUT] KEYDOWN key=space code=32 state=PLAYING
10:42:46 - [INPUT] KEYDOWN key=right code=1073741903 state=PLAYING
10:42:46 - [INPUT] KEYUP key=space code=32 state=PLAYING
10:42:46 - [INPUT] KEYUP key=right code=1073741903 state=PLAYING
10:42:46 - [INPUT] KEYDOWN key=left code=1073741904 state=PLAYING
10:42:46 - [INPUT] KEYDOWN key=space code=32 state=PLAYING
10:42:47 - [INPUT] KEYUP key=space code=32 state=PLAYING
10:42:47 - [INPUT] KEYDOWN key=space code=32 state=PLAYING
10:42:47 - [INPUT] KEYUP key=space code=32 state=PLAYING
10:42:47 - [INPUT] KEYUP key=left code=1073741904 state=PLAYING
10:42:47 - [INPUT] KEYDOWN key=right code=1073741903 state=PLAYING
10:42:47 - [INPUT] KEYDOWN key=space code=32 state=PLAYING
10:42:47 - [INPUT] KEYUP key=space code=32 state=PLAYING
10:42:47 - [INPUT] KEYDOWN key=space code=32 state=PLAYING
10:42:48 - [INPUT] KEYUP key=space code=32 state=PLAYING
10:42:48 - [INPUT] KEYDOWN key=space code=32 state=PLAYING
10:42:48 - [INPUT] KEYUP key=space code=32 state=PLAYING
10:42:48 - [INPUT] KEYUP key=right code=1073741903 state=PLAYING
10:42:48 - [INPUT] KEYDOWN key=left code=1073741904 state=PLAYING
10:42:48 - [INPUT] KEYDOWN key=space code=32 state=PLAYING
10:42:48 - [INPUT] KEYUP key=space code=32 state=PLAYING
10:42:48 - [INPUT] KEYUP key=left code=1073741904 state=PLAYING
10:42:48 - [INPUT] KEYDOWN key=space code=32 state=PLAYING
10:42:48 - [INPUT] KEYDOWN key=right code=1073741903 state=PLAYING
10:42:48 - [INPUT] KEYUP key=space code=32 state=PLAYING
10:42:48 - [INPUT] KEYDOWN key=space code=32 state=PLAYING
10:42:49 - [INPUT] KEYUP key=right code=1073741903 state=PLAYING
10:42:49 - [INPUT] KEYUP key=space code=32 state=PLAYING
10:42:49 - [INPUT] KEYDOWN key=left code=1073741904 state=PLAYING
10:42:49 - [INPUT] KEYDOWN key=space code=32 state=PLAYING
10:42:49 - [INPUT] KEYUP key=space code=32 state=PLAYING
10:42:49 - [INPUT] KEYDOWN key=space code=32 state=PLAYING
10:42:49 - [INPUT] KEYUP key=space code=32 state=PLAYING
10:42:49 - [INPUT] KEYUP key=left code=1073741904 state=PLAYING
10:42:49 - [INPUT] KEYDOWN key=space code=32 state=PLAYING
10:42:49 - [INPUT] KEYDOWN key=right code=1073741903 state=PLAYING
10:42:49 - [INPUT] KEYUP key=space code=32 state=PLAYING
10:42:49 - [INPUT] KEYDOWN key=space code=32 state=PLAYING
10:42:49 - [INPUT] KEYUP key=right code=1073741903 state=PLAYING
10:42:49 - [INPUT] KEYDOWN key=left code=1073741904 state=PLAYING
10:42:49 - [INPUT] KEYUP key=space code=32 state=PLAYING
10:42:49 - [INPUT] KEYDOWN key=space code=32 state=PLAYING
10:42:50 - [INPUT] KEYUP key=left code=1073741904 state=PLAYING
10:42:50 - [INPUT] KEYUP key=space code=32 state=PLAYING
10:42:50 - [INPUT] KEYDOWN key=space code=32 state=PLAYING
10:42:50 - [INPUT] KEYDOWN key=left code=1073741904 state=PLAYING
10:42:50 - [INPUT] KEYUP key=space code=32 state=PLAYING
10:42:50 - [INPUT] KEYUP key=left code=1073741904 state=PLAYING
10:42:50 - [INPUT] KEYDOWN key=space code=32 state=PLAYING
10:42:50 - [INPUT] KEYDOWN key=right code=1073741903 state=PLAYING
10:42:50 - [INPUT] KEYUP key=space code=32 state=PLAYING
10:42:50 - [INPUT] KEYDOWN key=space code=32 state=PLAYING
10:42:50 - [INPUT] KEYUP key=space code=32 state=PLAYING
10:42:50 - [INPUT] KEYUP key=right code=1073741903 state=PLAYING
10:42:51 - [INPUT] KEYDOWN key=left code=1073741904 state=PLAYING
10:42:51 - [INPUT] KEYUP key=left code=1073741904 state=PLAYING
10:42:51 - [INPUT] KEYDOWN key=left code=1073741904 state=PLAYING
10:42:52 - [INPUT] KEYDOWN key=space code=32 state=PLAYING
10:42:52 - [INPUT] KEYUP key=space code=32 state=PLAYING
10:42:52 - [INPUT] KEYDOWN key=space code=32 state=PLAYING
10:42:52 - [INPUT] KEYUP key=left code=1073741904 state=PLAYING
10:42:52 - [INPUT] KEYUP key=space code=32 state=PLAYING
10:42:52 - [INPUT] KEYDOWN key=right code=1073741903 state=PLAYING
10:42:52 - [INPUT] KEYDOWN key=space code=32 state=PLAYING
10:42:53 - [INPUT] KEYUP key=space code=32 state=PLAYING
10:42:53 - [INPUT] KEYDOWN key=space code=32 state=PLAYING
10:42:53 - [INPUT] KEYUP key=space code=32 state=PLAYING
10:42:53 - [INPUT] KEYUP key=right code=1073741903 state=PLAYING
10:42:53 - [INPUT] KEYDOWN key=space code=32 state=PLAYING
10:42:53 - [INPUT] KEYUP key=space code=32 state=PLAYING
10:42:53 - [INPUT] KEYDOWN key=left code=1073741904 state=PLAYING
10:42:53 - [INPUT] KEYUP key=left code=1073741904 state=PLAYING
10:42:54 - [INPUT] KEYDOWN key=space code=32 state=PLAYING
10:42:54 - [INPUT] KEYUP key=space code=32 state=PLAYING
10:42:54 - [INPUT] KEYDOWN key=left code=1073741904 state=PLAYING
10:42:54 - [INPUT] KEYUP key=left code=1073741904 state=PLAYING
10:42:54 - [INPUT] KEYDOWN key=left code=1073741904 state=PLAYING
10:42:55 - [INPUT] KEYUP key=left code=1073741904 state=PLAYING
10:42:55 - [INPUT] KEYDOWN key=space code=32 state=PLAYING
10:42:55 - [INPUT] KEYUP key=space code=32 state=PLAYING
10:42:57 - [INPUT] KEYDOWN key=left code=1073741904 state=PLAYING
10:42:57 - [INPUT] KEYDOWN key=space code=32 state=PLAYING
10:42:57 - [INPUT] KEYUP key=left code=1073741904 state=PLAYING
10:42:57 - [INPUT] KEYUP key=space code=32 state=PLAYING
10:42:57 - [INPUT] KEYDOWN key=left code=1073741904 state=PLAYING
10:42:57 - [INPUT] KEYUP key=left code=1073741904 state=PLAYING
10:43:00 - [INPUT] KEYDOWN key=space code=32 state=PLAYING
10:43:00 - [INPUT] KEYUP key=space code=32 state=PLAYING
10:43:00 - [INPUT] KEYDOWN key=space code=32 state=PLAYING
10:43:01 - [INPUT] KEYUP key=space code=32 state=PLAYING
10:43:01 - [INPUT] KEYDOWN key=space code=32 state=PLAYING
10:43:01 - [INPUT] KEYUP key=space code=32 state=PLAYING
10:43:01 - [INPUT] KEYDOWN key=space code=32 state=PLAYING
10:43:01 - [INPUT] KEYUP key=space code=32 state=PLAYING
