10:15:37 - [INPUT] KEYDOWN key=return code=13 state=MENU
10:15:37 - \U0001f3ae Inizia nuova partita
10:15:37 - \U0001f504 Nuova partita iniziata!
10:15:37 - [INPUT] KEYUP key=return code=13 state=PLAYING
10:15:37 - [INPUT] KEYDOWN key=space code=32 state=PLAYING
10:15:38 - [INPUT] KEYUP key=space code=32 state=PLAYING
10:15:38 - [INPUT] KEYDOWN key=space code=32 state=PLAYING
10:15:38 - [INPUT] KEYDOWN key=left code=1073741904 state=PLAYING
10:15:38 - [INPUT] KEYUP key=space code=32 state=PLAYING
10:15:38 - [INPUT] KEYUP key=left code=1073741904 state=PLAYING
10:15:38 - [INPUT] KEYDOWN key=space code=32 state=PLAYING
10:15:38 - [INPUT] KEYUP key=space code=32 state=PLAYING
10:15:38 - [INPUT] KEYDOWN key=space code=32 state=PLAYING
10:15:38 - [INPUT] KEYDOWN key=left code=1073741904 state=PLAYING
10:15:38 - [INPUT] KEYUP key=left code=1073741904 state=PLAYING
10:15:38 - [INPUT] KEYUP key=space code=32 state=PLAYING
10:15:38 - [INPUT] KEYDOWN key=space code=32 state=PLAYING
10:15:38 - [INPUT] KEYDOWN key=right code=1073741903 state=PLAYING
10:15:38 - [INPUT] KEYUP key=space code=32 state=PLAYING
10:15:38 - [INPUT] KEYDOWN key=space code=32 state=PLAYING
10:15:39 - [INPUT] KEYUP key=right code=1073741903 state=PLAYING
10:15:39 - [INPUT] KEYDOWN key=right code=1073741903 state=PLAYING
10:15:39 - [INPUT] KEYUP key=space code=32 state=PLAYING
10:15:39 - [INPUT] KEYUP key=right code=1073741903 state=PLAYING
10:15:39 - [INPUT] KEYDOWN key=space code=32 state=PLAYING
10:15:39 - [INPUT] KEYDOWN key=left code=1073741904 state=PLAYING
10:15:39 - [INPUT] KEYUP key=space code=32 state=PLAYING
10:15:39 - [INPUT] KEYDOWN key=space code=32 state=PLAYING
10:15:39 - [INPUT] KEYUP key=space code=32 state=PLAYING
10:15:39 - [INPUT] KEYDOWN key=space code=32 state=PLAYING
10:15:39 - [INPUT] KEYUP key=left code=1073741904 state=PLAYING
10:15:39 - [INPUT] KEYUP key=space code=32 state=PLAYING
10:15:39 - [INPUT] KEYDOWN key=right code=1073741903 state=PLAYING
10:15:39 - [INPUT] KEYDOWN key=space code=32 state=PLAYING
10:15:39 - [INPUT] KEYUP key=space code=32 state=PLAYING
10:15:40 - [INPUT] KEYDOWN key=space code=32 state=PLAYING
10:15:40 - [INPUT] KEYUP key=space code=32 state=PLAYING
10:15:40 - [INPUT] KEYDOWN key=left code=1073741904 state=PLAYING
10:15:40 - [INPUT] KEYUP key=right code=1073741903 state=PLAYING
10:15:40 - [INPUT] KEYDOWN key=space code=32 state=PLAYING
10:15:40 - [INPUT] KEYUP key=left code=1073741904 state=PLAYING
10:15:40 - [INPUT] KEYUP key=space code=32 state=PLAYING
10:15:40 - [INPUT] KEYDOWN key=space code=32 state=PLAYING
10:15:40 - [INPUT] KEYUP key=space code=32 state=PLAYING
10:15:40 - [INPUT] KEYDOWN key=space code=32 state=PLAYING
10:15:40 - [INPUT] KEYDOWN key=left code=1073741904 state=PLAYING
10:15:40 - [INPUT] KEYUP key=space code=32 state=PLAYING
10:15:40 - [INPUT] KEYDOWN key=space code=32 state=PLAYING
10:15:41 - [INPUT] KEYUP key=left code=1073741904 state=PLAYING
10:15:41 - [INPUT] KEYUP key=space code=32 state=PLAYING
10:15:41 - [INPUT] KEYDOWN key=space code=32 state=PLAYING
10:15:41 - [INPUT] KEYDOWN key=right code=1073741903 state=PLAYING
10:15:41 - [INPUT] KEYUP key=space code=32 state=PLAYING
10:15:41 - [INPUT] KEYUP key=right code=1073741903 state=PLAYING
10:15:41 - [INPUT] KEYDOWN key=space code=32 state=PLAYING
10:15:41 - [INPUT] KEYUP key=space code=32 state=PLAYING
10:15:41 - [INPUT] KEYDOWN key=space code=32 state=PLAYING
10:15:41 - [INPUT] KEYUP key=space code=32 state=PLAYING
10:15:41 - [INPUT] KEYDOWN key=space code=32 state=PLAYING
10:15:41 - [INPUT] KEYDOWN key=right code=1073741903 state=PLAYING
10:15:41 - [INPUT] KEYUP key=space code=32 state=PLAYING
10:15:42 - [INPUT] KEYDOWN key=space code=32 state=PLAYING
10:15:42 - [INPUT] KEYUP key=right code=1073741903 state=PLAYING
10:15:42 - [INPUT] KEYUP key=space code=32 state=PLAYING
10:15:42 - [INPUT] KEYDOWN key=space code=32 state=PLAYING
10:15:42 - [INPUT] KEYDOWN key=left code=1073741904 state=PLAYING
10:15:42 - [INPUT] KEYUP key=left code=1073741904 state=PLAYING
10:15:42 - [INPUT] KEYUP key=space code=32 state=PLAYING
