10:58:42 - [INPUT] KEYDOWN key=return code=13 state=MENU
10:58:42 - \U0001f3ae Inizia nuova partita
10:58:42 - \U0001f504 Nuova partita iniziata!
10:58:42 - [INPUT] KEYUP key=return code=13 state=PLAYING
10:58:43 - [INPUT] KEYDOWN key=left code=1073741904 state=PLAYING
10:58:43 - [INPUT] KEYUP key=left code=1073741904 state=PLAYING
10:58:43 - [INPUT] KEYDOWN key=space code=32 state=PLAYING
10:58:43 - [INPUT] KEYUP key=space code=32 state=PLAYING
10:58:43 - [INPUT] KEYDOWN key=space code=32 state=PLAYING
10:58:43 - [INPUT] KEYUP key=space code=32 state=PLAYING
10:58:44 - [INPUT] KEYDOWN key=right code=1073741903 state=PLAYING
10:58:44 - [INPUT] KEYUP key=right code=1073741903 state=PLAYING
10:58:45 - [INPUT] KEYDOWN key=space code=32 state=PLAYING
10:58:45 - [INPUT] KEYUP key=space code=32 state=PLAYING
10:58:45 - [INPUT] KEYDOWN key=space code=32 state=PLAYING
10:58:45 - [INPUT] KEYUP key=space code=32 state=PLAYING
10:58:45 - [INPUT] KEYDOWN key=space code=32 state=PLAYING
10:58:45 - [INPUT] KEYUP key=space code=32 state=PLAYING
10:58:45 - [INPUT] KEYDOWN key=space code=32 state=PLAYING
10:58:45 - [INPUT] KEYUP key=space code=32 state=PLAYING
10:58:46 - [INPUT] KEYDOWN key=space code=32 state=PLAYING
10:58:46 - [INPUT] KEYUP key=space code=32 state=PLAYING
10:58:46 - [INPUT] KEYDOWN key=right code=1073741903 state=PLAYING
10:58:46 - [INPUT] KEYUP key=right code=1073741903 state=PLAYING
10:58:46 - [INPUT] KEYDOWN key=space code=32 state=PLAYING
10:58:46 - [INPUT] KEYUP key=space code=32 state=PLAYING
10:58:46 - [INPUT] KEYDOWN key=space code=32 state=PLAYING
10:58:46 - [INPUT] KEYDOWN key=left code=1073741904 state=PLAYING
10:58:46 - [INPUT] KEYUP key=left code=1073741904 state=PLAYING
10:58:46 - [INPUT] KEYUP key=space code=32 state=PLAYING
10:58:46 - [INPUT] KEYDOWN key=left code=1073741904 state=PLAYING
10:58:46 - [INPUT] KEYDOWN key=space code=32 state=PLAYING
10:58:46 - [INPUT] KEYUP key=left code=1073741904 state=PLAYING
10:58:46 - [INPUT] KEYUP key=space code=32 state=PLAYING
10:58:46 - [INPUT] KEYDOWN key=space code=32 state=PLAYING
10:58:46 - [INPUT] KEYDOWN key=right code=1073741903 state=PLAYING
10:58:46 - [INPUT] KEYUP key=right code=1073741903 state=PLAYING
10:58:46 - [INPUT] KEYUP key=space code=32 state=PLAYING
10:58:47 - [INPUT] KEYDOWN key=space code=32 state=PLAYING
10:58:47 - [INPUT] KEYUP key=space code=32 state=PLAYING
10:58:47 - [INPUT] KEYDOWN key=space code=32 state=PLAYING
10:58:47 - [INPUT] KEYUP key=space code=32 state=PLAYING
10:58:47 - [INPUT] KEYDOWN key=space code=32 state=PLAYING
10:58:47 - [INPUT] KEYDOWN key=right code=1073741903 state=PLAYING
10:58:47 - [INPUT] KEYUP key=space code=32 state=PLAYING
10:58:47 - [INPUT] KEYDOWN key=space code=32 state=PLAYING
10:58:47 - [INPUT] KEYUP key=space code=32 state=PLAYING
10:58:47 - [INPUT] KEYDOWN key=space code=32 state=PLAYING
10:58:47 - [INPUT] KEYUP key=right code=1073741903 state=PLAYING
10:58:48 - [INPUT] KEYUP key=space code=32 state=PLAYING
10:58:48 - [INPUT] KEYDOWN key=left code=1073741904 state=PLAYING
10:58:48 - [INPUT] KEYDOWN key=space code=32 state=PLAYING
10:58:48 - [INPUT] KEYUP key=space code=32 state=PLAYING
10:58:48 - [INPUT] KEYDOWN key=space code=32 state=PLAYING
10:58:48 - [INPUT] KEYUP key=left code=1073741904 state=PLAYING
10:58:48 - [INPUT] KEYUP key=space code=32 state=PLAYING
10:58:48 - [INPUT] KEYDOWN key=left code=1073741904 state=PLAYING
10:58:48 - [INPUT] KEYDOWN key=space code=32 state=PLAYING
10:58:48 - [INPUT] KEYUP key=left code=1073741904 state=PLAYING
10:58:48 - [INPUT] KEYUP key=space code=32 state=PLAYING
10:58:48 - [INPUT] KEYDOWN key=right code=1073741903 state=PLAYING
10:58:48 - [INPUT] KEYDOWN key=space code=32 state=PLAYING
10:58:48 - [INPUT] KEYUP key=right code=1073741903 state=PLAYING
10:58:48 - [INPUT] KEYUP key=space code=32 state=PLAYING
10:58:49 - [INPUT] KEYDOWN key=space code=32 state=PLAYING
10:58:49 - [INPUT] KEYUP key=space code=32 state=PLAYING
10:58:49 - [INPUT] KEYDOWN key=right code=1073741903 state=PLAYING
10:58:49 - [INPUT] KEYUP key=right code=1073741903 state=PLAYING
10:58:49 - [INPUT] KEYDOWN key=left code=1073741904 state=PLAYING
10:58:49 - [INPUT] KEYUP key=left code=1073741904 state=PLAYING
10:58:50 - [INPUT] KEYDOWN key=right code=1073741903 state=PLAYING
10:58:51 - [INPUT] KEYUP key=right code=1073741903 state=PLAYING
10:58:51 - [INPUT] KEYDOWN key=right code=1073741903 state=PLAYING
10:58:51 - [INPUT] KEYUP key=right code=1073741903 state=PLAYING
10:58:51 - [INPUT] KEYDOWN key=space code=32 state=PLAYING
10:58:52 - [INPUT] KEYUP key=space code=32 state=PLAYING
10:58:52 - [INPUT] KEYDOWN key=right code=1073741903 state=PLAYING
10:58:52 - [INPUT] KEYUP key=right code=1073741903 state=PLAYING
10:58:52 - [INPUT] KEYDOWN key=space code=32 state=PLAYING
10:58:52 - [INPUT] KEYUP key=space code=32 state=PLAYING
10:58:52 - [INPUT] KEYDOWN key=left code=1073741904 state=PLAYING
10:58:52 - [INPUT] KEYUP key=left code=1073741904 state=PLAYING
10:58:52 - [INPUT] KEYDOWN key=left code=1073741904 state=PLAYING
10:58:53 - [INPUT] KEYUP key=left code=1073741904 state=PLAYING
10:58:53 - [INPUT] KEYDOWN key=left code=1073741904 state=PLAYING
10:58:53 - [INPUT] KEYUP key=left code=1073741904 state=PLAYING
10:58:53 - [INPUT] KEYDOWN key=right code=1073741903 state=PLAYING
10:58:54 - [INPUT] KEYUP key=right code=1073741903 state=PLAYING
10:58:54 - [INPUT] KEYDOWN key=left code=1073741904 state=PLAYING
10:58:54 - [INPUT] KEYUP key=left code=1073741904 state=PLAYING
10:58:55 - [INPUT] KEYDOWN key=right code=1073741903 state=PLAYING
10:58:55 - [INPUT] KEYUP key=right code=1073741903 state=PLAYING
10:58:55 - [INPUT] KEYDOWN key=right code=1073741903 state=PLAYING
10:58:55 - [INPUT] KEYUP key=right code=1073741903 state=PLAYING
10:58:55 - [INPUT] KEYDOWN key=right code=1073741903 state=PLAYING
10:58:55 - [INPUT] KEYUP key=right code=1073741903 state=PLAYING
10:58:56 - [INPUT] KEYDOWN key=left code=1073741904 state=PLAYING
10:58:56 - [INPUT] KEYDOWN key=space code=32 state=PLAYING
10:58:56 - [INPUT] KEYUP key=space code=32 state=PLAYING
10:58:56 - [INPUT] KEYUP key=left code=1073741904 state=PLAYING
10:58:56 - [INPUT] KEYDOWN key=right code=1073741903 state=PLAYING
10:58:57 - [INPUT] KEYDOWN key=space code=32 state=PLAYING
10:58:57 - [INPUT] KEYUP key=space code=32 state=PLAYING
10:58:57 - [INPUT] KEYUP key=right code=1073741903 state=PLAYING
10:58:57 - [INPUT] KEYDOWN key=left code=1073741904 state=PLAYING
10:58:58 - [INPUT] KEYUP key=left code=1073741904 state=PLAYING
10:58:58 - [INPUT] KEYDOWN key=right code=1073741903 state=PLAYING
10:58:58 - [INPUT] KEYUP key=right code=1073741903 state=PLAYING
10:58:58 - [INPUT] KEYDOWN key=left code=1073741904 state=PLAYING
10:58:58 - [INPUT] KEYUP key=left code=1073741904 state=PLAYING
10:58:59 - [INPUT] KEYDOWN key=left code=1073741904 state=PLAYING
10:58:59 - [INPUT] KEYUP key=left code=1073741904 state=PLAYING
10:58:59 - [INPUT] KEYDOWN key=right code=1073741903 state=PLAYING
10:59:00 - [INPUT] KEYUP key=right code=1073741903 state=PLAYING
10:59:00 - [INPUT] KEYDOWN key=space code=32 state=PLAYING
10:59:00 - [INPUT] KEYUP key=space code=32 state=PLAYING
10:59:00 - [INPUT] KEYDOWN key=space code=32 state=PLAYING
10:59:00 - [INPUT] KEYUP key=space code=32 state=PLAYING
10:59:00 - [INPUT] KEYDOWN key=space code=32 state=PLAYING
10:59:00 - [INPUT] KEYUP key=space code=32 state=PLAYING
10:59:01 - [INPUT] KEYDOWN key=space code=32 state=PLAYING
10:59:01 - [INPUT] KEYUP key=space code=32 state=PLAYING
10:59:01 - [INPUT] KEYDOWN key=space code=32 state=PLAYING
10:59:01 - [INPUT] KEYUP key=space code=32 state=PLAYING
10:59:01 - [INPUT] KEYDOWN key=space code=32 state=PLAYING
10:59:01 - [INPUT] KEYDOWN key=left code=1073741904 state=PLAYING
10:59:01 - [INPUT] KEYUP key=left code=1073741904 state=PLAYING
10:59:01 - [INPUT] KEYUP key=space code=32 state=PLAYING
10:59:01 - [INPUT] KEYDOWN key=space code=32 state=PLAYING
10:59:01 - [INPUT] KEYDOWN key=right code=1073741903 state=PLAYING
10:59:01 - [INPUT] KEYUP key=space code=32 state=PLAYING
10:59:01 - [INPUT] KEYUP key=right code=1073741903 state=PLAYING
10:59:04 - [INPUT] KEYDOWN key=left code=1073741904 state=PLAYING
10:59:04 - [INPUT] KEYDOWN key=space code=32 state=PLAYING
10:59:05 - [INPUT] KEYUP key=space code=32 state=PLAYING
10:59:05 - [INPUT] KEYUP key=left code=1073741904 state=PLAYING
10:59:05 - [INPUT] KEYDOWN key=space code=32 state=PLAYING
10:59:05 - [INPUT] KEYUP key=space code=32 state=PLAYING
10:59:05 - [INPUT] KEYDOWN key=left code=1073741904 state=PLAYING
10:59:05 - [INPUT] KEYUP key=left code=1073741904 state=PLAYING
10:59:06 - [INPUT] KEYDOWN key=space code=32 state=PLAYING
10:59:06 - [INPUT] KEYUP key=space code=32 state=PLAYING
10:59:06 - [INPUT] KEYDOWN key=space code=32 state=PLAYING
10:59:06 - [INPUT] KEYUP key=space code=32 state=PLAYING
10:59:07 - [INPUT] KEYDOWN key=right code=1073741903 state=PLAYING
10:59:08 - [INPUT] KEYUP key=right code=1073741903 state=PLAYING
10:59:08 - [INPUT] KEYDOWN key=left code=1073741904 state=PLAYING
10:59:08 - [INPUT] KEYUP key=left code=1073741904 state=PLAYING
10:59:09 - [INPUT] KEYDOWN key=left code=1073741904 state=PLAYING
10:59:09 - [INPUT] KEYDOWN key=space code=32 state=PLAYING
10:59:09 - [INPUT] KEYUP key=space code=32 state=PLAYING
10:59:09 - [INPUT] KEYDOWN key=space code=32 state=PLAYING
10:59:09 - [INPUT] KEYUP key=left code=1073741904 state=PLAYING
10:59:09 - [INPUT] KEYUP key=space code=32 state=PLAYING
10:59:10 - [INPUT] KEYDOWN key=right code=1073741903 state=PLAYING
10:59:10 - [INPUT] KEYDOWN key=space code=32 state=PLAYING
10:59:10 - [INPUT] KEYUP key=right code=1073741903 state=PLAYING
10:59:10 - [INPUT] KEYUP key=space code=32 state=PLAYING
10:59:10 - [INPUT] KEYDOWN key=right code=1073741903 state=PLAYING
10:59:10 - [INPUT] KEYDOWN key=space code=32 state=PLAYING
10:59:10 - [INPUT] KEYUP key=space code=32 state=PLAYING
10:59:11 - [INPUT] KEYUP key=right code=1073741903 state=PLAYING
10:59:11 - [INPUT] KEYDOWN key=left code=1073741904 state=PLAYING
10:59:11 - [INPUT] KEYDOWN key=space code=32 state=PLAYING
10:59:11 - [INPUT] KEYUP key=left code=1073741904 state=PLAYING
10:59:11 - [INPUT] KEYUP key=space code=32 state=PLAYING
10:59:13 - [INPUT] KEYDOWN key=space code=32 state=PLAYING
10:59:13 - [INPUT] KEYUP key=space code=32 state=PLAYING
10:59:13 - [INPUT] KEYDOWN key=space code=32 state=PLAYING
10:59:13 - [INPUT] KEYUP key=space code=32 state=PLAYING
10:59:13 - [INPUT] KEYDOWN key=right code=1073741903 state=PLAYING
10:59:14 - [INPUT] KEYUP key=right code=1073741903 state=PLAYING
10:59:14 - [INPUT] KEYDOWN key=space code=32 state=PLAYING
10:59:14 - [INPUT] KEYUP key=space code=32 state=PLAYING
10:59:14 - [INPUT] KEYDOWN key=left code=1073741904 state=PLAYING
10:59:14 - [INPUT] KEYUP key=left code=1073741904 state=PLAYING
10:59:14 - [INPUT] KEYDOWN key=space code=32 state=PLAYING
10:59:14 - [INPUT] KEYUP key=space code=32 state=PLAYING
10:59:14 - [INPUT] KEYDOWN key=right code=1073741903 state=PLAYING
10:59:14 - [INPUT] KEYDOWN key=space code=32 state=PLAYING
10:59:15 - [INPUT] KEYUP key=space code=32 state=PLAYING
10:59:15 - [INPUT] KEYDOWN key=space code=32 state=PLAYING
10:59:15 - [INPUT] KEYUP key=space code=32 state=PLAYING
10:59:15 - [INPUT] KEYUP key=right code=1073741903 state=PLAYING
10:59:15 - [INPUT] KEYDOWN key=left code=1073741904 state=PLAYING
10:59:16 - [INPUT] KEYUP key=left code=1073741904 state=PLAYING
10:59:16 - [INPUT] KEYDOWN key=right code=1073741903 state=PLAYING
10:59:16 - [INPUT] KEYUP key=right code=1073741903 state=PLAYING
10:59:16 - [INPUT] KEYDOWN key=left code=1073741904 state=PLAYING
10:59:16 - [INPUT] KEYUP key=left code=1073741904 state=PLAYING
10:59:17 - [INPUT] KEYDOWN key=right code=1073741903 state=PLAYING
10:59:17 - [INPUT] KEYUP key=right code=1073741903 state=PLAYING
10:59:17 - [INPUT] KEYDOWN key=left code=1073741904 state=PLAYING
10:59:17 - [INPUT] KEYUP key=left code=1073741904 state=PLAYING
10:59:18 - [INPUT] KEYDOWN key=left code=1073741904 state=PLAYING
10:59:18 - [INPUT] KEYDOWN key=space code=32 state=PLAYING
10:59:18 - [INPUT] KEYUP key=space code=32 state=PLAYING
10:59:18 - [INPUT] KEYUP key=left code=1073741904 state=PLAYING
10:59:18 - [INPUT] KEYDOWN key=right code=1073741903 state=PLAYING
10:59:19 - [INPUT] KEYUP key=right code=1073741903 state=PLAYING
10:59:19 - [INPUT] KEYDOWN key=left code=1073741904 state=PLAYING
10:59:19 - [INPUT] KEYUP key=left code=1073741904 state=PLAYING
10:59:19 - [INPUT] KEYDOWN key=left code=1073741904 state=PLAYING
10:59:19 - [INPUT] KEYUP key=left code=1073741904 state=PLAYING
10:59:19 - [INPUT] KEYDOWN key=left code=1073741904 state=PLAYING
10:59:20 - [INPUT] KEYUP key=left code=1073741904 state=PLAYING
10:59:20 - [INPUT] KEYDOWN key=right code=1073741903 state=PLAYING
10:59:20 - [INPUT] KEYUP key=right code=1073741903 state=PLAYING
10:59:20 - [INPUT] KEYDOWN key=space code=32 state=PLAYING
10:59:21 - [INPUT] KEYUP key=space code=32 state=PLAYING
10:59:21 - [INPUT] KEYDOWN key=space code=32 state=PLAYING
10:59:21 - [INPUT] KEYUP key=space code=32 state=PLAYING
10:59:21 - [INPUT] KEYDOWN key=space code=32 state=PLAYING
10:59:21 - [INPUT] KEYUP key=space code=32 state=PLAYING
