08:06:31 - [INPUT] KEYDOWN key=return code=13 state=MENU
08:06:31 - \U0001f3ae Inizia nuova partita
08:06:31 - \U0001f504 Nuova partita iniziata!
08:06:31 - [INPUT] KEYUP key=return code=13 state=PLAYING
08:06:32 - [INPUT] KEYDOWN key=left code=1073741904 state=PLAYING
08:06:33 - [INPUT] KEYUP key=left code=1073741904 state=PLAYING
08:06:33 - [INPUT] KEYDOWN key=right code=1073741903 state=PLAYING
08:06:33 - [INPUT] KEYUP key=right code=1073741903 state=PLAYING
08:06:33 - [INPUT] KEYDOWN key=left code=1073741904 state=PLAYING
08:06:34 - [INPUT] KEYUP key=left code=1073741904 state=PLAYING
08:06:34 - [INPUT] KEYDOWN key=right code=1073741903 state=PLAYING
08:06:34 - [INPUT] KEYUP key=right code=1073741903 state=PLAYING
08:06:34 - [INPUT] KEYDOWN key=left code=1073741904 state=PLAYING
08:06:34 - [INPUT] KEYUP key=left code=1073741904 state=PLAYING
08:06:37 - [INPUT] KEYDOWN key=left code=1073741904 state=PLAYING
08:06:37 - [INPUT] KEYUP key=left code=1073741904 state=PLAYING
08:06:37 - [INPUT] KEYDOWN key=right code=1073741903 state=PLAYING
08:06:37 - [INPUT] KEYUP key=right code=1073741903 state=PLAYING
08:06:37 - [INPUT] KEYDOWN key=left code=1073741904 state=PLAYING
08:06:37 - [INPUT] KEYUP key=left code=1073741904 state=PLAYING
08:06:38 - [INPUT] KEYDOWN key=right code=1073741903 state=PLAYING
08:06:38 - [INPUT] KEYUP key=right code=1073741903 state=PLAYING
08:06:38 - [INPUT] KEYDOWN key=left code=1073741904 state=PLAYING
08:06:38 - [INPUT] KEYUP key=left code=1073741904 state=PLAYING
08:06:39 - [INPUT] KEYDOWN key=right code=1073741903 state=PLAYING
08:06:39 - [INPUT] KEYUP key=right code=1073741903 state=PLAYING
08:06:39 - [INPUT] KEYDOWN key=left code=1073741904 state=PLAYING
08:06:40 - [INPUT] KEYUP key=left code=1073741904 state=PLAYING
08:06:40 - [INPUT] KEYDOWN key=right code=1073741903 state=PLAYING
08:06:40 - [INPUT] KEYUP key=right code=1073741903 state=PLAYING
08:06:40 - [INPUT] KEYDOWN key=left code=1073741904 state=PLAYING
08:06:41 - [INPUT] KEYUP key=left code=1073741904 state=PLAYING
08:06:41 - [INPUT] KEYDOWN key=right code=1073741903 state=PLAYING
08:06:41 - [INPUT] KEYUP key=right code=1073741903 state=PLAYING
08:06:42 - [INPUT] KEYDOWN key=left code=1073741904 state=PLAYING
08:06:43 - [INPUT] KEYUP key=left code=1073741904 state=PLAYING
08:06:43 - [INPUT] KEYDOWN key=right code=1073741903 state=PLAYING
08:06:43 - [INPUT] KEYUP key=right code=1073741903 state=PLAYING
08:06:43 - [INPUT] KEYDOWN key=left code=1073741904 state=PLAYING
08:06:43 - [INPUT] KEYUP key=left code=1073741904 state=PLAYING
08:06:44 - [INPUT] KEYDOWN key=right code=1073741903 state=PLAYING
08:06:44 - [INPUT] KEYUP key=right code=1073741903 state=PLAYING
08:06:45 - [INPUT] KEYDOWN key=left code=1073741904 state=PLAYING
08:06:45 - [INPUT] KEYUP key=left code=1073741904 state=PLAYING
08:06:46 - [INPUT] KEYDOWN key=right code=1073741903 state=PLAYING
08:06:46 - [INPUT] KEYUP key=right code=1073741903 state=PLAYING
08:06:46 - [INPUT] KEYDOWN key=left code=1073741904 state=PLAYING
08:06:46 - [INPUT] KEYUP key=left code=1073741904 state=PLAYING
08:06:46 - [INPUT] KEYDOWN key=right code=1073741903 state=PLAYING
08:06:46 - [INPUT] KEYUP key=right code=1073741903 state=PLAYING
08:06:46 - [INPUT] KEYDOWN key=right code=1073741903 state=PLAYING
08:06:47 - [INPUT] KEYUP key=right code=1073741903 state=PLAYING
08:06:47 - [INPUT] KEYDOWN key=left code=1073741904 state=PLAYING
08:06:47 - [INPUT] KEYUP key=left code=1073741904 state=PLAYING
08:06:48 - [INPUT] KEYDOWN key=right code=1073741903 state=PLAYING
08:06:48 - [INPUT] KEYUP key=right code=1073741903 state=PLAYING
08:06:48 - [INPUT] KEYDOWN key=left code=1073741904 state=PLAYING
08:06:48 - [INPUT] KEYUP key=left code=1073741904 state=PLAYING
08:06:49 - [INPUT] KEYDOWN key=left code=1073741904 state=PLAYING
08:06:49 - [INPUT] KEYUP key=left code=1073741904 state=PLAYING
08:06:50 - [INPUT] KEYDOWN key=left code=1073741904 state=PLAYING
08:06:51 - [INPUT] KEYUP key=left code=1073741904 state=PLAYING
08:06:51 - [INPUT] KEYDOWN key=right code=1073741903 state=PLAYING
08:06:51 - [INPUT] KEYUP key=right code=1073741903 state=PLAYING
08:06:51 - [INPUT] KEYDOWN key=right code=1073741903 state=PLAYING
08:06:51 - [INPUT] KEYUP key=right code=1073741903 state=PLAYING
08:06:52 - [INPUT] KEYDOWN key=left code=1073741904 state=PLAYING
08:06:53 - [INPUT] KEYUP key=left code=1073741904 state=PLAYING
08:06:53 - [INPUT] KEYDOWN key=left code=1073741904 state=PLAYING
08:06:53 - [INPUT] KEYUP key=left code=1073741904 state=PLAYING
08:06:53 - [INPUT] KEYDOWN key=left code=1073741904 state=PLAYING
08:06:53 - [INPUT] KEYDOWN key=right code=1073741903 state=PLAYING
08:06:54 - [INPUT] KEYUP key=left code=1073741904 state=PLAYING
08:06:54 - [INPUT] KEYDOWN key=left code=1073741904 state=PLAYING
08:06:54 - [INPUT] KEYUP key=right code=1073741903 state=PLAYING
08:06:54 - [INPUT] KEYUP key=left code=1073741904 state=PLAYING
08:06:55 - [INPUT] KEYDOWN key=space code=32 state=PLAYING
08:06:56 - [INPUT] KEYUP key=space code=32 state=PLAYING
08:06:56 - [INPUT] KEYDOWN key=space code=32 state=PLAYING
08:06:56 - [INPUT] KEYUP key=space code=32 state=PLAYING
08:06:56 - [INPUT] KEYDOWN key=space code=32 state=PLAYING
08:06:56 - [INPUT] KEYUP key=space code=32 state=PLAYING
08:06:56 - [INPUT] KEYDOWN key=space code=32 state=PLAYING
08:06:56 - [INPUT] KEYUP key=space code=32 state=PLAYING
08:06:56 - [INPUT] KEYDOWN key=space code=32 state=PLAYING
08:06:56 - [INPUT] KEYDOWN key=right code=1073741903 state=PLAYING
08:06:56 - [INPUT] KEYUP key=space code=32 state=PLAYING
08:06:57 - [INPUT] KEYDOWN key=space code=32 state=PLAYING
08:06:57 - [INPUT] KEYUP key=right code=1073741903 state=PLAYING
08:06:57 - [INPUT] KEYUP key=space code=32 state=PLAYING
08:06:57 - [INPUT] KEYDOWN key=left code=1073741904 state=PLAYING
08:06:57 - [INPUT] KEYUP key=left code=1073741904 state=PLAYING
08:06:58 - [INPUT] KEYDOWN key=left code=1073741904 state=PLAYING
08:06:58 - [INPUT] KEYUP key=left code=1073741904 state=PLAYING
08:06:58 - [INPUT] KEYDOWN key=right code=1073741903 state=PLAYING
08:06:59 - [INPUT] KEYUP key=right code=1073741903 state=PLAYING
08:06:59 - [INPUT] KEYDOWN key=left code=1073741904 state=PLAYING
08:06:59 - [INPUT] KEYUP key=left code=1073741904 state=PLAYING
08:06:59 - [INPUT] KEYDOWN key=right code=1073741903 state=PLAYING
08:06:59 - [INPUT] KEYUP key=right code=1073741903 state=PLAYING
08:06:59 - [INPUT] KEYDOWN key=left code=1073741904 state=PLAYING
08:07:00 - [INPUT] KEYUP key=left code=1073741904 state=PLAYING
08:07:00 - [INPUT] KEYDOWN key=left code=1073741904 state=PLAYING
08:07:00 - [INPUT] KEYUP key=left code=1073741904 state=PLAYING
08:07:00 - [INPUT] KEYDOWN key=right code=1073741903 state=PLAYING
08:07:01 - [INPUT] KEYUP key=right code=1073741903 state=PLAYING
08:07:01 - [INPUT] KEYDOWN key=left code=1073741904 state=PLAYING
08:07:01 - [INPUT] KEYUP key=left code=1073741904 state=PLAYING
08:07:01 - [INPUT] KEYDOWN key=left code=1073741904 state=PLAYING
08:07:02 - [INPUT] KEYUP key=left code=1073741904 state=PLAYING
08:07:02 - [INPUT] KEYDOWN key=right code=1073741903 state=PLAYING
08:07:02 - [INPUT] KEYUP key=right code=1073741903 state=PLAYING
08:07:03 - [INPUT] KEYDOWN key=right code=1073741903 state=PLAYING
08:07:03 - [INPUT] KEYUP key=right code=1073741903 state=PLAYING
08:07:04 - [INPUT] KEYDOWN key=left code=1073741904 state=PLAYING
08:07:04 - [INPUT] KEYUP key=left code=1073741904 state=PLAYING
08:07:04 - [INPUT] KEYDOWN key=right code=1073741903 state=PLAYING
08:07:04 - [INPUT] KEYUP key=right code=1073741903 state=PLAYING
08:07:05 - [INPUT] KEYDOWN key=left code=1073741904 state=PLAYING
08:07:05 - [INPUT] KEYUP key=left code=1073741904 state=PLAYING
08:07:05 - [INPUT] KEYDOWN key=left code=1073741904 state=PLAYING
08:07:05 - [INPUT] KEYUP key=left code=1073741904 state=PLAYING
08:07:06 - [INPUT] KEYDOWN key=right code=1073741903 state=PLAYING
08:07:06 - [INPUT] KEYUP key=right code=1073741903 state=PLAYING
08:07:06 - [INPUT] KEYDOWN key=left code=1073741904 state=PLAYING
08:07:07 - [INPUT] KEYUP key=left code=1073741904 state=PLAYING
08:07:07 - [INPUT] KEYDOWN key=right code=1073741903 state=PLAYING
08:07:08 - [INPUT] KEYUP key=right code=1073741903 state=PLAYING
08:07:08 - [INPUT] KEYDOWN key=right code=1073741903 state=PLAYING
08:07:09 - [INPUT] KEYUP key=right code=1073741903 state=PLAYING
08:07:09 - [INPUT] KEYDOWN key=left code=1073741904 state=PLAYING
08:07:09 - [INPUT] KEYUP key=left code=1073741904 state=PLAYING
08:07:09 - [INPUT] KEYDOWN key=right code=1073741903 state=PLAYING
08:07:10 - [INPUT] KEYUP key=right code=1073741903 state=PLAYING
08:07:11 - [INPUT] KEYDOWN key=left code=1073741904 state=PLAYING
08:07:11 - [INPUT] KEYUP key=left code=1073741904 state=PLAYING
08:07:11 - [INPUT] KEYDOWN key=right code=1073741903 state=PLAYING
08:07:12 - [INPUT] KEYUP key=right code=1073741903 state=PLAYING
08:07:12 - [INPUT] KEYDOWN key=left code=1073741904 state=PLAYING
08:07:12 - [INPUT] KEYUP key=left code=1073741904 state=PLAYING
08:07:13 - [INPUT] KEYDOWN key=left code=1073741904 state=PLAYING
08:07:13 - [INPUT] KEYUP key=left code=1073741904 state=PLAYING
08:07:13 - [INPUT] KEYDOWN key=right code=1073741903 state=PLAYING
08:07:13 - [INPUT] KEYUP key=right code=1073741903 state=PLAYING
08:07:13 - [INPUT] KEYDOWN key=right code=1073741903 state=PLAYING
08:07:13 - [INPUT] KEYUP key=right code=1073741903 state=PLAYING
08:07:14 - [INPUT] KEYDOWN key=right code=1073741903 state=PLAYING
08:07:14 - [INPUT] KEYUP key=right code=1073741903 state=PLAYING
08:07:15 - [INPUT] KEYDOWN key=left code=1073741904 state=PLAYING
08:07:15 - [INPUT] KEYUP key=left code=1073741904 state=PLAYING
08:07:15 - [INPUT] KEYDOWN key=right code=1073741903 state=PLAYING
08:07:16 - [INPUT] KEYUP key=right code=1073741903 state=PLAYING
08:07:17 - [INPUT] KEYDOWN key=left code=1073741904 state=PLAYING
08:07:17 - [INPUT] KEYUP key=left code=1073741904 state=PLAYING
08:07:18 - [INPUT] KEYDOWN key=right code=1073741903 state=PLAYING
08:07:18 - [INPUT] KEYUP key=right code=1073741903 state=PLAYING
08:07:18 - [INPUT] KEYDOWN key=left code=1073741904 state=PLAYING
08:07:18 - [INPUT] KEYUP key=left code=1073741904 state=PLAYING
08:07:18 - [INPUT] KEYDOWN key=right code=1073741903 state=PLAYING
08:07:19 - [INPUT] KEYUP key=right code=1073741903 state=PLAYING
08:07:20 - [INPUT] KEYDOWN key=left code=1073741904 state=PLAYING
08:07:21 - [INPUT] KEYUP key=left code=1073741904 state=PLAYING
08:07:21 - [INPUT] KEYDOWN key=right code=1073741903 state=PLAYING
08:07:21 - [INPUT] KEYUP key=right code=1073741903 state=PLAYING
08:07:21 - [INPUT] KEYDOWN key=left code=1073741904 state=PLAYING
08:07:21 - [INPUT] KEYUP key=left code=1073741904 state=PLAYING
08:07:22 - [INPUT] KEYDOWN key=right code=1073741903 state=PLAYING
08:07:22 - [INPUT] KEYUP key=right code=1073741903 state=PLAYING
08:07:23 - [INPUT] KEYDOWN key=left code=1073741904 state=PLAYING
08:07:23 - [INPUT] KEYUP key=left code=1073741904 state=PLAYING
08:07:24 - [INPUT] KEYDOWN key=right code=1073741903 state=PLAYING
08:07:24 - [INPUT] KEYUP key=right code=1073741903 state=PLAYING
08:07:24 - [INPUT] KEYDOWN key=right code=1073741903 state=PLAYING
08:07:25 - [INPUT] KEYUP key=right code=1073741903 state=PLAYING
08:07:25 - [INPUT] KEYDOWN key=left code=1073741904 state=PLAYING
08:07:25 - [INPUT] KEYUP key=left code=1073741904 state=PLAYING
08:07:25 - [INPUT] KEYDOWN key=right code=1073741903 state=PLAYING
08:07:26 - [INPUT] KEYUP key=right code=1073741903 state=PLAYING
08:07:26 - [INPUT] KEYDOWN key=left code=1073741904 state=PLAYING
08:07:26 - [INPUT] KEYUP key=left code=1073741904 state=PLAYING
08:07:26 - [INPUT] KEYDOWN key=right code=1073741903 state=PLAYING
08:07:27 - [INPUT] KEYUP key=right code=1073741903 state=PLAYING
08:07:27 - [INPUT] KEYDOWN key=left code=1073741904 state=PLAYING
08:07:27 - [INPUT] KEYUP key=left code=1073741904 state=PLAYING
08:07:28 - [INPUT] KEYDOWN key=left code=1073741904 state=PLAYING
08:07:28 - [INPUT] KEYUP key=left code=1073741904 state=PLAYING
08:07:28 - [INPUT] KEYDOWN key=right code=1073741903 state=PLAYING
08:07:29 - [INPUT] KEYUP key=right code=1073741903 state=PLAYING
08:07:29 - [INPUT] KEYDOWN key=left code=1073741904 state=PLAYING
08:07:29 - [INPUT] KEYUP key=left code=1073741904 state=PLAYING
08:07:29 - [INPUT] KEYDOWN key=right code=1073741903 state=PLAYING
08:07:29 - [INPUT] KEYUP key=right code=1073741903 state=PLAYING
08:07:30 - [INPUT] KEYDOWN key=right code=1073741903 state=PLAYING
08:07:30 - [INPUT] KEYUP key=right code=1073741903 state=PLAYING
08:07:30 - [INPUT] KEYDOWN key=right code=1073741903 state=PLAYING
08:07:31 - [INPUT] KEYUP key=right code=1073741903 state=PLAYING
08:07:31 - [INPUT] KEYDOWN key=left code=1073741904 state=PLAYING
08:07:31 - [INPUT] KEYUP key=left code=1073741904 state=PLAYING
08:07:32 - [INPUT] KEYDOWN key=right code=1073741903 state=PLAYING
08:07:32 - [INPUT] KEYDOWN key=space code=32 state=PLAYING
08:07:32 - [INPUT] KEYUP key=right code=1073741903 state=PLAYING
08:07:32 - [INPUT] KEYUP key=space code=32 state=PLAYING
08:07:32 - [INPUT] KEYDOWN key=space code=32 state=PLAYING
08:07:32 - [INPUT] KEYUP key=space code=32 state=PLAYING
08:07:32 - [INPUT] KEYDOWN key=space code=32 state=PLAYING
08:07:32 - [INPUT] KEYUP key=space code=32 state=PLAYING
08:07:32 - [INPUT] KEYDOWN key=space code=32 state=PLAYING
08:07:33 - [INPUT] KEYUP key=space code=32 state=PLAYING
08:07:33 - [INPUT] KEYDOWN key=space code=32 state=PLAYING
08:07:33 - [INPUT] KEYUP key=space code=32 state=PLAYING
08:07:33 - [INPUT] KEYDOWN key=space code=32 state=PLAYING
08:07:33 - [INPUT] KEYUP key=space code=32 state=PLAYING
08:07:33 - [INPUT] KEYDOWN key=space code=32 state=PLAYING
08:07:33 - [INPUT] KEYUP key=space code=32 state=PLAYING
08:07:33 - [INPUT] KEYDOWN key=space code=32 state=PLAYING
08:07:33 - [INPUT] KEYUP key=space code=32 state=PLAYING
08:07:34 - [INPUT] KEYDOWN key=space code=32 state=PLAYING
08:07:34 - [INPUT] KEYUP key=space code=32 state=PLAYING
08:07:34 - [INPUT] KEYDOWN key=space code=32 state=PLAYING
08:07:34 - [INPUT] KEYUP key=space code=32 state=PLAYING
