09:53:59 - [INPUT] KEYDOWN key=return code=13 state=MENU
09:53:59 - \U0001f3ae Inizia nuova partita
09:53:59 - \U0001f504 Nuova partita iniziata!
09:53:59 - [INPUT] KEYUP key=return code=13 state=PLAYING
09:54:00 - [INPUT] KEYDOWN key=right code=1073741903 state=PLAYING
09:54:00 - [INPUT] KEYUP key=right code=1073741903 state=PLAYING
09:54:00 - [INPUT] KEYDOWN key=left code=1073741904 state=PLAYING
09:54:00 - [INPUT] KEYUP key=left code=1073741904 state=PLAYING
09:54:01 - [INPUT] KEYDOWN key=right code=1073741903 state=PLAYING
09:54:01 - [INPUT] KEYUP key=right code=1073741903 state=PLAYING
09:54:02 - [INPUT] KEYDOWN key=left code=1073741904 state=PLAYING
09:54:02 - [INPUT] KEYUP key=left code=1073741904 state=PLAYING
09:54:02 - [INPUT] KEYDOWN key=right code=1073741903 state=PLAYING
09:54:03 - [INPUT] KEYUP key=right code=1073741903 state=PLAYING
09:54:03 - [INPUT] KEYDOWN key=left code=1073741904 state=PLAYING
09:54:03 - [INPUT] KEYUP key=left code=1073741904 state=PLAYING
09:54:04 - [INPUT] KEYDOWN key=left code=1073741904 state=PLAYING
09:54:04 - [INPUT] KEYUP key=left code=1073741904 state=PLAYING
09:54:04 - [INPUT] KEYDOWN key=right code=1073741903 state=PLAYING
09:54:04 - [INPUT] KEYUP key=right code=1073741903 state=PLAYING
09:54:05 - [INPUT] KEYDOWN key=right code=1073741903 state=PLAYING
09:54:05 - [INPUT] KEYUP key=right code=1073741903 state=PLAYING
09:54:05 - [INPUT] KEYDOWN key=left code=1073741904 state=PLAYING
09:54:06 - [INPUT] KEYUP key=left code=1073741904 state=PLAYING
09:54:06 - [INPUT] KEYDOWN key=left code=1073741904 state=PLAYING
09:54:06 - [INPUT] KEYUP key=left code=1073741904 state=PLAYING
09:54:06 - [INPUT] KEYDOWN key=right code=1073741903 state=PLAYING
09:54:06 - [INPUT] KEYUP key=right code=1073741903 state=PLAYING
09:54:07 - [INPUT] KEYDOWN key=left code=1073741904 state=PLAYING
09:54:08 - [INPUT] KEYUP key=left code=1073741904 state=PLAYING
09:54:08 - [INPUT] KEYDOWN key=right code=1073741903 state=PLAYING
09:54:08 - [INPUT] KEYUP key=right code=1073741903 state=PLAYING
09:54:08 - [INPUT] KEYDOWN key=right code=1073741903 state=PLAYING
09:54:08 - [INPUT] KEYUP key=right code=1073741903 state=PLAYING
09:54:09 - [INPUT] KEYDOWN key=left code=1073741904 state=PLAYING
09:54:10 - [INPUT] KEYUP key=left code=1073741904 state=PLAYING
09:54:10 - [INPUT] KEYDOWN key=right code=1073741903 state=PLAYING
09:54:11 - [INPUT] KEYUP key=right code=1073741903 state=PLAYING
09:54:11 - [INPUT] KEYDOWN key=left code=1073741904 state=PLAYING
09:54:11 - [INPUT] KEYUP key=left code=1073741904 state=PLAYING
09:54:12 - [INPUT] KEYDOWN key=right code=1073741903 state=PLAYING
09:54:12 - [INPUT] KEYUP key=right code=1073741903 state=PLAYING
09:54:12 - [INPUT] KEYDOWN key=left code=1073741904 state=PLAYING
09:54:12 - [INPUT] KEYUP key=left code=1073741904 state=PLAYING
09:54:13 - [INPUT] KEYDOWN key=right code=1073741903 state=PLAYING
09:54:13 - [INPUT] KEYUP key=right code=1073741903 state=PLAYING
09:54:13 - [INPUT] KEYDOWN key=left code=1073741904 state=PLAYING
09:54:13 - [INPUT] KEYUP key=left code=1073741904 state=PLAYING
09:54:14 - [INPUT] KEYDOWN key=right code=1073741903 state=PLAYING
09:54:14 - [INPUT] KEYUP key=right code=1073741903 state=PLAYING
09:54:14 - [INPUT] KEYDOWN key=left code=1073741904 state=PLAYING
09:54:14 - [INPUT] KEYUP key=left code=1073741904 state=PLAYING
09:54:15 - [INPUT] KEYDOWN key=right code=1073741903 state=PLAYING
09:54:15 - [INPUT] KEYUP key=right code=1073741903 state=PLAYING
09:54:15 - [INPUT] KEYDOWN key=right code=1073741903 state=PLAYING
09:54:15 - [INPUT] KEYUP key=right code=1073741903 state=PLAYING
09:54:16 - [INPUT] KEYDOWN key=left code=1073741904 state=PLAYING
09:54:16 - [INPUT] KEYUP key=left code=1073741904 state=PLAYING
09:54:17 - [INPUT] KEYDOWN key=left code=1073741904 state=PLAYING
09:54:18 - [INPUT] KEYUP key=left code=1073741904 state=PLAYING
09:54:18 - [INPUT] KEYDOWN key=right code=1073741903 state=PLAYING
09:54:18 - [INPUT] KEYUP key=right code=1073741903 state=PLAYING
09:54:19 - [INPUT] KEYDOWN key=left code=1073741904 state=PLAYING
09:54:19 - [INPUT] KEYUP key=left code=1073741904 state=PLAYING
09:54:19 - [INPUT] KEYDOWN key=right code=1073741903 state=PLAYING
09:54:19 - [INPUT] KEYUP key=right code=1073741903 state=PLAYING
09:54:20 - [INPUT] KEYDOWN key=r code=114 state=PLAYING
09:54:20 - [INPUT] KEYUP key=r code=114 state=PLAYING
