22:36:39 - [INPUT] KEYDOWN key=return code=13 state=MENU
22:36:39 - \U0001f3ae Inizia nuova partita
22:36:39 - \U0001f504 Nuova partita iniziata!
22:36:39 - [INPUT] KEYUP key=return code=13 state=PLAYING
22:36:40 - [INPUT] KEYDOWN key=left code=1073741904 state=PLAYING
22:36:40 - [INPUT] KEYUP key=left code=1073741904 state=PLAYING
22:36:41 - [INPUT] KEYDOWN key=left code=1073741904 state=PLAYING
22:36:41 - [INPUT] KEYUP key=left code=1073741904 state=PLAYING
22:36:41 - [INPUT] KEYDOWN key=right code=1073741903 state=PLAYING
22:36:41 - [INPUT] KEYUP key=right code=1073741903 state=PLAYING
22:36:42 - [INPUT] KEYDOWN key=right code=1073741903 state=PLAYING
22:36:42 - [INPUT] KEYUP key=right code=1073741903 state=PLAYING
22:36:43 - [INPUT] KEYDOWN key=left code=1073741904 state=PLAYING
22:36:43 - [INPUT] KEYUP key=left code=1073741904 state=PLAYING
22:36:43 - [INPUT] KEYDOWN key=left code=1073741904 state=PLAYING
22:36:44 - [INPUT] KEYUP key=left code=1073741904 state=PLAYING
22:36:44 - [INPUT] KEYDOWN key=right code=1073741903 state=PLAYING
22:36:44 - [INPUT] KEYUP key=right code=1073741903 state=PLAYING
22:36:45 - [INPUT] KEYDOWN key=left code=1073741904 state=PLAYING
22:36:45 - [INPUT] KEYUP key=left code=1073741904 state=PLAYING
22:36:45 - [INPUT] KEYDOWN key=right code=1073741903 state=PLAYING
22:36:45 - [INPUT] KEYUP key=right code=1073741903 state=PLAYING
22:36:46 - [INPUT] KEYDOWN key=left code=1073741904 state=PLAYING
22:36:46 - [INPUT] KEYUP key=left code=1073741904 state=PLAYING
22:36:46 - [INPUT] KEYDOWN key=right code=1073741903 state=PLAYING
22:36:46 - [INPUT] KEYUP key=right code=1073741903 state=PLAYING
22:36:46 - [INPUT] KEYDOWN key=left code=1073741904 state=PLAYING
22:36:46 - [INPUT] KEYUP key=left code=1073741904 state=PLAYING
22:36:47 - [INPUT] KEYDOWN key=left code=1073741904 state=PLAYING
22:36:47 - [INPUT] KEYUP key=left code=1073741904 state=PLAYING
22:36:47 - [INPUT] KEYDOWN key=right code=1073741903 state=PLAYING
22:36:48 - [INPUT] KEYUP key=right code=1073741903 state=PLAYING
22:36:48 - [INPUT] KEYDOWN key=left code=1073741904 state=PLAYING
22:36:49 - [INPUT] KEYUP key=left code=1073741904 state=PLAYING
22:36:49 - [INPUT] KEYDOWN key=right code=1073741903 state=PLAYING
22:36:50 - [INPUT] KEYUP key=right code=1073741903 state=PLAYING
22:36:50 - [INPUT] KEYDOWN key=right code=1073741903 state=PLAYING
22:36:50 - [INPUT] KEYUP key=right code=1073741903 state=PLAYING
22:36:51 - [INPUT] KEYDOWN key=left code=1073741904 state=PLAYING
22:36:51 - [INPUT] KEYUP key=left code=1073741904 state=PLAYING
22:36:52 - [INPUT] KEYDOWN key=right code=1073741903 state=PLAYING
22:36:52 - [INPUT] KEYUP key=right code=1073741903 state=PLAYING
22:36:53 - [INPUT] KEYDOWN key=right code=1073741903 state=PLAYING
22:36:53 - [INPUT] KEYUP key=right code=1073741903 state=PLAYING
22:36:53 - [INPUT] KEYDOWN key=left code=1073741904 state=PLAYING
22:36:54 - [INPUT] KEYUP key=left code=1073741904 state=PLAYING
22:36:54 - [INPUT] KEYDOWN key=left code=1073741904 state=PLAYING
22:36:54 - [INPUT] KEYUP key=left code=1073741904 state=PLAYING
22:36:55 - [INPUT] KEYDOWN key=right code=1073741903 state=PLAYING
22:36:55 - [INPUT] KEYUP key=right code=1073741903 state=PLAYING
22:36:55 - [INPUT] KEYDOWN key=left code=1073741904 state=PLAYING
22:36:55 - [INPUT] KEYUP key=left code=1073741904 state=PLAYING
22:36:56 - [INPUT] KEYDOWN key=right code=1073741903 state=PLAYING
22:36:56 - [INPUT] KEYUP key=right code=1073741903 state=PLAYING
22:36:56 - [INPUT] KEYDOWN key=left code=1073741904 state=PLAYING
22:36:56 - [INPUT] KEYUP key=left code=1073741904 state=PLAYING
22:36:57 - [INPUT] KEYDOWN key=left code=1073741904 state=PLAYING
22:36:57 - [INPUT] KEYUP key=left code=1073741904 state=PLAYING
22:36:57 - [INPUT] KEYDOWN key=right code=1073741903 state=PLAYING
22:36:58 - [INPUT] KEYUP key=right code=1073741903 state=PLAYING
22:36:58 - [INPUT] KEYDOWN key=left code=1073741904 state=PLAYING
22:36:58 - [INPUT] KEYUP key=left code=1073741904 state=PLAYING
22:37:01 - [INPUT] KEYDOWN key=left code=1073741904 state=PLAYING
22:37:01 - [INPUT] KEYUP key=left code=1073741904 state=PLAYING
22:37:02 - [INPUT] KEYDOWN key=left code=1073741904 state=PLAYING
22:37:02 - [INPUT] KEYUP key=left code=1073741904 state=PLAYING
22:37:02 - [INPUT] KEYDOWN key=right code=1073741903 state=PLAYING
22:37:03 - [INPUT] KEYUP key=right code=1073741903 state=PLAYING
22:37:03 - [INPUT] KEYDOWN key=up code=1073741906 state=PLAYING
22:37:03 - [INPUT] KEYUP key=up code=1073741906 state=PLAYING
22:37:04 - [INPUT] KEYDOWN key=space code=32 state=PLAYING
22:37:04 - [INPUT] KEYUP key=space code=32 state=PLAYING
22:37:04 - [INPUT] KEYDOWN key=space code=32 state=PLAYING
22:37:04 - [INPUT] KEYUP key=space code=32 state=PLAYING
22:37:04 - [INPUT] KEYDOWN key=space code=32 state=PLAYING
22:37:05 - [INPUT] KEYUP key=space code=32 state=PLAYING
22:37:05 - [INPUT] KEYDOWN key=space code=32 state=PLAYING
22:37:05 - [INPUT] KEYDOWN key=left code=1073741904 state=PLAYING
22:37:05 - [INPUT] KEYUP key=space code=32 state=PLAYING
22:37:05 - [INPUT] KEYUP key=left code=1073741904 state=PLAYING
22:37:06 - [INPUT] KEYDOWN key=right code=1073741903 state=PLAYING
22:37:06 - [INPUT] KEYUP key=right code=1073741903 state=PLAYING
22:37:09 - [INPUT] KEYDOWN key=space code=32 state=PLAYING
22:37:09 - [INPUT] KEYDOWN key=right code=1073741903 state=PLAYING
22:37:09 - [INPUT] KEYUP key=space code=32 state=PLAYING
22:37:09 - [INPUT] KEYUP key=right code=1073741903 state=PLAYING
22:37:10 - [INPUT] KEYDOWN key=space code=32 state=PLAYING
22:37:10 - [INPUT] KEYUP key=space code=32 state=PLAYING
22:37:10 - [INPUT] KEYDOWN key=left code=1073741904 state=PLAYING
22:37:10 - [INPUT] KEYDOWN key=space code=32 state=PLAYING
22:37:10 - [INPUT] KEYUP key=left code=1073741904 state=PLAYING
22:37:10 - [INPUT] KEYUP key=space code=32 state=PLAYING
22:37:10 - [INPUT] KEYDOWN key=space code=32 state=PLAYING
22:37:10 - [INPUT] KEYDOWN key=left code=1073741904 state=PLAYING
22:37:10 - [INPUT] KEYUP key=left code=1073741904 state=PLAYING
22:37:10 - [INPUT] KEYUP key=space code=32 state=PLAYING
22:37:10 - [INPUT] KEYDOWN key=space code=32 state=PLAYING
22:37:10 - [INPUT] KEYDOWN key=right code=1073741903 state=PLAYING
22:37:10 - [INPUT] KEYUP key=space code=32 state=PLAYING
22:37:11 - [INPUT] KEYUP key=right code=1073741903 state=PLAYING
22:37:11 - [INPUT] KEYDOWN key=space code=32 state=PLAYING
22:37:11 - [INPUT] KEYUP key=space code=32 state=PLAYING
22:37:11 - [INPUT] KEYDOWN key=space code=32 state=PLAYING
22:37:11 - [INPUT] KEYUP key=space code=32 state=PLAYING
22:37:11 - [INPUT] KEYDOWN key=space code=32 state=PLAYING
22:37:12 - [INPUT] KEYUP key=space code=32 state=PLAYING
22:37:12 - [INPUT] KEYDOWN key=left code=1073741904 state=PLAYING
22:37:12 - [INPUT] KEYDOWN key=space code=32 state=PLAYING
22:37:12 - [INPUT] KEYUP key=left code=1073741904 state=PLAYING
22:37:12 - [INPUT] KEYUP key=space code=32 state=PLAYING
22:37:12 - [INPUT] KEYDOWN key=space code=32 state=PLAYING
22:37:12 - [INPUT] KEYDOWN key=right code=1073741903 state=PLAYING
22:37:12 - [INPUT] KEYUP key=space code=32 state=PLAYING
22:37:12 - [INPUT] KEYUP key=right code=1073741903 state=PLAYING
22:37:12 - [INPUT] KEYDOWN key=space code=32 state=PLAYING
22:37:12 - [INPUT] KEYDOWN key=right code=1073741903 state=PLAYING
22:37:12 - [INPUT] KEYUP key=space code=32 state=PLAYING
22:37:13 - [INPUT] KEYUP key=right code=1073741903 state=PLAYING
22:37:13 - [INPUT] KEYDOWN key=space code=32 state=PLAYING
22:37:13 - [INPUT] KEYDOWN key=left code=1073741904 state=PLAYING
22:37:13 - [INPUT] KEYUP key=space code=32 state=PLAYING
22:37:13 - [INPUT] KEYDOWN key=space code=32 state=PLAYING
22:37:13 - [INPUT] KEYUP key=left code=1073741904 state=PLAYING
22:37:13 - [INPUT] KEYUP key=space code=32 state=PLAYING
22:37:13 - [INPUT] KEYDOWN key=space code=32 state=PLAYING
22:37:13 - [INPUT] KEYUP key=space code=32 state=PLAYING
22:37:13 - [INPUT] KEYDOWN key=space code=32 state=PLAYING
22:37:14 - [INPUT] KEYUP key=space code=32 state=PLAYING
22:37:14 - [INPUT] KEYDOWN key=space code=32 state=PLAYING
22:37:14 - [INPUT] KEYUP key=space code=32 state=PLAYING
22:37:14 - [INPUT] KEYDOWN key=space code=32 state=PLAYING
22:37:14 - [INPUT] KEYUP key=space code=32 state=PLAYING
22:37:14 - [INPUT] KEYDOWN key=space code=32 state=PLAYING
22:37:14 - [INPUT] KEYUP key=space code=32 state=PLAYING
22:37:14 - [INPUT] KEYDOWN key=space code=32 state=PLAYING
22:37:14 - [INPUT] KEYUP key=space code=32 state=PLAYING
22:37:15 - [INPUT] KEYDOWN key=space code=32 state=PLAYING
22:37:15 - [INPUT] KEYUP key=space code=32 state=PLAYING
22:37:15 - [INPUT] KEYDOWN key=space code=32 state=PLAYING
22:37:15 - [INPUT] KEYUP key=space code=32 state=PLAYING
22:37:15 - [INPUT] KEYDOWN key=space code=32 state=PLAYING
22:37:15 - [INPUT] KEYUP key=space code=32 state=PLAYING
22:37:15 - [INPUT] KEYDOWN key=space code=32 state=PLAYING
22:37:15 - [INPUT] KEYUP key=space code=32 state=PLAYING
