09:53:02 - [INPUT] KEYDOWN key=return code=13 state=MENU
09:53:02 - \U0001f3ae Inizia nuova partita
09:53:02 - \U0001f504 Nuova partita iniziata!
09:53:02 - [INPUT] KEYUP key=return code=13 state=PLAYING
09:53:03 - [INPUT] KEYDOWN key=right code=1073741903 state=PLAYING
09:53:03 - [INPUT] KEYUP key=right code=1073741903 state=PLAYING
09:53:04 - [INPUT] KEYDOWN key=left code=1073741904 state=PLAYING
09:53:04 - [INPUT] KEYUP key=left code=1073741904 state=PLAYING
09:53:05 - [INPUT] KEYDOWN key=right code=1073741903 state=PLAYING
09:53:05 - [INPUT] KEYUP key=right code=1073741903 state=PLAYING
09:53:06 - [INPUT] KEYDOWN key=right code=1073741903 state=PLAYING
09:53:06 - [INPUT] KEYUP key=right code=1073741903 state=PLAYING
09:53:06 - [INPUT] KEYDOWN key=left code=1073741904 state=PLAYING
09:53:07 - [INPUT] KEYUP key=left code=1073741904 state=PLAYING
09:53:07 - [INPUT] KEYDOWN key=right code=1073741903 state=PLAYING
09:53:07 - [INPUT] KEYUP key=right code=1073741903 state=PLAYING
09:53:08 - [INPUT] KEYDOWN key=left code=1073741904 state=PLAYING
09:53:08 - [INPUT] KEYUP key=left code=1073741904 state=PLAYING
09:53:08 - [INPUT] KEYDOWN key=right code=1073741903 state=PLAYING
09:53:09 - [INPUT] KEYUP key=right code=1073741903 state=PLAYING
09:53:09 - [INPUT] KEYDOWN key=left code=1073741904 state=PLAYING
09:53:09 - [INPUT] KEYUP key=left code=1073741904 state=PLAYING
09:53:09 - [INPUT] KEYDOWN key=right code=1073741903 state=PLAYING
09:53:09 - [INPUT] KEYUP key=right code=1073741903 state=PLAYING
09:53:10 - [INPUT] KEYDOWN key=right code=1073741903 state=PLAYING
09:53:10 - [INPUT] KEYUP key=right code=1073741903 state=PLAYING
09:53:10 - [INPUT] KEYDOWN key=left code=1073741904 state=PLAYING
09:53:10 - [INPUT] KEYUP key=left code=1073741904 state=PLAYING
09:53:11 - [INPUT] KEYDOWN key=left code=1073741904 state=PLAYING
09:53:11 - [INPUT] KEYUP key=left code=1073741904 state=PLAYING
09:53:11 - [INPUT] KEYDOWN key=left code=1073741904 state=PLAYING
09:53:11 - [INPUT] KEYUP key=left code=1073741904 state=PLAYING
09:53:11 - [INPUT] KEYDOWN key=right code=1073741903 state=PLAYING
09:53:12 - [INPUT] KEYUP key=right code=1073741903 state=PLAYING
09:53:12 - [INPUT] KEYDOWN key=left code=1073741904 state=PLAYING
09:53:12 - [INPUT] KEYUP key=left code=1073741904 state=PLAYING
09:53:12 - [INPUT] KEYDOWN key=left code=1073741904 state=PLAYING
09:53:13 - [INPUT] KEYUP key=left code=1073741904 state=PLAYING
09:53:13 - [INPUT] KEYDOWN key=left code=1073741904 state=PLAYING
09:53:13 - [INPUT] KEYUP key=left code=1073741904 state=PLAYING
09:53:14 - [INPUT] KEYDOWN key=right code=1073741903 state=PLAYING
09:53:14 - [INPUT] KEYUP key=right code=1073741903 state=PLAYING
09:53:15 - [INPUT] KEYDOWN key=right code=1073741903 state=PLAYING
09:53:15 - [INPUT] KEYUP key=right code=1073741903 state=PLAYING
09:53:15 - [INPUT] KEYDOWN key=left code=1073741904 state=PLAYING
09:53:15 - [INPUT] KEYUP key=left code=1073741904 state=PLAYING
09:53:16 - [INPUT] KEYDOWN key=right code=1073741903 state=PLAYING
09:53:16 - [INPUT] KEYUP key=right code=1073741903 state=PLAYING
09:53:17 - [INPUT] KEYDOWN key=left code=1073741904 state=PLAYING
09:53:17 - [INPUT] KEYUP key=left code=1073741904 state=PLAYING
09:53:17 - [INPUT] KEYDOWN key=right code=1073741903 state=PLAYING
09:53:18 - [INPUT] KEYUP key=right code=1073741903 state=PLAYING
09:53:18 - [INPUT] KEYDOWN key=left code=1073741904 state=PLAYING
09:53:18 - [INPUT] KEYUP key=left code=1073741904 state=PLAYING
09:53:18 - [INPUT] KEYDOWN key=right code=1073741903 state=PLAYING
09:53:19 - [INPUT] KEYUP key=right code=1073741903 state=PLAYING
09:53:19 - [INPUT] KEYDOWN key=left code=1073741904 state=PLAYING
09:53:20 - [INPUT] KEYUP key=left code=1073741904 state=PLAYING
