17:10:29 - Creata piattaforma a x=250, y=750, livello=Mantello
17:10:29 - Creata piattaforma a x=317, y=670, livello=Mantello
17:10:29 - Creata piattaforma a x=445, y=590, livello=Mantello
17:10:29 - Creata piattaforma a x=190, y=510, livello=Mantello
17:10:29 - Creata piattaforma a x=64, y=430, livello=Mantello
17:10:29 - Creata piattaforma a x=228, y=350, livello=Mantello
17:10:29 - Creata piattaforma a x=419, y=270, livello=Mantello
17:10:29 - Creata piattaforma a x=402, y=190, livello=Mantello
17:10:29 - Creata piattaforma a x=427, y=110, livello=Mantello
17:10:30 - Creata piattaforma a x=143, y=30, livello=Mantello
17:10:30 - Creata piattaforma a x=231, y=-50, livello=Crosta Terrestre
17:10:30 - Creata piattaforma a x=253, y=-130, livello=Crosta Terrestre
17:10:30 - Creata piattaforma a x=179, y=-210, livello=Crosta Terrestre
17:10:30 - Creata piattaforma a x=142, y=-290, livello=Crosta Terrestre
17:10:30 - Creata piattaforma a x=138, y=-370, livello=Crosta Terrestre
17:10:30 - Creata piattaforma a x=438, y=-450, livello=Crosta Terrestre
17:10:30 - Creata piattaforma a x=61, y=-530, livello=Crosta Terrestre
17:10:30 - Creata piattaforma a x=68, y=-610, livello=Crosta Terrestre
17:10:30 - Creata piattaforma a x=186, y=-690, livello=Crosta Terrestre
17:10:30 - Creata piattaforma a x=185, y=-770, livello=Vulcano
17:10:30 - Creata piattaforma a x=417, y=-850, livello=Vulcano
17:10:30 - Creata piattaforma a x=425, y=-930, livello=Vulcano
17:10:30 - Creata piattaforma a x=440, y=-1010, livello=Vulcano
17:10:30 - Creata piattaforma a x=140, y=-1090, livello=Vulcano
17:10:30 - Creata piattaforma a x=196, y=-1170, livello=Vulcano
17:10:30 - Creata piattaforma a x=347, y=-1250, livello=Vulcano
17:10:30 - Creata piattaforma a x=356, y=-1330, livello=Vulcano
17:10:30 - Creata piattaforma a x=412, y=-1410, livello=Vulcano
17:10:30 - Creata piattaforma a x=150, y=-1490, livello=Vulcano
17:10:30 - Creata piattaforma a x=279, y=-1570, livello=Vulcano
17:10:30 - Creata piattaforma a x=440, y=-1650, livello=Vulcano
17:10:30 - Creata piattaforma a x=425, y=-1730, livello=Vulcano
17:10:30 - Creata piattaforma a x=448, y=-1810, livello=Vulcano
17:10:30 - Creata piattaforma a x=420, y=-1890, livello=Vulcano
17:10:30 - Creata piattaforma a x=76, y=-1970, livello=Vulcano
17:10:30 - Creata piattaforma a x=395, y=-2050, livello=Vulcano
17:10:30 - Creata piattaforma a x=285, y=-2130, livello=Vulcano
17:10:30 - Creata piattaforma a x=200, y=-2210, livello=Vulcano
17:10:30 - Creata piattaforma a x=145, y=-2290, livello=Vulcano
17:10:30 - Creata piattaforma a x=377, y=-2370, livello=Vulcano
17:10:30 - Creata piattaforma a x=427, y=-2450, livello=Vulcano
17:10:30 - Creata piattaforma a x=200, y=-2530, livello=Vulcano
17:10:30 - Creata piattaforma a x=72, y=-2610, livello=Vulcano
17:10:30 - Creata piattaforma a x=180, y=-2690, livello=Vulcano
17:10:30 - Creata piattaforma a x=399, y=-2770, livello=Vulcano
17:10:30 - Creata piattaforma a x=200, y=-2850, livello=Vulcano
17:10:30 - Creata piattaforma a x=447, y=-2930, livello=Vulcano
17:10:30 - Creata piattaforma a x=446, y=-3010, livello=Vulcano
17:10:30 - Creata piattaforma a x=400, y=-3090, livello=Vulcano
17:10:30 - Creata piattaforma a x=413, y=-3170, livello=Vulcano
17:10:30 - Creata piattaforma a x=449, y=-3250, livello=Vulcano
17:10:30 - Creata piattaforma a x=131, y=-3330, livello=Vulcano
17:10:30 - Creata piattaforma a x=319, y=-3410, livello=Vulcano
17:10:30 - Creata piattaforma a x=169, y=-3490, livello=Vulcano
17:10:30 - Creata piattaforma a x=410, y=-3570, livello=Vulcano
17:10:30 - Creata piattaforma a x=329, y=-3650, livello=Vulcano
17:10:30 - Creata piattaforma a x=192, y=-3730, livello=Vulcano
17:10:30 - Creata piattaforma a x=121, y=-3810, livello=Vulcano
17:10:30 - Creata piattaforma a x=175, y=-3890, livello=Vulcano
17:10:30 - Creata piattaforma a x=316, y=-3970, livello=Vulcano
17:10:30 - Creata piattaforma a x=316, y=-4050, livello=Vulcano
17:10:30 - Creata piattaforma a x=76, y=-4130, livello=Vulcano
17:10:30 - Creata piattaforma a x=238, y=-4210, livello=Vulcano
17:10:30 - Creata piattaforma a x=148, y=-4290, livello=Vulcano
17:10:30 - Creata piattaforma a x=87, y=-4370, livello=Vulcano
17:10:30 - Creata piattaforma a x=203, y=-4450, livello=Vulcano
17:10:30 - Generate 66 piattaforme, 11 power-ups, 18 collectibles, 9 nemici
17:10:31 - Creata piattaforma a x=250, y=750, livello=Mantello
17:10:31 - Creata piattaforma a x=227, y=670, livello=Mantello
17:10:31 - Creata piattaforma a x=418, y=590, livello=Mantello
17:10:31 - Creata piattaforma a x=404, y=510, livello=Mantello
17:10:31 - Creata piattaforma a x=280, y=430, livello=Mantello
17:10:31 - Creata piattaforma a x=416, y=350, livello=Mantello
17:10:31 - Creata piattaforma a x=436, y=270, livello=Mantello
17:10:31 - Creata piattaforma a x=300, y=190, livello=Mantello
17:10:31 - Creata piattaforma a x=133, y=110, livello=Mantello
17:10:31 - Creata piattaforma a x=375, y=30, livello=Mantello
17:10:31 - Creata piattaforma a x=348, y=-50, livello=Crosta Terrestre
17:10:31 - Creata piattaforma a x=326, y=-130, livello=Crosta Terrestre
17:10:31 - Creata piattaforma a x=189, y=-210, livello=Crosta Terrestre
17:10:31 - Creata piattaforma a x=182, y=-290, livello=Crosta Terrestre
17:10:31 - Creata piattaforma a x=97, y=-370, livello=Crosta Terrestre
17:10:31 - Creata piattaforma a x=446, y=-450, livello=Crosta Terrestre
17:10:31 - Creata piattaforma a x=297, y=-530, livello=Crosta Terrestre
17:10:31 - Creata piattaforma a x=447, y=-610, livello=Crosta Terrestre
17:10:31 - Creata piattaforma a x=438, y=-690, livello=Crosta Terrestre
17:10:31 - Creata piattaforma a x=442, y=-770, livello=Vulcano
17:10:31 - Creata piattaforma a x=239, y=-850, livello=Vulcano
17:10:31 - Creata piattaforma a x=417, y=-930, livello=Vulcano
17:10:31 - Creata piattaforma a x=344, y=-1010, livello=Vulcano
17:10:31 - Creata piattaforma a x=324, y=-1090, livello=Vulcano
17:10:31 - Creata piattaforma a x=430, y=-1170, livello=Vulcano
17:10:31 - Creata piattaforma a x=54, y=-1250, livello=Vulcano
17:10:31 - Creata piattaforma a x=229, y=-1330, livello=Vulcano
17:10:31 - Creata piattaforma a x=377, y=-1410, livello=Vulcano
17:10:31 - Creata piattaforma a x=204, y=-1490, livello=Vulcano
17:10:31 - Creata piattaforma a x=400, y=-1570, livello=Vulcano
17:10:31 - Creata piattaforma a x=435, y=-1650, livello=Vulcano
17:10:31 - Creata piattaforma a x=119, y=-1730, livello=Vulcano
17:10:31 - Creata piattaforma a x=118, y=-1810, livello=Vulcano
17:10:31 - Creata piattaforma a x=401, y=-1890, livello=Vulcano
17:10:31 - Creata piattaforma a x=434, y=-1970, livello=Vulcano
17:10:31 - Creata piattaforma a x=441, y=-2050, livello=Vulcano
17:10:31 - Creata piattaforma a x=165, y=-2130, livello=Vulcano
17:10:31 - Creata piattaforma a x=424, y=-2210, livello=Vulcano
17:10:31 - Creata piattaforma a x=416, y=-2290, livello=Vulcano
17:10:31 - Creata piattaforma a x=441, y=-2370, livello=Vulcano
17:10:31 - Creata piattaforma a x=371, y=-2450, livello=Vulcano
17:10:31 - Creata piattaforma a x=210, y=-2530, livello=Vulcano
17:10:31 - Creata piattaforma a x=437, y=-2610, livello=Vulcano
17:10:31 - Creata piattaforma a x=437, y=-2690, livello=Vulcano
17:10:31 - Creata piattaforma a x=435, y=-2770, livello=Vulcano
17:10:31 - Creata piattaforma a x=200, y=-2850, livello=Vulcano
17:10:31 - Creata piattaforma a x=149, y=-2930, livello=Vulcano
17:10:31 - Creata piattaforma a x=104, y=-3010, livello=Vulcano
17:10:31 - Creata piattaforma a x=261, y=-3090, livello=Vulcano
17:10:31 - Creata piattaforma a x=338, y=-3170, livello=Vulcano
17:10:31 - Creata piattaforma a x=177, y=-3250, livello=Vulcano
17:10:31 - Creata piattaforma a x=130, y=-3330, livello=Vulcano
17:10:31 - Creata piattaforma a x=202, y=-3410, livello=Vulcano
17:10:31 - Creata piattaforma a x=186, y=-3490, livello=Vulcano
17:10:31 - Creata piattaforma a x=431, y=-3570, livello=Vulcano
17:10:31 - Creata piattaforma a x=394, y=-3650, livello=Vulcano
17:10:31 - Creata piattaforma a x=300, y=-3730, livello=Vulcano
17:10:31 - Creata piattaforma a x=200, y=-3810, livello=Vulcano
17:10:31 - Creata piattaforma a x=448, y=-3890, livello=Vulcano
17:10:31 - Creata piattaforma a x=347, y=-3970, livello=Vulcano
17:10:31 - Creata piattaforma a x=91, y=-4050, livello=Vulcano
17:10:31 - Creata piattaforma a x=423, y=-4130, livello=Vulcano
17:10:31 - Creata piattaforma a x=91, y=-4210, livello=Vulcano
17:10:31 - Creata piattaforma a x=349, y=-4290, livello=Vulcano
17:10:31 - Creata piattaforma a x=449, y=-4370, livello=Vulcano
17:10:31 - Creata piattaforma a x=290, y=-4450, livello=Vulcano
17:10:31 - Generate 66 piattaforme, 9 power-ups, 23 collectibles, 10 nemici
17:10:31 - Gioco resettato - Player posizionato a x=300, y=718
17:10:31 - Collisione con piattaforma 0 - Tipo: 0 - plat_top(screen)=750.0
17:10:31 - Collisione con piattaforma 1 - Tipo: 0 - plat_top(screen)=670.0
17:10:32 - Collisione con piattaforma 1 - Tipo: 0 - plat_top(screen)=670.0
17:10:32 - Collisione con piattaforma 2 - Tipo: 0 - plat_top(screen)=590.0
17:10:33 - Collisione con piattaforma 3 - Tipo: 0 - plat_top(screen)=510.0
17:10:33 - Collisione con piattaforma 4 - Tipo: 0 - plat_top(screen)=430.0
17:10:33 - Scroll - km: 0.01, world_offset: 0.7
17:10:33 - Scroll - km: 0.07, world_offset: 3.5
17:10:33 - Scroll - km: 0.15, world_offset: 7.5
17:10:33 - Scroll - km: 0.24, world_offset: 12.1
17:10:33 - Scroll - km: 0.34, world_offset: 16.9
17:10:34 - Scroll - km: 0.43, world_offset: 21.6
17:10:34 - Scroll - km: 0.52, world_offset: 25.9
17:10:34 - Scroll - km: 0.60, world_offset: 29.8
17:10:34 - Scroll - km: 0.66, world_offset: 33.1
17:10:34 - Scroll - km: 0.72, world_offset: 35.8
17:10:34 - Scroll - km: 0.76, world_offset: 37.8
17:10:34 - Scroll - km: 0.78, world_offset: 39.1
17:10:34 - Scroll - km: 0.79, world_offset: 39.6
17:10:34 - Collisione con piattaforma 5 - Tipo: 0 - plat_top(screen)=390.0
17:10:34 - Scroll - km: 0.84, world_offset: 41.8
17:10:34 - Scroll - km: 0.93, world_offset: 46.6
17:10:34 - Scroll - km: 1.06, world_offset: 53.0
17:10:34 - Scroll - km: 1.20, world_offset: 60.2
17:10:34 - Scroll - km: 1.36, world_offset: 67.8
17:10:34 - Scroll - km: 1.51, world_offset: 75.3
17:10:34 - Scroll - km: 1.65, world_offset: 82.7
17:10:34 - Scroll - km: 1.79, world_offset: 89.6
17:10:34 - Scroll - km: 1.92, world_offset: 96.0
17:10:34 - Scroll - km: 2.04, world_offset: 101.8
17:10:34 - Scroll - km: 2.14, world_offset: 107.0
17:10:34 - Scroll - km: 2.23, world_offset: 111.4
17:10:34 - Scroll - km: 2.30, world_offset: 115.1
17:10:34 - Scroll - km: 2.36, world_offset: 118.1
17:10:34 - Scroll - km: 2.41, world_offset: 120.3
17:10:34 - Scroll - km: 2.43, world_offset: 121.7
17:10:34 - Scroll - km: 2.45, world_offset: 122.3
17:10:34 - Collisione con piattaforma 5 - Tipo: 0 - plat_top(screen)=472.0
17:10:35 - Scroll - km: 2.45, world_offset: 122.4
17:10:35 - Scroll - km: 2.46, world_offset: 123.1
17:10:35 - Scroll - km: 2.48, world_offset: 123.9
17:10:35 - Scroll - km: 2.49, world_offset: 124.6
17:10:35 - Scroll - km: 2.50, world_offset: 125.0
17:10:35 - Collisione con piattaforma 6 - Tipo: 0 - plat_top(screen)=395.0
17:10:35 - Scroll - km: 2.56, world_offset: 128.1
17:10:35 - Scroll - km: 2.67, world_offset: 133.4
17:10:35 - Scroll - km: 2.80, world_offset: 139.8
17:10:35 - Scroll - km: 2.94, world_offset: 146.8
17:10:35 - Scroll - km: 3.08, world_offset: 154.0
17:10:35 - Scroll - km: 3.22, world_offset: 161.0
17:10:35 - Scroll - km: 3.36, world_offset: 167.8
17:10:35 - Scroll - km: 3.48, world_offset: 174.1
17:10:35 - Scroll - km: 3.60, world_offset: 179.8
17:10:35 - Scroll - km: 3.70, world_offset: 184.9
17:10:35 - Scroll - km: 3.79, world_offset: 189.3
17:10:35 - Scroll - km: 3.86, world_offset: 193.0
17:10:35 - Scroll - km: 3.92, world_offset: 195.9
17:10:35 - Scroll - km: 3.96, world_offset: 198.1
17:10:35 - Scroll - km: 3.99, world_offset: 199.5
17:10:35 - Scroll - km: 4.00, world_offset: 200.1
17:10:35 - Collisione con piattaforma 6 - Tipo: 0 - plat_top(screen)=470.0
17:10:36 - Scroll - km: 4.01, world_offset: 200.5
17:10:36 - Scroll - km: 4.03, world_offset: 201.6
17:10:36 - Scroll - km: 4.06, world_offset: 203.0
17:10:36 - Scroll - km: 4.09, world_offset: 204.3
17:10:36 - Scroll - km: 4.11, world_offset: 205.4
17:10:36 - Scroll - km: 4.12, world_offset: 206.0
17:10:36 - Scroll - km: 4.12, world_offset: 206.1
17:10:36 - Collisione con piattaforma 7 - Tipo: 0 - plat_top(screen)=396.0
17:10:36 - Scroll - km: 4.18, world_offset: 208.8
17:10:36 - Scroll - km: 4.27, world_offset: 213.6
17:10:36 - Scroll - km: 4.40, world_offset: 219.8
17:10:36 - Scroll - km: 4.53, world_offset: 226.7
17:10:36 - Scroll - km: 4.67, world_offset: 233.7
17:10:36 - Scroll - km: 4.81, world_offset: 240.7
17:10:36 - Scroll - km: 4.95, world_offset: 247.4
17:10:36 - Scroll - km: 5.07, world_offset: 253.7
17:10:36 - Scroll - km: 5.19, world_offset: 259.4
17:10:36 - Scroll - km: 5.29, world_offset: 264.4
17:10:36 - Scroll - km: 5.38, world_offset: 268.8
17:10:36 - Scroll - km: 5.45, world_offset: 272.5
17:10:36 - Scroll - km: 5.51, world_offset: 275.4
17:10:36 - Scroll - km: 5.55, world_offset: 277.6
17:10:36 - Scroll - km: 5.58, world_offset: 279.0
17:10:36 - Scroll - km: 5.59, world_offset: 279.6
17:10:36 - Collisione con piattaforma 8 - Tipo: 0 - plat_top(screen)=390.0
17:10:36 - Scroll - km: 5.63, world_offset: 281.4
17:10:36 - Scroll - km: 5.72, world_offset: 285.9
17:10:36 - Scroll - km: 5.84, world_offset: 292.1
17:10:36 - Scroll - km: 5.98, world_offset: 299.1
17:10:36 - Scroll - km: 6.13, world_offset: 306.6
17:10:36 - Scroll - km: 6.28, world_offset: 314.1
17:10:36 - Scroll - km: 6.43, world_offset: 321.4
17:10:36 - Scroll - km: 6.57, world_offset: 328.3
17:10:36 - Scroll - km: 6.69, world_offset: 334.7
17:10:36 - Scroll - km: 6.81, world_offset: 340.5
17:10:36 - Scroll - km: 6.91, world_offset: 345.7
17:10:36 - Scroll - km: 7.00, world_offset: 350.1
17:10:36 - Scroll - km: 7.08, world_offset: 353.8
17:10:36 - Scroll - km: 7.14, world_offset: 356.8
17:10:36 - Scroll - km: 7.18, world_offset: 358.9
17:10:36 - Scroll - km: 7.21, world_offset: 360.4
17:10:36 - Scroll - km: 7.22, world_offset: 361.0
17:10:37 - Collisione con piattaforma 9 - Tipo: 0 - plat_top(screen)=391.0
17:10:37 - Scroll - km: 7.26, world_offset: 363.0
17:10:37 - Scroll - km: 7.35, world_offset: 367.7
17:10:37 - Scroll - km: 7.48, world_offset: 373.9
17:10:37 - Scroll - km: 7.62, world_offset: 381.1
17:10:37 - Scroll - km: 7.77, world_offset: 388.6
17:10:37 - Scroll - km: 7.92, world_offset: 396.1
17:10:37 - Scroll - km: 8.07, world_offset: 403.4
17:10:37 - Scroll - km: 8.21, world_offset: 410.4
17:10:37 - Scroll - km: 8.34, world_offset: 416.8
17:10:37 - Scroll - km: 8.45, world_offset: 422.6
17:10:37 - Scroll - km: 8.55, world_offset: 427.7
17:10:37 - Scroll - km: 8.64, world_offset: 432.2
17:10:37 - Scroll - km: 8.72, world_offset: 435.9
17:10:37 - Scroll - km: 8.78, world_offset: 438.8
17:10:37 - Scroll - km: 8.82, world_offset: 441.0
17:10:37 - Scroll - km: 8.85, world_offset: 442.4
17:10:37 - Scroll - km: 8.86, world_offset: 443.1
17:10:37 - Collisione con piattaforma 10 - Tipo: 1 - plat_top(screen)=393.0
17:10:37 - Scroll - km: 8.87, world_offset: 443.3
17:10:37 - Scroll - km: 8.94, world_offset: 446.8
17:10:37 - Scroll - km: 9.04, world_offset: 452.2
17:10:37 - Scroll - km: 9.17, world_offset: 458.7
17:10:37 - Scroll - km: 9.32, world_offset: 465.8
17:10:37 - Scroll - km: 9.46, world_offset: 473.1
17:10:37 - Scroll - km: 9.60, world_offset: 480.2
17:10:37 - Scroll - km: 9.74, world_offset: 487.0
17:10:37 - Scroll - km: 9.87, world_offset: 493.3
17:10:37 - Scroll - km: 9.98, world_offset: 499.0
17:10:37 - Scroll - km: 10.08, world_offset: 504.1
17:10:37 - Scroll - km: 10.17, world_offset: 508.5
17:10:37 - Scroll - km: 10.24, world_offset: 512.2
17:10:37 - Scroll - km: 10.30, world_offset: 515.1
17:10:37 - Scroll - km: 10.35, world_offset: 517.3
17:10:37 - Scroll - km: 10.37, world_offset: 518.7
17:10:37 - Scroll - km: 10.39, world_offset: 519.3
17:10:38 - Collisione con piattaforma 11 - Tipo: 1 - plat_top(screen)=389.0
17:10:38 - Scroll - km: 10.41, world_offset: 520.6
17:10:38 - Scroll - km: 10.49, world_offset: 524.7
17:10:38 - Scroll - km: 10.61, world_offset: 530.6
17:10:38 - Scroll - km: 10.75, world_offset: 537.4
17:10:38 - Scroll - km: 10.90, world_offset: 544.8
17:10:38 - Scroll - km: 11.04, world_offset: 552.2
17:10:38 - Scroll - km: 11.19, world_offset: 559.4
17:10:38 - Scroll - km: 11.33, world_offset: 566.3
17:10:38 - Scroll - km: 11.45, world_offset: 572.6
17:10:38 - Scroll - km: 11.57, world_offset: 578.4
17:10:38 - Scroll - km: 11.67, world_offset: 583.5
17:10:38 - Scroll - km: 11.76, world_offset: 587.9
17:10:38 - Scroll - km: 11.83, world_offset: 591.6
17:10:38 - Scroll - km: 11.89, world_offset: 594.6
17:10:38 - Scroll - km: 11.94, world_offset: 596.8
17:10:38 - Scroll - km: 11.96, world_offset: 598.2
17:10:38 - Scroll - km: 11.98, world_offset: 598.8
17:10:38 - Collisione con piattaforma 12 - Tipo: 1 - plat_top(screen)=389.0
17:10:38 - Scroll - km: 12.02, world_offset: 601.0
17:10:38 - Scroll - km: 12.12, world_offset: 605.8
17:10:38 - Scroll - km: 12.24, world_offset: 612.2
17:10:38 - Scroll - km: 12.39, world_offset: 619.4
17:10:38 - Scroll - km: 12.54, world_offset: 626.9
17:10:38 - Scroll - km: 12.69, world_offset: 634.5
17:10:38 - Scroll - km: 12.84, world_offset: 641.8
17:10:38 - Scroll - km: 12.98, world_offset: 648.8
17:10:38 - Scroll - km: 13.10, world_offset: 655.2
17:10:38 - Scroll - km: 13.22, world_offset: 661.0
17:10:38 - Scroll - km: 13.32, world_offset: 666.2
17:10:38 - Scroll - km: 13.41, world_offset: 670.6
17:10:38 - Scroll - km: 13.49, world_offset: 674.3
17:10:38 - Scroll - km: 13.55, world_offset: 677.3
17:10:38 - Scroll - km: 13.59, world_offset: 679.5
17:10:38 - Scroll - km: 13.62, world_offset: 680.9
17:10:38 - Scroll - km: 13.63, world_offset: 681.5
17:10:38 - Collisione con piattaforma 13 - Tipo: 1 - plat_top(screen)=392.0
17:10:38 - Scroll - km: 13.64, world_offset: 682.2
17:10:38 - Scroll - km: 13.72, world_offset: 685.9
17:10:38 - Scroll - km: 13.83, world_offset: 691.4
17:10:38 - Scroll - km: 13.96, world_offset: 698.1
17:10:39 - Scroll - km: 14.11, world_offset: 705.3
17:10:39 - Scroll - km: 14.25, world_offset: 712.6
17:10:39 - Scroll - km: 14.40, world_offset: 719.8
17:10:39 - Scroll - km: 14.53, world_offset: 726.6
17:10:39 - Scroll - km: 14.66, world_offset: 732.9
17:10:39 - Scroll - km: 14.77, world_offset: 738.7
17:10:39 - Scroll - km: 14.88, world_offset: 743.8
17:10:39 - Scroll - km: 14.96, world_offset: 748.2
17:10:39 - Scroll - km: 15.04, world_offset: 751.9
17:10:39 - Scroll - km: 15.10, world_offset: 754.8
17:10:39 - Scroll - km: 15.14, world_offset: 757.0
17:10:39 - Scroll - km: 15.17, world_offset: 758.4
17:10:39 - Scroll - km: 15.18, world_offset: 759.0
17:10:39 - Collisione con piattaforma 14 - Tipo: 1 - plat_top(screen)=389.0
17:10:39 - Scroll - km: 15.21, world_offset: 760.3
17:10:39 - Scroll - km: 15.29, world_offset: 764.5
17:10:39 - Scroll - km: 15.41, world_offset: 770.4
17:10:39 - Scroll - km: 15.55, world_offset: 777.3
17:10:39 - Scroll - km: 15.69, world_offset: 784.7
17:10:39 - Scroll - km: 15.84, world_offset: 792.1
17:10:39 - Scroll - km: 15.99, world_offset: 799.3
17:10:39 - Scroll - km: 16.12, world_offset: 806.2
17:10:39 - Scroll - km: 16.25, world_offset: 812.6
17:10:39 - Scroll - km: 16.37, world_offset: 818.4
17:10:39 - Scroll - km: 16.47, world_offset: 823.5
17:10:39 - Scroll - km: 16.56, world_offset: 827.9
17:10:39 - Scroll - km: 16.63, world_offset: 831.6
17:10:39 - Scroll - km: 16.69, world_offset: 834.6
17:10:39 - Scroll - km: 16.73, world_offset: 836.7
17:10:39 - Scroll - km: 16.76, world_offset: 838.1
17:10:39 - Scroll - km: 16.78, world_offset: 838.8
17:10:39 - Collisione con piattaforma 15 - Tipo: 1 - plat_top(screen)=389.0
17:10:39 - Scroll - km: 16.83, world_offset: 841.5
17:10:39 - Scroll - km: 16.93, world_offset: 846.6
17:10:40 - Scroll - km: 17.06, world_offset: 853.2
17:10:40 - Scroll - km: 17.21, world_offset: 860.6
17:10:40 - Scroll - km: 17.37, world_offset: 868.3
17:10:40 - Scroll - km: 17.52, world_offset: 875.9
17:10:40 - Scroll - km: 17.67, world_offset: 883.3
17:10:40 - Scroll - km: 17.81, world_offset: 890.3
17:10:40 - Scroll - km: 17.94, world_offset: 896.8
17:10:40 - Scroll - km: 18.05, world_offset: 902.6
17:10:40 - Scroll - km: 18.16, world_offset: 907.8
17:10:40 - Scroll - km: 18.24, world_offset: 912.2
17:10:40 - Scroll - km: 18.32, world_offset: 915.9
17:10:40 - Scroll - km: 18.38, world_offset: 918.9
17:10:40 - Scroll - km: 18.42, world_offset: 921.1
17:10:40 - Scroll - km: 18.45, world_offset: 922.5
17:10:40 - Scroll - km: 18.46, world_offset: 923.1
17:10:40 - Collisione con piattaforma 16 - Tipo: 1 - plat_top(screen)=393.0
17:10:40 - Scroll - km: 18.49, world_offset: 924.4
17:10:40 - Scroll - km: 18.57, world_offset: 928.5
17:10:40 - Scroll - km: 18.69, world_offset: 934.4
17:10:40 - Scroll - km: 18.83, world_offset: 941.3
17:10:40 - Scroll - km: 18.97, world_offset: 948.6
17:10:40 - Scroll - km: 19.12, world_offset: 956.0
17:10:40 - Scroll - km: 19.26, world_offset: 963.2
17:10:40 - Scroll - km: 19.40, world_offset: 970.1
17:10:40 - Scroll - km: 19.53, world_offset: 976.5
17:10:40 - Scroll - km: 19.64, world_offset: 982.2
17:10:40 - Scroll - km: 19.75, world_offset: 987.3
17:10:40 - Scroll - km: 19.84, world_offset: 991.8
17:10:40 - Scroll - km: 19.91, world_offset: 995.5
17:10:40 - Scroll - km: 19.97, world_offset: 998.4
17:10:40 - Scroll - km: 20.01, world_offset: 1000.6
17:10:40 - Scroll - km: 20.04, world_offset: 1002.0
17:10:40 - Scroll - km: 20.05, world_offset: 1002.6
17:10:40 - Collisione con piattaforma 16 - Tipo: 1 - plat_top(screen)=473.0
17:10:41 - Scroll - km: 20.05, world_offset: 1002.7
17:10:41 - Scroll - km: 20.07, world_offset: 1003.4
17:10:41 - Scroll - km: 20.09, world_offset: 1004.3
17:10:41 - Scroll - km: 20.10, world_offset: 1005.0
17:10:41 - Scroll - km: 20.11, world_offset: 1005.3
17:10:41 - Collisione con piattaforma 17 - Tipo: 1 - plat_top(screen)=395.0
17:10:41 - Scroll - km: 20.11, world_offset: 1005.6
17:10:41 - Scroll - km: 20.18, world_offset: 1009.1
17:10:41 - Scroll - km: 20.29, world_offset: 1014.5
17:10:41 - Scroll - km: 20.42, world_offset: 1021.0
17:10:41 - Scroll - km: 20.56, world_offset: 1028.1
17:10:41 - Scroll - km: 20.71, world_offset: 1035.4
17:10:41 - Scroll - km: 20.85, world_offset: 1042.5
17:10:41 - Scroll - km: 20.99, world_offset: 1049.3
17:10:41 - Scroll - km: 21.11, world_offset: 1055.6
17:10:41 - Scroll - km: 21.23, world_offset: 1061.3
17:10:41 - Scroll - km: 21.33, world_offset: 1066.4
17:10:41 - Scroll - km: 21.42, world_offset: 1070.8
17:10:41 - Scroll - km: 21.49, world_offset: 1074.5
17:10:41 - Scroll - km: 21.55, world_offset: 1077.4
17:10:41 - Scroll - km: 21.59, world_offset: 1079.6
17:10:41 - Scroll - km: 21.62, world_offset: 1081.0
17:10:41 - Scroll - km: 21.63, world_offset: 1081.6
17:10:41 - Collisione con piattaforma 18 - Tipo: 1 - plat_top(screen)=392.0
17:10:41 - Scroll - km: 21.66, world_offset: 1082.8
17:10:41 - Scroll - km: 21.74, world_offset: 1086.9
17:10:41 - Scroll - km: 21.85, world_offset: 1092.7
17:10:41 - Scroll - km: 21.99, world_offset: 1099.6
17:10:41 - Scroll - km: 22.14, world_offset: 1106.9
17:10:41 - Scroll - km: 22.29, world_offset: 1114.3
17:10:42 - Scroll - km: 22.43, world_offset: 1121.5
17:10:42 - Scroll - km: 22.57, world_offset: 1128.3
17:10:42 - Scroll - km: 22.69, world_offset: 1134.7
17:10:42 - Scroll - km: 22.81, world_offset: 1140.5
17:10:42 - Scroll - km: 22.91, world_offset: 1145.6
17:10:42 - Scroll - km: 23.00, world_offset: 1150.0
17:10:42 - Scroll - km: 23.07, world_offset: 1153.7
17:10:42 - Scroll - km: 23.13, world_offset: 1156.7
17:10:42 - Scroll - km: 23.18, world_offset: 1158.8
17:10:42 - Scroll - km: 23.21, world_offset: 1160.3
17:10:42 - Scroll - km: 23.22, world_offset: 1160.9
17:10:42 - Collisione con piattaforma 19 - Tipo: 2 - plat_top(screen)=391.0
17:10:42 - Scroll - km: 23.25, world_offset: 1162.4
17:10:42 - Scroll - km: 23.34, world_offset: 1166.8
17:10:42 - Scroll - km: 23.46, world_offset: 1172.8
17:10:42 - Scroll - km: 23.60, world_offset: 1179.8
17:10:42 - Scroll - km: 23.74, world_offset: 1187.2
17:10:42 - Scroll - km: 23.89, world_offset: 1194.7
17:10:42 - Scroll - km: 24.04, world_offset: 1201.9
17:10:42 - Scroll - km: 24.18, world_offset: 1208.8
17:10:42 - Scroll - km: 24.30, world_offset: 1215.2
17:10:42 - Scroll - km: 24.42, world_offset: 1221.0
17:10:42 - Scroll - km: 24.52, world_offset: 1226.1
17:10:42 - Scroll - km: 24.61, world_offset: 1230.6
17:10:42 - Scroll - km: 24.69, world_offset: 1234.3
17:10:42 - Scroll - km: 24.74, world_offset: 1237.2
17:10:42 - Scroll - km: 24.79, world_offset: 1239.4
17:10:42 - Scroll - km: 24.82, world_offset: 1240.8
17:10:42 - Scroll - km: 24.83, world_offset: 1241.4
17:10:43 - Collisione con piattaforma 16 - Tipo: 1 - plat_top(screen)=711.0
17:10:43 - Collisione con piattaforma 17 - Tipo: 1 - plat_top(screen)=631.0
17:10:43 - Collisione con piattaforma 18 - Tipo: 1 - plat_top(screen)=551.0
17:10:44 - Collisione con piattaforma 16 - Tipo: 1 - plat_top(screen)=711.0
17:10:45 - Collisione con piattaforma 16 - Tipo: 1 - plat_top(screen)=711.0
17:10:45 - Collisione con piattaforma 16 - Tipo: 1 - plat_top(screen)=711.0
17:10:46 - Collisione con piattaforma 16 - Tipo: 1 - plat_top(screen)=711.0
17:10:46 - Collisione con piattaforma 16 - Tipo: 1 - plat_top(screen)=711.0
17:10:47 - Collisione con piattaforma 17 - Tipo: 1 - plat_top(screen)=631.0
17:10:47 - Collisione con piattaforma 18 - Tipo: 1 - plat_top(screen)=551.0
17:10:48 - Collisione con piattaforma 19 - Tipo: 2 - plat_top(screen)=471.0
17:10:48 - Scroll - km: 24.83, world_offset: 1241.5
17:10:48 - Scroll - km: 24.83, world_offset: 1241.6
17:10:48 - Collisione con piattaforma 20 - Tipo: 2 - plat_top(screen)=392.0
17:10:48 - Scroll - km: 24.85, world_offset: 1242.7
17:10:48 - Scroll - km: 24.94, world_offset: 1246.8
17:10:48 - Scroll - km: 25.05, world_offset: 1252.6
17:10:48 - Scroll - km: 25.19, world_offset: 1259.4
17:10:48 - Scroll - km: 25.33, world_offset: 1266.7
17:10:48 - Scroll - km: 25.48, world_offset: 1274.1
17:10:48 - Scroll - km: 25.63, world_offset: 1281.3
17:10:48 - Scroll - km: 25.76, world_offset: 1288.2
17:10:48 - Scroll - km: 25.89, world_offset: 1294.6
17:10:48 - Scroll - km: 26.01, world_offset: 1300.3
17:10:48 - Scroll - km: 26.11, world_offset: 1305.4
17:10:49 - Scroll - km: 26.20, world_offset: 1309.9
17:10:49 - Scroll - km: 26.27, world_offset: 1313.6
17:10:49 - Scroll - km: 26.33, world_offset: 1316.5
17:10:49 - Scroll - km: 26.37, world_offset: 1318.7
17:10:49 - Scroll - km: 26.40, world_offset: 1320.1
17:10:49 - Scroll - km: 26.41, world_offset: 1320.7
17:10:49 - Collisione con piattaforma 21 - Tipo: 2 - plat_top(screen)=391.0
17:10:49 - Scroll - km: 26.45, world_offset: 1322.3
17:10:49 - Scroll - km: 26.53, world_offset: 1326.7
17:10:49 - Scroll - km: 26.66, world_offset: 1332.8
17:10:49 - Scroll - km: 26.80, world_offset: 1339.8
17:10:49 - Scroll - km: 26.94, world_offset: 1347.2
17:10:49 - Scroll - km: 27.09, world_offset: 1354.7
17:10:49 - Scroll - km: 27.24, world_offset: 1362.0
17:10:49 - Scroll - km: 27.38, world_offset: 1368.8
17:10:49 - Scroll - km: 27.50, world_offset: 1375.2
17:10:49 - Scroll - km: 27.62, world_offset: 1381.0
17:10:49 - Scroll - km: 27.72, world_offset: 1386.1
17:10:49 - Scroll - km: 27.81, world_offset: 1390.6
17:10:49 - Scroll - km: 27.89, world_offset: 1394.3
17:10:49 - Scroll - km: 27.94, world_offset: 1397.2
17:10:49 - Scroll - km: 27.99, world_offset: 1399.4
17:10:49 - Scroll - km: 28.02, world_offset: 1400.8
17:10:49 - Scroll - km: 28.03, world_offset: 1401.5
17:10:49 - Collisione con piattaforma 22 - Tipo: 2 - plat_top(screen)=391.0
17:10:49 - Scroll - km: 28.06, world_offset: 1402.8
17:10:49 - Scroll - km: 28.14, world_offset: 1407.0
17:10:49 - Scroll - km: 28.26, world_offset: 1412.9
17:10:49 - Scroll - km: 28.40, world_offset: 1419.8
17:10:49 - Scroll - km: 28.54, world_offset: 1427.2
17:10:49 - Scroll - km: 28.69, world_offset: 1434.6
17:10:49 - Scroll - km: 28.84, world_offset: 1441.9
17:10:49 - Scroll - km: 28.97, world_offset: 1448.7
17:10:49 - Scroll - km: 29.10, world_offset: 1455.1
17:10:49 - Scroll - km: 29.22, world_offset: 1460.9
17:10:49 - Scroll - km: 29.32, world_offset: 1466.0
17:10:49 - Scroll - km: 29.41, world_offset: 1470.4
17:10:49 - Scroll - km: 29.48, world_offset: 1474.1
17:10:49 - Scroll - km: 29.54, world_offset: 1477.1
17:10:50 - Scroll - km: 29.59, world_offset: 1479.3
17:10:50 - Scroll - km: 29.61, world_offset: 1480.7
17:10:50 - Scroll - km: 29.63, world_offset: 1481.3
17:10:50 - Collisione con piattaforma 23 - Tipo: 2 - plat_top(screen)=391.0
17:10:50 - Scroll - km: 29.65, world_offset: 1482.7
17:10:50 - Scroll - km: 29.74, world_offset: 1486.9
17:10:50 - Scroll - km: 29.86, world_offset: 1492.8
17:10:50 - Scroll - km: 29.99, world_offset: 1499.7
17:10:50 - Scroll - km: 30.14, world_offset: 1507.1
17:10:50 - Scroll - km: 30.29, world_offset: 1514.5
17:10:50 - Scroll - km: 30.44, world_offset: 1521.8
17:10:50 - Scroll - km: 30.57, world_offset: 1528.7
17:10:50 - Scroll - km: 30.70, world_offset: 1535.0
17:10:50 - Scroll - km: 30.82, world_offset: 1540.8
17:10:50 - Scroll - km: 30.92, world_offset: 1545.9
17:10:50 - Scroll - km: 31.01, world_offset: 1550.4
17:10:50 - Scroll - km: 31.08, world_offset: 1554.1
17:10:50 - Scroll - km: 31.14, world_offset: 1557.0
17:10:50 - Scroll - km: 31.18, world_offset: 1559.2
17:10:50 - Scroll - km: 31.21, world_offset: 1560.6
17:10:50 - Scroll - km: 31.22, world_offset: 1561.2
17:10:50 - Collisione con piattaforma 24 - Tipo: 2 - plat_top(screen)=391.0
17:10:50 - Scroll - km: 31.24, world_offset: 1562.0
17:10:50 - Scroll - km: 31.31, world_offset: 1565.7
17:10:50 - Scroll - km: 31.43, world_offset: 1571.3
17:10:50 - Scroll - km: 31.56, world_offset: 1578.0
17:10:50 - Scroll - km: 31.70, world_offset: 1585.2
17:10:50 - Scroll - km: 31.85, world_offset: 1592.6
17:10:50 - Scroll - km: 31.99, world_offset: 1599.7
17:10:50 - Scroll - km: 32.13, world_offset: 1606.6
17:10:50 - Scroll - km: 32.26, world_offset: 1612.9
17:10:50 - Scroll - km: 32.37, world_offset: 1618.6
17:10:50 - Scroll - km: 32.48, world_offset: 1623.8
17:10:50 - Scroll - km: 32.56, world_offset: 1628.2
17:10:50 - Scroll - km: 32.64, world_offset: 1631.9
17:10:50 - Scroll - km: 32.70, world_offset: 1634.8
17:10:50 - Scroll - km: 32.74, world_offset: 1637.0
17:10:50 - Scroll - km: 32.77, world_offset: 1638.4
17:10:51 - Scroll - km: 32.78, world_offset: 1639.0
17:10:51 - Collisione con piattaforma 24 - Tipo: 2 - plat_top(screen)=469.0
17:10:51 - Scroll - km: 32.78, world_offset: 1639.2
17:10:51 - Scroll - km: 32.80, world_offset: 1640.2
17:10:51 - Scroll - km: 32.83, world_offset: 1641.5
17:10:51 - Scroll - km: 32.86, world_offset: 1642.8
17:10:51 - Scroll - km: 32.88, world_offset: 1643.8
17:10:51 - Scroll - km: 32.89, world_offset: 1644.4
17:10:51 - Scroll - km: 32.89, world_offset: 1644.5
17:10:51 - Collisione con piattaforma 24 - Tipo: 2 - plat_top(screen)=474.0
17:10:52 - Scroll - km: 32.90, world_offset: 1644.8
17:10:52 - Scroll - km: 32.90, world_offset: 1645.1
17:10:52 - Scroll - km: 32.90, world_offset: 1645.2
17:10:53 - Collisione con piattaforma 14 - Tipo: 1 - plat_top(screen)=1275.0
17:10:53 - Collisione con piattaforma 14 - Tipo: 1 - plat_top(screen)=1275.0
17:10:54 - Collisione con piattaforma 14 - Tipo: 1 - plat_top(screen)=1275.0
17:10:54 - Collisione con piattaforma 14 - Tipo: 1 - plat_top(screen)=1275.0
17:10:55 - Collisione con piattaforma 14 - Tipo: 1 - plat_top(screen)=1275.0
17:10:56 - Collisione con piattaforma 14 - Tipo: 1 - plat_top(screen)=1275.0
17:10:56 - Collisione con piattaforma 14 - Tipo: 1 - plat_top(screen)=1275.0
17:10:57 - Collisione con piattaforma 14 - Tipo: 1 - plat_top(screen)=1275.0
17:10:57 - Collisione con piattaforma 14 - Tipo: 1 - plat_top(screen)=1275.0
