10:11:39 - [INPUT] KEYDOWN key=return code=13 state=MENU
10:11:39 - \U0001f3ae Inizia nuova partita
10:11:39 - \U0001f504 Nuova partita iniziata!
10:11:39 - [INPUT] KEYUP key=return code=13 state=PLAYING
10:11:39 - [INPUT] KEYDOWN key=space code=32 state=PLAYING
10:11:40 - [INPUT] KEYUP key=space code=32 state=PLAYING
10:11:40 - [INPUT] KEYDOWN key=space code=32 state=PLAYING
10:11:40 - [INPUT] KEYUP key=space code=32 state=PLAYING
10:11:40 - [INPUT] KEYDOWN key=space code=32 state=PLAYING
10:11:40 - [INPUT] KEYUP key=space code=32 state=PLAYING
10:11:40 - [INPUT] KEYDOWN key=space code=32 state=PLAYING
10:11:40 - [INPUT] KEYDOWN key=left code=1073741904 state=PLAYING
10:11:40 - [INPUT] KEYUP key=space code=32 state=PLAYING
10:11:40 - [INPUT] KEYUP key=left code=1073741904 state=PLAYING
10:11:40 - [INPUT] KEYDOWN key=space code=32 state=PLAYING
10:11:40 - [INPUT] KEYUP key=space code=32 state=PLAYING
10:11:41 - [INPUT] KEYDOWN key=space code=32 state=PLAYING
10:11:41 - [INPUT] KEYUP key=space code=32 state=PLAYING
10:11:41 - [INPUT] KEYDOWN key=space code=32 state=PLAYING
10:11:41 - [INPUT] KEYUP key=space code=32 state=PLAYING
10:11:41 - [INPUT] KEYDOWN key=space code=32 state=PLAYING
10:11:41 - [INPUT] KEYUP key=space code=32 state=PLAYING
10:11:41 - [INPUT] KEYDOWN key=space code=32 state=PLAYING
10:11:41 - [INPUT] KEYUP key=space code=32 state=PLAYING
10:11:41 - [INPUT] KEYDOWN key=space code=32 state=PLAYING
10:11:42 - [INPUT] KEYUP key=space code=32 state=PLAYING
10:11:42 - [INPUT] KEYDOWN key=space code=32 state=PLAYING
10:11:42 - [INPUT] KEYUP key=space code=32 state=PLAYING
10:11:42 - [INPUT] KEYDOWN key=space code=32 state=PLAYING
10:11:42 - [INPUT] KEYDOWN key=right code=1073741903 state=PLAYING
10:11:42 - [INPUT] KEYUP key=space code=32 state=PLAYING
10:11:42 - [INPUT] KEYUP key=right code=1073741903 state=PLAYING
10:11:42 - [INPUT] KEYDOWN key=right code=1073741903 state=PLAYING
10:11:42 - [INPUT] KEYUP key=right code=1073741903 state=PLAYING
10:11:43 - [INPUT] KEYDOWN key=left code=1073741904 state=PLAYING
10:11:43 - [INPUT] KEYUP key=left code=1073741904 state=PLAYING
10:11:44 - [INPUT] KEYDOWN key=left code=1073741904 state=PLAYING
10:11:44 - [INPUT] KEYUP key=left code=1073741904 state=PLAYING
10:11:44 - [INPUT] KEYDOWN key=right code=1073741903 state=PLAYING
10:11:44 - [INPUT] KEYUP key=right code=1073741903 state=PLAYING
10:11:44 - [INPUT] KEYDOWN key=left code=1073741904 state=PLAYING
10:11:45 - [INPUT] KEYUP key=left code=1073741904 state=PLAYING
10:11:45 - [INPUT] KEYDOWN key=right code=1073741903 state=PLAYING
10:11:46 - [INPUT] KEYUP key=right code=1073741903 state=PLAYING
10:11:46 - [INPUT] KEYDOWN key=left code=1073741904 state=PLAYING
10:11:46 - [INPUT] KEYUP key=left code=1073741904 state=PLAYING
10:11:46 - [INPUT] KEYDOWN key=space code=32 state=PLAYING
10:11:46 - [INPUT] KEYUP key=space code=32 state=PLAYING
10:11:46 - [INPUT] KEYDOWN key=space code=32 state=PLAYING
10:11:47 - [INPUT] KEYUP key=space code=32 state=PLAYING
10:11:47 - [INPUT] KEYDOWN key=space code=32 state=PLAYING
10:11:47 - [INPUT] KEYUP key=space code=32 state=PLAYING
10:11:47 - [INPUT] KEYDOWN key=space code=32 state=PLAYING
10:11:47 - [INPUT] KEYDOWN key=left code=1073741904 state=PLAYING
10:11:47 - [INPUT] KEYUP key=space code=32 state=PLAYING
10:11:47 - [INPUT] KEYUP key=left code=1073741904 state=PLAYING
10:11:47 - [INPUT] KEYDOWN key=space code=32 state=PLAYING
10:11:47 - [INPUT] KEYUP key=space code=32 state=PLAYING
10:11:47 - [INPUT] KEYDOWN key=left code=1073741904 state=PLAYING
10:11:47 - [INPUT] KEYUP key=left code=1073741904 state=PLAYING
10:11:48 - [INPUT] KEYDOWN key=space code=32 state=PLAYING
10:11:48 - [INPUT] KEYUP key=space code=32 state=PLAYING
10:11:48 - [INPUT] KEYDOWN key=space code=32 state=PLAYING
10:11:48 - [INPUT] KEYUP key=space code=32 state=PLAYING
10:11:48 - [INPUT] KEYDOWN key=space code=32 state=PLAYING
10:11:48 - [INPUT] KEYUP key=space code=32 state=PLAYING
10:11:48 - [INPUT] KEYDOWN key=space code=32 state=PLAYING
10:11:48 - [INPUT] KEYUP key=space code=32 state=PLAYING
10:11:50 - [INPUT] KEYDOWN key=left code=1073741904 state=PLAYING
10:11:50 - [INPUT] KEYUP key=left code=1073741904 state=PLAYING
10:11:50 - [INPUT] KEYDOWN key=left code=1073741904 state=PLAYING
10:11:51 - [INPUT] KEYUP key=left code=1073741904 state=PLAYING
10:11:51 - [INPUT] KEYDOWN key=space code=32 state=PLAYING
10:11:51 - [INPUT] KEYDOWN key=left code=1073741904 state=PLAYING
10:11:51 - [INPUT] KEYUP key=space code=32 state=PLAYING
10:11:51 - [INPUT] KEYDOWN key=space code=32 state=PLAYING
10:11:51 - [INPUT] KEYUP key=left code=1073741904 state=PLAYING
10:11:51 - [INPUT] KEYUP key=space code=32 state=PLAYING
10:11:51 - [INPUT] KEYDOWN key=left code=1073741904 state=PLAYING
10:11:51 - [INPUT] KEYDOWN key=space code=32 state=PLAYING
10:11:51 - [INPUT] KEYUP key=space code=32 state=PLAYING
10:11:51 - [INPUT] KEYDOWN key=space code=32 state=PLAYING
10:11:52 - [INPUT] KEYUP key=left code=1073741904 state=PLAYING
10:11:52 - [INPUT] KEYUP key=space code=32 state=PLAYING
10:11:52 - [INPUT] KEYDOWN key=space code=32 state=PLAYING
10:11:52 - [INPUT] KEYUP key=space code=32 state=PLAYING
10:11:53 - [INPUT] KEYDOWN key=space code=32 state=PLAYING
10:11:53 - [INPUT] KEYUP key=space code=32 state=PLAYING
10:11:53 - [INPUT] KEYDOWN key=space code=32 state=PLAYING
10:11:53 - [INPUT] KEYUP key=space code=32 state=PLAYING
10:11:53 - [INPUT] KEYDOWN key=space code=32 state=PLAYING
10:11:53 - [INPUT] KEYUP key=space code=32 state=PLAYING
10:11:53 - [INPUT] KEYDOWN key=space code=32 state=PLAYING
10:11:54 - [INPUT] KEYUP key=space code=32 state=PLAYING
10:11:54 - [INPUT] KEYDOWN key=space code=32 state=PLAYING
10:11:54 - [INPUT] KEYUP key=space code=32 state=PLAYING
10:11:54 - [INPUT] KEYDOWN key=space code=32 state=PLAYING
10:11:54 - [INPUT] KEYUP key=space code=32 state=PLAYING
10:11:54 - [INPUT] KEYDOWN key=space code=32 state=PLAYING
10:11:54 - [INPUT] KEYUP key=space code=32 state=PLAYING
10:11:54 - [INPUT] KEYDOWN key=right code=1073741903 state=PLAYING
10:11:55 - [INPUT] KEYUP key=right code=1073741903 state=PLAYING
10:11:55 - [INPUT] KEYDOWN key=space code=32 state=PLAYING
10:11:55 - [INPUT] KEYUP key=space code=32 state=PLAYING
10:11:55 - [INPUT] KEYDOWN key=left code=1073741904 state=PLAYING
10:11:55 - [INPUT] KEYUP key=left code=1073741904 state=PLAYING
10:11:55 - [INPUT] KEYDOWN key=space code=32 state=PLAYING
10:11:55 - [INPUT] KEYDOWN key=left code=1073741904 state=PLAYING
10:11:55 - [INPUT] KEYUP key=space code=32 state=PLAYING
10:11:55 - [INPUT] KEYUP key=left code=1073741904 state=PLAYING
10:11:56 - [INPUT] KEYDOWN key=right code=1073741903 state=PLAYING
10:11:56 - [INPUT] KEYUP key=right code=1073741903 state=PLAYING
10:11:56 - [INPUT] KEYDOWN key=space code=32 state=PLAYING
10:11:57 - [INPUT] KEYUP key=space code=32 state=PLAYING
10:11:57 - [INPUT] KEYDOWN key=space code=32 state=PLAYING
10:11:57 - [INPUT] KEYUP key=space code=32 state=PLAYING
10:11:57 - [INPUT] KEYDOWN key=space code=32 state=PLAYING
10:11:57 - [INPUT] KEYUP key=space code=32 state=PLAYING
10:11:57 - [INPUT] KEYDOWN key=space code=32 state=PLAYING
10:11:57 - [INPUT] KEYUP key=space code=32 state=PLAYING
10:11:57 - [INPUT] KEYDOWN key=space code=32 state=PLAYING
10:11:58 - [INPUT] KEYUP key=space code=32 state=PLAYING
