16:36:46 - Creata piattaforma a x=250, y=750, livello=Mantello
16:36:46 - Creata piattaforma a x=448, y=670, livello=Mantello
16:36:46 - Creata piattaforma a x=60, y=590, livello=Mantello
16:36:46 - Creata piattaforma a x=363, y=510, livello=Mantello
16:36:46 - Creata piattaforma a x=273, y=430, livello=Mantello
16:36:46 - Creata piattaforma a x=149, y=350, livello=Mantello
16:36:46 - Creata piattaforma a x=392, y=270, livello=Mantello
16:36:46 - Creata piattaforma a x=67, y=190, livello=Mantello
16:36:46 - Creata piattaforma a x=70, y=110, livello=Mantello
16:36:46 - Creata piattaforma a x=412, y=30, livello=Mantello
16:36:46 - Creata piattaforma a x=405, y=-50, livello=Crosta Terrestre
16:36:46 - Creata piattaforma a x=450, y=-130, livello=Crosta Terrestre
16:36:46 - Creata piattaforma a x=218, y=-210, livello=Crosta Terrestre
16:36:46 - Creata piattaforma a x=184, y=-290, livello=Crosta Terrestre
16:36:46 - Creata piattaforma a x=114, y=-370, livello=Crosta Terrestre
16:36:46 - Creata piattaforma a x=439, y=-450, livello=Crosta Terrestre
16:36:46 - Creata piattaforma a x=195, y=-530, livello=Crosta Terrestre
16:36:46 - Creata piattaforma a x=146, y=-610, livello=Crosta Terrestre
16:36:46 - Creata piattaforma a x=383, y=-690, livello=Crosta Terrestre
16:36:46 - Creata piattaforma a x=63, y=-770, livello=Vulcano
16:36:46 - Creata piattaforma a x=386, y=-850, livello=Vulcano
16:36:46 - Creata piattaforma a x=124, y=-930, livello=Vulcano
16:36:46 - Creata piattaforma a x=369, y=-1010, livello=Vulcano
16:36:46 - Creata piattaforma a x=437, y=-1090, livello=Vulcano
16:36:46 - Creata piattaforma a x=386, y=-1170, livello=Vulcano
16:36:46 - Creata piattaforma a x=450, y=-1250, livello=Vulcano
16:36:46 - Creata piattaforma a x=129, y=-1330, livello=Vulcano
16:36:46 - Creata piattaforma a x=57, y=-1410, livello=Vulcano
16:36:46 - Creata piattaforma a x=403, y=-1490, livello=Vulcano
16:36:46 - Creata piattaforma a x=386, y=-1570, livello=Vulcano
16:36:46 - Creata piattaforma a x=340, y=-1650, livello=Vulcano
16:36:46 - Creata piattaforma a x=165, y=-1730, livello=Vulcano
16:36:46 - Creata piattaforma a x=50, y=-1810, livello=Vulcano
16:36:46 - Creata piattaforma a x=426, y=-1890, livello=Vulcano
16:36:46 - Creata piattaforma a x=135, y=-1970, livello=Vulcano
16:36:46 - Creata piattaforma a x=262, y=-2050, livello=Vulcano
16:36:46 - Creata piattaforma a x=336, y=-2130, livello=Vulcano
16:36:46 - Creata piattaforma a x=420, y=-2210, livello=Vulcano
16:36:46 - Creata piattaforma a x=439, y=-2290, livello=Vulcano
16:36:46 - Creata piattaforma a x=238, y=-2370, livello=Vulcano
16:36:46 - Creata piattaforma a x=187, y=-2450, livello=Vulcano
16:36:46 - Creata piattaforma a x=404, y=-2530, livello=Vulcano
16:36:46 - Creata piattaforma a x=163, y=-2610, livello=Vulcano
16:36:46 - Creata piattaforma a x=282, y=-2690, livello=Vulcano
16:36:46 - Creata piattaforma a x=167, y=-2770, livello=Vulcano
16:36:46 - Creata piattaforma a x=308, y=-2850, livello=Vulcano
16:36:46 - Creata piattaforma a x=412, y=-2930, livello=Vulcano
16:36:46 - Creata piattaforma a x=416, y=-3010, livello=Vulcano
16:36:46 - Creata piattaforma a x=193, y=-3090, livello=Vulcano
16:36:46 - Creata piattaforma a x=352, y=-3170, livello=Vulcano
16:36:46 - Creata piattaforma a x=401, y=-3250, livello=Vulcano
16:36:46 - Creata piattaforma a x=409, y=-3330, livello=Vulcano
16:36:46 - Creata piattaforma a x=417, y=-3410, livello=Vulcano
16:36:46 - Creata piattaforma a x=144, y=-3490, livello=Vulcano
16:36:46 - Creata piattaforma a x=279, y=-3570, livello=Vulcano
16:36:46 - Creata piattaforma a x=194, y=-3650, livello=Vulcano
16:36:46 - Creata piattaforma a x=419, y=-3730, livello=Vulcano
16:36:46 - Creata piattaforma a x=446, y=-3810, livello=Vulcano
16:36:46 - Creata piattaforma a x=107, y=-3890, livello=Vulcano
16:36:46 - Creata piattaforma a x=249, y=-3970, livello=Vulcano
16:36:46 - Creata piattaforma a x=234, y=-4050, livello=Vulcano
16:36:46 - Creata piattaforma a x=119, y=-4130, livello=Vulcano
16:36:46 - Creata piattaforma a x=221, y=-4210, livello=Vulcano
16:36:46 - Creata piattaforma a x=372, y=-4290, livello=Vulcano
16:36:46 - Creata piattaforma a x=431, y=-4370, livello=Vulcano
16:36:46 - Creata piattaforma a x=335, y=-4450, livello=Vulcano
16:36:46 - Generate 66 piattaforme, 9 power-ups, 16 collectibles, 16 nemici
16:36:48 - Creata piattaforma a x=250, y=750, livello=Mantello
16:36:48 - Creata piattaforma a x=270, y=670, livello=Mantello
16:36:48 - Creata piattaforma a x=69, y=590, livello=Mantello
16:36:48 - Creata piattaforma a x=400, y=510, livello=Mantello
16:36:48 - Creata piattaforma a x=430, y=430, livello=Mantello
16:36:48 - Creata piattaforma a x=239, y=350, livello=Mantello
16:36:48 - Creata piattaforma a x=168, y=270, livello=Mantello
16:36:48 - Creata piattaforma a x=410, y=190, livello=Mantello
16:36:48 - Creata piattaforma a x=76, y=110, livello=Mantello
16:36:48 - Creata piattaforma a x=133, y=30, livello=Mantello
16:36:48 - Creata piattaforma a x=179, y=-50, livello=Crosta Terrestre
16:36:48 - Creata piattaforma a x=232, y=-130, livello=Crosta Terrestre
16:36:48 - Creata piattaforma a x=419, y=-210, livello=Crosta Terrestre
16:36:48 - Creata piattaforma a x=89, y=-290, livello=Crosta Terrestre
16:36:48 - Creata piattaforma a x=283, y=-370, livello=Crosta Terrestre
16:36:48 - Creata piattaforma a x=439, y=-450, livello=Crosta Terrestre
16:36:48 - Creata piattaforma a x=261, y=-530, livello=Crosta Terrestre
16:36:48 - Creata piattaforma a x=149, y=-610, livello=Crosta Terrestre
16:36:48 - Creata piattaforma a x=180, y=-690, livello=Crosta Terrestre
16:36:48 - Creata piattaforma a x=192, y=-770, livello=Vulcano
16:36:48 - Creata piattaforma a x=291, y=-850, livello=Vulcano
16:36:48 - Creata piattaforma a x=449, y=-930, livello=Vulcano
16:36:48 - Creata piattaforma a x=124, y=-1010, livello=Vulcano
16:36:48 - Creata piattaforma a x=241, y=-1090, livello=Vulcano
16:36:48 - Creata piattaforma a x=118, y=-1170, livello=Vulcano
16:36:48 - Creata piattaforma a x=116, y=-1250, livello=Vulcano
16:36:48 - Creata piattaforma a x=64, y=-1330, livello=Vulcano
16:36:48 - Creata piattaforma a x=302, y=-1410, livello=Vulcano
16:36:48 - Creata piattaforma a x=420, y=-1490, livello=Vulcano
16:36:48 - Creata piattaforma a x=406, y=-1570, livello=Vulcano
16:36:48 - Creata piattaforma a x=185, y=-1650, livello=Vulcano
16:36:48 - Creata piattaforma a x=221, y=-1730, livello=Vulcano
16:36:48 - Creata piattaforma a x=130, y=-1810, livello=Vulcano
16:36:48 - Creata piattaforma a x=166, y=-1890, livello=Vulcano
16:36:48 - Creata piattaforma a x=370, y=-1970, livello=Vulcano
16:36:48 - Creata piattaforma a x=401, y=-2050, livello=Vulcano
16:36:48 - Creata piattaforma a x=338, y=-2130, livello=Vulcano
16:36:48 - Creata piattaforma a x=447, y=-2210, livello=Vulcano
16:36:48 - Creata piattaforma a x=94, y=-2290, livello=Vulcano
16:36:48 - Creata piattaforma a x=326, y=-2370, livello=Vulcano
16:36:48 - Creata piattaforma a x=266, y=-2450, livello=Vulcano
16:36:48 - Creata piattaforma a x=433, y=-2530, livello=Vulcano
16:36:48 - Creata piattaforma a x=93, y=-2610, livello=Vulcano
16:36:48 - Creata piattaforma a x=424, y=-2690, livello=Vulcano
16:36:48 - Creata piattaforma a x=200, y=-2770, livello=Vulcano
16:36:48 - Creata piattaforma a x=403, y=-2850, livello=Vulcano
16:36:48 - Creata piattaforma a x=410, y=-2930, livello=Vulcano
16:36:48 - Creata piattaforma a x=416, y=-3010, livello=Vulcano
16:36:48 - Creata piattaforma a x=421, y=-3090, livello=Vulcano
16:36:48 - Creata piattaforma a x=345, y=-3170, livello=Vulcano
16:36:48 - Creata piattaforma a x=420, y=-3250, livello=Vulcano
16:36:48 - Creata piattaforma a x=412, y=-3330, livello=Vulcano
16:36:48 - Creata piattaforma a x=128, y=-3410, livello=Vulcano
16:36:48 - Creata piattaforma a x=448, y=-3490, livello=Vulcano
16:36:48 - Creata piattaforma a x=192, y=-3570, livello=Vulcano
16:36:48 - Creata piattaforma a x=290, y=-3650, livello=Vulcano
16:36:48 - Creata piattaforma a x=405, y=-3730, livello=Vulcano
16:36:48 - Creata piattaforma a x=86, y=-3810, livello=Vulcano
16:36:48 - Creata piattaforma a x=425, y=-3890, livello=Vulcano
16:36:48 - Creata piattaforma a x=415, y=-3970, livello=Vulcano
16:36:48 - Creata piattaforma a x=404, y=-4050, livello=Vulcano
16:36:48 - Creata piattaforma a x=394, y=-4130, livello=Vulcano
16:36:48 - Creata piattaforma a x=124, y=-4210, livello=Vulcano
16:36:48 - Creata piattaforma a x=444, y=-4290, livello=Vulcano
16:36:48 - Creata piattaforma a x=314, y=-4370, livello=Vulcano
16:36:48 - Creata piattaforma a x=399, y=-4450, livello=Vulcano
16:36:48 - Generate 66 piattaforme, 8 power-ups, 15 collectibles, 13 nemici
16:36:48 - Gioco resettato - Player posizionato a x=300, y=718
16:36:48 - Collisione con piattaforma 0 - Tipo: 0 - plat_top(screen)=750.0
16:36:48 - Collisione con piattaforma 1 - Tipo: 0 - plat_top(screen)=670.0
16:36:49 - Collisione con piattaforma 1 - Tipo: 0 - plat_top(screen)=670.0
16:36:49 - Collisione con piattaforma 1 - Tipo: 0 - plat_top(screen)=670.0
16:36:50 - Collisione con piattaforma 2 - Tipo: 0 - plat_top(screen)=590.0
16:36:50 - Collisione con piattaforma 2 - Tipo: 0 - plat_top(screen)=590.0
16:36:51 - Collisione con piattaforma 3 - Tipo: 0 - plat_top(screen)=510.0
16:36:51 - Collisione con piattaforma 4 - Tipo: 0 - plat_top(screen)=430.0
16:36:51 - Scroll - km: 0.01, world_offset: 0.6
16:36:51 - Scroll - km: 0.07, world_offset: 3.3
16:36:51 - Scroll - km: 0.14, world_offset: 7.2
16:36:51 - Scroll - km: 0.23, world_offset: 11.7
16:36:51 - Scroll - km: 0.33, world_offset: 16.5
16:36:51 - Scroll - km: 0.42, world_offset: 21.1
16:36:51 - Scroll - km: 0.51, world_offset: 25.5
16:36:51 - Scroll - km: 0.59, world_offset: 29.3
16:36:51 - Scroll - km: 0.65, world_offset: 32.6
16:36:51 - Scroll - km: 0.71, world_offset: 35.3
16:36:51 - Scroll - km: 0.75, world_offset: 37.3
16:36:51 - Scroll - km: 0.77, world_offset: 38.6
16:36:51 - Scroll - km: 0.78, world_offset: 39.1
16:36:52 - Collisione con piattaforma 5 - Tipo: 0 - plat_top(screen)=389.0
16:36:52 - Scroll - km: 0.82, world_offset: 40.8
16:36:52 - Scroll - km: 0.90, world_offset: 45.2
16:36:52 - Scroll - km: 1.03, world_offset: 51.3
16:36:52 - Scroll - km: 1.17, world_offset: 58.4
16:36:52 - Scroll - km: 1.32, world_offset: 65.8
16:36:52 - Scroll - km: 1.47, world_offset: 73.3
16:36:52 - Scroll - km: 1.61, world_offset: 80.6
16:36:52 - Scroll - km: 1.75, world_offset: 87.5
16:36:52 - Scroll - km: 1.88, world_offset: 93.9
16:36:52 - Scroll - km: 1.99, world_offset: 99.7
16:36:52 - Scroll - km: 2.10, world_offset: 104.8
16:36:52 - Scroll - km: 2.18, world_offset: 109.2
16:36:52 - Scroll - km: 2.26, world_offset: 112.9
16:36:52 - Scroll - km: 2.32, world_offset: 115.9
16:36:52 - Scroll - km: 2.36, world_offset: 118.1
16:36:52 - Scroll - km: 2.39, world_offset: 119.5
16:36:52 - Scroll - km: 2.40, world_offset: 120.1
16:36:52 - Collisione con piattaforma 6 - Tipo: 0 - plat_top(screen)=390.0
16:36:52 - Scroll - km: 2.43, world_offset: 121.4
16:36:52 - Scroll - km: 2.51, world_offset: 125.6
16:36:52 - Scroll - km: 2.63, world_offset: 131.5
16:36:52 - Scroll - km: 2.77, world_offset: 138.4
16:36:52 - Scroll - km: 2.91, world_offset: 145.7
16:36:52 - Scroll - km: 3.06, world_offset: 153.2
16:36:52 - Scroll - km: 3.21, world_offset: 160.4
16:36:52 - Scroll - km: 3.35, world_offset: 167.3
16:36:52 - Scroll - km: 3.47, world_offset: 173.6
16:36:52 - Scroll - km: 3.59, world_offset: 179.4
16:36:52 - Scroll - km: 3.69, world_offset: 184.5
16:36:52 - Scroll - km: 3.78, world_offset: 189.0
16:36:52 - Scroll - km: 3.85, world_offset: 192.7
16:36:52 - Scroll - km: 3.91, world_offset: 195.6
16:36:52 - Scroll - km: 3.96, world_offset: 197.8
16:36:52 - Scroll - km: 3.98, world_offset: 199.2
16:36:52 - Scroll - km: 4.00, world_offset: 199.8
16:36:53 - Collisione con piattaforma 6 - Tipo: 0 - plat_top(screen)=470.0
16:36:53 - Scroll - km: 4.01, world_offset: 200.5
16:36:53 - Scroll - km: 4.03, world_offset: 201.7
16:36:53 - Scroll - km: 4.06, world_offset: 202.8
16:36:53 - Scroll - km: 4.07, world_offset: 203.7
16:36:53 - Scroll - km: 4.08, world_offset: 204.2
16:36:53 - Scroll - km: 4.08, world_offset: 204.2
16:36:53 - Collisione con piattaforma 6 - Tipo: 0 - plat_top(screen)=474.0
16:36:53 - Scroll - km: 4.09, world_offset: 204.4
16:36:53 - Scroll - km: 4.10, world_offset: 204.9
16:36:53 - Scroll - km: 4.11, world_offset: 205.3
16:36:53 - Scroll - km: 4.11, world_offset: 205.5
16:36:54 - Collisione con piattaforma 7 - Tipo: 0 - plat_top(screen)=396.0
16:36:54 - Scroll - km: 4.17, world_offset: 208.4
16:36:54 - Scroll - km: 4.27, world_offset: 213.5
16:36:54 - Scroll - km: 4.40, world_offset: 219.8
16:36:54 - Scroll - km: 4.53, world_offset: 226.7
16:36:54 - Scroll - km: 4.68, world_offset: 233.8
16:36:54 - Scroll - km: 4.82, world_offset: 240.8
16:36:54 - Scroll - km: 4.95, world_offset: 247.6
16:36:54 - Scroll - km: 5.08, world_offset: 253.8
16:36:54 - Scroll - km: 5.19, world_offset: 259.5
16:36:54 - Scroll - km: 5.29, world_offset: 264.6
16:36:54 - Scroll - km: 5.38, world_offset: 269.0
16:36:54 - Scroll - km: 5.45, world_offset: 272.7
16:36:54 - Scroll - km: 5.51, world_offset: 275.6
16:36:54 - Scroll - km: 5.56, world_offset: 277.8
16:36:54 - Scroll - km: 5.58, world_offset: 279.2
16:36:54 - Scroll - km: 5.60, world_offset: 279.8
16:36:54 - Collisione con piattaforma 7 - Tipo: 0 - plat_top(screen)=470.0
16:36:54 - Scroll - km: 5.61, world_offset: 280.5
16:36:54 - Scroll - km: 5.63, world_offset: 281.6
16:36:54 - Scroll - km: 5.66, world_offset: 282.8
16:36:54 - Scroll - km: 5.67, world_offset: 283.7
16:36:54 - Scroll - km: 5.68, world_offset: 284.2
16:36:54 - Scroll - km: 5.68, world_offset: 284.2
16:36:55 - Collisione con piattaforma 8 - Tipo: 0 - plat_top(screen)=394.0
16:36:55 - Scroll - km: 5.71, world_offset: 285.4
16:36:55 - Scroll - km: 5.79, world_offset: 289.5
16:36:55 - Scroll - km: 5.91, world_offset: 295.4
16:36:55 - Scroll - km: 6.04, world_offset: 302.2
16:36:55 - Scroll - km: 6.19, world_offset: 309.5
16:36:55 - Scroll - km: 6.34, world_offset: 317.0
16:36:55 - Scroll - km: 6.48, world_offset: 324.2
16:36:55 - Scroll - km: 6.62, world_offset: 331.0
16:36:55 - Scroll - km: 6.75, world_offset: 337.4
16:36:55 - Scroll - km: 6.86, world_offset: 343.2
16:36:55 - Scroll - km: 6.97, world_offset: 348.3
16:36:55 - Scroll - km: 7.05, world_offset: 352.7
16:36:55 - Scroll - km: 7.13, world_offset: 356.4
16:36:55 - Scroll - km: 7.19, world_offset: 359.4
16:36:55 - Scroll - km: 7.23, world_offset: 361.5
16:36:55 - Scroll - km: 7.26, world_offset: 362.9
16:36:55 - Scroll - km: 7.27, world_offset: 363.6
16:36:55 - Collisione con piattaforma 9 - Tipo: 0 - plat_top(screen)=394.0
16:36:55 - Scroll - km: 7.28, world_offset: 363.9
16:36:55 - Scroll - km: 7.35, world_offset: 367.3
16:36:55 - Scroll - km: 7.45, world_offset: 372.7
16:36:55 - Scroll - km: 7.59, world_offset: 379.3
16:36:55 - Scroll - km: 7.73, world_offset: 386.4
16:36:55 - Scroll - km: 7.87, world_offset: 393.6
16:36:55 - Scroll - km: 8.01, world_offset: 400.7
16:36:55 - Scroll - km: 8.15, world_offset: 407.5
16:36:55 - Scroll - km: 8.28, world_offset: 413.8
16:36:55 - Scroll - km: 8.39, world_offset: 419.6
16:36:55 - Scroll - km: 8.49, world_offset: 424.6
16:36:55 - Scroll - km: 8.58, world_offset: 429.1
16:36:55 - Scroll - km: 8.65, world_offset: 432.7
16:36:55 - Scroll - km: 8.71, world_offset: 435.7
16:36:55 - Scroll - km: 8.76, world_offset: 437.9
16:36:55 - Scroll - km: 8.79, world_offset: 439.3
16:36:55 - Scroll - km: 8.80, world_offset: 439.9
16:36:55 - Collisione con piattaforma 10 - Tipo: 1 - plat_top(screen)=390.0
16:36:55 - Scroll - km: 8.83, world_offset: 441.3
16:36:55 - Scroll - km: 8.91, world_offset: 445.5
16:36:55 - Scroll - km: 9.03, world_offset: 451.4
16:36:55 - Scroll - km: 9.17, world_offset: 458.3
16:36:55 - Scroll - km: 9.31, world_offset: 465.7
16:36:56 - Scroll - km: 9.46, world_offset: 473.1
16:36:56 - Scroll - km: 9.61, world_offset: 480.4
16:36:56 - Scroll - km: 9.75, world_offset: 487.3
16:36:56 - Scroll - km: 9.87, world_offset: 493.6
16:36:56 - Scroll - km: 9.99, world_offset: 499.4
16:36:56 - Scroll - km: 10.09, world_offset: 504.5
16:36:56 - Scroll - km: 10.18, world_offset: 509.0
16:36:56 - Scroll - km: 10.25, world_offset: 512.7
16:36:56 - Scroll - km: 10.31, world_offset: 515.6
16:36:56 - Scroll - km: 10.36, world_offset: 517.8
16:36:56 - Scroll - km: 10.38, world_offset: 519.2
16:36:56 - Scroll - km: 10.40, world_offset: 519.8
16:36:56 - Collisione con piattaforma 11 - Tipo: 1 - plat_top(screen)=390.0
16:36:56 - Scroll - km: 10.42, world_offset: 520.9
16:36:56 - Scroll - km: 10.50, world_offset: 524.9
16:36:56 - Scroll - km: 10.61, world_offset: 530.7
16:36:56 - Scroll - km: 10.75, world_offset: 537.5
16:36:56 - Scroll - km: 10.90, world_offset: 544.8
16:36:56 - Scroll - km: 11.04, world_offset: 552.2
16:36:56 - Scroll - km: 11.19, world_offset: 559.4
16:36:56 - Scroll - km: 11.32, world_offset: 566.2
16:36:56 - Scroll - km: 11.45, world_offset: 572.6
16:36:56 - Scroll - km: 11.57, world_offset: 578.4
16:36:56 - Scroll - km: 11.67, world_offset: 583.5
16:36:56 - Scroll - km: 11.76, world_offset: 587.9
16:36:56 - Scroll - km: 11.83, world_offset: 591.6
16:36:56 - Scroll - km: 11.89, world_offset: 594.5
16:36:56 - Scroll - km: 11.93, world_offset: 596.7
16:36:56 - Scroll - km: 11.96, world_offset: 598.1
16:36:56 - Scroll - km: 11.97, world_offset: 598.7
16:36:56 - Collisione con piattaforma 11 - Tipo: 1 - plat_top(screen)=469.0
16:36:57 - Scroll - km: 11.98, world_offset: 598.9
16:36:57 - Scroll - km: 12.00, world_offset: 599.9
16:36:57 - Scroll - km: 12.02, world_offset: 601.2
16:36:57 - Scroll - km: 12.05, world_offset: 602.5
16:36:57 - Scroll - km: 12.07, world_offset: 603.5
16:36:57 - Scroll - km: 12.08, world_offset: 604.1
16:36:57 - Scroll - km: 12.08, world_offset: 604.1
16:36:57 - Collisione con piattaforma 10 - Tipo: 1 - plat_top(screen)=554.0
16:36:57 - Collisione con piattaforma 11 - Tipo: 1 - plat_top(screen)=474.0
16:36:58 - Collisione con piattaforma 11 - Tipo: 1 - plat_top(screen)=474.0
16:36:58 - Scroll - km: 12.09, world_offset: 604.4
16:36:58 - Scroll - km: 12.10, world_offset: 604.9
16:36:58 - Scroll - km: 12.11, world_offset: 605.4
16:36:58 - Scroll - km: 12.11, world_offset: 605.6
16:36:58 - Collisione con piattaforma 12 - Tipo: 1 - plat_top(screen)=396.0
16:36:59 - Scroll - km: 12.17, world_offset: 608.6
16:36:59 - Scroll - km: 12.27, world_offset: 613.7
16:36:59 - Scroll - km: 12.40, world_offset: 620.0
16:36:59 - Scroll - km: 12.54, world_offset: 627.0
16:36:59 - Scroll - km: 12.68, world_offset: 634.1
16:36:59 - Scroll - km: 12.82, world_offset: 641.2
16:36:59 - Scroll - km: 12.96, world_offset: 647.9
16:36:59 - Scroll - km: 13.08, world_offset: 654.2
16:36:59 - Scroll - km: 13.20, world_offset: 659.9
16:36:59 - Scroll - km: 13.30, world_offset: 665.0
16:36:59 - Scroll - km: 13.39, world_offset: 669.4
16:36:59 - Scroll - km: 13.46, world_offset: 673.0
16:36:59 - Scroll - km: 13.52, world_offset: 676.0
16:36:59 - Scroll - km: 13.56, world_offset: 678.1
16:36:59 - Scroll - km: 13.59, world_offset: 679.5
16:36:59 - Scroll - km: 13.60, world_offset: 680.2
16:36:59 - Collisione con piattaforma 12 - Tipo: 1 - plat_top(screen)=470.0
16:36:59 - Scroll - km: 13.60, world_offset: 680.2
16:36:59 - Scroll - km: 13.62, world_offset: 681.1
16:36:59 - Scroll - km: 13.65, world_offset: 682.3
16:36:59 - Scroll - km: 13.67, world_offset: 683.5
16:36:59 - Scroll - km: 13.69, world_offset: 684.5
16:36:59 - Scroll - km: 13.70, world_offset: 685.1
16:36:59 - Scroll - km: 13.70, world_offset: 685.1
16:37:00 - Collisione con piattaforma 12 - Tipo: 1 - plat_top(screen)=475.0
16:37:00 - Scroll - km: 13.71, world_offset: 685.3
16:37:00 - Scroll - km: 13.71, world_offset: 685.7
16:37:00 - Scroll - km: 13.72, world_offset: 686.2
16:37:00 - Scroll - km: 13.73, world_offset: 686.4
16:37:00 - Collisione con piattaforma 12 - Tipo: 1 - plat_top(screen)=476.0
16:37:01 - Collisione con piattaforma 13 - Tipo: 1 - plat_top(screen)=396.0
16:37:01 - Scroll - km: 13.74, world_offset: 686.9
16:37:01 - Scroll - km: 13.81, world_offset: 690.5
16:37:01 - Scroll - km: 13.92, world_offset: 696.0
16:37:01 - Scroll - km: 14.05, world_offset: 702.7
16:37:01 - Scroll - km: 14.20, world_offset: 709.8
16:37:01 - Scroll - km: 14.34, world_offset: 717.1
16:37:01 - Scroll - km: 14.49, world_offset: 724.3
16:37:01 - Scroll - km: 14.62, world_offset: 731.1
16:37:01 - Scroll - km: 14.75, world_offset: 737.4
16:37:01 - Scroll - km: 14.86, world_offset: 743.1
16:37:01 - Scroll - km: 14.96, world_offset: 748.2
16:37:01 - Scroll - km: 15.05, world_offset: 752.6
16:37:01 - Scroll - km: 15.13, world_offset: 756.3
16:37:01 - Scroll - km: 15.19, world_offset: 759.3
16:37:01 - Scroll - km: 15.23, world_offset: 761.5
16:37:01 - Scroll - km: 15.26, world_offset: 762.9
16:37:01 - Scroll - km: 15.27, world_offset: 763.5
16:37:01 - Collisione con piattaforma 13 - Tipo: 1 - plat_top(screen)=473.0
16:37:01 - Scroll - km: 15.27, world_offset: 763.6
16:37:01 - Scroll - km: 15.29, world_offset: 764.3
16:37:01 - Scroll - km: 15.30, world_offset: 765.1
16:37:01 - Scroll - km: 15.32, world_offset: 765.8
16:37:01 - Scroll - km: 15.32, world_offset: 766.2
16:37:02 - Collisione con piattaforma 14 - Tipo: 1 - plat_top(screen)=396.0
16:37:02 - Scroll - km: 15.39, world_offset: 769.3
16:37:02 - Scroll - km: 15.49, world_offset: 774.4
16:37:02 - Scroll - km: 15.61, world_offset: 780.7
16:37:02 - Scroll - km: 15.75, world_offset: 787.7
16:37:02 - Scroll - km: 15.90, world_offset: 794.8
16:37:02 - Scroll - km: 16.04, world_offset: 801.9
16:37:02 - Scroll - km: 16.17, world_offset: 808.6
16:37:02 - Scroll - km: 16.30, world_offset: 814.9
16:37:02 - Scroll - km: 16.41, world_offset: 820.6
16:37:02 - Scroll - km: 16.51, world_offset: 825.7
16:37:02 - Scroll - km: 16.60, world_offset: 830.1
16:37:02 - Scroll - km: 16.67, world_offset: 833.7
16:37:02 - Scroll - km: 16.73, world_offset: 836.7
16:37:02 - Scroll - km: 16.78, world_offset: 838.9
16:37:02 - Scroll - km: 16.81, world_offset: 840.3
16:37:02 - Scroll - km: 16.82, world_offset: 840.9
16:37:02 - Collisione con piattaforma 15 - Tipo: 1 - plat_top(screen)=391.0
16:37:02 - Scroll - km: 16.85, world_offset: 842.6
16:37:02 - Scroll - km: 16.94, world_offset: 847.1
16:37:02 - Scroll - km: 17.06, world_offset: 853.2
16:37:02 - Scroll - km: 17.21, world_offset: 860.3
16:37:02 - Scroll - km: 17.35, world_offset: 867.7
16:37:02 - Scroll - km: 17.50, world_offset: 875.2
16:37:02 - Scroll - km: 17.65, world_offset: 882.5
16:37:02 - Scroll - km: 17.79, world_offset: 889.4
16:37:02 - Scroll - km: 17.92, world_offset: 895.8
16:37:02 - Scroll - km: 18.03, world_offset: 901.6
16:37:02 - Scroll - km: 18.13, world_offset: 906.7
16:37:02 - Scroll - km: 18.22, world_offset: 911.2
16:37:02 - Scroll - km: 18.30, world_offset: 914.9
16:37:02 - Scroll - km: 18.36, world_offset: 917.8
16:37:02 - Scroll - km: 18.40, world_offset: 920.0
16:37:02 - Scroll - km: 18.43, world_offset: 921.4
16:37:02 - Scroll - km: 18.44, world_offset: 922.1
16:37:03 - Collisione con piattaforma 15 - Tipo: 1 - plat_top(screen)=472.0
16:37:03 - Scroll - km: 18.45, world_offset: 922.3
16:37:03 - Scroll - km: 18.46, world_offset: 923.0
16:37:03 - Scroll - km: 18.48, world_offset: 923.9
16:37:03 - Scroll - km: 18.49, world_offset: 924.6
16:37:03 - Scroll - km: 18.50, world_offset: 925.0
16:37:03 - Collisione con piattaforma 16 - Tipo: 1 - plat_top(screen)=395.0
16:37:03 - Scroll - km: 18.50, world_offset: 925.2
16:37:03 - Scroll - km: 18.57, world_offset: 928.6
16:37:03 - Scroll - km: 18.68, world_offset: 934.0
16:37:03 - Scroll - km: 18.81, world_offset: 940.5
16:37:03 - Scroll - km: 18.95, world_offset: 947.6
16:37:03 - Scroll - km: 19.10, world_offset: 954.8
16:37:03 - Scroll - km: 19.24, world_offset: 962.0
16:37:03 - Scroll - km: 19.37, world_offset: 968.7
16:37:03 - Scroll - km: 19.50, world_offset: 975.0
16:37:03 - Scroll - km: 19.62, world_offset: 980.8
16:37:03 - Scroll - km: 19.72, world_offset: 985.9
16:37:03 - Scroll - km: 19.81, world_offset: 990.3
16:37:03 - Scroll - km: 19.88, world_offset: 993.9
16:37:03 - Scroll - km: 19.94, world_offset: 996.9
16:37:03 - Scroll - km: 19.98, world_offset: 999.1
16:37:03 - Scroll - km: 20.01, world_offset: 1000.5
16:37:03 - Scroll - km: 20.02, world_offset: 1001.1
16:37:03 - Collisione con piattaforma 17 - Tipo: 1 - plat_top(screen)=391.0
16:37:03 - Scroll - km: 20.05, world_offset: 1002.3
16:37:04 - Scroll - km: 20.13, world_offset: 1006.4
16:37:04 - Scroll - km: 20.24, world_offset: 1012.2
16:37:04 - Scroll - km: 20.38, world_offset: 1019.1
16:37:04 - Scroll - km: 20.53, world_offset: 1026.4
16:37:04 - Scroll - km: 20.68, world_offset: 1033.8
16:37:04 - Scroll - km: 20.82, world_offset: 1041.1
16:37:04 - Scroll - km: 20.96, world_offset: 1047.9
16:37:04 - Scroll - km: 21.09, world_offset: 1054.3
16:37:04 - Scroll - km: 21.20, world_offset: 1060.1
16:37:04 - Scroll - km: 21.30, world_offset: 1065.2
16:37:04 - Scroll - km: 21.39, world_offset: 1069.6
16:37:04 - Scroll - km: 21.47, world_offset: 1073.3
16:37:04 - Scroll - km: 21.53, world_offset: 1076.3
16:37:04 - Scroll - km: 21.57, world_offset: 1078.4
16:37:04 - Scroll - km: 21.60, world_offset: 1079.8
16:37:04 - Scroll - km: 21.61, world_offset: 1080.5
16:37:04 - Collisione con piattaforma 18 - Tipo: 1 - plat_top(screen)=390.0
16:37:04 - Scroll - km: 21.63, world_offset: 1081.4
16:37:04 - Scroll - km: 21.70, world_offset: 1085.2
16:37:04 - Scroll - km: 21.82, world_offset: 1090.9
16:37:04 - Scroll - km: 21.95, world_offset: 1097.7
16:37:04 - Scroll - km: 22.10, world_offset: 1104.9
16:37:04 - Scroll - km: 22.25, world_offset: 1112.3
16:37:04 - Scroll - km: 22.39, world_offset: 1119.5
16:37:04 - Scroll - km: 22.53, world_offset: 1126.3
16:37:04 - Scroll - km: 22.65, world_offset: 1132.6
16:37:04 - Scroll - km: 22.77, world_offset: 1138.4
16:37:04 - Scroll - km: 22.87, world_offset: 1143.5
16:37:04 - Scroll - km: 22.96, world_offset: 1147.9
16:37:04 - Scroll - km: 23.03, world_offset: 1151.6
16:37:04 - Scroll - km: 23.09, world_offset: 1154.6
16:37:04 - Scroll - km: 23.13, world_offset: 1156.7
16:37:04 - Scroll - km: 23.16, world_offset: 1158.2
16:37:04 - Scroll - km: 23.18, world_offset: 1158.8
16:37:04 - Collisione con piattaforma 19 - Tipo: 2 - plat_top(screen)=389.0
16:37:04 - Scroll - km: 23.21, world_offset: 1160.5
16:37:04 - Scroll - km: 23.30, world_offset: 1164.9
16:37:04 - Scroll - km: 23.42, world_offset: 1171.0
16:37:04 - Scroll - km: 23.56, world_offset: 1178.0
16:37:04 - Scroll - km: 23.71, world_offset: 1185.5
16:37:04 - Scroll - km: 23.86, world_offset: 1192.9
16:37:04 - Scroll - km: 24.00, world_offset: 1200.2
16:37:04 - Scroll - km: 24.14, world_offset: 1207.1
16:37:04 - Scroll - km: 24.27, world_offset: 1213.5
16:37:05 - Scroll - km: 24.39, world_offset: 1219.3
16:37:05 - Scroll - km: 24.49, world_offset: 1224.4
16:37:05 - Scroll - km: 24.58, world_offset: 1228.9
16:37:05 - Scroll - km: 24.65, world_offset: 1232.6
16:37:05 - Scroll - km: 24.71, world_offset: 1235.5
16:37:05 - Scroll - km: 24.75, world_offset: 1237.7
16:37:05 - Scroll - km: 24.78, world_offset: 1239.1
16:37:05 - Scroll - km: 24.80, world_offset: 1239.8
16:37:05 - Collisione con piattaforma 20 - Tipo: 2 - plat_top(screen)=390.0
16:37:05 - Scroll - km: 24.82, world_offset: 1240.8
16:37:05 - Scroll - km: 24.90, world_offset: 1244.9
16:37:05 - Scroll - km: 25.01, world_offset: 1250.7
16:37:05 - Scroll - km: 25.15, world_offset: 1257.5
16:37:05 - Scroll - km: 25.30, world_offset: 1264.8
16:37:05 - Scroll - km: 25.44, world_offset: 1272.2
16:37:05 - Scroll - km: 25.59, world_offset: 1279.4
16:37:05 - Scroll - km: 25.72, world_offset: 1286.2
16:37:05 - Scroll - km: 25.85, world_offset: 1292.6
16:37:05 - Scroll - km: 25.97, world_offset: 1298.3
16:37:05 - Scroll - km: 26.07, world_offset: 1303.5
16:37:05 - Scroll - km: 26.16, world_offset: 1307.9
16:37:05 - Scroll - km: 26.23, world_offset: 1311.6
16:37:05 - Scroll - km: 26.29, world_offset: 1314.5
16:37:05 - Scroll - km: 26.33, world_offset: 1316.7
16:37:05 - Scroll - km: 26.36, world_offset: 1318.1
16:37:05 - Scroll - km: 26.37, world_offset: 1318.7
16:37:05 - Collisione con piattaforma 20 - Tipo: 2 - plat_top(screen)=469.0
16:37:06 - Scroll - km: 26.38, world_offset: 1319.1
16:37:06 - Scroll - km: 26.40, world_offset: 1320.2
16:37:06 - Scroll - km: 26.43, world_offset: 1321.6
16:37:06 - Scroll - km: 26.46, world_offset: 1322.9
16:37:06 - Scroll - km: 26.48, world_offset: 1324.0
16:37:06 - Scroll - km: 26.49, world_offset: 1324.6
16:37:06 - Scroll - km: 26.49, world_offset: 1324.7
16:37:06 - Collisione con piattaforma 21 - Tipo: 2 - plat_top(screen)=395.0
16:37:06 - Scroll - km: 26.50, world_offset: 1325.2
16:37:06 - Scroll - km: 26.58, world_offset: 1328.9
16:37:06 - Scroll - km: 26.69, world_offset: 1334.4
16:37:06 - Scroll - km: 26.82, world_offset: 1341.1
16:37:06 - Scroll - km: 26.96, world_offset: 1348.2
16:37:06 - Scroll - km: 27.11, world_offset: 1355.5
16:37:06 - Scroll - km: 27.25, world_offset: 1362.7
16:37:06 - Scroll - km: 27.39, world_offset: 1369.5
16:37:06 - Scroll - km: 27.52, world_offset: 1375.8
16:37:06 - Scroll - km: 27.63, world_offset: 1381.6
16:37:06 - Scroll - km: 27.73, world_offset: 1386.7
16:37:06 - Scroll - km: 27.82, world_offset: 1391.1
16:37:06 - Scroll - km: 27.90, world_offset: 1394.8
16:37:06 - Scroll - km: 27.95, world_offset: 1397.7
16:37:06 - Scroll - km: 28.00, world_offset: 1399.9
16:37:06 - Scroll - km: 28.03, world_offset: 1401.3
16:37:06 - Scroll - km: 28.04, world_offset: 1401.9
16:37:06 - Collisione con piattaforma 21 - Tipo: 2 - plat_top(screen)=472.0
16:37:07 - Scroll - km: 28.04, world_offset: 1402.1
16:37:07 - Scroll - km: 28.06, world_offset: 1402.8
16:37:07 - Scroll - km: 28.07, world_offset: 1403.6
16:37:07 - Scroll - km: 28.09, world_offset: 1404.4
16:37:07 - Scroll - km: 28.09, world_offset: 1404.7
16:37:07 - Collisione con piattaforma 22 - Tipo: 2 - plat_top(screen)=395.0
16:37:07 - Scroll - km: 28.12, world_offset: 1405.8
16:37:07 - Scroll - km: 28.19, world_offset: 1409.7
16:37:07 - Scroll - km: 28.31, world_offset: 1415.5
16:37:07 - Scroll - km: 28.45, world_offset: 1422.3
16:37:07 - Scroll - km: 28.59, world_offset: 1429.6
16:37:07 - Scroll - km: 28.74, world_offset: 1436.9
16:37:07 - Scroll - km: 28.88, world_offset: 1444.2
16:37:07 - Scroll - km: 29.02, world_offset: 1451.0
16:37:07 - Scroll - km: 29.15, world_offset: 1457.3
16:37:07 - Scroll - km: 29.26, world_offset: 1463.1
16:37:07 - Scroll - km: 29.36, world_offset: 1468.2
16:37:07 - Scroll - km: 29.45, world_offset: 1472.6
16:37:07 - Scroll - km: 29.53, world_offset: 1476.3
16:37:07 - Scroll - km: 29.59, world_offset: 1479.3
16:37:07 - Scroll - km: 29.63, world_offset: 1481.5
16:37:07 - Scroll - km: 29.66, world_offset: 1482.9
16:37:07 - Scroll - km: 29.67, world_offset: 1483.5
16:37:07 - Collisione con piattaforma 23 - Tipo: 2 - plat_top(screen)=394.0
16:37:07 - Scroll - km: 29.69, world_offset: 1484.4
16:37:07 - Scroll - km: 29.77, world_offset: 1488.3
16:37:07 - Scroll - km: 29.88, world_offset: 1494.0
16:37:07 - Scroll - km: 30.01, world_offset: 1500.7
16:37:07 - Scroll - km: 30.16, world_offset: 1508.0
16:37:07 - Scroll - km: 30.31, world_offset: 1515.3
16:37:07 - Scroll - km: 30.45, world_offset: 1522.5
16:37:07 - Scroll - km: 30.59, world_offset: 1529.3
16:37:07 - Scroll - km: 30.71, world_offset: 1535.7
16:37:07 - Scroll - km: 30.83, world_offset: 1541.4
16:37:07 - Scroll - km: 30.93, world_offset: 1546.5
16:37:07 - Scroll - km: 31.02, world_offset: 1551.0
16:37:07 - Scroll - km: 31.09, world_offset: 1554.7
16:37:07 - Scroll - km: 31.15, world_offset: 1557.6
16:37:07 - Scroll - km: 31.20, world_offset: 1559.8
16:37:07 - Scroll - km: 31.22, world_offset: 1561.2
16:37:07 - Scroll - km: 31.24, world_offset: 1561.8
16:37:08 - Collisione con piattaforma 23 - Tipo: 2 - plat_top(screen)=472.0
16:37:08 - Scroll - km: 31.24, world_offset: 1562.0
16:37:08 - Scroll - km: 31.26, world_offset: 1562.8
16:37:08 - Scroll - km: 31.27, world_offset: 1563.7
16:37:08 - Scroll - km: 31.29, world_offset: 1564.4
16:37:08 - Scroll - km: 31.30, world_offset: 1564.8
16:37:08 - Collisione con piattaforma 24 - Tipo: 2 - plat_top(screen)=395.0
16:37:08 - Scroll - km: 31.30, world_offset: 1565.1
16:37:08 - Scroll - km: 31.37, world_offset: 1568.6
16:37:08 - Scroll - km: 31.48, world_offset: 1574.0
16:37:08 - Scroll - km: 31.61, world_offset: 1580.6
16:37:08 - Scroll - km: 31.75, world_offset: 1587.7
16:37:08 - Scroll - km: 31.90, world_offset: 1595.0
16:37:08 - Scroll - km: 32.04, world_offset: 1602.1
16:37:08 - Scroll - km: 32.18, world_offset: 1608.9
16:37:08 - Scroll - km: 32.30, world_offset: 1615.2
16:37:08 - Scroll - km: 32.42, world_offset: 1620.9
16:37:08 - Scroll - km: 32.52, world_offset: 1626.0
16:37:08 - Scroll - km: 32.61, world_offset: 1630.4
16:37:08 - Scroll - km: 32.68, world_offset: 1634.1
16:37:08 - Scroll - km: 32.74, world_offset: 1637.0
16:37:08 - Scroll - km: 32.78, world_offset: 1639.2
16:37:08 - Scroll - km: 32.81, world_offset: 1640.6
16:37:08 - Scroll - km: 32.82, world_offset: 1641.2
16:37:09 - Collisione con piattaforma 25 - Tipo: 2 - plat_top(screen)=391.0
16:37:09 - Scroll - km: 32.84, world_offset: 1641.9
16:37:09 - Scroll - km: 32.91, world_offset: 1645.6
16:37:09 - Scroll - km: 33.02, world_offset: 1651.2
16:37:09 - Scroll - km: 33.16, world_offset: 1657.9
16:37:09 - Scroll - km: 33.30, world_offset: 1665.1
16:37:09 - Scroll - km: 33.45, world_offset: 1672.4
16:37:09 - Scroll - km: 33.59, world_offset: 1679.6
16:37:09 - Scroll - km: 33.73, world_offset: 1686.4
16:37:09 - Scroll - km: 33.85, world_offset: 1692.7
16:37:09 - Scroll - km: 33.97, world_offset: 1698.5
16:37:09 - Scroll - km: 34.07, world_offset: 1703.6
16:37:09 - Scroll - km: 34.16, world_offset: 1708.0
16:37:09 - Scroll - km: 34.23, world_offset: 1711.7
16:37:09 - Scroll - km: 34.29, world_offset: 1714.6
16:37:09 - Scroll - km: 34.34, world_offset: 1716.8
16:37:09 - Scroll - km: 34.36, world_offset: 1718.2
16:37:09 - Scroll - km: 34.38, world_offset: 1718.8
16:37:09 - Collisione con piattaforma 26 - Tipo: 2 - plat_top(screen)=389.0
16:37:09 - Scroll - km: 34.41, world_offset: 1720.4
16:37:09 - Scroll - km: 34.49, world_offset: 1724.7
16:37:09 - Scroll - km: 34.61, world_offset: 1730.7
16:37:09 - Scroll - km: 34.75, world_offset: 1737.7
16:37:09 - Scroll - km: 34.90, world_offset: 1745.1
16:37:09 - Scroll - km: 35.05, world_offset: 1752.6
16:37:09 - Scroll - km: 35.20, world_offset: 1759.9
16:37:09 - Scroll - km: 35.34, world_offset: 1766.8
16:37:09 - Scroll - km: 35.46, world_offset: 1773.1
16:37:09 - Scroll - km: 35.58, world_offset: 1778.9
16:37:09 - Scroll - km: 35.68, world_offset: 1784.1
16:37:09 - Scroll - km: 35.77, world_offset: 1788.5
16:37:09 - Scroll - km: 35.84, world_offset: 1792.2
16:37:09 - Scroll - km: 35.90, world_offset: 1795.1
16:37:09 - Scroll - km: 35.95, world_offset: 1797.3
16:37:09 - Scroll - km: 35.97, world_offset: 1798.7
16:37:09 - Scroll - km: 35.99, world_offset: 1799.4
16:37:10 - Collisione con piattaforma 26 - Tipo: 2 - plat_top(screen)=469.0
16:37:10 - Scroll - km: 36.00, world_offset: 1799.9
16:37:10 - Scroll - km: 36.02, world_offset: 1801.1
16:37:10 - Scroll - km: 36.05, world_offset: 1802.5
16:37:10 - Scroll - km: 36.08, world_offset: 1803.9
16:37:10 - Scroll - km: 36.10, world_offset: 1805.0
16:37:10 - Scroll - km: 36.11, world_offset: 1805.6
16:37:10 - Scroll - km: 36.11, world_offset: 1805.7
16:37:10 - Collisione con piattaforma 27 - Tipo: 2 - plat_top(screen)=396.0
16:37:10 - Scroll - km: 36.17, world_offset: 1808.7
16:37:10 - Scroll - km: 36.28, world_offset: 1813.9
16:37:10 - Scroll - km: 36.40, world_offset: 1820.2
16:37:10 - Scroll - km: 36.54, world_offset: 1827.2
16:37:10 - Scroll - km: 36.69, world_offset: 1834.4
16:37:10 - Scroll - km: 36.83, world_offset: 1841.4
16:37:10 - Scroll - km: 36.96, world_offset: 1848.1
16:37:10 - Scroll - km: 37.09, world_offset: 1854.4
16:37:10 - Scroll - km: 37.20, world_offset: 1860.1
16:37:10 - Scroll - km: 37.30, world_offset: 1865.2
16:37:10 - Scroll - km: 37.39, world_offset: 1869.6
16:37:10 - Scroll - km: 37.47, world_offset: 1873.3
16:37:10 - Scroll - km: 37.52, world_offset: 1876.2
16:37:10 - Scroll - km: 37.57, world_offset: 1878.4
16:37:10 - Scroll - km: 37.60, world_offset: 1879.8
16:37:10 - Scroll - km: 37.61, world_offset: 1880.4
16:37:11 - Collisione con piattaforma 27 - Tipo: 2 - plat_top(screen)=470.0
16:37:11 - Scroll - km: 37.62, world_offset: 1881.0
16:37:11 - Scroll - km: 37.64, world_offset: 1881.9
16:37:11 - Scroll - km: 37.66, world_offset: 1883.0
16:37:11 - Scroll - km: 37.68, world_offset: 1883.8
16:37:11 - Scroll - km: 37.69, world_offset: 1884.3
16:37:11 - Collisione con piattaforma 28 - Tipo: 2 - plat_top(screen)=394.0
16:37:11 - Scroll - km: 37.69, world_offset: 1884.5
16:37:11 - Scroll - km: 37.76, world_offset: 1887.8
16:37:11 - Scroll - km: 37.86, world_offset: 1893.2
16:37:11 - Scroll - km: 37.99, world_offset: 1899.7
16:37:11 - Scroll - km: 38.14, world_offset: 1906.8
16:37:11 - Scroll - km: 38.28, world_offset: 1914.0
16:37:11 - Scroll - km: 38.42, world_offset: 1921.1
16:37:11 - Scroll - km: 38.56, world_offset: 1927.9
16:37:11 - Scroll - km: 38.68, world_offset: 1934.2
16:37:11 - Scroll - km: 38.80, world_offset: 1939.9
16:37:11 - Scroll - km: 38.90, world_offset: 1945.0
16:37:11 - Scroll - km: 38.99, world_offset: 1949.4
16:37:11 - Scroll - km: 39.06, world_offset: 1953.1
16:37:11 - Scroll - km: 39.12, world_offset: 1956.0
16:37:11 - Scroll - km: 39.16, world_offset: 1958.2
16:37:11 - Scroll - km: 39.19, world_offset: 1959.6
16:37:11 - Scroll - km: 39.20, world_offset: 1960.2
16:37:11 - Collisione con piattaforma 29 - Tipo: 2 - plat_top(screen)=390.0
16:37:11 - Scroll - km: 39.22, world_offset: 1961.2
16:37:11 - Scroll - km: 39.30, world_offset: 1965.1
16:37:12 - Scroll - km: 39.42, world_offset: 1970.8
16:37:12 - Scroll - km: 39.55, world_offset: 1977.6
16:37:12 - Scroll - km: 39.70, world_offset: 1984.9
16:37:12 - Scroll - km: 39.84, world_offset: 1992.2
16:37:12 - Scroll - km: 39.99, world_offset: 1999.4
16:37:12 - Scroll - km: 40.13, world_offset: 2006.3
16:37:12 - Scroll - km: 40.25, world_offset: 2012.6
16:37:12 - Scroll - km: 40.37, world_offset: 2018.4
16:37:15 - Creata piattaforma a x=250, y=750, livello=Mantello
16:37:15 - Creata piattaforma a x=69, y=670, livello=Mantello
16:37:15 - Creata piattaforma a x=424, y=590, livello=Mantello
16:37:15 - Creata piattaforma a x=405, y=510, livello=Mantello
16:37:15 - Creata piattaforma a x=215, y=430, livello=Mantello
16:37:15 - Creata piattaforma a x=422, y=350, livello=Mantello
16:37:15 - Creata piattaforma a x=400, y=270, livello=Mantello
16:37:15 - Creata piattaforma a x=154, y=190, livello=Mantello
16:37:15 - Creata piattaforma a x=358, y=110, livello=Mantello
16:37:15 - Creata piattaforma a x=165, y=30, livello=Mantello
16:37:15 - Creata piattaforma a x=422, y=-50, livello=Crosta Terrestre
16:37:15 - Creata piattaforma a x=414, y=-130, livello=Crosta Terrestre
16:37:15 - Creata piattaforma a x=103, y=-210, livello=Crosta Terrestre
16:37:15 - Creata piattaforma a x=411, y=-290, livello=Crosta Terrestre
16:37:15 - Creata piattaforma a x=436, y=-370, livello=Crosta Terrestre
16:37:15 - Creata piattaforma a x=369, y=-450, livello=Crosta Terrestre
16:37:15 - Creata piattaforma a x=136, y=-530, livello=Crosta Terrestre
16:37:15 - Creata piattaforma a x=423, y=-610, livello=Crosta Terrestre
16:37:15 - Creata piattaforma a x=441, y=-690, livello=Crosta Terrestre
16:37:15 - Creata piattaforma a x=135, y=-770, livello=Vulcano
16:37:15 - Creata piattaforma a x=406, y=-850, livello=Vulcano
16:37:15 - Creata piattaforma a x=393, y=-930, livello=Vulcano
16:37:15 - Creata piattaforma a x=103, y=-1010, livello=Vulcano
16:37:15 - Creata piattaforma a x=146, y=-1090, livello=Vulcano
16:37:15 - Creata piattaforma a x=371, y=-1170, livello=Vulcano
16:37:15 - Creata piattaforma a x=101, y=-1250, livello=Vulcano
16:37:15 - Creata piattaforma a x=400, y=-1330, livello=Vulcano
16:37:15 - Creata piattaforma a x=429, y=-1410, livello=Vulcano
16:37:15 - Creata piattaforma a x=241, y=-1490, livello=Vulcano
16:37:15 - Creata piattaforma a x=434, y=-1570, livello=Vulcano
16:37:15 - Creata piattaforma a x=426, y=-1650, livello=Vulcano
16:37:15 - Creata piattaforma a x=371, y=-1730, livello=Vulcano
16:37:15 - Creata piattaforma a x=236, y=-1810, livello=Vulcano
16:37:15 - Creata piattaforma a x=449, y=-1890, livello=Vulcano
16:37:15 - Creata piattaforma a x=414, y=-1970, livello=Vulcano
16:37:15 - Creata piattaforma a x=86, y=-2050, livello=Vulcano
16:37:15 - Creata piattaforma a x=157, y=-2130, livello=Vulcano
16:37:15 - Creata piattaforma a x=188, y=-2210, livello=Vulcano
16:37:15 - Creata piattaforma a x=433, y=-2290, livello=Vulcano
16:37:15 - Creata piattaforma a x=291, y=-2370, livello=Vulcano
16:37:15 - Creata piattaforma a x=93, y=-2450, livello=Vulcano
16:37:15 - Creata piattaforma a x=429, y=-2530, livello=Vulcano
16:37:15 - Creata piattaforma a x=196, y=-2610, livello=Vulcano
16:37:15 - Creata piattaforma a x=433, y=-2690, livello=Vulcano
16:37:15 - Creata piattaforma a x=369, y=-2770, livello=Vulcano
16:37:15 - Creata piattaforma a x=387, y=-2850, livello=Vulcano
16:37:15 - Creata piattaforma a x=361, y=-2930, livello=Vulcano
16:37:15 - Creata piattaforma a x=444, y=-3010, livello=Vulcano
16:37:15 - Creata piattaforma a x=124, y=-3090, livello=Vulcano
16:37:15 - Creata piattaforma a x=442, y=-3170, livello=Vulcano
16:37:15 - Creata piattaforma a x=147, y=-3250, livello=Vulcano
16:37:15 - Creata piattaforma a x=300, y=-3330, livello=Vulcano
16:37:15 - Creata piattaforma a x=111, y=-3410, livello=Vulcano
16:37:15 - Creata piattaforma a x=308, y=-3490, livello=Vulcano
16:37:15 - Creata piattaforma a x=320, y=-3570, livello=Vulcano
16:37:15 - Creata piattaforma a x=437, y=-3650, livello=Vulcano
16:37:15 - Creata piattaforma a x=110, y=-3730, livello=Vulcano
16:37:15 - Creata piattaforma a x=449, y=-3810, livello=Vulcano
16:37:15 - Creata piattaforma a x=341, y=-3890, livello=Vulcano
16:37:15 - Creata piattaforma a x=155, y=-3970, livello=Vulcano
16:37:15 - Creata piattaforma a x=400, y=-4050, livello=Vulcano
16:37:15 - Creata piattaforma a x=64, y=-4130, livello=Vulcano
16:37:15 - Creata piattaforma a x=158, y=-4210, livello=Vulcano
16:37:15 - Creata piattaforma a x=170, y=-4290, livello=Vulcano
16:37:15 - Creata piattaforma a x=421, y=-4370, livello=Vulcano
16:37:15 - Creata piattaforma a x=420, y=-4450, livello=Vulcano
16:37:15 - Generate 66 piattaforme, 9 power-ups, 14 collectibles, 12 nemici
16:37:15 - Gioco resettato - Player posizionato a x=300, y=709.2949739762903
16:37:15 - Collisione con piattaforma 0 - Tipo: 0 - plat_top(screen)=750.0
16:37:16 - Collisione con piattaforma 0 - Tipo: 0 - plat_top(screen)=750.0
16:37:17 - Collisione con piattaforma 0 - Tipo: 0 - plat_top(screen)=750.0
16:37:17 - Collisione con piattaforma 1 - Tipo: 0 - plat_top(screen)=670.0
16:37:17 - Collisione con piattaforma 1 - Tipo: 0 - plat_top(screen)=670.0
16:37:18 - Collisione con piattaforma 1 - Tipo: 0 - plat_top(screen)=670.0
