10:04:05 - [INPUT] KEYDOWN key=return code=13 state=MENU
10:04:05 - \U0001f3ae Inizia nuova partita
10:04:05 - \U0001f504 Nuova partita iniziata!
10:04:05 - [INPUT] KEYUP key=return code=13 state=PLAYING
10:04:05 - [INPUT] KEYDOWN key=right code=1073741903 state=PLAYING
10:04:06 - [INPUT] KEYUP key=right code=1073741903 state=PLAYING
10:04:06 - [INPUT] KEYDOWN key=left code=1073741904 state=PLAYING
10:04:06 - [INPUT] KEYDOWN key=space code=32 state=PLAYING
10:04:07 - [INPUT] KEYUP key=left code=1073741904 state=PLAYING
10:04:07 - [INPUT] KEYUP key=space code=32 state=PLAYING
10:04:07 - [INPUT] KEYDOWN key=space code=32 state=PLAYING
10:04:07 - [INPUT] KEYUP key=space code=32 state=PLAYING
10:04:07 - [INPUT] KEYDOWN key=space code=32 state=PLAYING
10:04:07 - [INPUT] KEYUP key=space code=32 state=PLAYING
10:04:07 - [INPUT] KEYDOWN key=space code=32 state=PLAYING
10:04:07 - [INPUT] KEYUP key=space code=32 state=PLAYING
10:04:07 - [INPUT] KEYDOWN key=space code=32 state=PLAYING
10:04:07 - [INPUT] KEYUP key=space code=32 state=PLAYING
10:04:07 - [INPUT] KEYDOWN key=space code=32 state=PLAYING
10:04:08 - [INPUT] KEYUP key=space code=32 state=PLAYING
10:04:08 - [INPUT] KEYDOWN key=space code=32 state=PLAYING
10:04:08 - [INPUT] KEYUP key=space code=32 state=PLAYING
10:04:08 - [INPUT] KEYDOWN key=space code=32 state=PLAYING
10:04:08 - [INPUT] KEYDOWN key=left code=1073741904 state=PLAYING
10:04:08 - [INPUT] KEYUP key=space code=32 state=PLAYING
10:04:08 - [INPUT] KEYUP key=left code=1073741904 state=PLAYING
10:04:08 - [INPUT] KEYDOWN key=space code=32 state=PLAYING
10:04:08 - [INPUT] KEYDOWN key=left code=1073741904 state=PLAYING
10:04:08 - [INPUT] KEYUP key=left code=1073741904 state=PLAYING
10:04:08 - [INPUT] KEYUP key=space code=32 state=PLAYING
10:04:08 - [INPUT] KEYDOWN key=right code=1073741903 state=PLAYING
10:04:08 - [INPUT] KEYDOWN key=space code=32 state=PLAYING
10:04:08 - [INPUT] KEYUP key=right code=1073741903 state=PLAYING
10:04:08 - [INPUT] KEYDOWN key=left code=1073741904 state=PLAYING
10:04:09 - [INPUT] KEYUP key=space code=32 state=PLAYING
10:04:09 - [INPUT] KEYDOWN key=space code=32 state=PLAYING
10:04:09 - [INPUT] KEYUP key=left code=1073741904 state=PLAYING
10:04:09 - [INPUT] KEYDOWN key=left code=1073741904 state=PLAYING
10:04:09 - [INPUT] KEYUP key=space code=32 state=PLAYING
10:04:09 - [INPUT] KEYUP key=left code=1073741904 state=PLAYING
10:04:09 - [INPUT] KEYDOWN key=space code=32 state=PLAYING
10:04:09 - [INPUT] KEYDOWN key=right code=1073741903 state=PLAYING
10:04:09 - [INPUT] KEYUP key=space code=32 state=PLAYING
10:04:09 - [INPUT] KEYUP key=right code=1073741903 state=PLAYING
10:04:09 - [INPUT] KEYDOWN key=space code=32 state=PLAYING
10:04:09 - [INPUT] KEYDOWN key=right code=1073741903 state=PLAYING
10:04:09 - [INPUT] KEYUP key=space code=32 state=PLAYING
10:04:09 - [INPUT] KEYDOWN key=space code=32 state=PLAYING
10:04:09 - [INPUT] KEYUP key=right code=1073741903 state=PLAYING
10:04:09 - [INPUT] KEYUP key=space code=32 state=PLAYING
10:04:09 - [INPUT] KEYDOWN key=right code=1073741903 state=PLAYING
10:04:09 - [INPUT] KEYDOWN key=space code=32 state=PLAYING
10:04:09 - [INPUT] KEYUP key=right code=1073741903 state=PLAYING
10:04:09 - [INPUT] KEYDOWN key=left code=1073741904 state=PLAYING
10:04:10 - [INPUT] KEYUP key=space code=32 state=PLAYING
10:04:10 - [INPUT] KEYUP key=left code=1073741904 state=PLAYING
10:04:10 - [INPUT] KEYDOWN key=left code=1073741904 state=PLAYING
10:04:10 - [INPUT] KEYDOWN key=space code=32 state=PLAYING
10:04:10 - [INPUT] KEYUP key=left code=1073741904 state=PLAYING
10:04:10 - [INPUT] KEYUP key=space code=32 state=PLAYING
10:04:10 - [INPUT] KEYDOWN key=space code=32 state=PLAYING
10:04:10 - [INPUT] KEYDOWN key=right code=1073741903 state=PLAYING
10:04:10 - [INPUT] KEYUP key=right code=1073741903 state=PLAYING
10:04:10 - [INPUT] KEYUP key=space code=32 state=PLAYING
10:04:10 - [INPUT] KEYDOWN key=left code=1073741904 state=PLAYING
10:04:10 - [INPUT] KEYDOWN key=space code=32 state=PLAYING
10:04:10 - [INPUT] KEYUP key=left code=1073741904 state=PLAYING
10:04:10 - [INPUT] KEYUP key=space code=32 state=PLAYING
10:04:10 - [INPUT] KEYDOWN key=left code=1073741904 state=PLAYING
10:04:10 - [INPUT] KEYDOWN key=space code=32 state=PLAYING
10:04:10 - [INPUT] KEYUP key=left code=1073741904 state=PLAYING
10:04:10 - [INPUT] KEYUP key=space code=32 state=PLAYING
10:04:10 - [INPUT] KEYDOWN key=right code=1073741903 state=PLAYING
10:04:10 - [INPUT] KEYDOWN key=space code=32 state=PLAYING
10:04:10 - [INPUT] KEYUP key=right code=1073741903 state=PLAYING
10:04:11 - [INPUT] KEYUP key=space code=32 state=PLAYING
10:04:11 - [INPUT] KEYDOWN key=right code=1073741903 state=PLAYING
10:04:11 - [INPUT] KEYDOWN key=space code=32 state=PLAYING
10:04:11 - [INPUT] KEYUP key=right code=1073741903 state=PLAYING
10:04:11 - [INPUT] KEYDOWN key=left code=1073741904 state=PLAYING
10:04:11 - [INPUT] KEYUP key=space code=32 state=PLAYING
10:04:11 - [INPUT] KEYUP key=left code=1073741904 state=PLAYING
10:04:11 - [INPUT] KEYDOWN key=space code=32 state=PLAYING
10:04:11 - [INPUT] KEYUP key=space code=32 state=PLAYING
10:04:11 - [INPUT] KEYDOWN key=left code=1073741904 state=PLAYING
10:04:11 - [INPUT] KEYDOWN key=space code=32 state=PLAYING
10:04:11 - [INPUT] KEYUP key=left code=1073741904 state=PLAYING
10:04:11 - [INPUT] KEYUP key=space code=32 state=PLAYING
10:04:11 - [INPUT] KEYDOWN key=left code=1073741904 state=PLAYING
10:04:11 - [INPUT] KEYDOWN key=space code=32 state=PLAYING
10:04:11 - [INPUT] KEYUP key=left code=1073741904 state=PLAYING
10:04:11 - [INPUT] KEYUP key=space code=32 state=PLAYING
10:04:11 - [INPUT] KEYDOWN key=right code=1073741903 state=PLAYING
10:04:12 - [INPUT] KEYDOWN key=space code=32 state=PLAYING
10:04:12 - [INPUT] KEYUP key=right code=1073741903 state=PLAYING
10:04:12 - [INPUT] KEYUP key=space code=32 state=PLAYING
10:04:12 - [INPUT] KEYDOWN key=right code=1073741903 state=PLAYING
10:04:12 - [INPUT] KEYDOWN key=space code=32 state=PLAYING
10:04:12 - [INPUT] KEYUP key=right code=1073741903 state=PLAYING
10:04:12 - [INPUT] KEYDOWN key=left code=1073741904 state=PLAYING
10:04:12 - [INPUT] KEYUP key=space code=32 state=PLAYING
10:04:12 - [INPUT] KEYUP key=left code=1073741904 state=PLAYING
10:04:12 - [INPUT] KEYDOWN key=space code=32 state=PLAYING
10:04:12 - [INPUT] KEYDOWN key=right code=1073741903 state=PLAYING
10:04:12 - [INPUT] KEYUP key=space code=32 state=PLAYING
10:04:12 - [INPUT] KEYUP key=right code=1073741903 state=PLAYING
10:04:12 - [INPUT] KEYDOWN key=left code=1073741904 state=PLAYING
10:04:12 - [INPUT] KEYUP key=left code=1073741904 state=PLAYING
10:04:12 - [INPUT] KEYDOWN key=space code=32 state=PLAYING
10:04:12 - [INPUT] KEYDOWN key=right code=1073741903 state=PLAYING
10:04:13 - [INPUT] KEYUP key=space code=32 state=PLAYING
10:04:13 - [INPUT] KEYUP key=right code=1073741903 state=PLAYING
10:04:13 - [INPUT] KEYDOWN key=space code=32 state=PLAYING
10:04:13 - [INPUT] KEYUP key=space code=32 state=PLAYING
10:04:13 - [INPUT] KEYDOWN key=space code=32 state=PLAYING
10:04:13 - [INPUT] KEYUP key=space code=32 state=PLAYING
10:04:13 - [INPUT] KEYDOWN key=left code=1073741904 state=PLAYING
10:04:13 - [INPUT] KEYDOWN key=space code=32 state=PLAYING
10:04:13 - [INPUT] KEYUP key=left code=1073741904 state=PLAYING
10:04:13 - [INPUT] KEYDOWN key=right code=1073741903 state=PLAYING
10:04:13 - [INPUT] KEYUP key=space code=32 state=PLAYING
10:04:13 - [INPUT] KEYDOWN key=space code=32 state=PLAYING
10:04:13 - [INPUT] KEYUP key=right code=1073741903 state=PLAYING
10:04:13 - [INPUT] KEYUP key=space code=32 state=PLAYING
10:04:14 - [INPUT] KEYDOWN key=left code=1073741904 state=PLAYING
10:04:14 - [INPUT] KEYDOWN key=space code=32 state=PLAYING
10:04:14 - [INPUT] KEYUP key=left code=1073741904 state=PLAYING
10:04:14 - [INPUT] KEYUP key=space code=32 state=PLAYING
10:04:14 - [INPUT] KEYDOWN key=space code=32 state=PLAYING
10:04:14 - [INPUT] KEYDOWN key=left code=1073741904 state=PLAYING
10:04:14 - [INPUT] KEYUP key=left code=1073741904 state=PLAYING
10:04:14 - [INPUT] KEYUP key=space code=32 state=PLAYING
10:04:14 - [INPUT] KEYDOWN key=left code=1073741904 state=PLAYING
10:04:14 - [INPUT] KEYUP key=left code=1073741904 state=PLAYING
10:04:14 - [INPUT] KEYDOWN key=left code=1073741904 state=PLAYING
10:04:14 - [INPUT] KEYDOWN key=space code=32 state=PLAYING
10:04:14 - [INPUT] KEYUP key=space code=32 state=PLAYING
10:04:14 - [INPUT] KEYUP key=left code=1073741904 state=PLAYING
10:04:15 - [INPUT] KEYDOWN key=space code=32 state=PLAYING
10:04:15 - [INPUT] KEYDOWN key=left code=1073741904 state=PLAYING
10:04:15 - [INPUT] KEYUP key=left code=1073741904 state=PLAYING
10:04:15 - [INPUT] KEYUP key=space code=32 state=PLAYING
10:04:15 - [INPUT] KEYDOWN key=space code=32 state=PLAYING
10:04:15 - [INPUT] KEYUP key=space code=32 state=PLAYING
10:04:15 - [INPUT] KEYDOWN key=space code=32 state=PLAYING
10:04:15 - [INPUT] KEYUP key=space code=32 state=PLAYING
10:04:15 - [INPUT] KEYDOWN key=space code=32 state=PLAYING
10:04:15 - [INPUT] KEYUP key=space code=32 state=PLAYING
10:04:16 - [INPUT] KEYDOWN key=space code=32 state=PLAYING
10:04:16 - [INPUT] KEYUP key=space code=32 state=PLAYING
10:04:16 - [INPUT] KEYDOWN key=right code=1073741903 state=PLAYING
10:04:16 - [INPUT] KEYUP key=right code=1073741903 state=PLAYING
10:04:16 - [INPUT] KEYDOWN key=space code=32 state=PLAYING
10:04:16 - [INPUT] KEYDOWN key=right code=1073741903 state=PLAYING
10:04:16 - [INPUT] KEYUP key=space code=32 state=PLAYING
10:04:16 - [INPUT] KEYUP key=right code=1073741903 state=PLAYING
10:04:16 - [INPUT] KEYDOWN key=space code=32 state=PLAYING
10:04:16 - [INPUT] KEYDOWN key=left code=1073741904 state=PLAYING
10:04:16 - [INPUT] KEYUP key=left code=1073741904 state=PLAYING
10:04:16 - [INPUT] KEYUP key=space code=32 state=PLAYING
10:04:16 - [INPUT] KEYDOWN key=left code=1073741904 state=PLAYING
10:04:16 - [INPUT] KEYDOWN key=space code=32 state=PLAYING
10:04:16 - [INPUT] KEYUP key=left code=1073741904 state=PLAYING
10:04:17 - [INPUT] KEYUP key=space code=32 state=PLAYING
10:04:17 - [INPUT] KEYDOWN key=left code=1073741904 state=PLAYING
10:04:17 - [INPUT] KEYDOWN key=space code=32 state=PLAYING
10:04:17 - [INPUT] KEYUP key=left code=1073741904 state=PLAYING
10:04:17 - [INPUT] KEYUP key=space code=32 state=PLAYING
10:04:17 - [INPUT] KEYDOWN key=right code=1073741903 state=PLAYING
10:04:17 - [INPUT] KEYDOWN key=space code=32 state=PLAYING
10:04:17 - [INPUT] KEYUP key=right code=1073741903 state=PLAYING
10:04:17 - [INPUT] KEYUP key=space code=32 state=PLAYING
10:04:17 - [INPUT] KEYDOWN key=left code=1073741904 state=PLAYING
10:04:17 - [INPUT] KEYDOWN key=space code=32 state=PLAYING
10:04:17 - [INPUT] KEYUP key=left code=1073741904 state=PLAYING
10:04:17 - [INPUT] KEYUP key=space code=32 state=PLAYING
