10:19:39 - [INPUT] KEYDOWN key=space code=32 state=MENU
10:19:40 - [INPUT] KEYUP key=space code=32 state=MENU
10:19:40 - [INPUT] KEYDOWN key=return code=13 state=MENU
10:19:40 - \U0001f3ae Inizia nuova partita
10:19:40 - \U0001f504 Nuova partita iniziata!
10:19:40 - [INPUT] KEYUP key=return code=13 state=PLAYING
10:19:40 - [INPUT] KEYDOWN key=space code=32 state=PLAYING
10:19:40 - [INPUT] KEYUP key=space code=32 state=PLAYING
10:19:40 - [INPUT] KEYDOWN key=space code=32 state=PLAYING
10:19:41 - [INPUT] KEYUP key=space code=32 state=PLAYING
10:19:41 - [INPUT] KEYDOWN key=space code=32 state=PLAYING
10:19:41 - [INPUT] KEYUP key=space code=32 state=PLAYING
10:19:41 - [INPUT] KEYDOWN key=space code=32 state=PLAYING
10:19:41 - [INPUT] KEYUP key=space code=32 state=PLAYING
10:19:41 - [INPUT] KEYDOWN key=space code=32 state=PLAYING
10:19:41 - [INPUT] KEYUP key=space code=32 state=PLAYING
10:19:41 - [INPUT] KEYDOWN key=space code=32 state=PLAYING
10:19:41 - [INPUT] KEYUP key=space code=32 state=PLAYING
10:19:41 - [INPUT] KEYDOWN key=right code=1073741903 state=PLAYING
10:19:41 - [INPUT] KEYDOWN key=space code=32 state=PLAYING
10:19:41 - [INPUT] KEYUP key=right code=1073741903 state=PLAYING
10:19:41 - [INPUT] KEYUP key=space code=32 state=PLAYING
10:19:42 - [INPUT] KEYDOWN key=right code=1073741903 state=PLAYING
10:19:42 - [INPUT] KEYDOWN key=space code=32 state=PLAYING
10:19:42 - [INPUT] KEYUP key=space code=32 state=PLAYING
10:19:42 - [INPUT] KEYUP key=right code=1073741903 state=PLAYING
10:19:42 - [INPUT] KEYDOWN key=space code=32 state=PLAYING
10:19:42 - [INPUT] KEYDOWN key=left code=1073741904 state=PLAYING
10:19:42 - [INPUT] KEYUP key=space code=32 state=PLAYING
10:19:42 - [INPUT] KEYDOWN key=space code=32 state=PLAYING
10:19:42 - [INPUT] KEYUP key=space code=32 state=PLAYING
10:19:42 - [INPUT] KEYDOWN key=space code=32 state=PLAYING
10:19:42 - [INPUT] KEYUP key=space code=32 state=PLAYING
10:19:42 - [INPUT] KEYDOWN key=space code=32 state=PLAYING
10:19:42 - [INPUT] KEYUP key=left code=1073741904 state=PLAYING
10:19:42 - [INPUT] KEYDOWN key=right code=1073741903 state=PLAYING
10:19:43 - [INPUT] KEYUP key=space code=32 state=PLAYING
10:19:43 - [INPUT] KEYDOWN key=space code=32 state=PLAYING
10:19:43 - [INPUT] KEYUP key=space code=32 state=PLAYING
10:19:43 - [INPUT] KEYUP key=right code=1073741903 state=PLAYING
10:19:43 - [INPUT] KEYDOWN key=space code=32 state=PLAYING
10:19:43 - [INPUT] KEYDOWN key=left code=1073741904 state=PLAYING
10:19:43 - [INPUT] KEYUP key=left code=1073741904 state=PLAYING
10:19:43 - [INPUT] KEYUP key=space code=32 state=PLAYING
10:19:43 - [INPUT] KEYDOWN key=space code=32 state=PLAYING
10:19:43 - [INPUT] KEYUP key=space code=32 state=PLAYING
10:19:43 - [INPUT] KEYDOWN key=left code=1073741904 state=PLAYING
10:19:43 - [INPUT] KEYDOWN key=space code=32 state=PLAYING
10:19:43 - [INPUT] KEYUP key=left code=1073741904 state=PLAYING
10:19:43 - [INPUT] KEYUP key=space code=32 state=PLAYING
10:19:43 - [INPUT] KEYDOWN key=space code=32 state=PLAYING
10:19:44 - [INPUT] KEYDOWN key=right code=1073741903 state=PLAYING
10:19:44 - [INPUT] KEYUP key=space code=32 state=PLAYING
10:19:44 - [INPUT] KEYDOWN key=space code=32 state=PLAYING
10:19:44 - [INPUT] KEYUP key=space code=32 state=PLAYING
10:19:44 - [INPUT] KEYUP key=right code=1073741903 state=PLAYING
10:19:44 - [INPUT] KEYDOWN key=space code=32 state=PLAYING
10:19:44 - [INPUT] KEYDOWN key=left code=1073741904 state=PLAYING
10:19:44 - [INPUT] KEYUP key=space code=32 state=PLAYING
10:19:44 - [INPUT] KEYUP key=left code=1073741904 state=PLAYING
10:19:44 - [INPUT] KEYDOWN key=space code=32 state=PLAYING
10:19:44 - [INPUT] KEYDOWN key=left code=1073741904 state=PLAYING
10:19:44 - [INPUT] KEYUP key=left code=1073741904 state=PLAYING
10:19:44 - [INPUT] KEYUP key=space code=32 state=PLAYING
10:19:44 - [INPUT] KEYDOWN key=space code=32 state=PLAYING
10:19:44 - [INPUT] KEYDOWN key=left code=1073741904 state=PLAYING
10:19:44 - [INPUT] KEYUP key=left code=1073741904 state=PLAYING
10:19:45 - [INPUT] KEYUP key=space code=32 state=PLAYING
10:19:45 - [INPUT] KEYDOWN key=space code=32 state=PLAYING
10:19:45 - [INPUT] KEYDOWN key=left code=1073741904 state=PLAYING
10:19:45 - [INPUT] KEYUP key=left code=1073741904 state=PLAYING
10:19:45 - [INPUT] KEYUP key=space code=32 state=PLAYING
10:19:45 - [INPUT] KEYDOWN key=space code=32 state=PLAYING
10:19:45 - [INPUT] KEYUP key=space code=32 state=PLAYING
10:19:45 - [INPUT] KEYDOWN key=space code=32 state=PLAYING
10:19:45 - [INPUT] KEYUP key=space code=32 state=PLAYING
10:19:45 - [INPUT] KEYDOWN key=space code=32 state=PLAYING
10:19:45 - [INPUT] KEYDOWN key=right code=1073741903 state=PLAYING
10:19:45 - [INPUT] KEYUP key=space code=32 state=PLAYING
10:19:45 - [INPUT] KEYUP key=right code=1073741903 state=PLAYING
10:19:45 - [INPUT] KEYDOWN key=space code=32 state=PLAYING
10:19:46 - [INPUT] KEYDOWN key=left code=1073741904 state=PLAYING
10:19:46 - [INPUT] KEYUP key=space code=32 state=PLAYING
10:19:46 - [INPUT] KEYDOWN key=space code=32 state=PLAYING
10:19:46 - [INPUT] KEYUP key=left code=1073741904 state=PLAYING
10:19:46 - [INPUT] KEYUP key=space code=32 state=PLAYING
10:19:46 - [INPUT] KEYDOWN key=space code=32 state=PLAYING
10:19:46 - [INPUT] KEYDOWN key=right code=1073741903 state=PLAYING
10:19:46 - [INPUT] KEYUP key=space code=32 state=PLAYING
10:19:46 - [INPUT] KEYUP key=right code=1073741903 state=PLAYING
10:19:46 - [INPUT] KEYDOWN key=space code=32 state=PLAYING
10:19:46 - [INPUT] KEYUP key=space code=32 state=PLAYING
10:19:46 - [INPUT] KEYDOWN key=left code=1073741904 state=PLAYING
10:19:46 - [INPUT] KEYDOWN key=space code=32 state=PLAYING
10:19:46 - [INPUT] KEYUP key=left code=1073741904 state=PLAYING
10:19:47 - [INPUT] KEYUP key=space code=32 state=PLAYING
10:19:47 - [INPUT] KEYDOWN key=right code=1073741903 state=PLAYING
10:19:47 - [INPUT] KEYDOWN key=space code=32 state=PLAYING
10:19:47 - [INPUT] KEYUP key=space code=32 state=PLAYING
10:19:47 - [INPUT] KEYDOWN key=space code=32 state=PLAYING
10:19:47 - [INPUT] KEYUP key=space code=32 state=PLAYING
10:19:47 - [INPUT] KEYUP key=right code=1073741903 state=PLAYING
10:19:47 - [INPUT] KEYDOWN key=left code=1073741904 state=PLAYING
10:19:48 - [INPUT] KEYUP key=left code=1073741904 state=PLAYING
