09:51:10 - [INPUT] KEYDOWN key=return code=13 state=MENU
09:51:10 - \U0001f3ae Inizia nuova partita
09:51:10 - \U0001f504 Nuova partita iniziata!
09:51:10 - [INPUT] KEYUP key=return code=13 state=PLAYING
09:51:10 - [INPUT] KEYDOWN key=right code=1073741903 state=PLAYING
09:51:11 - [INPUT] KEYUP key=right code=1073741903 state=PLAYING
09:51:11 - [INPUT] KEYDOWN key=left code=1073741904 state=PLAYING
09:51:11 - [INPUT] KEYUP key=left code=1073741904 state=PLAYING
09:51:11 - [INPUT] KEYDOWN key=right code=1073741903 state=PLAYING
09:51:12 - [INPUT] KEYUP key=right code=1073741903 state=PLAYING
09:51:12 - [INPUT] KEYDOWN key=left code=1073741904 state=PLAYING
09:51:12 - [INPUT] KEYUP key=left code=1073741904 state=PLAYING
09:51:13 - [INPUT] KEYDOWN key=left code=1073741904 state=PLAYING
09:51:13 - [INPUT] KEYUP key=left code=1073741904 state=PLAYING
09:51:15 - [INPUT] KEYDOWN key=right code=1073741903 state=PLAYING
09:51:15 - [INPUT] KEYUP key=right code=1073741903 state=PLAYING
09:51:16 - [INPUT] KEYDOWN key=left code=1073741904 state=PLAYING
09:51:16 - [INPUT] KEYUP key=left code=1073741904 state=PLAYING
09:51:17 - [INPUT] KEYDOWN key=left code=1073741904 state=PLAYING
09:51:17 - [INPUT] KEYUP key=left code=1073741904 state=PLAYING
09:51:17 - [INPUT] KEYDOWN key=right code=1073741903 state=PLAYING
09:51:18 - [INPUT] KEYUP key=right code=1073741903 state=PLAYING
09:51:18 - [INPUT] KEYDOWN key=left code=1073741904 state=PLAYING
09:51:19 - [INPUT] KEYUP key=left code=1073741904 state=PLAYING
09:51:19 - [INPUT] KEYDOWN key=right code=1073741903 state=PLAYING
09:51:20 - [INPUT] KEYUP key=right code=1073741903 state=PLAYING
09:51:20 - [INPUT] KEYDOWN key=left code=1073741904 state=PLAYING
09:51:21 - [INPUT] KEYUP key=left code=1073741904 state=PLAYING
09:51:23 - \u274c GAME OVER - La goccia è caduta nel vuoto!
09:51:23 - \U0001f3ae Premi R per riprovare o ESC per tornare al menu
09:51:24 - [INPUT] KEYDOWN key=r code=114 state=GAME_OVER
09:51:24 - \U0001f504 Riavvio partita...
09:51:24 - \U0001f504 Nuova partita iniziata!
09:51:24 - [INPUT] KEYUP key=r code=114 state=PLAYING
09:51:25 - [INPUT] KEYDOWN key=right code=1073741903 state=PLAYING
09:51:25 - [INPUT] KEYUP key=right code=1073741903 state=PLAYING
09:51:25 - [INPUT] KEYDOWN key=left code=1073741904 state=PLAYING
09:51:26 - [INPUT] KEYUP key=left code=1073741904 state=PLAYING
09:51:26 - [INPUT] KEYDOWN key=right code=1073741903 state=PLAYING
09:51:26 - [INPUT] KEYUP key=right code=1073741903 state=PLAYING
09:51:26 - [INPUT] KEYDOWN key=left code=1073741904 state=PLAYING
09:51:27 - [INPUT] KEYUP key=left code=1073741904 state=PLAYING
09:51:28 - [INPUT] KEYDOWN key=right code=1073741903 state=PLAYING
09:51:28 - [INPUT] KEYUP key=right code=1073741903 state=PLAYING
09:51:28 - [INPUT] KEYDOWN key=left code=1073741904 state=PLAYING
09:51:29 - [INPUT] KEYUP key=left code=1073741904 state=PLAYING
09:51:29 - [INPUT] KEYDOWN key=left code=1073741904 state=PLAYING
09:51:29 - [INPUT] KEYUP key=left code=1073741904 state=PLAYING
09:51:30 - [INPUT] KEYDOWN key=right code=1073741903 state=PLAYING
09:51:30 - [INPUT] KEYUP key=right code=1073741903 state=PLAYING
09:51:31 - [INPUT] KEYDOWN key=right code=1073741903 state=PLAYING
09:51:31 - [INPUT] KEYUP key=right code=1073741903 state=PLAYING
09:51:31 - [INPUT] KEYDOWN key=left code=1073741904 state=PLAYING
09:51:31 - [INPUT] KEYUP key=left code=1073741904 state=PLAYING
09:51:32 - [INPUT] KEYDOWN key=left code=1073741904 state=PLAYING
09:51:32 - [INPUT] KEYUP key=left code=1073741904 state=PLAYING
09:51:33 - [INPUT] KEYDOWN key=right code=1073741903 state=PLAYING
09:51:33 - [INPUT] KEYUP key=right code=1073741903 state=PLAYING
09:51:34 - [INPUT] KEYDOWN key=right code=1073741903 state=PLAYING
09:51:34 - [INPUT] KEYUP key=right code=1073741903 state=PLAYING
09:51:35 - [INPUT] KEYDOWN key=left code=1073741904 state=PLAYING
09:51:35 - [INPUT] KEYUP key=left code=1073741904 state=PLAYING
09:51:36 - [INPUT] KEYDOWN key=right code=1073741903 state=PLAYING
09:51:36 - [INPUT] KEYUP key=right code=1073741903 state=PLAYING
09:51:36 - [INPUT] KEYDOWN key=left code=1073741904 state=PLAYING
09:51:36 - [INPUT] KEYUP key=left code=1073741904 state=PLAYING
09:51:37 - [INPUT] KEYDOWN key=left code=1073741904 state=PLAYING
09:51:37 - [INPUT] KEYUP key=left code=1073741904 state=PLAYING
09:51:37 - [INPUT] KEYDOWN key=right code=1073741903 state=PLAYING
09:51:37 - [INPUT] KEYUP key=right code=1073741903 state=PLAYING
09:51:37 - [INPUT] KEYDOWN key=left code=1073741904 state=PLAYING
09:51:38 - [INPUT] KEYUP key=left code=1073741904 state=PLAYING
09:51:38 - [INPUT] KEYDOWN key=right code=1073741903 state=PLAYING
09:51:38 - [INPUT] KEYUP key=right code=1073741903 state=PLAYING
09:51:39 - [INPUT] KEYDOWN key=right code=1073741903 state=PLAYING
09:51:39 - [INPUT] KEYUP key=right code=1073741903 state=PLAYING
09:51:39 - [INPUT] KEYDOWN key=left code=1073741904 state=PLAYING
09:51:40 - [INPUT] KEYUP key=left code=1073741904 state=PLAYING
09:51:40 - [INPUT] KEYDOWN key=left code=1073741904 state=PLAYING
09:51:40 - [INPUT] KEYUP key=left code=1073741904 state=PLAYING
09:51:41 - [INPUT] KEYDOWN key=right code=1073741903 state=PLAYING
09:51:41 - [INPUT] KEYUP key=right code=1073741903 state=PLAYING
09:51:41 - [INPUT] KEYDOWN key=right code=1073741903 state=PLAYING
09:51:42 - [INPUT] KEYUP key=right code=1073741903 state=PLAYING
09:51:42 - [INPUT] KEYDOWN key=left code=1073741904 state=PLAYING
09:51:42 - [INPUT] KEYUP key=left code=1073741904 state=PLAYING
09:51:42 - [INPUT] KEYDOWN key=right code=1073741903 state=PLAYING
09:51:42 - [INPUT] KEYUP key=right code=1073741903 state=PLAYING
09:51:43 - [INPUT] KEYDOWN key=left code=1073741904 state=PLAYING
09:51:43 - [INPUT] KEYUP key=left code=1073741904 state=PLAYING
09:51:43 - [INPUT] KEYDOWN key=right code=1073741903 state=PLAYING
09:51:43 - [INPUT] KEYDOWN key=left code=1073741904 state=PLAYING
09:51:43 - [INPUT] KEYUP key=right code=1073741903 state=PLAYING
09:51:44 - [INPUT] KEYUP key=left code=1073741904 state=PLAYING
09:51:44 - [INPUT] KEYDOWN key=right code=1073741903 state=PLAYING
09:51:44 - [INPUT] KEYUP key=right code=1073741903 state=PLAYING
09:51:44 - [INPUT] KEYDOWN key=left code=1073741904 state=PLAYING
09:51:44 - [INPUT] KEYUP key=left code=1073741904 state=PLAYING
09:51:44 - [INPUT] KEYDOWN key=right code=1073741903 state=PLAYING
09:51:44 - [INPUT] KEYUP key=right code=1073741903 state=PLAYING
