10:40:05 - [INPUT] KEYDOWN key=return code=13 state=MENU
10:40:05 - \U0001f3ae Inizia nuova partita
10:40:05 - \U0001f504 Nuova partita iniziata!
10:40:05 - [INPUT] KEYUP key=return code=13 state=PLAYING
10:40:06 - [INPUT] KEYDOWN key=left code=1073741904 state=PLAYING
10:40:06 - [INPUT] KEYUP key=left code=1073741904 state=PLAYING
10:40:07 - [INPUT] KEYDOWN key=right code=1073741903 state=PLAYING
10:40:07 - [INPUT] KEYUP key=right code=1073741903 state=PLAYING
10:40:08 - [INPUT] KEYDOWN key=right code=1073741903 state=PLAYING
10:40:08 - [INPUT] KEYUP key=right code=1073741903 state=PLAYING
10:40:08 - [INPUT] KEYDOWN key=right code=1073741903 state=PLAYING
10:40:08 - [INPUT] KEYUP key=right code=1073741903 state=PLAYING
10:40:08 - [INPUT] KEYDOWN key=left code=1073741904 state=PLAYING
10:40:08 - [INPUT] KEYUP key=left code=1073741904 state=PLAYING
10:40:09 - [INPUT] KEYDOWN key=left code=1073741904 state=PLAYING
10:40:09 - [INPUT] KEYUP key=left code=1073741904 state=PLAYING
10:40:09 - [INPUT] KEYDOWN key=right code=1073741903 state=PLAYING
10:40:09 - [INPUT] KEYUP key=right code=1073741903 state=PLAYING
10:40:10 - [INPUT] KEYDOWN key=left code=1073741904 state=PLAYING
10:40:10 - [INPUT] KEYUP key=left code=1073741904 state=PLAYING
10:40:11 - [INPUT] KEYDOWN key=left code=1073741904 state=PLAYING
10:40:11 - [INPUT] KEYUP key=left code=1073741904 state=PLAYING
10:40:12 - [INPUT] KEYDOWN key=right code=1073741903 state=PLAYING
10:40:12 - [INPUT] KEYUP key=right code=1073741903 state=PLAYING
10:40:12 - [INPUT] KEYDOWN key=left code=1073741904 state=PLAYING
10:40:13 - [INPUT] KEYUP key=left code=1073741904 state=PLAYING
10:40:13 - [INPUT] KEYDOWN key=right code=1073741903 state=PLAYING
10:40:14 - [INPUT] KEYUP key=right code=1073741903 state=PLAYING
10:40:14 - [INPUT] KEYDOWN key=left code=1073741904 state=PLAYING
10:40:14 - [INPUT] KEYUP key=left code=1073741904 state=PLAYING
10:40:14 - [INPUT] KEYDOWN key=left code=1073741904 state=PLAYING
10:40:14 - [INPUT] KEYUP key=left code=1073741904 state=PLAYING
10:40:15 - [INPUT] KEYDOWN key=space code=32 state=PLAYING
10:40:16 - [INPUT] KEYUP key=space code=32 state=PLAYING
10:40:16 - [INPUT] KEYDOWN key=space code=32 state=PLAYING
10:40:16 - [INPUT] KEYUP key=space code=32 state=PLAYING
10:40:16 - [INPUT] KEYDOWN key=left code=1073741904 state=PLAYING
10:40:17 - [INPUT] KEYUP key=left code=1073741904 state=PLAYING
10:40:17 - [INPUT] KEYDOWN key=right code=1073741903 state=PLAYING
10:40:17 - [INPUT] KEYUP key=right code=1073741903 state=PLAYING
10:40:17 - [INPUT] KEYDOWN key=right code=1073741903 state=PLAYING
10:40:17 - [INPUT] KEYUP key=right code=1073741903 state=PLAYING
10:40:18 - [INPUT] KEYDOWN key=right code=1073741903 state=PLAYING
10:40:18 - [INPUT] KEYUP key=right code=1073741903 state=PLAYING
10:40:18 - [INPUT] KEYDOWN key=left code=1073741904 state=PLAYING
10:40:19 - [INPUT] KEYUP key=left code=1073741904 state=PLAYING
10:40:19 - [INPUT] KEYDOWN key=right code=1073741903 state=PLAYING
10:40:19 - [INPUT] KEYUP key=right code=1073741903 state=PLAYING
10:40:20 - [INPUT] KEYDOWN key=left code=1073741904 state=PLAYING
10:40:20 - [INPUT] KEYDOWN key=space code=32 state=PLAYING
10:40:20 - [INPUT] KEYUP key=space code=32 state=PLAYING
10:40:20 - [INPUT] KEYDOWN key=space code=32 state=PLAYING
10:40:20 - [INPUT] KEYUP key=space code=32 state=PLAYING
10:40:20 - [INPUT] KEYDOWN key=space code=32 state=PLAYING
10:40:20 - [INPUT] KEYUP key=left code=1073741904 state=PLAYING
10:40:20 - [INPUT] KEYUP key=space code=32 state=PLAYING
10:40:21 - [INPUT] KEYDOWN key=right code=1073741903 state=PLAYING
10:40:22 - [INPUT] KEYUP key=right code=1073741903 state=PLAYING
10:40:22 - [INPUT] KEYDOWN key=left code=1073741904 state=PLAYING
10:40:22 - [INPUT] KEYUP key=left code=1073741904 state=PLAYING
10:40:22 - [INPUT] KEYDOWN key=left code=1073741904 state=PLAYING
10:40:23 - [INPUT] KEYUP key=left code=1073741904 state=PLAYING
