11:01:46 - [INPUT] KEYDOWN key=return code=13 state=MENU
11:01:46 - \U0001f3ae Inizia nuova partita
11:01:46 - \U0001f504 Nuova partita iniziata!
11:01:46 - [INPUT] KEYUP key=return code=13 state=PLAYING
11:01:46 - [INPUT] KEYDOWN key=space code=32 state=PLAYING
11:01:46 - [INPUT] KEYUP key=space code=32 state=PLAYING
11:01:46 - [INPUT] KEYDOWN key=space code=32 state=PLAYING
11:01:46 - [INPUT] KEYUP key=space code=32 state=PLAYING
11:01:46 - [INPUT] KEYDOWN key=space code=32 state=PLAYING
11:01:46 - [INPUT] KEYUP key=space code=32 state=PLAYING
11:01:46 - [INPUT] KEYDOWN key=space code=32 state=PLAYING
11:01:46 - [INPUT] KEYUP key=space code=32 state=PLAYING
11:01:47 - [INPUT] KEYDOWN key=space code=32 state=PLAYING
11:01:47 - [INPUT] KEYUP key=space code=32 state=PLAYING
11:01:47 - [INPUT] KEYDOWN key=space code=32 state=PLAYING
11:01:47 - [INPUT] KEYUP key=space code=32 state=PLAYING
11:01:47 - [INPUT] KEYDOWN key=space code=32 state=PLAYING
11:01:47 - [INPUT] KEYUP key=space code=32 state=PLAYING
11:01:47 - [INPUT] KEYDOWN key=space code=32 state=PLAYING
11:01:47 - [INPUT] KEYUP key=space code=32 state=PLAYING
11:01:47 - [INPUT] KEYDOWN key=space code=32 state=PLAYING
11:01:47 - [INPUT] KEYUP key=space code=32 state=PLAYING
11:01:47 - [INPUT] KEYDOWN key=space code=32 state=PLAYING
11:01:48 - [INPUT] KEYUP key=space code=32 state=PLAYING
11:01:48 - [INPUT] KEYDOWN key=space code=32 state=PLAYING
11:01:48 - [INPUT] KEYUP key=space code=32 state=PLAYING
11:01:48 - [INPUT] KEYDOWN key=space code=32 state=PLAYING
11:01:48 - [INPUT] KEYUP key=space code=32 state=PLAYING
11:01:48 - [INPUT] KEYDOWN key=space code=32 state=PLAYING
11:01:48 - [INPUT] KEYUP key=space code=32 state=PLAYING
11:01:48 - [INPUT] KEYDOWN key=space code=32 state=PLAYING
11:01:48 - [INPUT] KEYUP key=space code=32 state=PLAYING
11:01:49 - [INPUT] KEYDOWN key=space code=32 state=PLAYING
11:01:49 - [INPUT] KEYUP key=space code=32 state=PLAYING
11:01:49 - [INPUT] KEYDOWN key=space code=32 state=PLAYING
11:01:49 - [INPUT] KEYUP key=space code=32 state=PLAYING
11:01:49 - [INPUT] KEYDOWN key=space code=32 state=PLAYING
11:01:49 - [INPUT] KEYUP key=space code=32 state=PLAYING
11:01:49 - [INPUT] KEYDOWN key=space code=32 state=PLAYING
11:01:49 - [INPUT] KEYUP key=space code=32 state=PLAYING
11:01:49 - [INPUT] KEYDOWN key=space code=32 state=PLAYING
11:01:50 - [INPUT] KEYUP key=space code=32 state=PLAYING
11:01:50 - [INPUT] KEYDOWN key=space code=32 state=PLAYING
11:01:50 - [INPUT] KEYUP key=space code=32 state=PLAYING
11:01:50 - [INPUT] KEYDOWN key=space code=32 state=PLAYING
11:01:50 - [INPUT] KEYUP key=space code=32 state=PLAYING
11:01:50 - [INPUT] KEYDOWN key=space code=32 state=PLAYING
11:01:50 - [INPUT] KEYUP key=space code=32 state=PLAYING
11:01:50 - [INPUT] KEYDOWN key=space code=32 state=PLAYING
11:01:50 - [INPUT] KEYUP key=space code=32 state=PLAYING
11:01:50 - [INPUT] KEYDOWN key=space code=32 state=PLAYING
11:01:51 - [INPUT] KEYUP key=space code=32 state=PLAYING
11:01:51 - [INPUT] KEYDOWN key=space code=32 state=PLAYING
11:01:51 - [INPUT] KEYUP key=space code=32 state=PLAYING
11:01:51 - [INPUT] KEYDOWN key=space code=32 state=PLAYING
11:01:51 - [INPUT] KEYUP key=space code=32 state=PLAYING
11:01:51 - [INPUT] KEYDOWN key=space code=32 state=PLAYING
11:01:51 - [INPUT] KEYUP key=space code=32 state=PLAYING
11:01:51 - [INPUT] KEYDOWN key=space code=32 state=PLAYING
11:01:51 - [INPUT] KEYUP key=space code=32 state=PLAYING
11:01:51 - [INPUT] KEYDOWN key=space code=32 state=PLAYING
11:01:52 - [INPUT] KEYUP key=space code=32 state=PLAYING
11:01:52 - [INPUT] KEYDOWN key=space code=32 state=PLAYING
11:01:52 - [INPUT] KEYUP key=space code=32 state=PLAYING
11:01:52 - [INPUT] KEYDOWN key=space code=32 state=PLAYING
11:01:52 - [INPUT] KEYUP key=space code=32 state=PLAYING
11:01:52 - [INPUT] KEYDOWN key=space code=32 state=PLAYING
11:01:52 - [INPUT] KEYUP key=space code=32 state=PLAYING
11:01:52 - [INPUT] KEYDOWN key=space code=32 state=PLAYING
11:01:53 - [INPUT] KEYUP key=space code=32 state=PLAYING
11:01:53 - [INPUT] KEYDOWN key=space code=32 state=PLAYING
11:01:53 - [INPUT] KEYUP key=space code=32 state=PLAYING
11:01:54 - [INPUT] KEYDOWN key=left code=1073741904 state=PLAYING
11:01:54 - [INPUT] KEYDOWN key=space code=32 state=PLAYING
11:01:54 - [INPUT] KEYUP key=left code=1073741904 state=PLAYING
11:01:54 - [INPUT] KEYUP key=space code=32 state=PLAYING
11:01:54 - [INPUT] KEYDOWN key=right code=1073741903 state=PLAYING
11:01:54 - [INPUT] KEYDOWN key=space code=32 state=PLAYING
11:01:54 - [INPUT] KEYUP key=right code=1073741903 state=PLAYING
11:01:54 - [INPUT] KEYDOWN key=right code=1073741903 state=PLAYING
11:01:54 - [INPUT] KEYUP key=space code=32 state=PLAYING
11:01:54 - [INPUT] KEYDOWN key=space code=32 state=PLAYING
11:01:55 - [INPUT] KEYUP key=right code=1073741903 state=PLAYING
11:01:55 - [INPUT] KEYUP key=space code=32 state=PLAYING
11:01:55 - [INPUT] KEYDOWN key=space code=32 state=PLAYING
11:01:55 - [INPUT] KEYDOWN key=left code=1073741904 state=PLAYING
11:01:55 - [INPUT] KEYUP key=space code=32 state=PLAYING
11:01:55 - [INPUT] KEYUP key=left code=1073741904 state=PLAYING
11:01:55 - [INPUT] KEYDOWN key=space code=32 state=PLAYING
11:01:55 - [INPUT] KEYDOWN key=left code=1073741904 state=PLAYING
11:01:55 - [INPUT] KEYUP key=space code=32 state=PLAYING
11:01:55 - [INPUT] KEYUP key=left code=1073741904 state=PLAYING
11:01:55 - [INPUT] KEYDOWN key=space code=32 state=PLAYING
11:01:55 - [INPUT] KEYUP key=space code=32 state=PLAYING
11:01:55 - [INPUT] KEYDOWN key=right code=1073741903 state=PLAYING
11:01:56 - [INPUT] KEYDOWN key=space code=32 state=PLAYING
11:01:56 - [INPUT] KEYUP key=right code=1073741903 state=PLAYING
11:01:56 - [INPUT] KEYUP key=space code=32 state=PLAYING
11:01:56 - [INPUT] KEYDOWN key=space code=32 state=PLAYING
11:01:56 - [INPUT] KEYUP key=space code=32 state=PLAYING
11:01:57 - [INPUT] KEYDOWN key=right code=1073741903 state=PLAYING
11:01:57 - [INPUT] KEYUP key=right code=1073741903 state=PLAYING
11:01:57 - [INPUT] KEYDOWN key=space code=32 state=PLAYING
11:01:57 - [INPUT] KEYDOWN key=left code=1073741904 state=PLAYING
11:01:57 - [INPUT] KEYUP key=space code=32 state=PLAYING
11:01:57 - [INPUT] KEYDOWN key=space code=32 state=PLAYING
11:01:57 - [INPUT] KEYUP key=space code=32 state=PLAYING
11:01:57 - [INPUT] KEYDOWN key=space code=32 state=PLAYING
11:01:58 - [INPUT] KEYUP key=left code=1073741904 state=PLAYING
11:01:58 - [INPUT] KEYUP key=space code=32 state=PLAYING
11:01:58 - [INPUT] KEYDOWN key=right code=1073741903 state=PLAYING
11:01:58 - [INPUT] KEYDOWN key=space code=32 state=PLAYING
11:01:58 - [INPUT] KEYUP key=space code=32 state=PLAYING
11:01:58 - [INPUT] KEYUP key=right code=1073741903 state=PLAYING
11:01:58 - [INPUT] KEYDOWN key=space code=32 state=PLAYING
11:01:58 - [INPUT] KEYDOWN key=left code=1073741904 state=PLAYING
11:01:58 - [INPUT] KEYUP key=space code=32 state=PLAYING
11:01:58 - [INPUT] KEYUP key=left code=1073741904 state=PLAYING
11:01:58 - [INPUT] KEYDOWN key=space code=32 state=PLAYING
11:01:58 - [INPUT] KEYDOWN key=left code=1073741904 state=PLAYING
11:01:58 - [INPUT] KEYUP key=space code=32 state=PLAYING
11:01:59 - [INPUT] KEYDOWN key=space code=32 state=PLAYING
11:01:59 - [INPUT] KEYUP key=left code=1073741904 state=PLAYING
11:01:59 - [INPUT] KEYDOWN key=right code=1073741903 state=PLAYING
11:01:59 - [INPUT] KEYUP key=space code=32 state=PLAYING
11:01:59 - [INPUT] KEYDOWN key=space code=32 state=PLAYING
11:01:59 - [INPUT] KEYUP key=space code=32 state=PLAYING
11:01:59 - [INPUT] KEYDOWN key=space code=32 state=PLAYING
11:01:59 - [INPUT] KEYUP key=right code=1073741903 state=PLAYING
11:01:59 - [INPUT] KEYDOWN key=left code=1073741904 state=PLAYING
11:01:59 - [INPUT] KEYUP key=space code=32 state=PLAYING
11:01:59 - [INPUT] KEYDOWN key=space code=32 state=PLAYING
11:01:59 - [INPUT] KEYUP key=space code=32 state=PLAYING
11:02:00 - [INPUT] KEYDOWN key=space code=32 state=PLAYING
11:02:00 - [INPUT] KEYUP key=space code=32 state=PLAYING
11:02:00 - [INPUT] KEYDOWN key=space code=32 state=PLAYING
11:02:00 - [INPUT] KEYDOWN key=right code=1073741903 state=PLAYING
11:02:00 - [INPUT] KEYUP key=left code=1073741904 state=PLAYING
11:02:00 - [INPUT] KEYUP key=space code=32 state=PLAYING
11:02:00 - [INPUT] KEYUP key=right code=1073741903 state=PLAYING
11:02:01 - [INPUT] KEYDOWN key=space code=32 state=PLAYING
11:02:01 - [INPUT] KEYUP key=space code=32 state=PLAYING
11:02:01 - [INPUT] KEYDOWN key=space code=32 state=PLAYING
11:02:01 - [INPUT] KEYUP key=space code=32 state=PLAYING
11:02:01 - [INPUT] KEYDOWN key=space code=32 state=PLAYING
11:02:01 - [INPUT] KEYUP key=space code=32 state=PLAYING
11:02:01 - [INPUT] KEYDOWN key=space code=32 state=PLAYING
11:02:01 - [INPUT] KEYUP key=space code=32 state=PLAYING
11:02:01 - [INPUT] KEYDOWN key=space code=32 state=PLAYING
11:02:02 - [INPUT] KEYUP key=space code=32 state=PLAYING
11:02:02 - [INPUT] KEYDOWN key=space code=32 state=PLAYING
11:02:02 - [INPUT] KEYUP key=space code=32 state=PLAYING
11:02:02 - [INPUT] KEYDOWN key=space code=32 state=PLAYING
11:02:02 - [INPUT] KEYUP key=space code=32 state=PLAYING
11:02:02 - [INPUT] KEYDOWN key=space code=32 state=PLAYING
11:02:02 - [INPUT] KEYUP key=space code=32 state=PLAYING
11:02:02 - [INPUT] KEYDOWN key=space code=32 state=PLAYING
11:02:02 - [INPUT] KEYUP key=space code=32 state=PLAYING
11:02:03 - [INPUT] KEYDOWN key=space code=32 state=PLAYING
11:02:03 - [INPUT] KEYUP key=space code=32 state=PLAYING
11:02:03 - [INPUT] KEYDOWN key=space code=32 state=PLAYING
11:02:03 - [INPUT] KEYUP key=space code=32 state=PLAYING
11:02:03 - [INPUT] KEYDOWN key=space code=32 state=PLAYING
11:02:03 - [INPUT] KEYUP key=space code=32 state=PLAYING
11:02:03 - [INPUT] KEYDOWN key=space code=32 state=PLAYING
11:02:03 - [INPUT] KEYUP key=space code=32 state=PLAYING
11:02:03 - [INPUT] KEYDOWN key=space code=32 state=PLAYING
11:02:04 - [INPUT] KEYUP key=space code=32 state=PLAYING
11:02:04 - [INPUT] KEYDOWN key=space code=32 state=PLAYING
11:02:04 - [INPUT] KEYUP key=space code=32 state=PLAYING
11:02:04 - [INPUT] KEYDOWN key=space code=32 state=PLAYING
11:02:04 - [INPUT] KEYUP key=space code=32 state=PLAYING
11:02:04 - [INPUT] KEYDOWN key=space code=32 state=PLAYING
11:02:04 - [INPUT] KEYUP key=space code=32 state=PLAYING
11:02:04 - [INPUT] KEYDOWN key=space code=32 state=PLAYING
11:02:05 - [INPUT] KEYUP key=space code=32 state=PLAYING
11:02:05 - [INPUT] KEYDOWN key=space code=32 state=PLAYING
11:02:06 - [INPUT] KEYUP key=space code=32 state=PLAYING
11:02:06 - [INPUT] KEYDOWN key=right code=1073741903 state=PLAYING
11:02:07 - [INPUT] KEYUP key=right code=1073741903 state=PLAYING
11:02:07 - [INPUT] KEYDOWN key=space code=32 state=PLAYING
11:02:07 - [INPUT] KEYUP key=space code=32 state=PLAYING
11:02:07 - [INPUT] KEYDOWN key=space code=32 state=PLAYING
11:02:07 - [INPUT] KEYUP key=space code=32 state=PLAYING
11:02:07 - [INPUT] KEYDOWN key=left code=1073741904 state=PLAYING
11:02:07 - [INPUT] KEYDOWN key=space code=32 state=PLAYING
11:02:08 - [INPUT] KEYUP key=space code=32 state=PLAYING
11:02:08 - [INPUT] KEYDOWN key=space code=32 state=PLAYING
11:02:08 - [INPUT] KEYUP key=left code=1073741904 state=PLAYING
11:02:08 - [INPUT] KEYUP key=space code=32 state=PLAYING
11:02:08 - [INPUT] KEYDOWN key=left code=1073741904 state=PLAYING
11:02:08 - [INPUT] KEYUP key=left code=1073741904 state=PLAYING
11:02:08 - [INPUT] KEYDOWN key=right code=1073741903 state=PLAYING
11:02:08 - [INPUT] KEYUP key=right code=1073741903 state=PLAYING
11:02:09 - [INPUT] KEYDOWN key=left code=1073741904 state=PLAYING
11:02:09 - [INPUT] KEYDOWN key=space code=32 state=PLAYING
11:02:09 - [INPUT] KEYUP key=left code=1073741904 state=PLAYING
11:02:09 - [INPUT] KEYUP key=space code=32 state=PLAYING
11:02:09 - [INPUT] KEYDOWN key=space code=32 state=PLAYING
11:02:09 - [INPUT] KEYUP key=space code=32 state=PLAYING
11:02:09 - [INPUT] KEYDOWN key=space code=32 state=PLAYING
11:02:09 - [INPUT] KEYUP key=space code=32 state=PLAYING
11:02:10 - [INPUT] KEYDOWN key=space code=32 state=PLAYING
11:02:10 - [INPUT] KEYUP key=space code=32 state=PLAYING
11:02:10 - [INPUT] KEYDOWN key=space code=32 state=PLAYING
11:02:10 - [INPUT] KEYUP key=space code=32 state=PLAYING
11:02:10 - [INPUT] KEYDOWN key=space code=32 state=PLAYING
11:02:11 - [INPUT] KEYUP key=space code=32 state=PLAYING
11:02:12 - [INPUT] KEYDOWN key=space code=32 state=PLAYING
11:02:12 - [INPUT] KEYUP key=space code=32 state=PLAYING
11:02:12 - [INPUT] KEYDOWN key=space code=32 state=PLAYING
11:02:12 - [INPUT] KEYUP key=space code=32 state=PLAYING
11:02:12 - [INPUT] KEYDOWN key=space code=32 state=PLAYING
11:02:12 - [INPUT] KEYUP key=space code=32 state=PLAYING
11:02:12 - [INPUT] KEYDOWN key=space code=32 state=PLAYING
11:02:12 - [INPUT] KEYUP key=space code=32 state=PLAYING
11:02:13 - [INPUT] KEYDOWN key=space code=32 state=PLAYING
11:02:13 - [INPUT] KEYUP key=space code=32 state=PLAYING
11:02:13 - [INPUT] KEYDOWN key=space code=32 state=PLAYING
11:02:13 - [INPUT] KEYUP key=space code=32 state=PLAYING
11:02:13 - [INPUT] KEYDOWN key=space code=32 state=PLAYING
11:02:13 - [INPUT] KEYUP key=space code=32 state=PLAYING
11:02:13 - [INPUT] KEYDOWN key=space code=32 state=PLAYING
11:02:13 - [INPUT] KEYUP key=space code=32 state=PLAYING
11:02:13 - [INPUT] KEYDOWN key=space code=32 state=PLAYING
11:02:14 - [INPUT] KEYUP key=space code=32 state=PLAYING
11:02:14 - [INPUT] KEYDOWN key=space code=32 state=PLAYING
11:02:14 - [INPUT] KEYUP key=space code=32 state=PLAYING
