09:33:07 - [INPUT] KEYDOWN key=return code=13 state=MENU
09:33:07 - \U0001f3ae Inizia nuova partita
09:33:07 - \U0001f504 Nuova partita iniziata!
09:33:07 - [INPUT] KEYUP key=return code=13 state=PLAYING
09:33:08 - [INPUT] KEYDOWN key=right code=1073741903 state=PLAYING
09:33:08 - [INPUT] KEYUP key=right code=1073741903 state=PLAYING
09:33:09 - [INPUT] KEYDOWN key=left code=1073741904 state=PLAYING
09:33:10 - [INPUT] KEYDOWN key=a code=97 state=PLAYING
09:33:10 - [INPUT] KEYUP key=a code=97 state=PLAYING
09:33:10 - [INPUT] KEYUP key=left code=1073741904 state=PLAYING
09:33:10 - [INPUT] KEYDOWN key=right code=1073741903 state=PLAYING
09:33:10 - [INPUT] KEYUP key=right code=1073741903 state=PLAYING
09:33:11 - [INPUT] KEYDOWN key=right code=1073741903 state=PLAYING
09:33:12 - [INPUT] KEYUP key=right code=1073741903 state=PLAYING
09:33:12 - [INPUT] KEYDOWN key=left code=1073741904 state=PLAYING
09:33:12 - [INPUT] KEYUP key=left code=1073741904 state=PLAYING
09:33:12 - [INPUT] KEYDOWN key=right code=1073741903 state=PLAYING
09:33:12 - [INPUT] KEYUP key=right code=1073741903 state=PLAYING
09:33:13 - [INPUT] KEYDOWN key=left code=1073741904 state=PLAYING
09:33:13 - [INPUT] KEYUP key=left code=1073741904 state=PLAYING
09:33:14 - [INPUT] KEYDOWN key=left code=1073741904 state=PLAYING
09:33:14 - [INPUT] KEYUP key=left code=1073741904 state=PLAYING
09:33:14 - [INPUT] KEYDOWN key=right code=1073741903 state=PLAYING
09:33:14 - [INPUT] KEYUP key=right code=1073741903 state=PLAYING
09:33:14 - [INPUT] KEYDOWN key=left code=1073741904 state=PLAYING
09:33:14 - [INPUT] KEYUP key=left code=1073741904 state=PLAYING
09:33:18 - [INPUT] KEYDOWN key=left code=1073741904 state=PLAYING
09:33:18 - [INPUT] KEYUP key=left code=1073741904 state=PLAYING
09:33:19 - [INPUT] KEYDOWN key=right code=1073741903 state=PLAYING
09:33:19 - [INPUT] KEYUP key=right code=1073741903 state=PLAYING
09:33:19 - [INPUT] KEYDOWN key=right code=1073741903 state=PLAYING
09:33:19 - [INPUT] KEYUP key=right code=1073741903 state=PLAYING
09:33:20 - [INPUT] KEYDOWN key=left code=1073741904 state=PLAYING
09:33:20 - [INPUT] KEYUP key=left code=1073741904 state=PLAYING
09:33:21 - [INPUT] KEYDOWN key=right code=1073741903 state=PLAYING
09:33:22 - [INPUT] KEYUP key=right code=1073741903 state=PLAYING
09:33:23 - [INPUT] KEYDOWN key=left code=1073741904 state=PLAYING
09:33:24 - [INPUT] KEYUP key=left code=1073741904 state=PLAYING
09:33:24 - [INPUT] KEYDOWN key=right code=1073741903 state=PLAYING
09:33:24 - [INPUT] KEYUP key=right code=1073741903 state=PLAYING
09:33:24 - [INPUT] KEYDOWN key=right code=1073741903 state=PLAYING
09:33:25 - [INPUT] KEYUP key=right code=1073741903 state=PLAYING
09:33:25 - [INPUT] KEYDOWN key=left code=1073741904 state=PLAYING
09:33:25 - [INPUT] KEYUP key=left code=1073741904 state=PLAYING
09:33:26 - [INPUT] KEYDOWN key=left code=1073741904 state=PLAYING
09:33:26 - [INPUT] KEYUP key=left code=1073741904 state=PLAYING
09:33:27 - [INPUT] KEYDOWN key=right code=1073741903 state=PLAYING
09:33:27 - [INPUT] KEYUP key=right code=1073741903 state=PLAYING
