08:00:28 - [INPUT] KEYDOWN key=return code=13 state=MENU
08:00:28 - \U0001f3ae Inizia nuova partita
08:00:28 - \U0001f504 Nuova partita iniziata!
08:00:28 - [INPUT] KEYUP key=return code=13 state=PLAYING
08:00:29 - [INPUT] KEYDOWN key=right code=1073741903 state=PLAYING
08:00:29 - [INPUT] KEYUP key=right code=1073741903 state=PLAYING
08:00:30 - [INPUT] KEYDOWN key=left code=1073741904 state=PLAYING
08:00:30 - [INPUT] KEYUP key=left code=1073741904 state=PLAYING
08:00:31 - [INPUT] KEYDOWN key=left code=1073741904 state=PLAYING
08:00:31 - [INPUT] KEYUP key=left code=1073741904 state=PLAYING
08:00:32 - [INPUT] KEYDOWN key=right code=1073741903 state=PLAYING
08:00:32 - [INPUT] KEYUP key=right code=1073741903 state=PLAYING
08:00:32 - [INPUT] KEYDOWN key=right code=1073741903 state=PLAYING
08:00:32 - [INPUT] KEYUP key=right code=1073741903 state=PLAYING
08:00:32 - [INPUT] KEYDOWN key=left code=1073741904 state=PLAYING
08:00:33 - [INPUT] KEYUP key=left code=1073741904 state=PLAYING
08:00:33 - [INPUT] KEYDOWN key=right code=1073741903 state=PLAYING
08:00:33 - [INPUT] KEYUP key=right code=1073741903 state=PLAYING
08:00:33 - [INPUT] KEYDOWN key=right code=1073741903 state=PLAYING
08:00:34 - [INPUT] KEYUP key=right code=1073741903 state=PLAYING
08:00:35 - [INPUT] KEYDOWN key=left code=1073741904 state=PLAYING
08:00:35 - [INPUT] KEYUP key=left code=1073741904 state=PLAYING
08:00:35 - [INPUT] KEYDOWN key=left code=1073741904 state=PLAYING
08:00:36 - [INPUT] KEYUP key=left code=1073741904 state=PLAYING
08:00:36 - [INPUT] KEYDOWN key=right code=1073741903 state=PLAYING
08:00:37 - [INPUT] KEYUP key=right code=1073741903 state=PLAYING
08:00:37 - [INPUT] KEYDOWN key=left code=1073741904 state=PLAYING
08:00:37 - [INPUT] KEYUP key=left code=1073741904 state=PLAYING
08:00:38 - [INPUT] KEYDOWN key=left code=1073741904 state=PLAYING
08:00:38 - [INPUT] KEYUP key=left code=1073741904 state=PLAYING
08:00:39 - [INPUT] KEYDOWN key=right code=1073741903 state=PLAYING
08:00:40 - [INPUT] KEYUP key=right code=1073741903 state=PLAYING
08:00:40 - [INPUT] KEYDOWN key=left code=1073741904 state=PLAYING
08:00:41 - [INPUT] KEYUP key=left code=1073741904 state=PLAYING
08:00:41 - [INPUT] KEYDOWN key=right code=1073741903 state=PLAYING
08:00:41 - [INPUT] KEYUP key=right code=1073741903 state=PLAYING
08:00:41 - [INPUT] KEYDOWN key=right code=1073741903 state=PLAYING
08:00:41 - [INPUT] KEYUP key=right code=1073741903 state=PLAYING
08:00:42 - [INPUT] KEYDOWN key=left code=1073741904 state=PLAYING
08:00:42 - [INPUT] KEYUP key=left code=1073741904 state=PLAYING
08:00:42 - [INPUT] KEYDOWN key=right code=1073741903 state=PLAYING
08:00:43 - [INPUT] KEYUP key=right code=1073741903 state=PLAYING
08:00:43 - [INPUT] KEYDOWN key=left code=1073741904 state=PLAYING
08:00:43 - [INPUT] KEYUP key=left code=1073741904 state=PLAYING
08:00:45 - [INPUT] KEYDOWN key=right code=1073741903 state=PLAYING
08:00:45 - [INPUT] KEYUP key=right code=1073741903 state=PLAYING
08:00:46 - [INPUT] KEYDOWN key=right code=1073741903 state=PLAYING
08:00:46 - [INPUT] KEYUP key=right code=1073741903 state=PLAYING
08:00:46 - [INPUT] KEYDOWN key=left code=1073741904 state=PLAYING
08:00:46 - [INPUT] KEYUP key=left code=1073741904 state=PLAYING
