10:21:33 - [INPUT] KEYDOWN key=return code=13 state=MENU
10:21:33 - \U0001f3ae Inizia nuova partita
10:21:33 - \U0001f504 Nuova partita iniziata!
10:21:33 - [INPUT] KEYUP key=return code=13 state=PLAYING
10:21:33 - [INPUT] KEYDOWN key=space code=32 state=PLAYING
10:21:33 - [INPUT] KEYUP key=space code=32 state=PLAYING
10:21:33 - [INPUT] KEYDOWN key=space code=32 state=PLAYING
10:21:33 - [INPUT] KEYUP key=space code=32 state=PLAYING
10:21:33 - [INPUT] KEYDOWN key=space code=32 state=PLAYING
10:21:33 - [INPUT] KEYDOWN key=right code=1073741903 state=PLAYING
10:21:33 - [INPUT] KEYUP key=space code=32 state=PLAYING
10:21:34 - [INPUT] KEYUP key=right code=1073741903 state=PLAYING
10:21:34 - [INPUT] KEYDOWN key=space code=32 state=PLAYING
10:21:34 - [INPUT] KEYUP key=space code=32 state=PLAYING
10:21:34 - [INPUT] KEYDOWN key=space code=32 state=PLAYING
10:21:34 - [INPUT] KEYDOWN key=left code=1073741904 state=PLAYING
10:21:34 - [INPUT] KEYUP key=space code=32 state=PLAYING
10:21:34 - [INPUT] KEYUP key=left code=1073741904 state=PLAYING
10:21:34 - [INPUT] KEYDOWN key=space code=32 state=PLAYING
10:21:34 - [INPUT] KEYUP key=space code=32 state=PLAYING
10:21:34 - [INPUT] KEYDOWN key=space code=32 state=PLAYING
10:21:34 - [INPUT] KEYDOWN key=right code=1073741903 state=PLAYING
10:21:34 - [INPUT] KEYUP key=space code=32 state=PLAYING
10:21:34 - [INPUT] KEYUP key=right code=1073741903 state=PLAYING
10:21:34 - [INPUT] KEYDOWN key=space code=32 state=PLAYING
10:21:34 - [INPUT] KEYDOWN key=left code=1073741904 state=PLAYING
10:21:35 - [INPUT] KEYUP key=left code=1073741904 state=PLAYING
10:21:35 - [INPUT] KEYUP key=space code=32 state=PLAYING
10:21:35 - [INPUT] KEYDOWN key=left code=1073741904 state=PLAYING
10:21:35 - [INPUT] KEYDOWN key=space code=32 state=PLAYING
10:21:35 - [INPUT] KEYUP key=left code=1073741904 state=PLAYING
10:21:35 - [INPUT] KEYUP key=space code=32 state=PLAYING
10:21:35 - [INPUT] KEYDOWN key=left code=1073741904 state=PLAYING
10:21:35 - [INPUT] KEYDOWN key=space code=32 state=PLAYING
10:21:35 - [INPUT] KEYUP key=left code=1073741904 state=PLAYING
10:21:35 - [INPUT] KEYUP key=space code=32 state=PLAYING
10:21:35 - [INPUT] KEYDOWN key=space code=32 state=PLAYING
10:21:35 - [INPUT] KEYDOWN key=right code=1073741903 state=PLAYING
10:21:35 - [INPUT] KEYUP key=space code=32 state=PLAYING
10:21:35 - [INPUT] KEYUP key=right code=1073741903 state=PLAYING
10:21:35 - [INPUT] KEYDOWN key=space code=32 state=PLAYING
10:21:35 - [INPUT] KEYUP key=space code=32 state=PLAYING
10:21:36 - [INPUT] KEYDOWN key=space code=32 state=PLAYING
10:21:36 - [INPUT] KEYDOWN key=left code=1073741904 state=PLAYING
10:21:36 - [INPUT] KEYUP key=space code=32 state=PLAYING
10:21:36 - [INPUT] KEYDOWN key=space code=32 state=PLAYING
10:21:36 - [INPUT] KEYUP key=left code=1073741904 state=PLAYING
10:21:36 - [INPUT] KEYUP key=space code=32 state=PLAYING
10:21:36 - [INPUT] KEYDOWN key=space code=32 state=PLAYING
10:21:36 - [INPUT] KEYDOWN key=right code=1073741903 state=PLAYING
10:21:36 - [INPUT] KEYUP key=space code=32 state=PLAYING
10:21:36 - [INPUT] KEYDOWN key=space code=32 state=PLAYING
10:21:36 - [INPUT] KEYUP key=right code=1073741903 state=PLAYING
10:21:36 - [INPUT] KEYUP key=space code=32 state=PLAYING
10:21:36 - [INPUT] KEYDOWN key=space code=32 state=PLAYING
10:21:36 - [INPUT] KEYDOWN key=left code=1073741904 state=PLAYING
10:21:36 - [INPUT] KEYUP key=left code=1073741904 state=PLAYING
10:21:37 - [INPUT] KEYUP key=space code=32 state=PLAYING
10:21:37 - [INPUT] KEYDOWN key=space code=32 state=PLAYING
10:21:37 - [INPUT] KEYDOWN key=left code=1073741904 state=PLAYING
10:21:37 - [INPUT] KEYUP key=left code=1073741904 state=PLAYING
10:21:37 - [INPUT] KEYUP key=space code=32 state=PLAYING
10:21:37 - [INPUT] KEYDOWN key=left code=1073741904 state=PLAYING
10:21:37 - [INPUT] KEYDOWN key=space code=32 state=PLAYING
10:21:37 - [INPUT] KEYUP key=left code=1073741904 state=PLAYING
10:21:37 - [INPUT] KEYUP key=space code=32 state=PLAYING
10:21:37 - [INPUT] KEYDOWN key=space code=32 state=PLAYING
10:21:37 - [INPUT] KEYUP key=space code=32 state=PLAYING
10:21:37 - [INPUT] KEYDOWN key=space code=32 state=PLAYING
10:21:37 - [INPUT] KEYUP key=space code=32 state=PLAYING
10:21:37 - [INPUT] KEYDOWN key=space code=32 state=PLAYING
10:21:38 - [INPUT] KEYDOWN key=right code=1073741903 state=PLAYING
10:21:38 - [INPUT] KEYUP key=space code=32 state=PLAYING
10:21:38 - [INPUT] KEYUP key=right code=1073741903 state=PLAYING
10:21:38 - [INPUT] KEYDOWN key=space code=32 state=PLAYING
10:21:38 - [INPUT] KEYDOWN key=right code=1073741903 state=PLAYING
10:21:38 - [INPUT] KEYUP key=space code=32 state=PLAYING
10:21:38 - [INPUT] KEYDOWN key=space code=32 state=PLAYING
10:21:38 - [INPUT] KEYUP key=right code=1073741903 state=PLAYING
10:21:38 - [INPUT] KEYUP key=space code=32 state=PLAYING
10:21:38 - [INPUT] KEYDOWN key=left code=1073741904 state=PLAYING
10:21:38 - [INPUT] KEYDOWN key=space code=32 state=PLAYING
10:21:38 - [INPUT] KEYUP key=left code=1073741904 state=PLAYING
10:21:38 - [INPUT] KEYUP key=space code=32 state=PLAYING
10:21:38 - [INPUT] KEYDOWN key=space code=32 state=PLAYING
10:21:38 - [INPUT] KEYDOWN key=right code=1073741903 state=PLAYING
10:21:38 - [INPUT] KEYUP key=space code=32 state=PLAYING
10:21:39 - [INPUT] KEYDOWN key=space code=32 state=PLAYING
10:21:39 - [INPUT] KEYUP key=right code=1073741903 state=PLAYING
10:21:39 - [INPUT] KEYUP key=space code=32 state=PLAYING
10:21:39 - [INPUT] KEYDOWN key=space code=32 state=PLAYING
10:21:39 - [INPUT] KEYDOWN key=left code=1073741904 state=PLAYING
10:21:39 - [INPUT] KEYUP key=space code=32 state=PLAYING
10:21:39 - [INPUT] KEYUP key=left code=1073741904 state=PLAYING
10:21:39 - [INPUT] KEYDOWN key=space code=32 state=PLAYING
10:21:39 - [INPUT] KEYUP key=space code=32 state=PLAYING
10:21:39 - [INPUT] KEYDOWN key=space code=32 state=PLAYING
10:21:39 - [INPUT] KEYUP key=space code=32 state=PLAYING
10:21:39 - [INPUT] KEYDOWN key=space code=32 state=PLAYING
10:21:40 - [INPUT] KEYUP key=space code=32 state=PLAYING
10:21:40 - [INPUT] KEYDOWN key=space code=32 state=PLAYING
10:21:40 - [INPUT] KEYUP key=space code=32 state=PLAYING
10:21:40 - [INPUT] KEYDOWN key=space code=32 state=PLAYING
10:21:40 - [INPUT] KEYUP key=space code=32 state=PLAYING
10:21:40 - [INPUT] KEYDOWN key=space code=32 state=PLAYING
10:21:40 - [INPUT] KEYUP key=space code=32 state=PLAYING
10:21:40 - [INPUT] KEYDOWN key=right code=1073741903 state=PLAYING
10:21:41 - [INPUT] KEYUP key=right code=1073741903 state=PLAYING
