22:40:01 - [INPUT] KEYDOWN key=return code=13 state=MENU
22:40:01 - \U0001f3ae Inizia nuova partita
22:40:01 - \U0001f504 Nuova partita iniziata!
22:40:01 - [INPUT] KEYUP key=return code=13 state=PLAYING
22:40:02 - [INPUT] KEYDOWN key=right code=1073741903 state=PLAYING
22:40:02 - [INPUT] KEYUP key=right code=1073741903 state=PLAYING
22:40:03 - [INPUT] KEYDOWN key=left code=1073741904 state=PLAYING
22:40:03 - [INPUT] KEYUP key=left code=1073741904 state=PLAYING
22:40:04 - [INPUT] KEYDOWN key=right code=1073741903 state=PLAYING
22:40:04 - [INPUT] KEYUP key=right code=1073741903 state=PLAYING
22:40:06 - [INPUT] KEYDOWN key=left code=1073741904 state=PLAYING
22:40:06 - [INPUT] KEYUP key=left code=1073741904 state=PLAYING
22:40:07 - [INPUT] KEYDOWN key=right code=1073741903 state=PLAYING
22:40:07 - [INPUT] KEYUP key=right code=1073741903 state=PLAYING
22:40:07 - [INPUT] KEYDOWN key=left code=1073741904 state=PLAYING
22:40:07 - [INPUT] KEYUP key=left code=1073741904 state=PLAYING
22:40:08 - [INPUT] KEYDOWN key=right code=1073741903 state=PLAYING
22:40:08 - [INPUT] KEYUP key=right code=1073741903 state=PLAYING
22:40:08 - [INPUT] KEYDOWN key=left code=1073741904 state=PLAYING
22:40:08 - [INPUT] KEYUP key=left code=1073741904 state=PLAYING
22:40:08 - [INPUT] KEYDOWN key=right code=1073741903 state=PLAYING
22:40:09 - [INPUT] KEYUP key=right code=1073741903 state=PLAYING
22:40:09 - [INPUT] KEYDOWN key=left code=1073741904 state=PLAYING
22:40:09 - [INPUT] KEYUP key=left code=1073741904 state=PLAYING
22:40:09 - [INPUT] KEYDOWN key=right code=1073741903 state=PLAYING
22:40:09 - [INPUT] KEYUP key=right code=1073741903 state=PLAYING
22:40:10 - [INPUT] KEYDOWN key=left code=1073741904 state=PLAYING
22:40:10 - [INPUT] KEYUP key=left code=1073741904 state=PLAYING
22:40:10 - [INPUT] KEYDOWN key=right code=1073741903 state=PLAYING
22:40:10 - [INPUT] KEYUP key=right code=1073741903 state=PLAYING
22:40:11 - [INPUT] KEYDOWN key=right code=1073741903 state=PLAYING
22:40:11 - [INPUT] KEYUP key=right code=1073741903 state=PLAYING
22:40:11 - [INPUT] KEYDOWN key=left code=1073741904 state=PLAYING
22:40:12 - [INPUT] KEYUP key=left code=1073741904 state=PLAYING
22:40:12 - [INPUT] KEYDOWN key=left code=1073741904 state=PLAYING
22:40:12 - [INPUT] KEYUP key=left code=1073741904 state=PLAYING
22:40:13 - [INPUT] KEYDOWN key=right code=1073741903 state=PLAYING
22:40:13 - [INPUT] KEYUP key=right code=1073741903 state=PLAYING
22:40:15 - [INPUT] KEYDOWN key=left code=1073741904 state=PLAYING
22:40:15 - [INPUT] KEYUP key=left code=1073741904 state=PLAYING
22:40:15 - [INPUT] KEYDOWN key=right code=1073741903 state=PLAYING
22:40:15 - [INPUT] KEYDOWN key=up code=1073741906 state=PLAYING
22:40:15 - [INPUT] KEYUP key=up code=1073741906 state=PLAYING
22:40:15 - [INPUT] KEYUP key=right code=1073741903 state=PLAYING
22:40:15 - [INPUT] KEYDOWN key=left code=1073741904 state=PLAYING
22:40:16 - [INPUT] KEYUP key=left code=1073741904 state=PLAYING
22:40:16 - [INPUT] KEYDOWN key=right code=1073741903 state=PLAYING
22:40:16 - [INPUT] KEYUP key=right code=1073741903 state=PLAYING
22:40:16 - [INPUT] KEYDOWN key=right code=1073741903 state=PLAYING
22:40:16 - [INPUT] KEYUP key=right code=1073741903 state=PLAYING
22:40:16 - [INPUT] KEYDOWN key=left code=1073741904 state=PLAYING
22:40:17 - [INPUT] KEYUP key=left code=1073741904 state=PLAYING
22:40:17 - [INPUT] KEYDOWN key=right code=1073741903 state=PLAYING
22:40:18 - [INPUT] KEYUP key=right code=1073741903 state=PLAYING
22:40:18 - [INPUT] KEYDOWN key=r code=114 state=PLAYING
22:40:18 - [INPUT] KEYUP key=r code=114 state=PLAYING
