21:05:55 - [INPUT] KEYDOWN key=return code=13 state=MENU
21:05:55 - \U0001f3ae Inizia nuova partita
21:05:55 - \U0001f504 Nuova partita iniziata!
21:05:55 - [INPUT] KEYUP key=return code=13 state=PLAYING
21:05:56 - [INPUT] KEYDOWN key=left code=1073741904 state=PLAYING
21:05:56 - [INPUT] KEYUP key=left code=1073741904 state=PLAYING
21:05:57 - [INPUT] KEYDOWN key=left code=1073741904 state=PLAYING
21:05:58 - [INPUT] KEYUP key=left code=1073741904 state=PLAYING
21:05:58 - [INPUT] KEYDOWN key=right code=1073741903 state=PLAYING
21:05:58 - [INPUT] KEYUP key=right code=1073741903 state=PLAYING
21:05:59 - [INPUT] KEYDOWN key=right code=1073741903 state=PLAYING
21:05:59 - [INPUT] KEYUP key=right code=1073741903 state=PLAYING
21:06:00 - [INPUT] KEYDOWN key=left code=1073741904 state=PLAYING
21:06:00 - [INPUT] KEYUP key=left code=1073741904 state=PLAYING
21:06:00 - [INPUT] KEYDOWN key=left code=1073741904 state=PLAYING
21:06:01 - [INPUT] KEYUP key=left code=1073741904 state=PLAYING
21:06:01 - [INPUT] KEYDOWN key=right code=1073741903 state=PLAYING
21:06:01 - [INPUT] KEYUP key=right code=1073741903 state=PLAYING
21:06:02 - [INPUT] KEYDOWN key=right code=1073741903 state=PLAYING
21:06:03 - [INPUT] KEYUP key=right code=1073741903 state=PLAYING
21:06:03 - [INPUT] KEYDOWN key=left code=1073741904 state=PLAYING
21:06:03 - [INPUT] KEYUP key=left code=1073741904 state=PLAYING
21:06:03 - [INPUT] KEYDOWN key=left code=1073741904 state=PLAYING
21:06:04 - [INPUT] KEYUP key=left code=1073741904 state=PLAYING
21:06:04 - \u274c GAME OVER - La goccia è caduta nel vuoto!
21:06:04 - \U0001f3ae Premi R per riprovare o ESC per tornare al menu
21:06:05 - [INPUT] KEYDOWN key=r code=114 state=GAME_OVER
21:06:05 - [INPUT] KEYUP key=r code=114 state=GAME_OVER
21:06:05 - [INPUT] KEYDOWN key=r code=114 state=GAME_OVER
21:06:05 - [INPUT] KEYUP key=r code=114 state=GAME_OVER
21:06:05 - [INPUT] KEYDOWN key=r code=114 state=GAME_OVER
21:06:05 - [INPUT] KEYUP key=r code=114 state=GAME_OVER
21:06:06 - [INPUT] KEYDOWN key=r code=114 state=GAME_OVER
21:06:07 - [INPUT] KEYUP key=r code=114 state=GAME_OVER
21:06:07 - [INPUT] KEYDOWN key=r code=114 state=GAME_OVER
21:06:07 - [INPUT] KEYUP key=r code=114 state=GAME_OVER
21:06:07 - [INPUT] KEYDOWN key=r code=114 state=GAME_OVER
21:06:07 - [INPUT] KEYUP key=r code=114 state=GAME_OVER
21:06:07 - [INPUT] KEYDOWN key=r code=114 state=GAME_OVER
21:06:07 - [INPUT] KEYUP key=r code=114 state=GAME_OVER
21:06:07 - [INPUT] KEYDOWN key=r code=114 state=GAME_OVER
21:06:07 - [INPUT] KEYUP key=r code=114 state=GAME_OVER
21:06:07 - [INPUT] KEYDOWN key=r code=114 state=GAME_OVER
21:06:07 - [INPUT] KEYUP key=r code=114 state=GAME_OVER
21:06:08 - [INPUT] KEYDOWN key=r code=114 state=GAME_OVER
21:06:08 - [INPUT] KEYUP key=r code=114 state=GAME_OVER
21:06:08 - [INPUT] KEYDOWN key=r code=114 state=GAME_OVER
21:06:08 - [INPUT] KEYUP key=r code=114 state=GAME_OVER
