09:21:50 - [INPUT] KEYDOWN key=return code=13 state=MENU
09:21:50 - \U0001f3ae Inizia nuova partita
09:21:50 - \U0001f504 Nuova partita iniziata!
09:21:50 - [INPUT] KEYUP key=return code=13 state=PLAYING
09:21:50 - [INPUT] KEYDOWN key=left code=1073741904 state=PLAYING
09:21:50 - [INPUT] KEYUP key=left code=1073741904 state=PLAYING
09:21:51 - [INPUT] KEYDOWN key=right code=1073741903 state=PLAYING
09:21:52 - [INPUT] KEYUP key=right code=1073741903 state=PLAYING
09:21:52 - [INPUT] KEYDOWN key=left code=1073741904 state=PLAYING
09:21:52 - [INPUT] KEYUP key=left code=1073741904 state=PLAYING
09:21:53 - [INPUT] KEYDOWN key=left code=1073741904 state=PLAYING
09:21:53 - [INPUT] KEYUP key=left code=1073741904 state=PLAYING
09:21:54 - [INPUT] KEYDOWN key=right code=1073741903 state=PLAYING
09:21:54 - [INPUT] KEYUP key=right code=1073741903 state=PLAYING
09:21:55 - [INPUT] KEYDOWN key=left code=1073741904 state=PLAYING
09:21:56 - [INPUT] KEYUP key=left code=1073741904 state=PLAYING
09:21:56 - [INPUT] KEYDOWN key=right code=1073741903 state=PLAYING
09:21:56 - [INPUT] KEYUP key=right code=1073741903 state=PLAYING
09:21:57 - [INPUT] KEYDOWN key=right code=1073741903 state=PLAYING
09:21:58 - [INPUT] KEYUP key=right code=1073741903 state=PLAYING
09:21:58 - [INPUT] KEYDOWN key=left code=1073741904 state=PLAYING
09:21:59 - [INPUT] KEYUP key=left code=1073741904 state=PLAYING
09:21:59 - [INPUT] KEYDOWN key=right code=1073741903 state=PLAYING
09:21:59 - [INPUT] KEYUP key=right code=1073741903 state=PLAYING
09:21:59 - [INPUT] KEYDOWN key=left code=1073741904 state=PLAYING
09:22:00 - [INPUT] KEYUP key=left code=1073741904 state=PLAYING
09:22:00 - [INPUT] KEYDOWN key=right code=1073741903 state=PLAYING
09:22:01 - [INPUT] KEYUP key=right code=1073741903 state=PLAYING
09:22:01 - [INPUT] KEYDOWN key=left code=1073741904 state=PLAYING
09:22:01 - [INPUT] KEYUP key=left code=1073741904 state=PLAYING
09:22:02 - [INPUT] KEYDOWN key=left code=1073741904 state=PLAYING
09:22:02 - [INPUT] KEYUP key=left code=1073741904 state=PLAYING
09:22:02 - [INPUT] KEYDOWN key=right code=1073741903 state=PLAYING
09:22:02 - [INPUT] KEYUP key=right code=1073741903 state=PLAYING
09:22:03 - [INPUT] KEYDOWN key=left code=1073741904 state=PLAYING
09:22:03 - [INPUT] KEYUP key=left code=1073741904 state=PLAYING
09:22:03 - [INPUT] KEYDOWN key=right code=1073741903 state=PLAYING
09:22:03 - [INPUT] KEYUP key=right code=1073741903 state=PLAYING
09:22:04 - [INPUT] KEYDOWN key=left code=1073741904 state=PLAYING
09:22:04 - [INPUT] KEYUP key=left code=1073741904 state=PLAYING
09:22:04 - [INPUT] KEYDOWN key=right code=1073741903 state=PLAYING
09:22:05 - [INPUT] KEYUP key=right code=1073741903 state=PLAYING
09:22:05 - [INPUT] KEYDOWN key=left code=1073741904 state=PLAYING
09:22:05 - [INPUT] KEYUP key=left code=1073741904 state=PLAYING
09:22:05 - [INPUT] KEYDOWN key=right code=1073741903 state=PLAYING
09:22:05 - [INPUT] KEYUP key=right code=1073741903 state=PLAYING
09:22:05 - [INPUT] KEYDOWN key=left code=1073741904 state=PLAYING
09:22:06 - [INPUT] KEYUP key=left code=1073741904 state=PLAYING
09:22:06 - [INPUT] KEYDOWN key=left code=1073741904 state=PLAYING
09:22:07 - [INPUT] KEYUP key=left code=1073741904 state=PLAYING
09:22:07 - [INPUT] KEYDOWN key=right code=1073741903 state=PLAYING
09:22:07 - [INPUT] KEYUP key=right code=1073741903 state=PLAYING
09:22:08 - [INPUT] KEYDOWN key=right code=1073741903 state=PLAYING
09:22:08 - [INPUT] KEYUP key=right code=1073741903 state=PLAYING
09:22:08 - [INPUT] KEYDOWN key=left code=1073741904 state=PLAYING
09:22:08 - [INPUT] KEYUP key=left code=1073741904 state=PLAYING
09:22:09 - [INPUT] KEYDOWN key=left code=1073741904 state=PLAYING
09:22:10 - [INPUT] KEYUP key=left code=1073741904 state=PLAYING
09:22:10 - [INPUT] KEYDOWN key=right code=1073741903 state=PLAYING
09:22:11 - [INPUT] KEYUP key=right code=1073741903 state=PLAYING
09:22:11 - [INPUT] KEYDOWN key=left code=1073741904 state=PLAYING
09:22:11 - [INPUT] KEYUP key=left code=1073741904 state=PLAYING
09:22:12 - [INPUT] KEYDOWN key=right code=1073741903 state=PLAYING
09:22:13 - [INPUT] KEYUP key=right code=1073741903 state=PLAYING
09:22:13 - [INPUT] KEYDOWN key=right code=1073741903 state=PLAYING
09:22:13 - [INPUT] KEYUP key=right code=1073741903 state=PLAYING
09:22:15 - [INPUT] KEYDOWN key=right code=1073741903 state=PLAYING
09:22:15 - [INPUT] KEYUP key=right code=1073741903 state=PLAYING
09:22:15 - [INPUT] KEYDOWN key=left code=1073741904 state=PLAYING
09:22:15 - [INPUT] KEYUP key=left code=1073741904 state=PLAYING
09:22:15 - [INPUT] KEYDOWN key=right code=1073741903 state=PLAYING
09:22:16 - [INPUT] KEYUP key=right code=1073741903 state=PLAYING
09:22:16 - [INPUT] KEYDOWN key=left code=1073741904 state=PLAYING
09:22:16 - [INPUT] KEYUP key=left code=1073741904 state=PLAYING
09:22:16 - [INPUT] KEYDOWN key=left code=1073741904 state=PLAYING
09:22:17 - [INPUT] KEYUP key=left code=1073741904 state=PLAYING
09:22:18 - [INPUT] KEYDOWN key=right code=1073741903 state=PLAYING
09:22:18 - [INPUT] KEYUP key=right code=1073741903 state=PLAYING
09:22:18 - [INPUT] KEYDOWN key=left code=1073741904 state=PLAYING
09:22:19 - [INPUT] KEYUP key=left code=1073741904 state=PLAYING
09:22:19 - [INPUT] KEYDOWN key=left code=1073741904 state=PLAYING
09:22:20 - [INPUT] KEYUP key=left code=1073741904 state=PLAYING
09:22:20 - [INPUT] KEYDOWN key=right code=1073741903 state=PLAYING
09:22:20 - [INPUT] KEYUP key=right code=1073741903 state=PLAYING
09:22:21 - [INPUT] KEYDOWN key=left code=1073741904 state=PLAYING
09:22:21 - [INPUT] KEYUP key=left code=1073741904 state=PLAYING
09:22:21 - [INPUT] KEYDOWN key=right code=1073741903 state=PLAYING
09:22:21 - [INPUT] KEYUP key=right code=1073741903 state=PLAYING
09:22:22 - [INPUT] KEYDOWN key=right code=1073741903 state=PLAYING
09:22:22 - [INPUT] KEYUP key=right code=1073741903 state=PLAYING
09:22:22 - [INPUT] KEYDOWN key=left code=1073741904 state=PLAYING
09:22:22 - [INPUT] KEYUP key=left code=1073741904 state=PLAYING
09:22:22 - [INPUT] KEYDOWN key=right code=1073741903 state=PLAYING
09:22:23 - [INPUT] KEYUP key=right code=1073741903 state=PLAYING
09:22:23 - [INPUT] KEYDOWN key=left code=1073741904 state=PLAYING
09:22:23 - [INPUT] KEYUP key=left code=1073741904 state=PLAYING
09:22:23 - [INPUT] KEYDOWN key=right code=1073741903 state=PLAYING
09:22:24 - [INPUT] KEYUP key=right code=1073741903 state=PLAYING
09:22:24 - [INPUT] KEYDOWN key=left code=1073741904 state=PLAYING
09:22:24 - [INPUT] KEYUP key=left code=1073741904 state=PLAYING
09:22:26 - [INPUT] KEYDOWN key=left code=1073741904 state=PLAYING
09:22:26 - [INPUT] KEYUP key=left code=1073741904 state=PLAYING
09:22:27 - [INPUT] KEYDOWN key=right code=1073741903 state=PLAYING
09:22:27 - [INPUT] KEYUP key=right code=1073741903 state=PLAYING
09:22:27 - [INPUT] KEYDOWN key=right code=1073741903 state=PLAYING
09:22:27 - [INPUT] KEYUP key=right code=1073741903 state=PLAYING
09:22:27 - [INPUT] KEYDOWN key=left code=1073741904 state=PLAYING
09:22:28 - [INPUT] KEYUP key=left code=1073741904 state=PLAYING
09:22:28 - [INPUT] KEYDOWN key=right code=1073741903 state=PLAYING
09:22:28 - [INPUT] KEYUP key=right code=1073741903 state=PLAYING
09:22:28 - [INPUT] KEYDOWN key=right code=1073741903 state=PLAYING
09:22:29 - [INPUT] KEYUP key=right code=1073741903 state=PLAYING
09:22:29 - [INPUT] KEYDOWN key=left code=1073741904 state=PLAYING
09:22:29 - [INPUT] KEYUP key=left code=1073741904 state=PLAYING
09:22:30 - [INPUT] KEYDOWN key=left code=1073741904 state=PLAYING
09:22:30 - [INPUT] KEYDOWN key=space code=32 state=PLAYING
09:22:30 - [INPUT] KEYUP key=space code=32 state=PLAYING
09:22:30 - [INPUT] KEYUP key=left code=1073741904 state=PLAYING
09:22:31 - [INPUT] KEYDOWN key=right code=1073741903 state=PLAYING
09:22:31 - [INPUT] KEYUP key=right code=1073741903 state=PLAYING
09:22:32 - [INPUT] KEYDOWN key=right code=1073741903 state=PLAYING
09:22:32 - [INPUT] KEYUP key=right code=1073741903 state=PLAYING
09:22:33 - [INPUT] KEYDOWN key=left code=1073741904 state=PLAYING
09:22:33 - [INPUT] KEYUP key=left code=1073741904 state=PLAYING
09:22:34 - [INPUT] KEYDOWN key=left code=1073741904 state=PLAYING
09:22:34 - [INPUT] KEYUP key=left code=1073741904 state=PLAYING
09:22:34 - [INPUT] KEYDOWN key=right code=1073741903 state=PLAYING
09:22:34 - [INPUT] KEYUP key=right code=1073741903 state=PLAYING
09:22:35 - [INPUT] KEYDOWN key=right code=1073741903 state=PLAYING
09:22:35 - [INPUT] KEYUP key=right code=1073741903 state=PLAYING
09:22:35 - [INPUT] KEYDOWN key=left code=1073741904 state=PLAYING
09:22:35 - [INPUT] KEYUP key=left code=1073741904 state=PLAYING
09:22:36 - [INPUT] KEYDOWN key=left code=1073741904 state=PLAYING
09:22:37 - [INPUT] KEYUP key=left code=1073741904 state=PLAYING
09:22:37 - [INPUT] KEYDOWN key=right code=1073741903 state=PLAYING
09:22:38 - [INPUT] KEYUP key=right code=1073741903 state=PLAYING
09:22:39 - [INPUT] KEYDOWN key=left code=1073741904 state=PLAYING
09:22:39 - [INPUT] KEYUP key=left code=1073741904 state=PLAYING
09:22:40 - [INPUT] KEYDOWN key=left code=1073741904 state=PLAYING
09:22:40 - [INPUT] KEYUP key=left code=1073741904 state=PLAYING
09:22:40 - [INPUT] KEYDOWN key=right code=1073741903 state=PLAYING
09:22:41 - [INPUT] KEYUP key=right code=1073741903 state=PLAYING
09:22:41 - [INPUT] KEYDOWN key=right code=1073741903 state=PLAYING
09:22:41 - [INPUT] KEYUP key=right code=1073741903 state=PLAYING
09:22:41 - [INPUT] KEYDOWN key=right code=1073741903 state=PLAYING
09:22:42 - [INPUT] KEYUP key=right code=1073741903 state=PLAYING
09:22:43 - [INPUT] KEYDOWN key=left code=1073741904 state=PLAYING
09:22:43 - [INPUT] KEYUP key=left code=1073741904 state=PLAYING
09:22:44 - [INPUT] KEYDOWN key=right code=1073741903 state=PLAYING
09:22:44 - [INPUT] KEYUP key=right code=1073741903 state=PLAYING
09:22:46 - [INPUT] KEYDOWN key=left code=1073741904 state=PLAYING
09:22:46 - [INPUT] KEYUP key=left code=1073741904 state=PLAYING
09:22:47 - [INPUT] KEYDOWN key=right code=1073741903 state=PLAYING
09:22:47 - [INPUT] KEYUP key=right code=1073741903 state=PLAYING
09:22:54 - [INPUT] KEYDOWN key=space code=32 state=PLAYING
09:22:54 - [INPUT] KEYUP key=space code=32 state=PLAYING
09:22:54 - [INPUT] KEYDOWN key=space code=32 state=PLAYING
09:22:54 - [INPUT] KEYUP key=space code=32 state=PLAYING
09:22:54 - [INPUT] KEYDOWN key=space code=32 state=PLAYING
09:22:54 - [INPUT] KEYUP key=space code=32 state=PLAYING
09:23:03 - [INPUT] KEYDOWN key=left code=1073741904 state=PLAYING
09:23:03 - [INPUT] KEYUP key=left code=1073741904 state=PLAYING
09:23:04 - [INPUT] KEYDOWN key=right code=1073741903 state=PLAYING
09:23:04 - [INPUT] KEYUP key=right code=1073741903 state=PLAYING
09:23:04 - [INPUT] KEYDOWN key=left code=1073741904 state=PLAYING
09:23:04 - [INPUT] KEYUP key=left code=1073741904 state=PLAYING
09:23:08 - [INPUT] KEYDOWN key=right code=1073741903 state=PLAYING
09:23:08 - [INPUT] KEYUP key=right code=1073741903 state=PLAYING
09:23:14 - [INPUT] KEYDOWN key=left code=1073741904 state=PLAYING
09:23:14 - [INPUT] KEYUP key=left code=1073741904 state=PLAYING
09:23:14 - [INPUT] KEYDOWN key=right code=1073741903 state=PLAYING
09:23:15 - [INPUT] KEYUP key=right code=1073741903 state=PLAYING
09:23:15 - [INPUT] KEYDOWN key=left code=1073741904 state=PLAYING
09:23:15 - [INPUT] KEYUP key=left code=1073741904 state=PLAYING
09:23:16 - [INPUT] KEYDOWN key=right code=1073741903 state=PLAYING
09:23:16 - [INPUT] KEYUP key=right code=1073741903 state=PLAYING
09:23:16 - [INPUT] KEYDOWN key=left code=1073741904 state=PLAYING
09:23:17 - [INPUT] KEYUP key=left code=1073741904 state=PLAYING
09:23:17 - [INPUT] KEYDOWN key=left code=1073741904 state=PLAYING
09:23:17 - [INPUT] KEYUP key=left code=1073741904 state=PLAYING
09:23:17 - [INPUT] KEYDOWN key=right code=1073741903 state=PLAYING
09:23:17 - [INPUT] KEYUP key=right code=1073741903 state=PLAYING
09:23:18 - [INPUT] KEYDOWN key=left code=1073741904 state=PLAYING
09:23:18 - [INPUT] KEYUP key=left code=1073741904 state=PLAYING
09:23:18 - [INPUT] KEYDOWN key=right code=1073741903 state=PLAYING
09:23:19 - [INPUT] KEYUP key=right code=1073741903 state=PLAYING
09:23:19 - [INPUT] KEYDOWN key=left code=1073741904 state=PLAYING
09:23:19 - [INPUT] KEYUP key=left code=1073741904 state=PLAYING
09:23:20 - [INPUT] KEYDOWN key=right code=1073741903 state=PLAYING
09:23:20 - [INPUT] KEYUP key=right code=1073741903 state=PLAYING
09:23:20 - [INPUT] KEYDOWN key=left code=1073741904 state=PLAYING
09:23:20 - [INPUT] KEYUP key=left code=1073741904 state=PLAYING
09:23:21 - [INPUT] KEYDOWN key=right code=1073741903 state=PLAYING
09:23:21 - [INPUT] KEYUP key=right code=1073741903 state=PLAYING
09:23:23 - [INPUT] KEYDOWN key=right code=1073741903 state=PLAYING
09:23:23 - [INPUT] KEYUP key=right code=1073741903 state=PLAYING
09:23:23 - [INPUT] KEYDOWN key=left code=1073741904 state=PLAYING
09:23:23 - [INPUT] KEYUP key=left code=1073741904 state=PLAYING
09:23:24 - [INPUT] KEYDOWN key=right code=1073741903 state=PLAYING
09:23:25 - [INPUT] KEYUP key=right code=1073741903 state=PLAYING
09:23:27 - [INPUT] KEYDOWN key=left code=1073741904 state=PLAYING
09:23:28 - [INPUT] KEYUP key=left code=1073741904 state=PLAYING
09:23:28 - [INPUT] KEYDOWN key=left code=1073741904 state=PLAYING
09:23:29 - [INPUT] KEYUP key=left code=1073741904 state=PLAYING
09:23:31 - [INPUT] KEYDOWN key=left code=1073741904 state=PLAYING
09:23:31 - [INPUT] KEYUP key=left code=1073741904 state=PLAYING
09:23:41 - [INPUT] KEYDOWN key=left code=1073741904 state=PLAYING
09:23:41 - [INPUT] KEYUP key=left code=1073741904 state=PLAYING
09:23:41 - [INPUT] KEYDOWN key=left code=1073741904 state=PLAYING
09:23:41 - [INPUT] KEYUP key=left code=1073741904 state=PLAYING
