22:40:25 - [INPUT] KEYDOWN key=return code=13 state=MENU
22:40:25 - \U0001f3ae Inizia nuova partita
22:40:25 - \U0001f504 Nuova partita iniziata!
22:40:25 - [INPUT] KEYUP key=return code=13 state=PLAYING
22:40:26 - [INPUT] KEYDOWN key=right code=1073741903 state=PLAYING
22:40:26 - [INPUT] KEYUP key=right code=1073741903 state=PLAYING
22:40:27 - [INPUT] KEYDOWN key=left code=1073741904 state=PLAYING
22:40:28 - [INPUT] KEYUP key=left code=1073741904 state=PLAYING
22:40:28 - [INPUT] KEYDOWN key=right code=1073741903 state=PLAYING
22:40:28 - [INPUT] KEYDOWN key=up code=1073741906 state=PLAYING
22:40:28 - [INPUT] KEYUP key=up code=1073741906 state=PLAYING
22:40:28 - [INPUT] KEYUP key=right code=1073741903 state=PLAYING
22:40:29 - [INPUT] KEYDOWN key=right code=1073741903 state=PLAYING
22:40:29 - [INPUT] KEYUP key=right code=1073741903 state=PLAYING
22:40:29 - [INPUT] KEYDOWN key=left code=1073741904 state=PLAYING
22:40:29 - [INPUT] KEYUP key=left code=1073741904 state=PLAYING
22:40:30 - [INPUT] KEYDOWN key=right code=1073741903 state=PLAYING
22:40:30 - [INPUT] KEYUP key=right code=1073741903 state=PLAYING
22:40:30 - [INPUT] KEYDOWN key=left code=1073741904 state=PLAYING
22:40:30 - [INPUT] KEYUP key=left code=1073741904 state=PLAYING
22:40:31 - [INPUT] KEYDOWN key=left code=1073741904 state=PLAYING
22:40:31 - [INPUT] KEYUP key=left code=1073741904 state=PLAYING
22:40:31 - [INPUT] KEYDOWN key=right code=1073741903 state=PLAYING
22:40:31 - [INPUT] KEYUP key=right code=1073741903 state=PLAYING
22:40:32 - [INPUT] KEYDOWN key=left code=1073741904 state=PLAYING
22:40:32 - [INPUT] KEYUP key=left code=1073741904 state=PLAYING
22:40:33 - [INPUT] KEYDOWN key=right code=1073741903 state=PLAYING
22:40:33 - [INPUT] KEYUP key=right code=1073741903 state=PLAYING
22:40:34 - [INPUT] KEYDOWN key=right code=1073741903 state=PLAYING
22:40:34 - [INPUT] KEYUP key=right code=1073741903 state=PLAYING
22:40:35 - [INPUT] KEYDOWN key=left code=1073741904 state=PLAYING
22:40:35 - [INPUT] KEYUP key=left code=1073741904 state=PLAYING
22:40:35 - [INPUT] KEYDOWN key=right code=1073741903 state=PLAYING
22:40:36 - [INPUT] KEYUP key=right code=1073741903 state=PLAYING
22:40:36 - [INPUT] KEYDOWN key=right code=1073741903 state=PLAYING
22:40:36 - [INPUT] KEYUP key=right code=1073741903 state=PLAYING
22:40:37 - [INPUT] KEYDOWN key=left code=1073741904 state=PLAYING
22:40:37 - [INPUT] KEYUP key=left code=1073741904 state=PLAYING
22:40:37 - [INPUT] KEYDOWN key=right code=1073741903 state=PLAYING
22:40:37 - [INPUT] KEYUP key=right code=1073741903 state=PLAYING
22:40:37 - [INPUT] KEYDOWN key=left code=1073741904 state=PLAYING
22:40:38 - [INPUT] KEYUP key=left code=1073741904 state=PLAYING
22:40:38 - [INPUT] KEYDOWN key=right code=1073741903 state=PLAYING
22:40:38 - [INPUT] KEYUP key=right code=1073741903 state=PLAYING
22:40:38 - [INPUT] KEYDOWN key=left code=1073741904 state=PLAYING
22:40:38 - [INPUT] KEYUP key=left code=1073741904 state=PLAYING
22:40:39 - [INPUT] KEYDOWN key=right code=1073741903 state=PLAYING
22:40:39 - [INPUT] KEYUP key=right code=1073741903 state=PLAYING
22:40:39 - [INPUT] KEYDOWN key=left code=1073741904 state=PLAYING
22:40:40 - [INPUT] KEYUP key=left code=1073741904 state=PLAYING
22:40:40 - [INPUT] KEYDOWN key=right code=1073741903 state=PLAYING
22:40:40 - [INPUT] KEYDOWN key=up code=1073741906 state=PLAYING
22:40:40 - [INPUT] KEYUP key=up code=1073741906 state=PLAYING
22:40:40 - [INPUT] KEYUP key=right code=1073741903 state=PLAYING
22:40:41 - [INPUT] KEYDOWN key=right code=1073741903 state=PLAYING
22:40:42 - [INPUT] KEYUP key=right code=1073741903 state=PLAYING
22:40:42 - [INPUT] KEYDOWN key=left code=1073741904 state=PLAYING
22:40:42 - [INPUT] KEYUP key=left code=1073741904 state=PLAYING
22:40:43 - [INPUT] KEYDOWN key=right code=1073741903 state=PLAYING
22:40:44 - [INPUT] KEYUP key=right code=1073741903 state=PLAYING
22:40:44 - [INPUT] KEYDOWN key=right code=1073741903 state=PLAYING
22:40:44 - [INPUT] KEYUP key=right code=1073741903 state=PLAYING
22:40:44 - [INPUT] KEYDOWN key=left code=1073741904 state=PLAYING
22:40:44 - [INPUT] KEYUP key=left code=1073741904 state=PLAYING
22:40:48 - [INPUT] KEYDOWN key=right code=1073741903 state=PLAYING
22:40:48 - [INPUT] KEYUP key=right code=1073741903 state=PLAYING
22:40:49 - [INPUT] KEYDOWN key=down code=1073741905 state=PLAYING
22:40:49 - [INPUT] KEYUP key=down code=1073741905 state=PLAYING
22:40:49 - [INPUT] KEYDOWN key=left code=1073741904 state=PLAYING
22:40:50 - [INPUT] KEYUP key=left code=1073741904 state=PLAYING
22:40:50 - [INPUT] KEYDOWN key=left code=1073741904 state=PLAYING
22:40:52 - [INPUT] KEYUP key=left code=1073741904 state=PLAYING
22:40:54 - [INPUT] KEYDOWN key=right code=1073741903 state=PLAYING
22:40:55 - [INPUT] KEYUP key=right code=1073741903 state=PLAYING
