09:23:47 - [INPUT] KEYDOWN key=down code=1073741905 state=MENU
09:23:47 - [INPUT] KEYUP key=down code=1073741905 state=MENU
09:23:47 - [INPUT] KEYDOWN key=return code=13 state=MENU
09:23:47 - \U0001f3c6 Visualizzazione classifica
09:23:47 - [INPUT] KEYUP key=return code=13 state=LEADERBOARD
09:23:50 - [INPUT] KEYDOWN key=escape code=27 state=LEADERBOARD
09:23:50 - [INPUT] KEYUP key=escape code=27 state=MENU
09:23:51 - [INPUT] KEYDOWN key=down code=1073741905 state=MENU
09:23:51 - [INPUT] KEYUP key=down code=1073741905 state=MENU
09:23:51 - [INPUT] KEYDOWN key=up code=1073741906 state=MENU
09:23:51 - [INPUT] KEYUP key=up code=1073741906 state=MENU
09:23:51 - [INPUT] KEYDOWN key=up code=1073741906 state=MENU
09:23:52 - [INPUT] KEYUP key=up code=1073741906 state=MENU
09:23:52 - [INPUT] KEYDOWN key=return code=13 state=MENU
09:23:52 - \U0001f3ae Inizia nuova partita
09:23:52 - \U0001f504 Nuova partita iniziata!
09:23:52 - [INPUT] KEYUP key=return code=13 state=PLAYING
09:23:53 - [INPUT] KEYDOWN key=right code=1073741903 state=PLAYING
09:23:53 - [INPUT] KEYUP key=right code=1073741903 state=PLAYING
09:23:53 - [INPUT] KEYDOWN key=right code=1073741903 state=PLAYING
09:23:53 - [INPUT] KEYUP key=right code=1073741903 state=PLAYING
09:23:54 - [INPUT] KEYDOWN key=left code=1073741904 state=PLAYING
09:23:54 - [INPUT] KEYUP key=left code=1073741904 state=PLAYING
09:23:54 - [INPUT] KEYDOWN key=escape code=27 state=PLAYING
09:23:54 - [INPUT] KEYUP key=escape code=27 state=PLAYING
