19:14:11 - Generate piattaforme Mantello da 650 a -850
19:14:11 - Generate piattaforme Crosta da -970 a -2470
19:14:11 - Generate piattaforme Vulcano da -2590 a -3590
19:14:11 - Rimbalzo - Pos Y: 717.1825157324799, Velocità Y: -14, Piattaforma Y: 750
19:14:12 - Rimbalzo - Pos Y: 710.4405363948736, Velocità Y: -14, Piattaforma Y: 750
19:14:12 - Rimbalzo - Pos Y: 709.7396950274205, Velocità Y: -14, Piattaforma Y: 750
19:14:13 - Rimbalzo - Pos Y: 611.270720301688, Velocità Y: -14, Piattaforma Y: 650
19:14:13 - Rimbalzo - Pos Y: 609.7152098859747, Velocità Y: -14, Piattaforma Y: 650
19:14:14 - GAME OVER - Pos Y: 848.5152098859746, Velocità Y: 15, Ultima piattaforma Y: -3550
19:14:14 - GAME OVER - Pos Y: 863.5152098859746, Velocità Y: 15, Ultima piattaforma Y: -3550
19:14:14 - GAME OVER - Pos Y: 878.5152098859746, Velocità Y: 15, Ultima piattaforma Y: -3550
19:14:14 - GAME OVER - Pos Y: 893.5152098859746, Velocità Y: 15, Ultima piattaforma Y: -3550
19:14:14 - GAME OVER - Pos Y: 908.5152098859746, Velocità Y: 15, Ultima piattaforma Y: -3550
19:14:14 - GAME OVER - Pos Y: 923.5152098859746, Velocità Y: 15, Ultima piattaforma Y: -3550
19:14:14 - GAME OVER - Pos Y: 938.5152098859746, Velocità Y: 15, Ultima piattaforma Y: -3550
19:14:14 - GAME OVER - Pos Y: 953.5152098859746, Velocità Y: 15, Ultima piattaforma Y: -3550
19:14:14 - GAME OVER - Pos Y: 968.5152098859746, Velocità Y: 15, Ultima piattaforma Y: -3550
19:14:14 - GAME OVER - Pos Y: 983.5152098859746, Velocità Y: 15, Ultima piattaforma Y: -3550
19:14:14 - GAME OVER - Pos Y: 998.5152098859746, Velocità Y: 15, Ultima piattaforma Y: -3550
19:14:14 - GAME OVER - Pos Y: 1013.5152098859746, Velocità Y: 15, Ultima piattaforma Y: -3550
19:14:14 - GAME OVER - Pos Y: 1028.5152098859746, Velocità Y: 15, Ultima piattaforma Y: -3550
19:14:14 - GAME OVER - Pos Y: 1043.5152098859746, Velocità Y: 15, Ultima piattaforma Y: -3550
19:14:14 - GAME OVER - Pos Y: 1058.5152098859746, Velocità Y: 15, Ultima piattaforma Y: -3550
19:14:14 - GAME OVER - Pos Y: 1073.5152098859746, Velocità Y: 15, Ultima piattaforma Y: -3550
19:14:14 - GAME OVER - Pos Y: 1088.5152098859746, Velocità Y: 15, Ultima piattaforma Y: -3550
19:14:14 - GAME OVER - Pos Y: 1103.5152098859746, Velocità Y: 15, Ultima piattaforma Y: -3550
19:14:14 - GAME OVER - Pos Y: 1118.5152098859746, Velocità Y: 15, Ultima piattaforma Y: -3550
19:14:14 - GAME OVER - Pos Y: 1133.5152098859746, Velocità Y: 15, Ultima piattaforma Y: -3550
19:14:14 - GAME OVER - Pos Y: 1148.5152098859746, Velocità Y: 15, Ultima piattaforma Y: -3550
19:14:14 - GAME OVER - Pos Y: 1163.5152098859746, Velocità Y: 15, Ultima piattaforma Y: -3550
19:14:14 - GAME OVER - Pos Y: 1178.5152098859746, Velocità Y: 15, Ultima piattaforma Y: -3550
19:14:14 - GAME OVER - Pos Y: 1193.5152098859746, Velocità Y: 15, Ultima piattaforma Y: -3550
19:14:14 - GAME OVER - Pos Y: 1208.5152098859746, Velocità Y: 15, Ultima piattaforma Y: -3550
19:14:14 - GAME OVER - Pos Y: 1223.5152098859746, Velocità Y: 15, Ultima piattaforma Y: -3550
19:14:14 - GAME OVER - Pos Y: 1238.5152098859746, Velocità Y: 15, Ultima piattaforma Y: -3550
19:14:14 - GAME OVER - Pos Y: 1253.5152098859746, Velocità Y: 15, Ultima piattaforma Y: -3550
19:14:14 - GAME OVER - Pos Y: 1268.5152098859746, Velocità Y: 15, Ultima piattaforma Y: -3550
19:14:14 - GAME OVER - Pos Y: 1283.5152098859746, Velocità Y: 15, Ultima piattaforma Y: -3550
19:14:15 - GAME OVER - Pos Y: 1298.5152098859746, Velocità Y: 15, Ultima piattaforma Y: -3550
19:14:15 - GAME OVER - Pos Y: 1313.5152098859746, Velocità Y: 15, Ultima piattaforma Y: -3550
19:14:15 - GAME OVER - Pos Y: 1328.5152098859746, Velocità Y: 15, Ultima piattaforma Y: -3550
19:14:15 - GAME OVER - Pos Y: 1343.5152098859746, Velocità Y: 15, Ultima piattaforma Y: -3550
19:14:15 - GAME OVER - Pos Y: 1358.5152098859746, Velocità Y: 15, Ultima piattaforma Y: -3550
19:14:15 - GAME OVER - Pos Y: 1373.5152098859746, Velocità Y: 15, Ultima piattaforma Y: -3550
19:14:15 - GAME OVER - Pos Y: 1388.5152098859746, Velocità Y: 15, Ultima piattaforma Y: -3550
19:14:15 - GAME OVER - Pos Y: 1403.5152098859746, Velocità Y: 15, Ultima piattaforma Y: -3550
19:14:15 - GAME OVER - Pos Y: 1418.5152098859746, Velocità Y: 15, Ultima piattaforma Y: -3550
19:14:15 - GAME OVER - Pos Y: 1433.5152098859746, Velocità Y: 15, Ultima piattaforma Y: -3550
19:14:15 - GAME OVER - Pos Y: 1448.5152098859746, Velocità Y: 15, Ultima piattaforma Y: -3550
19:14:15 - GAME OVER - Pos Y: 1463.5152098859746, Velocità Y: 15, Ultima piattaforma Y: -3550
19:14:15 - GAME OVER - Pos Y: 1478.5152098859746, Velocità Y: 15, Ultima piattaforma Y: -3550
19:14:15 - GAME OVER - Pos Y: 1493.5152098859746, Velocità Y: 15, Ultima piattaforma Y: -3550
19:14:15 - GAME OVER - Pos Y: 1508.5152098859746, Velocità Y: 15, Ultima piattaforma Y: -3550
19:14:15 - GAME OVER - Pos Y: 1523.5152098859746, Velocità Y: 15, Ultima piattaforma Y: -3550
19:14:15 - GAME OVER - Pos Y: 1538.5152098859746, Velocità Y: 15, Ultima piattaforma Y: -3550
19:14:15 - GAME OVER - Pos Y: 1553.5152098859746, Velocità Y: 15, Ultima piattaforma Y: -3550
19:14:15 - GAME OVER - Pos Y: 1568.5152098859746, Velocità Y: 15, Ultima piattaforma Y: -3550
19:14:15 - GAME OVER - Pos Y: 1583.5152098859746, Velocità Y: 15, Ultima piattaforma Y: -3550
19:14:15 - GAME OVER - Pos Y: 1598.5152098859746, Velocità Y: 15, Ultima piattaforma Y: -3550
19:14:15 - GAME OVER - Pos Y: 1613.5152098859746, Velocità Y: 15, Ultima piattaforma Y: -3550
19:14:15 - GAME OVER - Pos Y: 1628.5152098859746, Velocità Y: 15, Ultima piattaforma Y: -3550
19:14:15 - GAME OVER - Pos Y: 1643.5152098859746, Velocità Y: 15, Ultima piattaforma Y: -3550
19:14:15 - GAME OVER - Pos Y: 1658.5152098859746, Velocità Y: 15, Ultima piattaforma Y: -3550
19:14:15 - GAME OVER - Pos Y: 1673.5152098859746, Velocità Y: 15, Ultima piattaforma Y: -3550
19:14:15 - GAME OVER - Pos Y: 1688.5152098859746, Velocità Y: 15, Ultima piattaforma Y: -3550
19:14:15 - GAME OVER - Pos Y: 1703.5152098859746, Velocità Y: 15, Ultima piattaforma Y: -3550
19:14:15 - GAME OVER - Pos Y: 1718.5152098859746, Velocità Y: 15, Ultima piattaforma Y: -3550
19:14:15 - GAME OVER - Pos Y: 1733.5152098859746, Velocità Y: 15, Ultima piattaforma Y: -3550
19:14:15 - GAME OVER - Pos Y: 1748.5152098859746, Velocità Y: 15, Ultima piattaforma Y: -3550
19:14:15 - GAME OVER - Pos Y: 1763.5152098859746, Velocità Y: 15, Ultima piattaforma Y: -3550
19:14:15 - GAME OVER - Pos Y: 1778.5152098859746, Velocità Y: 15, Ultima piattaforma Y: -3550
19:14:15 - GAME OVER - Pos Y: 1793.5152098859746, Velocità Y: 15, Ultima piattaforma Y: -3550
19:14:15 - Resettando il gioco - Inizializzazione piattaforme statiche
19:14:15 - Generate piattaforme Mantello da 650 a -850
19:14:15 - Generate piattaforme Crosta da -970 a -2470
19:14:15 - Generate piattaforme Vulcano da -2590 a -3590
19:14:15 - Rimbalzo - Pos Y: 717.1825157324799, Velocità Y: -14, Piattaforma Y: 750
19:14:16 - Rimbalzo - Pos Y: 710.4405363948736, Velocità Y: -14, Piattaforma Y: 750
19:14:16 - Rimbalzo - Pos Y: 611.2385168025719, Velocità Y: -14, Piattaforma Y: 650
19:14:17 - Rimbalzo - Pos Y: 609.570802571044, Velocità Y: -14, Piattaforma Y: 650
19:14:17 - GAME OVER - Pos Y: 848.370802571044, Velocità Y: 15, Ultima piattaforma Y: -3550
19:14:17 - GAME OVER - Pos Y: 863.370802571044, Velocità Y: 15, Ultima piattaforma Y: -3550
19:14:17 - GAME OVER - Pos Y: 878.370802571044, Velocità Y: 15, Ultima piattaforma Y: -3550
19:14:17 - GAME OVER - Pos Y: 893.370802571044, Velocità Y: 15, Ultima piattaforma Y: -3550
19:14:17 - GAME OVER - Pos Y: 908.370802571044, Velocità Y: 15, Ultima piattaforma Y: -3550
19:14:18 - GAME OVER - Pos Y: 923.370802571044, Velocità Y: 15, Ultima piattaforma Y: -3550
19:14:18 - GAME OVER - Pos Y: 938.370802571044, Velocità Y: 15, Ultima piattaforma Y: -3550
19:14:18 - GAME OVER - Pos Y: 953.370802571044, Velocità Y: 15, Ultima piattaforma Y: -3550
19:14:18 - GAME OVER - Pos Y: 968.370802571044, Velocità Y: 15, Ultima piattaforma Y: -3550
19:14:18 - GAME OVER - Pos Y: 983.370802571044, Velocità Y: 15, Ultima piattaforma Y: -3550
19:14:18 - GAME OVER - Pos Y: 998.370802571044, Velocità Y: 15, Ultima piattaforma Y: -3550
19:14:18 - GAME OVER - Pos Y: 1013.370802571044, Velocità Y: 15, Ultima piattaforma Y: -3550
19:14:18 - GAME OVER - Pos Y: 1028.370802571044, Velocità Y: 15, Ultima piattaforma Y: -3550
19:14:18 - GAME OVER - Pos Y: 1043.370802571044, Velocità Y: 15, Ultima piattaforma Y: -3550
19:14:18 - GAME OVER - Pos Y: 1058.370802571044, Velocità Y: 15, Ultima piattaforma Y: -3550
19:14:18 - GAME OVER - Pos Y: 1073.370802571044, Velocità Y: 15, Ultima piattaforma Y: -3550
19:14:18 - GAME OVER - Pos Y: 1088.370802571044, Velocità Y: 15, Ultima piattaforma Y: -3550
19:14:18 - GAME OVER - Pos Y: 1103.370802571044, Velocità Y: 15, Ultima piattaforma Y: -3550
19:14:18 - GAME OVER - Pos Y: 1118.370802571044, Velocità Y: 15, Ultima piattaforma Y: -3550
19:14:18 - GAME OVER - Pos Y: 1133.370802571044, Velocità Y: 15, Ultima piattaforma Y: -3550
19:14:18 - GAME OVER - Pos Y: 1148.370802571044, Velocità Y: 15, Ultima piattaforma Y: -3550
19:14:18 - GAME OVER - Pos Y: 1163.370802571044, Velocità Y: 15, Ultima piattaforma Y: -3550
19:14:18 - GAME OVER - Pos Y: 1178.370802571044, Velocità Y: 15, Ultima piattaforma Y: -3550
19:14:18 - GAME OVER - Pos Y: 1193.370802571044, Velocità Y: 15, Ultima piattaforma Y: -3550
19:14:18 - GAME OVER - Pos Y: 1208.370802571044, Velocità Y: 15, Ultima piattaforma Y: -3550
19:14:18 - GAME OVER - Pos Y: 1223.370802571044, Velocità Y: 15, Ultima piattaforma Y: -3550
19:14:18 - GAME OVER - Pos Y: 1238.370802571044, Velocità Y: 15, Ultima piattaforma Y: -3550
19:14:18 - GAME OVER - Pos Y: 1253.370802571044, Velocità Y: 15, Ultima piattaforma Y: -3550
19:14:18 - Resettando il gioco - Inizializzazione piattaforme statiche
19:14:18 - Generate piattaforme Mantello da 650 a -850
19:14:18 - Generate piattaforme Crosta da -970 a -2470
19:14:18 - Generate piattaforme Vulcano da -2590 a -3590
19:14:18 - Rimbalzo - Pos Y: 717.1825157324799, Velocità Y: -14, Piattaforma Y: 750
19:14:18 - Rimbalzo - Pos Y: 611.2259909886086, Velocità Y: -14, Piattaforma Y: 650
19:14:19 - Rimbalzo - Pos Y: 609.3449900569196, Velocità Y: -14, Piattaforma Y: 650
19:14:19 - Rimbalzo - Pos Y: 609.0297403511341, Velocità Y: -14, Piattaforma Y: 650
19:14:20 - Rimbalzo - Pos Y: 608.6924502332881, Velocità Y: -14, Piattaforma Y: 650
19:14:21 - Rimbalzo - Pos Y: 608.0220262809709, Velocità Y: -14, Piattaforma Y: 650
19:14:21 - Rimbalzo - Pos Y: 609.0774146431573, Velocità Y: -14, Piattaforma Y: 650
19:14:22 - GAME OVER - Pos Y: 847.8774146431573, Velocità Y: 15, Ultima piattaforma Y: -3730
19:14:22 - GAME OVER - Pos Y: 862.8774146431573, Velocità Y: 15, Ultima piattaforma Y: -3730
19:14:22 - GAME OVER - Pos Y: 877.8774146431573, Velocità Y: 15, Ultima piattaforma Y: -3730
19:14:22 - GAME OVER - Pos Y: 892.8774146431573, Velocità Y: 15, Ultima piattaforma Y: -3730
19:14:22 - GAME OVER - Pos Y: 907.8774146431573, Velocità Y: 15, Ultima piattaforma Y: -3730
19:14:22 - GAME OVER - Pos Y: 922.8774146431573, Velocità Y: 15, Ultima piattaforma Y: -3730
19:14:22 - GAME OVER - Pos Y: 937.8774146431573, Velocità Y: 15, Ultima piattaforma Y: -3730
19:14:22 - GAME OVER - Pos Y: 952.8774146431573, Velocità Y: 15, Ultima piattaforma Y: -3730
19:14:22 - GAME OVER - Pos Y: 967.8774146431573, Velocità Y: 15, Ultima piattaforma Y: -3730
19:14:22 - GAME OVER - Pos Y: 982.8774146431573, Velocità Y: 15, Ultima piattaforma Y: -3730
19:14:22 - GAME OVER - Pos Y: 997.8774146431573, Velocità Y: 15, Ultima piattaforma Y: -3730
19:14:22 - GAME OVER - Pos Y: 1012.8774146431573, Velocità Y: 15, Ultima piattaforma Y: -3730
19:14:22 - GAME OVER - Pos Y: 1027.8774146431574, Velocità Y: 15, Ultima piattaforma Y: -3730
19:14:22 - GAME OVER - Pos Y: 1042.8774146431574, Velocità Y: 15, Ultima piattaforma Y: -3730
19:14:22 - GAME OVER - Pos Y: 1057.8774146431574, Velocità Y: 15, Ultima piattaforma Y: -3730
19:14:22 - GAME OVER - Pos Y: 1072.8774146431574, Velocità Y: 15, Ultima piattaforma Y: -3730
19:14:22 - GAME OVER - Pos Y: 1087.8774146431574, Velocità Y: 15, Ultima piattaforma Y: -3730
19:14:22 - GAME OVER - Pos Y: 1102.8774146431574, Velocità Y: 15, Ultima piattaforma Y: -3730
19:14:22 - GAME OVER - Pos Y: 1117.8774146431574, Velocità Y: 15, Ultima piattaforma Y: -3730
19:14:22 - GAME OVER - Pos Y: 1132.8774146431574, Velocità Y: 15, Ultima piattaforma Y: -3730
19:14:22 - GAME OVER - Pos Y: 1147.8774146431574, Velocità Y: 15, Ultima piattaforma Y: -3730
19:14:22 - GAME OVER - Pos Y: 1162.8774146431574, Velocità Y: 15, Ultima piattaforma Y: -3730
19:14:22 - GAME OVER - Pos Y: 1177.8774146431574, Velocità Y: 15, Ultima piattaforma Y: -3730
19:14:22 - GAME OVER - Pos Y: 1192.8774146431574, Velocità Y: 15, Ultima piattaforma Y: -3730
19:14:22 - GAME OVER - Pos Y: 1207.8774146431574, Velocità Y: 15, Ultima piattaforma Y: -3730
19:14:22 - GAME OVER - Pos Y: 1222.8774146431574, Velocità Y: 15, Ultima piattaforma Y: -3730
19:14:22 - GAME OVER - Pos Y: 1237.8774146431574, Velocità Y: 15, Ultima piattaforma Y: -3730
19:14:22 - Resettando il gioco - Inizializzazione piattaforme statiche
19:14:22 - Generate piattaforme Mantello da 650 a -850
19:14:22 - Generate piattaforme Crosta da -970 a -2470
19:14:22 - Generate piattaforme Vulcano da -2590 a -3590
19:14:22 - Rimbalzo - Pos Y: 717.1825157324799, Velocità Y: -14, Piattaforma Y: 750
19:14:23 - Rimbalzo - Pos Y: 710.4405363948736, Velocità Y: -14, Piattaforma Y: 750
19:14:23 - Rimbalzo - Pos Y: 611.2385168025719, Velocità Y: -14, Piattaforma Y: 650
19:14:24 - Rimbalzo - Pos Y: 609.2918164122545, Velocità Y: -14, Piattaforma Y: 650
19:14:25 - Rimbalzo - Pos Y: 607.7402890664209, Velocità Y: -14, Piattaforma Y: 650
19:14:25 - Rimbalzo - Pos Y: 608.64495688869, Velocità Y: -14, Piattaforma Y: 650
19:14:26 - Rimbalzo - Pos Y: 609.714555642959, Velocità Y: -14, Piattaforma Y: 650
19:14:26 - GAME OVER - Pos Y: 848.514555642959, Velocità Y: 15, Ultima piattaforma Y: -3550
19:14:27 - GAME OVER - Pos Y: 863.514555642959, Velocità Y: 15, Ultima piattaforma Y: -3550
19:14:27 - GAME OVER - Pos Y: 878.514555642959, Velocità Y: 15, Ultima piattaforma Y: -3550
19:14:27 - GAME OVER - Pos Y: 893.514555642959, Velocità Y: 15, Ultima piattaforma Y: -3550
19:14:27 - GAME OVER - Pos Y: 908.514555642959, Velocità Y: 15, Ultima piattaforma Y: -3550
19:14:27 - GAME OVER - Pos Y: 923.514555642959, Velocità Y: 15, Ultima piattaforma Y: -3550
19:14:27 - GAME OVER - Pos Y: 938.514555642959, Velocità Y: 15, Ultima piattaforma Y: -3550
19:14:27 - GAME OVER - Pos Y: 953.514555642959, Velocità Y: 15, Ultima piattaforma Y: -3550
19:14:27 - GAME OVER - Pos Y: 968.514555642959, Velocità Y: 15, Ultima piattaforma Y: -3550
19:14:27 - GAME OVER - Pos Y: 983.514555642959, Velocità Y: 15, Ultima piattaforma Y: -3550
19:14:27 - GAME OVER - Pos Y: 998.514555642959, Velocità Y: 15, Ultima piattaforma Y: -3550
19:14:27 - GAME OVER - Pos Y: 1013.514555642959, Velocità Y: 15, Ultima piattaforma Y: -3550
19:14:27 - GAME OVER - Pos Y: 1028.5145556429588, Velocità Y: 15, Ultima piattaforma Y: -3550
19:14:27 - GAME OVER - Pos Y: 1043.5145556429588, Velocità Y: 15, Ultima piattaforma Y: -3550
19:14:27 - GAME OVER - Pos Y: 1058.5145556429588, Velocità Y: 15, Ultima piattaforma Y: -3550
19:14:27 - GAME OVER - Pos Y: 1073.5145556429588, Velocità Y: 15, Ultima piattaforma Y: -3550
19:14:27 - Resettando il gioco - Inizializzazione piattaforme statiche
19:14:27 - Generate piattaforme Mantello da 650 a -850
19:14:27 - Generate piattaforme Crosta da -970 a -2470
19:14:27 - Generate piattaforme Vulcano da -2590 a -3590
19:14:27 - Rimbalzo - Pos Y: 717.1825157324799, Velocità Y: -14, Piattaforma Y: 750
19:14:27 - Rimbalzo - Pos Y: 710.3507182251163, Velocità Y: -14, Piattaforma Y: 750
19:14:28 - Rimbalzo - Pos Y: 612.4792376559362, Velocità Y: -14, Piattaforma Y: 650
19:14:28 - Rimbalzo - Pos Y: 609.0835359883351, Velocità Y: -14, Piattaforma Y: 650
19:14:29 - Rimbalzo - Pos Y: 609.5462209222278, Velocità Y: -14, Piattaforma Y: 650
19:14:30 - GAME OVER - Pos Y: 848.3462209222278, Velocità Y: 15, Ultima piattaforma Y: -3550
19:14:30 - GAME OVER - Pos Y: 863.3462209222278, Velocità Y: 15, Ultima piattaforma Y: -3550
19:14:30 - GAME OVER - Pos Y: 878.3462209222278, Velocità Y: 15, Ultima piattaforma Y: -3550
19:14:30 - GAME OVER - Pos Y: 893.3462209222278, Velocità Y: 15, Ultima piattaforma Y: -3550
19:14:30 - GAME OVER - Pos Y: 908.3462209222278, Velocità Y: 15, Ultima piattaforma Y: -3550
19:14:30 - GAME OVER - Pos Y: 923.3462209222278, Velocità Y: 15, Ultima piattaforma Y: -3550
19:14:30 - GAME OVER - Pos Y: 938.3462209222278, Velocità Y: 15, Ultima piattaforma Y: -3550
19:14:30 - GAME OVER - Pos Y: 953.3462209222278, Velocità Y: 15, Ultima piattaforma Y: -3550
19:14:30 - GAME OVER - Pos Y: 968.3462209222278, Velocità Y: 15, Ultima piattaforma Y: -3550
19:14:30 - Resettando il gioco - Inizializzazione piattaforme statiche
19:14:30 - Generate piattaforme Mantello da 650 a -850
19:14:30 - Generate piattaforme Crosta da -970 a -2470
19:14:30 - Generate piattaforme Vulcano da -2590 a -3590
19:14:30 - Rimbalzo - Pos Y: 717.1825157324799, Velocità Y: -14, Piattaforma Y: 750
19:14:30 - Rimbalzo - Pos Y: 710.4405363948736, Velocità Y: -14, Piattaforma Y: 750
19:14:31 - Rimbalzo - Pos Y: 709.7396950274205, Velocità Y: -14, Piattaforma Y: 750
