10:56:04 - [INPUT] KEYDOWN key=return code=13 state=MENU
10:56:04 - \U0001f3ae Inizia nuova partita
10:56:04 - \U0001f504 Nuova partita iniziata!
10:56:04 - [INPUT] KEYUP key=return code=13 state=PLAYING
10:56:04 - [INPUT] KEYDOWN key=space code=32 state=PLAYING
10:56:05 - [INPUT] KEYUP key=space code=32 state=PLAYING
10:56:05 - [INPUT] KEYDOWN key=space code=32 state=PLAYING
10:56:05 - [INPUT] KEYUP key=space code=32 state=PLAYING
10:56:05 - [INPUT] KEYDOWN key=space code=32 state=PLAYING
10:56:05 - [INPUT] KEYUP key=space code=32 state=PLAYING
10:56:05 - [INPUT] KEYDOWN key=space code=32 state=PLAYING
10:56:05 - [INPUT] KEYDOWN key=left code=1073741904 state=PLAYING
10:56:05 - [INPUT] KEYUP key=space code=32 state=PLAYING
10:56:05 - [INPUT] KEYUP key=left code=1073741904 state=PLAYING
10:56:05 - [INPUT] KEYDOWN key=space code=32 state=PLAYING
10:56:05 - [INPUT] KEYUP key=space code=32 state=PLAYING
10:56:05 - [INPUT] KEYDOWN key=space code=32 state=PLAYING
10:56:06 - [INPUT] KEYDOWN key=right code=1073741903 state=PLAYING
10:56:06 - [INPUT] KEYUP key=space code=32 state=PLAYING
10:56:06 - [INPUT] KEYUP key=right code=1073741903 state=PLAYING
10:56:06 - [INPUT] KEYDOWN key=right code=1073741903 state=PLAYING
10:56:06 - [INPUT] KEYDOWN key=space code=32 state=PLAYING
10:56:06 - [INPUT] KEYUP key=space code=32 state=PLAYING
10:56:06 - [INPUT] KEYUP key=right code=1073741903 state=PLAYING
10:56:06 - [INPUT] KEYDOWN key=space code=32 state=PLAYING
10:56:06 - [INPUT] KEYDOWN key=left code=1073741904 state=PLAYING
10:56:06 - [INPUT] KEYUP key=space code=32 state=PLAYING
10:56:06 - [INPUT] KEYUP key=left code=1073741904 state=PLAYING
10:56:06 - [INPUT] KEYDOWN key=space code=32 state=PLAYING
10:56:06 - [INPUT] KEYUP key=space code=32 state=PLAYING
10:56:06 - [INPUT] KEYDOWN key=space code=32 state=PLAYING
10:56:07 - [INPUT] KEYUP key=space code=32 state=PLAYING
10:56:07 - [INPUT] KEYDOWN key=space code=32 state=PLAYING
10:56:07 - [INPUT] KEYUP key=space code=32 state=PLAYING
10:56:07 - [INPUT] KEYDOWN key=space code=32 state=PLAYING
10:56:07 - [INPUT] KEYUP key=space code=32 state=PLAYING
10:56:07 - [INPUT] KEYDOWN key=left code=1073741904 state=PLAYING
10:56:07 - [INPUT] KEYDOWN key=space code=32 state=PLAYING
10:56:07 - [INPUT] KEYUP key=left code=1073741904 state=PLAYING
10:56:07 - [INPUT] KEYUP key=space code=32 state=PLAYING
10:56:07 - [INPUT] KEYDOWN key=space code=32 state=PLAYING
10:56:07 - [INPUT] KEYUP key=space code=32 state=PLAYING
10:56:07 - [INPUT] KEYDOWN key=space code=32 state=PLAYING
10:56:08 - [INPUT] KEYUP key=space code=32 state=PLAYING
10:56:08 - [INPUT] KEYDOWN key=space code=32 state=PLAYING
10:56:08 - [INPUT] KEYUP key=space code=32 state=PLAYING
10:56:08 - [INPUT] KEYDOWN key=space code=32 state=PLAYING
10:56:08 - [INPUT] KEYDOWN key=left code=1073741904 state=PLAYING
10:56:08 - [INPUT] KEYUP key=space code=32 state=PLAYING
10:56:08 - [INPUT] KEYUP key=left code=1073741904 state=PLAYING
10:56:08 - [INPUT] KEYDOWN key=space code=32 state=PLAYING
10:56:08 - [INPUT] KEYUP key=space code=32 state=PLAYING
10:56:08 - [INPUT] KEYDOWN key=right code=1073741903 state=PLAYING
10:56:08 - [INPUT] KEYDOWN key=space code=32 state=PLAYING
10:56:08 - [INPUT] KEYUP key=right code=1073741903 state=PLAYING
10:56:08 - [INPUT] KEYUP key=space code=32 state=PLAYING
10:56:08 - [INPUT] KEYDOWN key=space code=32 state=PLAYING
10:56:09 - [INPUT] KEYUP key=space code=32 state=PLAYING
10:56:09 - [INPUT] KEYDOWN key=left code=1073741904 state=PLAYING
10:56:09 - [INPUT] KEYDOWN key=space code=32 state=PLAYING
10:56:09 - [INPUT] KEYUP key=left code=1073741904 state=PLAYING
10:56:09 - [INPUT] KEYUP key=space code=32 state=PLAYING
10:56:09 - [INPUT] KEYDOWN key=space code=32 state=PLAYING
10:56:09 - [INPUT] KEYDOWN key=left code=1073741904 state=PLAYING
10:56:09 - [INPUT] KEYUP key=left code=1073741904 state=PLAYING
10:56:09 - [INPUT] KEYUP key=space code=32 state=PLAYING
10:56:09 - [INPUT] KEYDOWN key=space code=32 state=PLAYING
10:56:09 - [INPUT] KEYDOWN key=right code=1073741903 state=PLAYING
10:56:09 - [INPUT] KEYUP key=space code=32 state=PLAYING
10:56:09 - [INPUT] KEYDOWN key=space code=32 state=PLAYING
10:56:09 - [INPUT] KEYUP key=right code=1073741903 state=PLAYING
10:56:09 - [INPUT] KEYUP key=space code=32 state=PLAYING
10:56:09 - [INPUT] KEYDOWN key=space code=32 state=PLAYING
10:56:10 - [INPUT] KEYUP key=space code=32 state=PLAYING
10:56:10 - [INPUT] KEYDOWN key=space code=32 state=PLAYING
10:56:10 - [INPUT] KEYUP key=space code=32 state=PLAYING
10:56:10 - [INPUT] KEYDOWN key=space code=32 state=PLAYING
10:56:10 - [INPUT] KEYUP key=space code=32 state=PLAYING
10:56:10 - [INPUT] KEYDOWN key=left code=1073741904 state=PLAYING
10:56:10 - [INPUT] KEYDOWN key=space code=32 state=PLAYING
10:56:10 - [INPUT] KEYUP key=left code=1073741904 state=PLAYING
10:56:10 - [INPUT] KEYUP key=space code=32 state=PLAYING
10:56:10 - [INPUT] KEYDOWN key=space code=32 state=PLAYING
10:56:10 - [INPUT] KEYDOWN key=left code=1073741904 state=PLAYING
10:56:10 - [INPUT] KEYUP key=left code=1073741904 state=PLAYING
10:56:10 - [INPUT] KEYUP key=space code=32 state=PLAYING
10:56:10 - [INPUT] KEYDOWN key=left code=1073741904 state=PLAYING
10:56:10 - [INPUT] KEYDOWN key=space code=32 state=PLAYING
10:56:10 - [INPUT] KEYUP key=space code=32 state=PLAYING
10:56:10 - [INPUT] KEYUP key=left code=1073741904 state=PLAYING
10:56:11 - [INPUT] KEYDOWN key=space code=32 state=PLAYING
10:56:11 - [INPUT] KEYDOWN key=right code=1073741903 state=PLAYING
10:56:11 - [INPUT] KEYUP key=space code=32 state=PLAYING
10:56:11 - [INPUT] KEYDOWN key=space code=32 state=PLAYING
10:56:11 - [INPUT] KEYUP key=right code=1073741903 state=PLAYING
10:56:11 - [INPUT] KEYUP key=space code=32 state=PLAYING
10:56:11 - [INPUT] KEYDOWN key=space code=32 state=PLAYING
10:56:11 - [INPUT] KEYDOWN key=right code=1073741903 state=PLAYING
10:56:11 - [INPUT] KEYUP key=space code=32 state=PLAYING
10:56:11 - [INPUT] KEYUP key=right code=1073741903 state=PLAYING
10:56:11 - [INPUT] KEYDOWN key=space code=32 state=PLAYING
10:56:11 - [INPUT] KEYDOWN key=left code=1073741904 state=PLAYING
10:56:11 - [INPUT] KEYUP key=space code=32 state=PLAYING
10:56:11 - [INPUT] KEYUP key=left code=1073741904 state=PLAYING
10:56:11 - [INPUT] KEYDOWN key=space code=32 state=PLAYING
10:56:11 - [INPUT] KEYDOWN key=left code=1073741904 state=PLAYING
10:56:11 - [INPUT] KEYUP key=space code=32 state=PLAYING
10:56:11 - [INPUT] KEYUP key=left code=1073741904 state=PLAYING
10:56:12 - [INPUT] KEYDOWN key=space code=32 state=PLAYING
10:56:12 - [INPUT] KEYDOWN key=left code=1073741904 state=PLAYING
10:56:12 - [INPUT] KEYUP key=left code=1073741904 state=PLAYING
10:56:12 - [INPUT] KEYUP key=space code=32 state=PLAYING
10:56:12 - [INPUT] KEYDOWN key=space code=32 state=PLAYING
10:56:12 - [INPUT] KEYDOWN key=left code=1073741904 state=PLAYING
10:56:12 - [INPUT] KEYUP key=space code=32 state=PLAYING
10:56:12 - [INPUT] KEYUP key=left code=1073741904 state=PLAYING
10:56:12 - [INPUT] KEYDOWN key=space code=32 state=PLAYING
10:56:12 - [INPUT] KEYDOWN key=right code=1073741903 state=PLAYING
10:56:12 - [INPUT] KEYUP key=space code=32 state=PLAYING
10:56:12 - [INPUT] KEYUP key=right code=1073741903 state=PLAYING
10:56:13 - [INPUT] KEYDOWN key=right code=1073741903 state=PLAYING
10:56:13 - [INPUT] KEYUP key=right code=1073741903 state=PLAYING
10:56:13 - [INPUT] KEYDOWN key=space code=32 state=PLAYING
10:56:13 - [INPUT] KEYUP key=space code=32 state=PLAYING
10:56:13 - [INPUT] KEYDOWN key=space code=32 state=PLAYING
10:56:13 - [INPUT] KEYUP key=space code=32 state=PLAYING
10:56:13 - [INPUT] KEYDOWN key=space code=32 state=PLAYING
10:56:13 - [INPUT] KEYUP key=space code=32 state=PLAYING
10:56:13 - [INPUT] KEYDOWN key=space code=32 state=PLAYING
10:56:14 - [INPUT] KEYDOWN key=left code=1073741904 state=PLAYING
10:56:14 - [INPUT] KEYUP key=space code=32 state=PLAYING
10:56:14 - [INPUT] KEYUP key=left code=1073741904 state=PLAYING
10:56:14 - [INPUT] KEYDOWN key=space code=32 state=PLAYING
10:56:14 - [INPUT] KEYDOWN key=right code=1073741903 state=PLAYING
10:56:14 - [INPUT] KEYUP key=space code=32 state=PLAYING
10:56:14 - [INPUT] KEYDOWN key=space code=32 state=PLAYING
10:56:14 - [INPUT] KEYUP key=right code=1073741903 state=PLAYING
10:56:14 - [INPUT] KEYUP key=space code=32 state=PLAYING
10:56:14 - [INPUT] KEYDOWN key=space code=32 state=PLAYING
10:56:15 - [INPUT] KEYUP key=space code=32 state=PLAYING
10:56:15 - [INPUT] KEYDOWN key=left code=1073741904 state=PLAYING
10:56:15 - [INPUT] KEYUP key=left code=1073741904 state=PLAYING
10:56:15 - [INPUT] KEYDOWN key=space code=32 state=PLAYING
10:56:15 - [INPUT] KEYUP key=space code=32 state=PLAYING
10:56:15 - [INPUT] KEYDOWN key=right code=1073741903 state=PLAYING
10:56:16 - [INPUT] KEYDOWN key=space code=32 state=PLAYING
10:56:16 - [INPUT] KEYUP key=right code=1073741903 state=PLAYING
10:56:16 - [INPUT] KEYUP key=space code=32 state=PLAYING
10:56:16 - [INPUT] KEYDOWN key=right code=1073741903 state=PLAYING
10:56:16 - [INPUT] KEYUP key=right code=1073741903 state=PLAYING
10:56:17 - [INPUT] KEYDOWN key=left code=1073741904 state=PLAYING
10:56:17 - [INPUT] KEYUP key=left code=1073741904 state=PLAYING
10:56:17 - [INPUT] KEYDOWN key=left code=1073741904 state=PLAYING
10:56:17 - [INPUT] KEYUP key=left code=1073741904 state=PLAYING
10:56:18 - [INPUT] KEYDOWN key=right code=1073741903 state=PLAYING
10:56:18 - [INPUT] KEYUP key=right code=1073741903 state=PLAYING
10:56:18 - [INPUT] KEYDOWN key=space code=32 state=PLAYING
10:56:18 - [INPUT] KEYDOWN key=left code=1073741904 state=PLAYING
10:56:18 - [INPUT] KEYUP key=space code=32 state=PLAYING
10:56:18 - [INPUT] KEYUP key=left code=1073741904 state=PLAYING
10:56:18 - [INPUT] KEYDOWN key=right code=1073741903 state=PLAYING
10:56:19 - [INPUT] KEYUP key=right code=1073741903 state=PLAYING
10:56:19 - [INPUT] KEYDOWN key=left code=1073741904 state=PLAYING
10:56:19 - [INPUT] KEYUP key=left code=1073741904 state=PLAYING
10:56:19 - [INPUT] KEYDOWN key=right code=1073741903 state=PLAYING
10:56:19 - [INPUT] KEYUP key=right code=1073741903 state=PLAYING
10:56:20 - [INPUT] KEYDOWN key=right code=1073741903 state=PLAYING
10:56:20 - [INPUT] KEYUP key=right code=1073741903 state=PLAYING
10:56:20 - [INPUT] KEYDOWN key=left code=1073741904 state=PLAYING
10:56:20 - [INPUT] KEYUP key=left code=1073741904 state=PLAYING
10:56:21 - [INPUT] KEYDOWN key=left code=1073741904 state=PLAYING
10:56:21 - [INPUT] KEYUP key=left code=1073741904 state=PLAYING
10:56:22 - [INPUT] KEYDOWN key=right code=1073741903 state=PLAYING
10:56:22 - [INPUT] KEYUP key=right code=1073741903 state=PLAYING
10:56:22 - [INPUT] KEYDOWN key=right code=1073741903 state=PLAYING
10:56:22 - [INPUT] KEYUP key=right code=1073741903 state=PLAYING
