09:54:24 - [INPUT] KEYDOWN key=return code=13 state=MENU
09:54:24 - \U0001f3ae Inizia nuova partita
09:54:24 - \U0001f504 Nuova partita iniziata!
09:54:24 - [INPUT] KEYUP key=return code=13 state=PLAYING
09:54:25 - [INPUT] KEYDOWN key=right code=1073741903 state=PLAYING
09:54:25 - [INPUT] KEYDOWN key=up code=1073741906 state=PLAYING
09:54:25 - [INPUT] KEYUP key=up code=1073741906 state=PLAYING
09:54:25 - [INPUT] KEYUP key=right code=1073741903 state=PLAYING
09:54:26 - [INPUT] KEYDOWN key=right code=1073741903 state=PLAYING
09:54:26 - [INPUT] KEYUP key=right code=1073741903 state=PLAYING
09:54:26 - [INPUT] KEYDOWN key=left code=1073741904 state=PLAYING
09:54:26 - [INPUT] KEYUP key=left code=1073741904 state=PLAYING
09:54:27 - [INPUT] KEYDOWN key=left code=1073741904 state=PLAYING
09:54:27 - [INPUT] KEYUP key=left code=1073741904 state=PLAYING
09:54:27 - [INPUT] KEYDOWN key=right code=1073741903 state=PLAYING
09:54:28 - [INPUT] KEYUP key=right code=1073741903 state=PLAYING
09:54:28 - [INPUT] KEYDOWN key=left code=1073741904 state=PLAYING
09:54:28 - [INPUT] KEYUP key=left code=1073741904 state=PLAYING
09:54:28 - [INPUT] KEYDOWN key=left code=1073741904 state=PLAYING
09:54:28 - [INPUT] KEYUP key=left code=1073741904 state=PLAYING
09:54:28 - [INPUT] KEYDOWN key=right code=1073741903 state=PLAYING
09:54:29 - [INPUT] KEYUP key=right code=1073741903 state=PLAYING
09:54:29 - [INPUT] KEYDOWN key=right code=1073741903 state=PLAYING
09:54:29 - [INPUT] KEYUP key=right code=1073741903 state=PLAYING
09:54:30 - [INPUT] KEYDOWN key=left code=1073741904 state=PLAYING
09:54:30 - [INPUT] KEYUP key=left code=1073741904 state=PLAYING
09:54:30 - [INPUT] KEYDOWN key=left code=1073741904 state=PLAYING
09:54:30 - [INPUT] KEYUP key=left code=1073741904 state=PLAYING
09:54:30 - [INPUT] KEYDOWN key=right code=1073741903 state=PLAYING
09:54:31 - [INPUT] KEYUP key=right code=1073741903 state=PLAYING
09:54:31 - [INPUT] KEYDOWN key=left code=1073741904 state=PLAYING
09:54:31 - [INPUT] KEYUP key=left code=1073741904 state=PLAYING
09:54:31 - [INPUT] KEYDOWN key=left code=1073741904 state=PLAYING
09:54:32 - [INPUT] KEYUP key=left code=1073741904 state=PLAYING
09:54:32 - [INPUT] KEYDOWN key=right code=1073741903 state=PLAYING
09:54:32 - [INPUT] KEYUP key=right code=1073741903 state=PLAYING
09:54:32 - [INPUT] KEYDOWN key=left code=1073741904 state=PLAYING
09:54:32 - [INPUT] KEYUP key=left code=1073741904 state=PLAYING
09:54:33 - [INPUT] KEYDOWN key=right code=1073741903 state=PLAYING
09:54:33 - [INPUT] KEYUP key=right code=1073741903 state=PLAYING
09:54:33 - [INPUT] KEYDOWN key=left code=1073741904 state=PLAYING
09:54:33 - [INPUT] KEYUP key=left code=1073741904 state=PLAYING
09:54:33 - [INPUT] KEYDOWN key=left code=1073741904 state=PLAYING
09:54:34 - [INPUT] KEYUP key=left code=1073741904 state=PLAYING
09:54:34 - [INPUT] KEYDOWN key=right code=1073741903 state=PLAYING
09:54:34 - [INPUT] KEYUP key=right code=1073741903 state=PLAYING
09:54:34 - [INPUT] KEYDOWN key=left code=1073741904 state=PLAYING
09:54:35 - [INPUT] KEYUP key=left code=1073741904 state=PLAYING
09:54:35 - [INPUT] KEYDOWN key=left code=1073741904 state=PLAYING
09:54:35 - [INPUT] KEYUP key=left code=1073741904 state=PLAYING
09:54:35 - [INPUT] KEYDOWN key=right code=1073741903 state=PLAYING
09:54:35 - [INPUT] KEYUP key=right code=1073741903 state=PLAYING
09:54:36 - [INPUT] KEYDOWN key=left code=1073741904 state=PLAYING
