22:30:07 - [INPUT] KEYDOWN key=return code=13 state=MENU
22:30:07 - \U0001f3ae Inizia nuova partita
22:30:07 - \U0001f504 Nuova partita iniziata!
22:30:07 - [INPUT] KEYUP key=return code=13 state=PLAYING
22:30:08 - [INPUT] KEYDOWN key=right code=1073741903 state=PLAYING
22:30:08 - [INPUT] KEYUP key=right code=1073741903 state=PLAYING
22:30:09 - [INPUT] KEYDOWN key=left code=1073741904 state=PLAYING
22:30:09 - [INPUT] KEYUP key=left code=1073741904 state=PLAYING
22:30:09 - [INPUT] KEYDOWN key=right code=1073741903 state=PLAYING
22:30:09 - [INPUT] KEYUP key=right code=1073741903 state=PLAYING
22:30:10 - [INPUT] KEYDOWN key=left code=1073741904 state=PLAYING
22:30:10 - [INPUT] KEYUP key=left code=1073741904 state=PLAYING
22:30:11 - [INPUT] KEYDOWN key=right code=1073741903 state=PLAYING
22:30:11 - [INPUT] KEYUP key=right code=1073741903 state=PLAYING
22:30:11 - [INPUT] KEYDOWN key=right code=1073741903 state=PLAYING
22:30:11 - [INPUT] KEYUP key=right code=1073741903 state=PLAYING
22:30:12 - [INPUT] KEYDOWN key=left code=1073741904 state=PLAYING
22:30:12 - [INPUT] KEYUP key=left code=1073741904 state=PLAYING
22:30:12 - [INPUT] KEYDOWN key=left code=1073741904 state=PLAYING
22:30:12 - [INPUT] KEYUP key=left code=1073741904 state=PLAYING
22:30:12 - [INPUT] KEYDOWN key=right code=1073741903 state=PLAYING
22:30:13 - [INPUT] KEYUP key=right code=1073741903 state=PLAYING
22:30:13 - [INPUT] KEYDOWN key=left code=1073741904 state=PLAYING
22:30:13 - [INPUT] KEYUP key=left code=1073741904 state=PLAYING
22:30:13 - [INPUT] KEYDOWN key=right code=1073741903 state=PLAYING
22:30:14 - [INPUT] KEYDOWN key=left code=1073741904 state=PLAYING
22:30:14 - [INPUT] KEYUP key=right code=1073741903 state=PLAYING
22:30:14 - [INPUT] KEYUP key=left code=1073741904 state=PLAYING
22:30:15 - [INPUT] KEYDOWN key=space code=32 state=PLAYING
22:30:15 - [INPUT] KEYUP key=space code=32 state=PLAYING
22:30:15 - [INPUT] KEYDOWN key=space code=32 state=PLAYING
22:30:15 - [INPUT] KEYUP key=space code=32 state=PLAYING
22:30:15 - [INPUT] KEYDOWN key=space code=32 state=PLAYING
22:30:16 - [INPUT] KEYUP key=space code=32 state=PLAYING
22:30:16 - [INPUT] KEYDOWN key=left code=1073741904 state=PLAYING
22:30:17 - [INPUT] KEYUP key=left code=1073741904 state=PLAYING
22:30:17 - [INPUT] KEYDOWN key=right code=1073741903 state=PLAYING
22:30:18 - [INPUT] KEYUP key=right code=1073741903 state=PLAYING
22:30:18 - [INPUT] KEYDOWN key=left code=1073741904 state=PLAYING
22:30:18 - [INPUT] KEYUP key=left code=1073741904 state=PLAYING
22:30:18 - [INPUT] KEYDOWN key=left code=1073741904 state=PLAYING
22:30:18 - [INPUT] KEYUP key=left code=1073741904 state=PLAYING
22:30:18 - [INPUT] KEYDOWN key=left code=1073741904 state=PLAYING
22:30:19 - [INPUT] KEYUP key=left code=1073741904 state=PLAYING
22:30:19 - [INPUT] KEYDOWN key=right code=1073741903 state=PLAYING
22:30:19 - [INPUT] KEYUP key=right code=1073741903 state=PLAYING
22:30:20 - [INPUT] KEYDOWN key=right code=1073741903 state=PLAYING
22:30:20 - [INPUT] KEYUP key=right code=1073741903 state=PLAYING
22:30:20 - [INPUT] KEYDOWN key=left code=1073741904 state=PLAYING
22:30:21 - [INPUT] KEYUP key=left code=1073741904 state=PLAYING
22:30:21 - [INPUT] KEYDOWN key=right code=1073741903 state=PLAYING
22:30:21 - [INPUT] KEYUP key=right code=1073741903 state=PLAYING
22:30:21 - [INPUT] KEYDOWN key=left code=1073741904 state=PLAYING
22:30:22 - [INPUT] KEYUP key=left code=1073741904 state=PLAYING
22:30:23 - [INPUT] KEYDOWN key=right code=1073741903 state=PLAYING
22:30:23 - [INPUT] KEYUP key=right code=1073741903 state=PLAYING
22:30:23 - [INPUT] KEYDOWN key=left code=1073741904 state=PLAYING
22:30:23 - [INPUT] KEYUP key=left code=1073741904 state=PLAYING
22:30:24 - [INPUT] KEYDOWN key=space code=32 state=PLAYING
22:30:24 - [INPUT] KEYUP key=space code=32 state=PLAYING
22:30:24 - [INPUT] KEYDOWN key=space code=32 state=PLAYING
22:30:24 - [INPUT] KEYUP key=space code=32 state=PLAYING
22:30:24 - [INPUT] KEYDOWN key=space code=32 state=PLAYING
22:30:25 - [INPUT] KEYUP key=space code=32 state=PLAYING
22:30:25 - [INPUT] KEYDOWN key=space code=32 state=PLAYING
22:30:25 - [INPUT] KEYUP key=space code=32 state=PLAYING
22:30:25 - [INPUT] KEYDOWN key=space code=32 state=PLAYING
22:30:25 - [INPUT] KEYUP key=space code=32 state=PLAYING
22:30:25 - [INPUT] KEYDOWN key=space code=32 state=PLAYING
22:30:25 - [INPUT] KEYUP key=space code=32 state=PLAYING
22:30:25 - [INPUT] KEYDOWN key=space code=32 state=PLAYING
22:30:25 - [INPUT] KEYUP key=space code=32 state=PLAYING
22:30:26 - [INPUT] KEYDOWN key=space code=32 state=PLAYING
22:30:26 - [INPUT] KEYUP key=space code=32 state=PLAYING
22:30:26 - [INPUT] KEYDOWN key=space code=32 state=PLAYING
22:30:26 - [INPUT] KEYUP key=space code=32 state=PLAYING
22:30:26 - [INPUT] KEYDOWN key=space code=32 state=PLAYING
22:30:26 - [INPUT] KEYUP key=space code=32 state=PLAYING
22:30:26 - [INPUT] KEYDOWN key=space code=32 state=PLAYING
22:30:26 - [INPUT] KEYUP key=space code=32 state=PLAYING
22:30:26 - [INPUT] KEYDOWN key=space code=32 state=PLAYING
22:30:26 - [INPUT] KEYUP key=space code=32 state=PLAYING
22:30:26 - [INPUT] KEYDOWN key=space code=32 state=PLAYING
22:30:27 - [INPUT] KEYUP key=space code=32 state=PLAYING
22:30:27 - [INPUT] KEYDOWN key=space code=32 state=PLAYING
22:30:27 - [INPUT] KEYUP key=space code=32 state=PLAYING
22:30:27 - [INPUT] KEYDOWN key=space code=32 state=PLAYING
22:30:27 - [INPUT] KEYUP key=space code=32 state=PLAYING
22:30:27 - [INPUT] KEYDOWN key=space code=32 state=PLAYING
22:30:27 - [INPUT] KEYUP key=space code=32 state=PLAYING
22:30:27 - [INPUT] KEYDOWN key=space code=32 state=PLAYING
22:30:27 - [INPUT] KEYUP key=space code=32 state=PLAYING
22:30:27 - [INPUT] KEYDOWN key=space code=32 state=PLAYING
22:30:28 - [INPUT] KEYUP key=space code=32 state=PLAYING
22:30:28 - [INPUT] KEYDOWN key=space code=32 state=PLAYING
22:30:28 - [INPUT] KEYUP key=space code=32 state=PLAYING
22:30:28 - [INPUT] KEYDOWN key=space code=32 state=PLAYING
22:30:28 - [INPUT] KEYUP key=space code=32 state=PLAYING
22:30:28 - [INPUT] KEYDOWN key=space code=32 state=PLAYING
22:30:28 - [INPUT] KEYUP key=space code=32 state=PLAYING
22:30:28 - [INPUT] KEYDOWN key=space code=32 state=PLAYING
22:30:28 - [INPUT] KEYUP key=space code=32 state=PLAYING
22:30:29 - [INPUT] KEYDOWN key=space code=32 state=PLAYING
22:30:29 - [INPUT] KEYUP key=space code=32 state=PLAYING
22:30:29 - [INPUT] KEYDOWN key=space code=32 state=PLAYING
22:30:29 - [INPUT] KEYUP key=space code=32 state=PLAYING
22:30:29 - [INPUT] KEYDOWN key=space code=32 state=PLAYING
22:30:29 - [INPUT] KEYUP key=space code=32 state=PLAYING
22:30:29 - [INPUT] KEYDOWN key=space code=32 state=PLAYING
22:30:29 - [INPUT] KEYUP key=space code=32 state=PLAYING
22:30:29 - [INPUT] KEYDOWN key=space code=32 state=PLAYING
22:30:30 - [INPUT] KEYUP key=space code=32 state=PLAYING
22:30:30 - [INPUT] KEYDOWN key=space code=32 state=PLAYING
22:30:30 - [INPUT] KEYUP key=space code=32 state=PLAYING
22:30:30 - [INPUT] KEYDOWN key=space code=32 state=PLAYING
22:30:30 - [INPUT] KEYUP key=space code=32 state=PLAYING
22:30:30 - [INPUT] KEYDOWN key=space code=32 state=PLAYING
22:30:30 - [INPUT] KEYUP key=space code=32 state=PLAYING
22:30:30 - [INPUT] KEYDOWN key=space code=32 state=PLAYING
22:30:30 - [INPUT] KEYUP key=space code=32 state=PLAYING
22:30:30 - [INPUT] KEYDOWN key=space code=32 state=PLAYING
22:30:31 - [INPUT] KEYUP key=space code=32 state=PLAYING
22:30:31 - [INPUT] KEYDOWN key=space code=32 state=PLAYING
22:30:31 - [INPUT] KEYUP key=space code=32 state=PLAYING
22:30:31 - [INPUT] KEYDOWN key=space code=32 state=PLAYING
22:30:31 - [INPUT] KEYUP key=space code=32 state=PLAYING
22:30:31 - [INPUT] KEYDOWN key=space code=32 state=PLAYING
22:30:31 - [INPUT] KEYUP key=space code=32 state=PLAYING
22:30:31 - [INPUT] KEYDOWN key=space code=32 state=PLAYING
22:30:31 - [INPUT] KEYUP key=space code=32 state=PLAYING
22:30:32 - [INPUT] KEYDOWN key=space code=32 state=PLAYING
22:30:32 - [INPUT] KEYUP key=space code=32 state=PLAYING
22:30:32 - [INPUT] KEYDOWN key=space code=32 state=PLAYING
22:30:32 - [INPUT] KEYUP key=space code=32 state=PLAYING
22:30:32 - [INPUT] KEYDOWN key=space code=32 state=PLAYING
22:30:32 - [INPUT] KEYUP key=space code=32 state=PLAYING
22:30:32 - [INPUT] KEYDOWN key=space code=32 state=PLAYING
22:30:32 - [INPUT] KEYUP key=space code=32 state=PLAYING
22:30:32 - [INPUT] KEYDOWN key=space code=32 state=PLAYING
22:30:32 - [INPUT] KEYUP key=space code=32 state=PLAYING
22:30:32 - [INPUT] KEYDOWN key=space code=32 state=PLAYING
22:30:33 - [INPUT] KEYUP key=space code=32 state=PLAYING
22:30:33 - [INPUT] KEYDOWN key=space code=32 state=PLAYING
22:30:33 - [INPUT] KEYUP key=space code=32 state=PLAYING
