10:48:09 - [INPUT] KEYDOWN key=return code=13 state=MENU
10:48:09 - \U0001f3ae Inizia nuova partita
10:48:09 - \U0001f504 Nuova partita iniziata!
10:48:09 - [INPUT] KEYUP key=return code=13 state=PLAYING
10:48:10 - [INPUT] KEYDOWN key=right code=1073741903 state=PLAYING
10:48:10 - [INPUT] KEYUP key=right code=1073741903 state=PLAYING
10:48:11 - [INPUT] KEYDOWN key=left code=1073741904 state=PLAYING
10:48:11 - [INPUT] KEYUP key=left code=1073741904 state=PLAYING
10:48:11 - [INPUT] KEYDOWN key=right code=1073741903 state=PLAYING
10:48:11 - [INPUT] KEYUP key=right code=1073741903 state=PLAYING
10:48:11 - [INPUT] KEYDOWN key=left code=1073741904 state=PLAYING
10:48:12 - [INPUT] KEYUP key=left code=1073741904 state=PLAYING
10:48:13 - [INPUT] KEYDOWN key=left code=1073741904 state=PLAYING
10:48:13 - [INPUT] KEYUP key=left code=1073741904 state=PLAYING
10:48:13 - [INPUT] KEYDOWN key=right code=1073741903 state=PLAYING
10:48:13 - [INPUT] KEYUP key=right code=1073741903 state=PLAYING
10:48:14 - [INPUT] KEYDOWN key=left code=1073741904 state=PLAYING
10:48:14 - [INPUT] KEYUP key=left code=1073741904 state=PLAYING
10:48:14 - [INPUT] KEYDOWN key=right code=1073741903 state=PLAYING
10:48:14 - [INPUT] KEYUP key=right code=1073741903 state=PLAYING
10:48:15 - [INPUT] KEYDOWN key=right code=1073741903 state=PLAYING
10:48:15 - [INPUT] KEYUP key=right code=1073741903 state=PLAYING
10:48:15 - [INPUT] KEYDOWN key=left code=1073741904 state=PLAYING
10:48:15 - [INPUT] KEYUP key=left code=1073741904 state=PLAYING
10:48:16 - [INPUT] KEYDOWN key=left code=1073741904 state=PLAYING
10:48:16 - [INPUT] KEYUP key=left code=1073741904 state=PLAYING
10:48:16 - [INPUT] KEYDOWN key=right code=1073741903 state=PLAYING
10:48:16 - [INPUT] KEYUP key=right code=1073741903 state=PLAYING
10:48:17 - [INPUT] KEYDOWN key=left code=1073741904 state=PLAYING
10:48:17 - [INPUT] KEYUP key=left code=1073741904 state=PLAYING
10:48:17 - [INPUT] KEYDOWN key=right code=1073741903 state=PLAYING
10:48:17 - [INPUT] KEYUP key=right code=1073741903 state=PLAYING
10:48:18 - [INPUT] KEYDOWN key=space code=32 state=PLAYING
10:48:18 - [INPUT] KEYDOWN key=left code=1073741904 state=PLAYING
10:48:18 - [INPUT] KEYUP key=left code=1073741904 state=PLAYING
10:48:18 - [INPUT] KEYUP key=space code=32 state=PLAYING
10:48:18 - [INPUT] KEYDOWN key=right code=1073741903 state=PLAYING
10:48:19 - [INPUT] KEYUP key=right code=1073741903 state=PLAYING
10:48:19 - [INPUT] KEYDOWN key=left code=1073741904 state=PLAYING
10:48:19 - [INPUT] KEYUP key=left code=1073741904 state=PLAYING
10:48:20 - [INPUT] KEYDOWN key=space code=32 state=PLAYING
10:48:20 - [INPUT] KEYUP key=space code=32 state=PLAYING
10:48:20 - [INPUT] KEYDOWN key=space code=32 state=PLAYING
10:48:20 - [INPUT] KEYUP key=space code=32 state=PLAYING
10:48:20 - [INPUT] KEYDOWN key=space code=32 state=PLAYING
10:48:20 - [INPUT] KEYUP key=space code=32 state=PLAYING
10:48:20 - [INPUT] KEYDOWN key=right code=1073741903 state=PLAYING
10:48:20 - [INPUT] KEYDOWN key=space code=32 state=PLAYING
10:48:20 - [INPUT] KEYUP key=right code=1073741903 state=PLAYING
10:48:20 - [INPUT] KEYUP key=space code=32 state=PLAYING
10:48:20 - [INPUT] KEYDOWN key=left code=1073741904 state=PLAYING
10:48:21 - [INPUT] KEYDOWN key=space code=32 state=PLAYING
10:48:21 - [INPUT] KEYUP key=space code=32 state=PLAYING
10:48:21 - [INPUT] KEYUP key=left code=1073741904 state=PLAYING
10:48:21 - [INPUT] KEYDOWN key=space code=32 state=PLAYING
10:48:21 - [INPUT] KEYDOWN key=right code=1073741903 state=PLAYING
10:48:21 - [INPUT] KEYUP key=space code=32 state=PLAYING
10:48:21 - [INPUT] KEYUP key=right code=1073741903 state=PLAYING
10:48:21 - [INPUT] KEYDOWN key=space code=32 state=PLAYING
10:48:21 - [INPUT] KEYUP key=space code=32 state=PLAYING
