09:21:30 - [INPUT] KEYDOWN key=return code=13 state=MENU
09:21:30 - \U0001f3ae Inizia nuova partita
09:21:30 - \U0001f504 Nuova partita iniziata!
09:21:30 - [INPUT] KEYUP key=return code=13 state=PLAYING
09:21:30 - [INPUT] KEYDOWN key=left code=1073741904 state=PLAYING
09:21:30 - [INPUT] KEYUP key=left code=1073741904 state=PLAYING
09:21:31 - [INPUT] KEYDOWN key=left code=1073741904 state=PLAYING
09:21:31 - [INPUT] KEYUP key=left code=1073741904 state=PLAYING
09:21:31 - [INPUT] KEYDOWN key=right code=1073741903 state=PLAYING
09:21:31 - [INPUT] KEYUP key=right code=1073741903 state=PLAYING
09:21:31 - [INPUT] KEYDOWN key=right code=1073741903 state=PLAYING
09:21:32 - [INPUT] KEYUP key=right code=1073741903 state=PLAYING
09:21:32 - [INPUT] KEYDOWN key=right code=1073741903 state=PLAYING
09:21:32 - [INPUT] KEYUP key=right code=1073741903 state=PLAYING
09:21:32 - [INPUT] KEYDOWN key=left code=1073741904 state=PLAYING
09:21:33 - [INPUT] KEYUP key=left code=1073741904 state=PLAYING
09:21:33 - [INPUT] KEYDOWN key=right code=1073741903 state=PLAYING
09:21:33 - [INPUT] KEYUP key=right code=1073741903 state=PLAYING
09:21:33 - [INPUT] KEYDOWN key=left code=1073741904 state=PLAYING
09:21:33 - [INPUT] KEYUP key=left code=1073741904 state=PLAYING
09:21:34 - [INPUT] KEYDOWN key=right code=1073741903 state=PLAYING
09:21:34 - [INPUT] KEYUP key=right code=1073741903 state=PLAYING
09:21:34 - [INPUT] KEYDOWN key=right code=1073741903 state=PLAYING
09:21:34 - [INPUT] KEYUP key=right code=1073741903 state=PLAYING
09:21:35 - [INPUT] KEYDOWN key=left code=1073741904 state=PLAYING
09:21:35 - [INPUT] KEYUP key=left code=1073741904 state=PLAYING
09:21:36 - [INPUT] KEYDOWN key=left code=1073741904 state=PLAYING
09:21:36 - [INPUT] KEYUP key=left code=1073741904 state=PLAYING
09:21:36 - [INPUT] KEYDOWN key=right code=1073741903 state=PLAYING
09:21:36 - [INPUT] KEYUP key=right code=1073741903 state=PLAYING
09:21:36 - [INPUT] KEYDOWN key=left code=1073741904 state=PLAYING
09:21:37 - [INPUT] KEYUP key=left code=1073741904 state=PLAYING
09:21:37 - [INPUT] KEYDOWN key=right code=1073741903 state=PLAYING
09:21:37 - [INPUT] KEYUP key=right code=1073741903 state=PLAYING
09:21:37 - [INPUT] KEYDOWN key=right code=1073741903 state=PLAYING
09:21:38 - [INPUT] KEYUP key=right code=1073741903 state=PLAYING
09:21:38 - [INPUT] KEYDOWN key=left code=1073741904 state=PLAYING
09:21:39 - [INPUT] KEYUP key=left code=1073741904 state=PLAYING
09:21:39 - [INPUT] KEYDOWN key=left code=1073741904 state=PLAYING
09:21:40 - [INPUT] KEYUP key=left code=1073741904 state=PLAYING
09:21:40 - [INPUT] KEYDOWN key=left code=1073741904 state=PLAYING
09:21:40 - [INPUT] KEYUP key=left code=1073741904 state=PLAYING
09:21:40 - [INPUT] KEYDOWN key=right code=1073741903 state=PLAYING
09:21:40 - [INPUT] KEYUP key=right code=1073741903 state=PLAYING
09:21:41 - [INPUT] KEYDOWN key=right code=1073741903 state=PLAYING
09:21:41 - [INPUT] KEYUP key=right code=1073741903 state=PLAYING
09:21:41 - [INPUT] KEYDOWN key=left code=1073741904 state=PLAYING
09:21:41 - [INPUT] KEYUP key=left code=1073741904 state=PLAYING
09:21:42 - [INPUT] KEYDOWN key=right code=1073741903 state=PLAYING
09:21:42 - [INPUT] KEYUP key=right code=1073741903 state=PLAYING
09:21:43 - [INPUT] KEYDOWN key=right code=1073741903 state=PLAYING
09:21:44 - [INPUT] KEYUP key=right code=1073741903 state=PLAYING
09:21:44 - [INPUT] KEYDOWN key=r code=114 state=PLAYING
09:21:44 - [INPUT] KEYUP key=r code=114 state=PLAYING
09:21:44 - [INPUT] KEYDOWN key=escape code=27 state=PLAYING
09:21:44 - [INPUT] KEYUP key=escape code=27 state=PLAYING
