21:08:00 - [INPUT] KEYDOWN key=return code=13 state=MENU
21:08:00 - \U0001f3ae Inizia nuova partita
21:08:00 - \U0001f504 Nuova partita iniziata!
21:08:00 - [INPUT] KEYUP key=return code=13 state=PLAYING
21:08:01 - [INPUT] KEYDOWN key=left code=1073741904 state=PLAYING
21:08:02 - [INPUT] KEYUP key=left code=1073741904 state=PLAYING
21:08:02 - [INPUT] KEYDOWN key=right code=1073741903 state=PLAYING
21:08:03 - [INPUT] KEYUP key=right code=1073741903 state=PLAYING
21:08:03 - [INPUT] KEYDOWN key=right code=1073741903 state=PLAYING
21:08:04 - [INPUT] KEYUP key=right code=1073741903 state=PLAYING
21:08:04 - [INPUT] KEYDOWN key=left code=1073741904 state=PLAYING
21:08:05 - [INPUT] KEYUP key=left code=1073741904 state=PLAYING
21:08:05 - [INPUT] KEYDOWN key=right code=1073741903 state=PLAYING
21:08:06 - [INPUT] KEYUP key=right code=1073741903 state=PLAYING
21:08:06 - [INPUT] KEYDOWN key=left code=1073741904 state=PLAYING
21:08:06 - [INPUT] KEYUP key=left code=1073741904 state=PLAYING
21:08:06 - [INPUT] KEYDOWN key=left code=1073741904 state=PLAYING
21:08:07 - [INPUT] KEYUP key=left code=1073741904 state=PLAYING
21:08:07 - [INPUT] KEYDOWN key=right code=1073741903 state=PLAYING
21:08:07 - [INPUT] KEYUP key=right code=1073741903 state=PLAYING
21:08:08 - [INPUT] KEYDOWN key=right code=1073741903 state=PLAYING
21:08:08 - [INPUT] KEYUP key=right code=1073741903 state=PLAYING
21:08:09 - [INPUT] KEYDOWN key=left code=1073741904 state=PLAYING
21:08:09 - [INPUT] KEYUP key=left code=1073741904 state=PLAYING
21:08:09 - [INPUT] KEYDOWN key=left code=1073741904 state=PLAYING
21:08:09 - [INPUT] KEYUP key=left code=1073741904 state=PLAYING
21:08:10 - [INPUT] KEYDOWN key=right code=1073741903 state=PLAYING
21:08:10 - [INPUT] KEYUP key=right code=1073741903 state=PLAYING
21:08:11 - [INPUT] KEYDOWN key=left code=1073741904 state=PLAYING
21:08:11 - [INPUT] KEYUP key=left code=1073741904 state=PLAYING
21:08:12 - [INPUT] KEYDOWN key=left code=1073741904 state=PLAYING
21:08:12 - [INPUT] KEYUP key=left code=1073741904 state=PLAYING
21:08:13 - [INPUT] KEYDOWN key=right code=1073741903 state=PLAYING
21:08:13 - [INPUT] KEYUP key=right code=1073741903 state=PLAYING
21:08:13 - [INPUT] KEYDOWN key=left code=1073741904 state=PLAYING
21:08:14 - [INPUT] KEYUP key=left code=1073741904 state=PLAYING
21:08:15 - [INPUT] KEYDOWN key=left code=1073741904 state=PLAYING
21:08:15 - [INPUT] KEYUP key=left code=1073741904 state=PLAYING
21:08:15 - [INPUT] KEYDOWN key=right code=1073741903 state=PLAYING
21:08:16 - [INPUT] KEYUP key=right code=1073741903 state=PLAYING
21:08:16 - [INPUT] KEYDOWN key=right code=1073741903 state=PLAYING
21:08:16 - [INPUT] KEYUP key=right code=1073741903 state=PLAYING
21:08:16 - [INPUT] KEYDOWN key=left code=1073741904 state=PLAYING
21:08:16 - [INPUT] KEYUP key=left code=1073741904 state=PLAYING
21:08:17 - [INPUT] KEYDOWN key=left code=1073741904 state=PLAYING
21:08:17 - [INPUT] KEYUP key=left code=1073741904 state=PLAYING
21:08:17 - [INPUT] KEYDOWN key=right code=1073741903 state=PLAYING
21:08:17 - [INPUT] KEYUP key=right code=1073741903 state=PLAYING
21:08:17 - [INPUT] KEYDOWN key=left code=1073741904 state=PLAYING
21:08:18 - [INPUT] KEYUP key=left code=1073741904 state=PLAYING
21:08:19 - \U0001f3d4\ufe0f Cima raggiunta! Bonus +20000
21:08:19 - [INPUT] KEYDOWN key=right code=1073741903 state=PLAYING
21:08:19 - [INPUT] KEYUP key=right code=1073741903 state=PLAYING
21:08:26 - [INPUT] KEYDOWN key=escape code=27 state=LEADERBOARD
21:08:26 - [INPUT] KEYUP key=escape code=27 state=MENU
21:08:27 - [INPUT] KEYDOWN key=down code=1073741905 state=MENU
21:08:27 - [INPUT] KEYUP key=down code=1073741905 state=MENU
21:08:27 - [INPUT] KEYDOWN key=down code=1073741905 state=MENU
21:08:27 - [INPUT] KEYUP key=down code=1073741905 state=MENU
21:08:28 - [INPUT] KEYDOWN key=up code=1073741906 state=MENU
21:08:28 - [INPUT] KEYUP key=up code=1073741906 state=MENU
21:08:28 - [INPUT] KEYDOWN key=up code=1073741906 state=MENU
21:08:28 - [INPUT] KEYUP key=up code=1073741906 state=MENU
21:08:29 - [INPUT] KEYDOWN key=down code=1073741905 state=MENU
21:08:29 - [INPUT] KEYUP key=down code=1073741905 state=MENU
21:08:29 - [INPUT] KEYDOWN key=down code=1073741905 state=MENU
21:08:29 - [INPUT] KEYUP key=down code=1073741905 state=MENU
21:08:30 - [INPUT] KEYDOWN key=up code=1073741906 state=MENU
21:08:30 - [INPUT] KEYUP key=up code=1073741906 state=MENU
21:08:30 - [INPUT] KEYDOWN key=up code=1073741906 state=MENU
21:08:30 - [INPUT] KEYUP key=up code=1073741906 state=MENU
21:08:30 - [INPUT] KEYDOWN key=return code=13 state=MENU
21:08:30 - \U0001f3ae Inizia nuova partita
21:08:30 - \U0001f504 Nuova partita iniziata!
21:08:30 - [INPUT] KEYUP key=return code=13 state=PLAYING
21:08:31 - [INPUT] KEYDOWN key=right code=1073741903 state=PLAYING
21:08:31 - [INPUT] KEYUP key=right code=1073741903 state=PLAYING
21:08:32 - [INPUT] KEYDOWN key=left code=1073741904 state=PLAYING
21:08:32 - [INPUT] KEYUP key=left code=1073741904 state=PLAYING
21:08:33 - [INPUT] KEYDOWN key=right code=1073741903 state=PLAYING
21:08:33 - [INPUT] KEYUP key=right code=1073741903 state=PLAYING
21:08:33 - [INPUT] KEYDOWN key=left code=1073741904 state=PLAYING
21:08:33 - [INPUT] KEYUP key=left code=1073741904 state=PLAYING
21:08:34 - [INPUT] KEYDOWN key=right code=1073741903 state=PLAYING
21:08:34 - [INPUT] KEYUP key=right code=1073741903 state=PLAYING
21:08:34 - [INPUT] KEYDOWN key=left code=1073741904 state=PLAYING
21:08:35 - [INPUT] KEYUP key=left code=1073741904 state=PLAYING
21:08:35 - [INPUT] KEYDOWN key=right code=1073741903 state=PLAYING
21:08:36 - [INPUT] KEYUP key=right code=1073741903 state=PLAYING
21:08:36 - [INPUT] KEYDOWN key=left code=1073741904 state=PLAYING
21:08:36 - [INPUT] KEYUP key=left code=1073741904 state=PLAYING
21:08:36 - [INPUT] KEYDOWN key=right code=1073741903 state=PLAYING
21:08:37 - [INPUT] KEYUP key=right code=1073741903 state=PLAYING
21:08:37 - [INPUT] KEYDOWN key=left code=1073741904 state=PLAYING
21:08:37 - [INPUT] KEYUP key=left code=1073741904 state=PLAYING
21:08:38 - [INPUT] KEYDOWN key=left code=1073741904 state=PLAYING
21:08:38 - [INPUT] KEYUP key=left code=1073741904 state=PLAYING
21:08:38 - [INPUT] KEYDOWN key=right code=1073741903 state=PLAYING
21:08:38 - [INPUT] KEYUP key=right code=1073741903 state=PLAYING
21:08:39 - [INPUT] KEYDOWN key=left code=1073741904 state=PLAYING
21:08:40 - \u274c GAME OVER - La goccia è caduta nel vuoto!
21:08:40 - \U0001f3ae Premi R per riprovare o ESC per tornare al menu
21:08:40 - [INPUT] KEYUP key=left code=1073741904 state=GAME_OVER
21:08:41 - [INPUT] KEYDOWN key=r code=114 state=GAME_OVER
21:08:41 - \U0001f504 Riavvio partita...
21:08:41 - \U0001f504 Nuova partita iniziata!
21:08:41 - [INPUT] KEYUP key=r code=114 state=PLAYING
21:08:42 - [INPUT] KEYDOWN key=right code=1073741903 state=PLAYING
21:08:42 - [INPUT] KEYUP key=right code=1073741903 state=PLAYING
21:08:42 - [INPUT] KEYDOWN key=right code=1073741903 state=PLAYING
21:08:42 - [INPUT] KEYUP key=right code=1073741903 state=PLAYING
21:08:42 - [INPUT] KEYDOWN key=left code=1073741904 state=PLAYING
21:08:43 - [INPUT] KEYUP key=left code=1073741904 state=PLAYING
21:08:44 - [INPUT] KEYDOWN key=right code=1073741903 state=PLAYING
21:08:44 - [INPUT] KEYUP key=right code=1073741903 state=PLAYING
21:08:44 - [INPUT] KEYDOWN key=left code=1073741904 state=PLAYING
21:08:44 - [INPUT] KEYUP key=left code=1073741904 state=PLAYING
21:08:44 - [INPUT] KEYDOWN key=right code=1073741903 state=PLAYING
21:08:44 - [INPUT] KEYUP key=right code=1073741903 state=PLAYING
21:08:44 - [INPUT] KEYDOWN key=left code=1073741904 state=PLAYING
21:08:45 - [INPUT] KEYUP key=left code=1073741904 state=PLAYING
21:08:45 - [INPUT] KEYDOWN key=left code=1073741904 state=PLAYING
21:08:45 - [INPUT] KEYUP key=left code=1073741904 state=PLAYING
21:08:46 - [INPUT] KEYDOWN key=right code=1073741903 state=PLAYING
21:08:47 - [INPUT] KEYUP key=right code=1073741903 state=PLAYING
21:08:47 - [INPUT] KEYDOWN key=left code=1073741904 state=PLAYING
21:08:47 - [INPUT] KEYUP key=left code=1073741904 state=PLAYING
21:08:48 - [INPUT] KEYDOWN key=right code=1073741903 state=PLAYING
21:08:48 - [INPUT] KEYDOWN key=up code=1073741906 state=PLAYING
21:08:48 - [INPUT] KEYUP key=up code=1073741906 state=PLAYING
21:08:48 - [INPUT] KEYUP key=right code=1073741903 state=PLAYING
21:08:48 - [INPUT] KEYDOWN key=left code=1073741904 state=PLAYING
21:08:49 - [INPUT] KEYUP key=left code=1073741904 state=PLAYING
21:08:49 - [INPUT] KEYDOWN key=right code=1073741903 state=PLAYING
21:08:49 - [INPUT] KEYUP key=right code=1073741903 state=PLAYING
21:08:49 - [INPUT] KEYDOWN key=left code=1073741904 state=PLAYING
21:08:49 - [INPUT] KEYUP key=left code=1073741904 state=PLAYING
21:08:50 - [INPUT] KEYDOWN key=right code=1073741903 state=PLAYING
21:08:50 - [INPUT] KEYDOWN key=left code=1073741904 state=PLAYING
21:08:50 - [INPUT] KEYUP key=right code=1073741903 state=PLAYING
21:08:51 - [INPUT] KEYUP key=left code=1073741904 state=PLAYING
21:08:51 - [INPUT] KEYDOWN key=left code=1073741904 state=PLAYING
21:08:52 - [INPUT] KEYUP key=left code=1073741904 state=PLAYING
21:08:52 - [INPUT] KEYDOWN key=right code=1073741903 state=PLAYING
21:08:53 - [INPUT] KEYUP key=right code=1073741903 state=PLAYING
21:08:53 - [INPUT] KEYDOWN key=left code=1073741904 state=PLAYING
21:08:53 - [INPUT] KEYUP key=left code=1073741904 state=PLAYING
21:08:53 - [INPUT] KEYDOWN key=left code=1073741904 state=PLAYING
21:08:54 - [INPUT] KEYUP key=left code=1073741904 state=PLAYING
21:08:54 - [INPUT] KEYDOWN key=right code=1073741903 state=PLAYING
21:08:54 - [INPUT] KEYDOWN key=up code=1073741906 state=PLAYING
21:08:54 - [INPUT] KEYUP key=up code=1073741906 state=PLAYING
21:08:55 - [INPUT] KEYDOWN key=left code=1073741904 state=PLAYING
21:08:55 - [INPUT] KEYUP key=right code=1073741903 state=PLAYING
21:08:55 - [INPUT] KEYUP key=left code=1073741904 state=PLAYING
21:08:56 - [INPUT] KEYDOWN key=right code=1073741903 state=PLAYING
21:08:56 - [INPUT] KEYUP key=right code=1073741903 state=PLAYING
21:08:56 - \U0001f3d4\ufe0f Cima raggiunta! Bonus +20000
