10:51:20 - [INPUT] KEYDOWN key=return code=13 state=MENU
10:51:20 - \U0001f3ae Inizia nuova partita
10:51:20 - \U0001f504 Nuova partita iniziata!
10:51:20 - [INPUT] KEYUP key=return code=13 state=PLAYING
10:51:21 - [INPUT] KEYDOWN key=space code=32 state=PLAYING
10:51:21 - [INPUT] KEYUP key=space code=32 state=PLAYING
10:51:21 - [INPUT] KEYDOWN key=right code=1073741903 state=PLAYING
10:51:22 - [INPUT] KEYDOWN key=space code=32 state=PLAYING
10:51:22 - [INPUT] KEYUP key=right code=1073741903 state=PLAYING
10:51:22 - [INPUT] KEYUP key=space code=32 state=PLAYING
10:51:22 - [INPUT] KEYDOWN key=left code=1073741904 state=PLAYING
10:51:22 - [INPUT] KEYUP key=left code=1073741904 state=PLAYING
10:51:22 - [INPUT] KEYDOWN key=space code=32 state=PLAYING
10:51:22 - [INPUT] KEYUP key=space code=32 state=PLAYING
10:51:22 - [INPUT] KEYDOWN key=right code=1073741903 state=PLAYING
10:51:22 - [INPUT] KEYDOWN key=space code=32 state=PLAYING
10:51:23 - [INPUT] KEYUP key=right code=1073741903 state=PLAYING
10:51:23 - [INPUT] KEYUP key=space code=32 state=PLAYING
10:51:23 - [INPUT] KEYDOWN key=space code=32 state=PLAYING
10:51:23 - [INPUT] KEYUP key=space code=32 state=PLAYING
10:51:23 - [INPUT] KEYDOWN key=space code=32 state=PLAYING
10:51:23 - [INPUT] KEYUP key=space code=32 state=PLAYING
10:51:23 - [INPUT] KEYDOWN key=space code=32 state=PLAYING
10:51:23 - [INPUT] KEYUP key=space code=32 state=PLAYING
10:51:23 - [INPUT] KEYDOWN key=left code=1073741904 state=PLAYING
10:51:23 - [INPUT] KEYDOWN key=space code=32 state=PLAYING
10:51:23 - [INPUT] KEYUP key=left code=1073741904 state=PLAYING
10:51:23 - [INPUT] KEYUP key=space code=32 state=PLAYING
10:51:24 - [INPUT] KEYDOWN key=space code=32 state=PLAYING
10:51:24 - [INPUT] KEYDOWN key=left code=1073741904 state=PLAYING
10:51:24 - [INPUT] KEYUP key=left code=1073741904 state=PLAYING
10:51:24 - [INPUT] KEYUP key=space code=32 state=PLAYING
10:51:24 - [INPUT] KEYDOWN key=right code=1073741903 state=PLAYING
10:51:24 - [INPUT] KEYDOWN key=space code=32 state=PLAYING
10:51:24 - [INPUT] KEYUP key=right code=1073741903 state=PLAYING
10:51:24 - [INPUT] KEYUP key=space code=32 state=PLAYING
10:51:24 - [INPUT] KEYDOWN key=left code=1073741904 state=PLAYING
10:51:24 - [INPUT] KEYDOWN key=space code=32 state=PLAYING
10:51:24 - [INPUT] KEYUP key=left code=1073741904 state=PLAYING
10:51:24 - [INPUT] KEYUP key=space code=32 state=PLAYING
10:51:24 - [INPUT] KEYDOWN key=space code=32 state=PLAYING
10:51:25 - [INPUT] KEYDOWN key=left code=1073741904 state=PLAYING
10:51:25 - [INPUT] KEYUP key=left code=1073741904 state=PLAYING
10:51:25 - [INPUT] KEYUP key=space code=32 state=PLAYING
10:51:25 - [INPUT] KEYDOWN key=right code=1073741903 state=PLAYING
10:51:25 - [INPUT] KEYDOWN key=space code=32 state=PLAYING
10:51:25 - [INPUT] KEYUP key=space code=32 state=PLAYING
10:51:25 - [INPUT] KEYUP key=right code=1073741903 state=PLAYING
10:51:25 - [INPUT] KEYDOWN key=space code=32 state=PLAYING
10:51:25 - [INPUT] KEYUP key=space code=32 state=PLAYING
10:51:25 - [INPUT] KEYDOWN key=space code=32 state=PLAYING
10:51:25 - [INPUT] KEYUP key=space code=32 state=PLAYING
10:51:25 - [INPUT] KEYDOWN key=space code=32 state=PLAYING
10:51:26 - [INPUT] KEYUP key=space code=32 state=PLAYING
10:51:26 - [INPUT] KEYDOWN key=space code=32 state=PLAYING
10:51:26 - [INPUT] KEYUP key=space code=32 state=PLAYING
10:51:26 - [INPUT] KEYDOWN key=space code=32 state=PLAYING
10:51:26 - [INPUT] KEYUP key=space code=32 state=PLAYING
10:51:26 - [INPUT] KEYDOWN key=space code=32 state=PLAYING
10:51:26 - [INPUT] KEYDOWN key=left code=1073741904 state=PLAYING
10:51:26 - [INPUT] KEYUP key=space code=32 state=PLAYING
10:51:26 - [INPUT] KEYUP key=left code=1073741904 state=PLAYING
10:51:26 - [INPUT] KEYDOWN key=right code=1073741903 state=PLAYING
10:51:27 - [INPUT] KEYUP key=right code=1073741903 state=PLAYING
10:51:27 - [INPUT] KEYDOWN key=left code=1073741904 state=PLAYING
10:51:27 - [INPUT] KEYUP key=left code=1073741904 state=PLAYING
10:51:28 - [INPUT] KEYDOWN key=left code=1073741904 state=PLAYING
10:51:28 - [INPUT] KEYUP key=left code=1073741904 state=PLAYING
10:51:29 - [INPUT] KEYDOWN key=right code=1073741903 state=PLAYING
10:51:29 - [INPUT] KEYUP key=right code=1073741903 state=PLAYING
10:51:29 - [INPUT] KEYDOWN key=left code=1073741904 state=PLAYING
10:51:29 - [INPUT] KEYUP key=left code=1073741904 state=PLAYING
10:51:29 - [INPUT] KEYDOWN key=right code=1073741903 state=PLAYING
10:51:30 - [INPUT] KEYUP key=right code=1073741903 state=PLAYING
10:51:30 - [INPUT] KEYDOWN key=left code=1073741904 state=PLAYING
10:51:30 - [INPUT] KEYUP key=left code=1073741904 state=PLAYING
10:51:31 - [INPUT] KEYDOWN key=right code=1073741903 state=PLAYING
10:51:31 - [INPUT] KEYUP key=right code=1073741903 state=PLAYING
10:51:32 - [INPUT] KEYDOWN key=right code=1073741903 state=PLAYING
10:51:32 - [INPUT] KEYUP key=right code=1073741903 state=PLAYING
10:51:32 - [INPUT] KEYDOWN key=left code=1073741904 state=PLAYING
10:51:32 - [INPUT] KEYUP key=left code=1073741904 state=PLAYING
10:51:32 - [INPUT] KEYDOWN key=left code=1073741904 state=PLAYING
10:51:32 - [INPUT] KEYUP key=left code=1073741904 state=PLAYING
10:51:32 - [INPUT] KEYDOWN key=left code=1073741904 state=PLAYING
10:51:33 - [INPUT] KEYUP key=left code=1073741904 state=PLAYING
10:51:33 - [INPUT] KEYDOWN key=space code=32 state=PLAYING
10:51:33 - [INPUT] KEYUP key=space code=32 state=PLAYING
10:51:33 - [INPUT] KEYDOWN key=space code=32 state=PLAYING
10:51:33 - [INPUT] KEYDOWN key=left code=1073741904 state=PLAYING
10:51:33 - [INPUT] KEYUP key=space code=32 state=PLAYING
10:51:33 - [INPUT] KEYDOWN key=space code=32 state=PLAYING
10:51:33 - [INPUT] KEYUP key=space code=32 state=PLAYING
10:51:33 - [INPUT] KEYDOWN key=space code=32 state=PLAYING
10:51:33 - [INPUT] KEYUP key=space code=32 state=PLAYING
10:51:33 - [INPUT] KEYDOWN key=space code=32 state=PLAYING
10:51:34 - [INPUT] KEYUP key=left code=1073741904 state=PLAYING
10:51:34 - [INPUT] KEYUP key=space code=32 state=PLAYING
10:51:34 - [INPUT] KEYDOWN key=right code=1073741903 state=PLAYING
10:51:35 - [INPUT] KEYUP key=right code=1073741903 state=PLAYING
10:51:35 - [INPUT] KEYDOWN key=left code=1073741904 state=PLAYING
10:51:35 - [INPUT] KEYUP key=left code=1073741904 state=PLAYING
10:51:35 - [INPUT] KEYDOWN key=right code=1073741903 state=PLAYING
10:51:36 - [INPUT] KEYUP key=right code=1073741903 state=PLAYING
10:51:36 - [INPUT] KEYDOWN key=left code=1073741904 state=PLAYING
10:51:36 - [INPUT] KEYUP key=left code=1073741904 state=PLAYING
10:51:37 - [INPUT] KEYDOWN key=left code=1073741904 state=PLAYING
10:51:37 - [INPUT] KEYUP key=left code=1073741904 state=PLAYING
10:51:38 - [INPUT] KEYDOWN key=right code=1073741903 state=PLAYING
10:51:38 - [INPUT] KEYUP key=right code=1073741903 state=PLAYING
10:51:38 - [INPUT] KEYDOWN key=left code=1073741904 state=PLAYING
10:51:38 - [INPUT] KEYUP key=left code=1073741904 state=PLAYING
10:51:38 - [INPUT] KEYDOWN key=left code=1073741904 state=PLAYING
10:51:38 - [INPUT] KEYUP key=left code=1073741904 state=PLAYING
10:51:39 - [INPUT] KEYDOWN key=space code=32 state=PLAYING
10:51:39 - [INPUT] KEYUP key=space code=32 state=PLAYING
10:51:39 - [INPUT] KEYDOWN key=space code=32 state=PLAYING
10:51:39 - [INPUT] KEYUP key=space code=32 state=PLAYING
10:51:39 - [INPUT] KEYDOWN key=space code=32 state=PLAYING
10:51:39 - [INPUT] KEYDOWN key=right code=1073741903 state=PLAYING
10:51:39 - [INPUT] KEYUP key=space code=32 state=PLAYING
10:51:39 - [INPUT] KEYDOWN key=space code=32 state=PLAYING
10:51:39 - [INPUT] KEYUP key=right code=1073741903 state=PLAYING
10:51:39 - [INPUT] KEYUP key=space code=32 state=PLAYING
10:51:39 - [INPUT] KEYDOWN key=space code=32 state=PLAYING
10:51:40 - [INPUT] KEYDOWN key=left code=1073741904 state=PLAYING
10:51:40 - [INPUT] KEYUP key=space code=32 state=PLAYING
10:51:40 - [INPUT] KEYUP key=left code=1073741904 state=PLAYING
