10:49:01 - [INPUT] KEYDOWN key=return code=13 state=MENU
10:49:01 - \U0001f3ae Inizia nuova partita
10:49:01 - \U0001f504 Nuova partita iniziata!
10:49:01 - [INPUT] KEYUP key=return code=13 state=PLAYING
10:49:02 - [INPUT] KEYDOWN key=space code=32 state=PLAYING
10:49:02 - [INPUT] KEYDOWN key=right code=1073741903 state=PLAYING
10:49:02 - [INPUT] KEYUP key=space code=32 state=PLAYING
10:49:02 - [INPUT] KEYUP key=right code=1073741903 state=PLAYING
10:49:02 - [INPUT] KEYDOWN key=space code=32 state=PLAYING
10:49:02 - [INPUT] KEYUP key=space code=32 state=PLAYING
10:49:02 - [INPUT] KEYDOWN key=space code=32 state=PLAYING
10:49:02 - [INPUT] KEYUP key=space code=32 state=PLAYING
10:49:02 - [INPUT] KEYDOWN key=left code=1073741904 state=PLAYING
10:49:02 - [INPUT] KEYDOWN key=space code=32 state=PLAYING
10:49:03 - [INPUT] KEYUP key=left code=1073741904 state=PLAYING
10:49:03 - [INPUT] KEYUP key=space code=32 state=PLAYING
10:49:03 - [INPUT] KEYDOWN key=space code=32 state=PLAYING
10:49:03 - [INPUT] KEYDOWN key=left code=1073741904 state=PLAYING
10:49:03 - [INPUT] KEYUP key=left code=1073741904 state=PLAYING
10:49:03 - [INPUT] KEYUP key=space code=32 state=PLAYING
10:49:03 - [INPUT] KEYDOWN key=space code=32 state=PLAYING
10:49:03 - [INPUT] KEYUP key=space code=32 state=PLAYING
10:49:03 - [INPUT] KEYDOWN key=right code=1073741903 state=PLAYING
10:49:03 - [INPUT] KEYDOWN key=space code=32 state=PLAYING
10:49:03 - [INPUT] KEYUP key=right code=1073741903 state=PLAYING
10:49:03 - [INPUT] KEYUP key=space code=32 state=PLAYING
10:49:03 - [INPUT] KEYDOWN key=space code=32 state=PLAYING
10:49:03 - [INPUT] KEYUP key=space code=32 state=PLAYING
10:49:03 - [INPUT] KEYDOWN key=space code=32 state=PLAYING
10:49:04 - [INPUT] KEYDOWN key=left code=1073741904 state=PLAYING
10:49:04 - [INPUT] KEYUP key=left code=1073741904 state=PLAYING
10:49:04 - [INPUT] KEYUP key=space code=32 state=PLAYING
10:49:04 - [INPUT] KEYDOWN key=space code=32 state=PLAYING
10:49:04 - [INPUT] KEYUP key=space code=32 state=PLAYING
10:49:04 - [INPUT] KEYDOWN key=space code=32 state=PLAYING
10:49:04 - [INPUT] KEYUP key=space code=32 state=PLAYING
10:49:04 - [INPUT] KEYDOWN key=left code=1073741904 state=PLAYING
10:49:04 - [INPUT] KEYDOWN key=space code=32 state=PLAYING
10:49:04 - [INPUT] KEYUP key=left code=1073741904 state=PLAYING
10:49:04 - [INPUT] KEYUP key=space code=32 state=PLAYING
10:49:04 - [INPUT] KEYDOWN key=space code=32 state=PLAYING
10:49:04 - [INPUT] KEYDOWN key=left code=1073741904 state=PLAYING
10:49:04 - [INPUT] KEYUP key=left code=1073741904 state=PLAYING
10:49:05 - [INPUT] KEYUP key=space code=32 state=PLAYING
10:49:05 - [INPUT] KEYDOWN key=right code=1073741903 state=PLAYING
10:49:05 - [INPUT] KEYUP key=right code=1073741903 state=PLAYING
10:49:05 - [INPUT] KEYDOWN key=left code=1073741904 state=PLAYING
10:49:05 - [INPUT] KEYUP key=left code=1073741904 state=PLAYING
10:49:06 - [INPUT] KEYDOWN key=right code=1073741903 state=PLAYING
10:49:06 - [INPUT] KEYDOWN key=space code=32 state=PLAYING
10:49:06 - [INPUT] KEYUP key=right code=1073741903 state=PLAYING
10:49:06 - [INPUT] KEYUP key=space code=32 state=PLAYING
10:49:06 - [INPUT] KEYDOWN key=space code=32 state=PLAYING
10:49:06 - [INPUT] KEYDOWN key=left code=1073741904 state=PLAYING
10:49:06 - [INPUT] KEYUP key=space code=32 state=PLAYING
10:49:06 - [INPUT] KEYUP key=left code=1073741904 state=PLAYING
10:49:07 - [INPUT] KEYDOWN key=left code=1073741904 state=PLAYING
10:49:07 - [INPUT] KEYUP key=left code=1073741904 state=PLAYING
10:49:07 - [INPUT] KEYDOWN key=left code=1073741904 state=PLAYING
10:49:07 - [INPUT] KEYUP key=left code=1073741904 state=PLAYING
10:49:07 - [INPUT] KEYDOWN key=right code=1073741903 state=PLAYING
10:49:08 - [INPUT] KEYDOWN key=space code=32 state=PLAYING
10:49:08 - [INPUT] KEYUP key=right code=1073741903 state=PLAYING
10:49:08 - [INPUT] KEYUP key=space code=32 state=PLAYING
10:49:08 - [INPUT] KEYDOWN key=space code=32 state=PLAYING
10:49:08 - [INPUT] KEYUP key=space code=32 state=PLAYING
10:49:08 - [INPUT] KEYDOWN key=left code=1073741904 state=PLAYING
10:49:08 - [INPUT] KEYDOWN key=space code=32 state=PLAYING
10:49:09 - [INPUT] KEYUP key=left code=1073741904 state=PLAYING
10:49:09 - [INPUT] KEYUP key=space code=32 state=PLAYING
10:49:09 - [INPUT] KEYDOWN key=space code=32 state=PLAYING
10:49:09 - [INPUT] KEYUP key=space code=32 state=PLAYING
10:49:09 - [INPUT] KEYDOWN key=space code=32 state=PLAYING
10:49:09 - [INPUT] KEYUP key=space code=32 state=PLAYING
10:49:09 - [INPUT] KEYDOWN key=space code=32 state=PLAYING
10:49:09 - [INPUT] KEYUP key=space code=32 state=PLAYING
10:49:10 - [INPUT] KEYDOWN key=space code=32 state=PLAYING
10:49:10 - [INPUT] KEYUP key=space code=32 state=PLAYING
10:49:10 - [INPUT] KEYDOWN key=space code=32 state=PLAYING
10:49:10 - [INPUT] KEYUP key=space code=32 state=PLAYING
10:49:10 - [INPUT] KEYDOWN key=right code=1073741903 state=PLAYING
10:49:10 - [INPUT] KEYDOWN key=space code=32 state=PLAYING
10:49:10 - [INPUT] KEYUP key=space code=32 state=PLAYING
10:49:10 - [INPUT] KEYUP key=right code=1073741903 state=PLAYING
10:49:10 - [INPUT] KEYDOWN key=space code=32 state=PLAYING
10:49:10 - [INPUT] KEYUP key=space code=32 state=PLAYING
