21:12:10 - [INPUT] KEYDOWN key=return code=13 state=MENU
21:12:10 - \U0001f3ae Inizia nuova partita
21:12:10 - \U0001f504 Nuova partita iniziata!
21:12:11 - [INPUT] KEYUP key=return code=13 state=PLAYING
21:12:11 - [INPUT] KEYDOWN key=right code=1073741903 state=PLAYING
21:12:12 - [INPUT] KEYUP key=right code=1073741903 state=PLAYING
21:12:12 - [INPUT] KEYDOWN key=left code=1073741904 state=PLAYING
21:12:13 - [INPUT] KEYUP key=left code=1073741904 state=PLAYING
21:12:14 - [INPUT] KEYDOWN key=right code=1073741903 state=PLAYING
21:12:14 - [INPUT] KEYUP key=right code=1073741903 state=PLAYING
21:12:14 - [INPUT] KEYDOWN key=left code=1073741904 state=PLAYING
21:12:14 - [INPUT] KEYUP key=left code=1073741904 state=PLAYING
21:12:14 - [INPUT] KEYDOWN key=right code=1073741903 state=PLAYING
21:12:15 - [INPUT] KEYUP key=right code=1073741903 state=PLAYING
21:12:15 - [INPUT] KEYDOWN key=left code=1073741904 state=PLAYING
21:12:15 - [INPUT] KEYUP key=left code=1073741904 state=PLAYING
21:12:15 - [INPUT] KEYDOWN key=left code=1073741904 state=PLAYING
21:12:15 - [INPUT] KEYUP key=left code=1073741904 state=PLAYING
21:12:16 - [INPUT] KEYDOWN key=right code=1073741903 state=PLAYING
21:12:17 - [INPUT] KEYUP key=right code=1073741903 state=PLAYING
21:12:17 - [INPUT] KEYDOWN key=left code=1073741904 state=PLAYING
21:12:18 - [INPUT] KEYUP key=left code=1073741904 state=PLAYING
21:12:18 - [INPUT] KEYDOWN key=right code=1073741903 state=PLAYING
21:12:18 - [INPUT] KEYUP key=right code=1073741903 state=PLAYING
21:12:18 - [INPUT] KEYDOWN key=right code=1073741903 state=PLAYING
21:12:18 - [INPUT] KEYUP key=right code=1073741903 state=PLAYING
21:12:19 - [INPUT] KEYDOWN key=left code=1073741904 state=PLAYING
21:12:19 - [INPUT] KEYUP key=left code=1073741904 state=PLAYING
21:12:20 - [INPUT] KEYDOWN key=right code=1073741903 state=PLAYING
21:12:20 - [INPUT] KEYUP key=right code=1073741903 state=PLAYING
21:12:20 - [INPUT] KEYDOWN key=left code=1073741904 state=PLAYING
21:12:21 - [INPUT] KEYUP key=left code=1073741904 state=PLAYING
21:12:21 - [INPUT] KEYDOWN key=right code=1073741903 state=PLAYING
21:12:21 - [INPUT] KEYDOWN key=left code=1073741904 state=PLAYING
21:12:21 - [INPUT] KEYUP key=right code=1073741903 state=PLAYING
21:12:21 - [INPUT] KEYUP key=left code=1073741904 state=PLAYING
21:12:22 - [INPUT] KEYDOWN key=left code=1073741904 state=PLAYING
21:12:22 - [INPUT] KEYUP key=left code=1073741904 state=PLAYING
21:12:22 - [INPUT] KEYDOWN key=right code=1073741903 state=PLAYING
21:12:22 - [INPUT] KEYUP key=right code=1073741903 state=PLAYING
21:12:23 - [INPUT] KEYDOWN key=right code=1073741903 state=PLAYING
21:12:23 - [INPUT] KEYUP key=right code=1073741903 state=PLAYING
21:12:24 - [INPUT] KEYDOWN key=right code=1073741903 state=PLAYING
21:12:24 - [INPUT] KEYUP key=right code=1073741903 state=PLAYING
21:12:24 - [INPUT] KEYDOWN key=left code=1073741904 state=PLAYING
21:12:24 - [INPUT] KEYUP key=left code=1073741904 state=PLAYING
21:12:24 - [INPUT] KEYDOWN key=left code=1073741904 state=PLAYING
21:12:25 - [INPUT] KEYUP key=left code=1073741904 state=PLAYING
21:12:25 - [INPUT] KEYDOWN key=right code=1073741903 state=PLAYING
21:12:26 - [INPUT] KEYUP key=right code=1073741903 state=PLAYING
21:12:27 - [INPUT] KEYDOWN key=left code=1073741904 state=PLAYING
21:12:27 - [INPUT] KEYUP key=left code=1073741904 state=PLAYING
21:12:27 - [INPUT] KEYDOWN key=right code=1073741903 state=PLAYING
21:12:27 - [INPUT] KEYUP key=right code=1073741903 state=PLAYING
21:12:28 - [INPUT] KEYDOWN key=right code=1073741903 state=PLAYING
21:12:28 - [INPUT] KEYUP key=right code=1073741903 state=PLAYING
21:12:28 - \U0001f3d4\ufe0f Cima raggiunta! Bonus +20000
21:12:28 - [INPUT] KEYDOWN key=left code=1073741904 state=PLAYING
21:12:28 - [INPUT] KEYUP key=left code=1073741904 state=PLAYING
21:15:09 - [INPUT] KEYDOWN key=escape code=27 state=LEADERBOARD
21:15:09 - [INPUT] KEYUP key=escape code=27 state=MENU
21:15:10 - [INPUT] KEYDOWN key=down code=1073741905 state=MENU
21:15:10 - [INPUT] KEYUP key=down code=1073741905 state=MENU
21:15:10 - [INPUT] KEYDOWN key=down code=1073741905 state=MENU
21:15:10 - [INPUT] KEYUP key=down code=1073741905 state=MENU
21:15:10 - [INPUT] KEYDOWN key=down code=1073741905 state=MENU
21:15:10 - [INPUT] KEYUP key=down code=1073741905 state=MENU
21:15:11 - [INPUT] KEYDOWN key=up code=1073741906 state=MENU
21:15:11 - [INPUT] KEYUP key=up code=1073741906 state=MENU
21:15:11 - [INPUT] KEYDOWN key=up code=1073741906 state=MENU
21:15:11 - [INPUT] KEYUP key=up code=1073741906 state=MENU
21:15:11 - [INPUT] KEYDOWN key=up code=1073741906 state=MENU
21:15:11 - [INPUT] KEYUP key=up code=1073741906 state=MENU
21:15:11 - [INPUT] KEYDOWN key=down code=1073741905 state=MENU
21:15:11 - [INPUT] KEYUP key=down code=1073741905 state=MENU
21:15:12 - [INPUT] KEYDOWN key=return code=13 state=MENU
21:15:12 - \U0001f3c6 Visualizzazione classifica
21:15:12 - [INPUT] KEYUP key=return code=13 state=LEADERBOARD
21:15:12 - [INPUT] KEYDOWN key=escape code=27 state=LEADERBOARD
21:15:12 - [INPUT] KEYUP key=escape code=27 state=MENU
