21:16:29 - [INPUT] KEYDOWN key=return code=13 state=MENU
21:16:29 - \U0001f3ae Inizia nuova partita
21:16:29 - \U0001f504 Nuova partita iniziata!
21:16:29 - [INPUT] KEYUP key=return code=13 state=PLAYING
21:16:30 - [INPUT] KEYDOWN key=right code=1073741903 state=PLAYING
21:16:30 - [INPUT] KEYUP key=right code=1073741903 state=PLAYING
21:16:31 - [INPUT] KEYDOWN key=left code=1073741904 state=PLAYING
21:16:31 - [INPUT] KEYUP key=left code=1073741904 state=PLAYING
21:16:31 - [INPUT] KEYDOWN key=right code=1073741903 state=PLAYING
21:16:31 - [INPUT] KEYDOWN key=up code=1073741906 state=PLAYING
21:16:31 - [INPUT] KEYUP key=up code=1073741906 state=PLAYING
21:16:32 - [INPUT] KEYUP key=right code=1073741903 state=PLAYING
21:16:32 - [INPUT] KEYDOWN key=left code=1073741904 state=PLAYING
21:16:32 - [INPUT] KEYUP key=left code=1073741904 state=PLAYING
21:16:32 - [INPUT] KEYDOWN key=right code=1073741903 state=PLAYING
21:16:33 - [INPUT] KEYUP key=right code=1073741903 state=PLAYING
21:16:33 - [INPUT] KEYDOWN key=left code=1073741904 state=PLAYING
21:16:33 - [INPUT] KEYUP key=left code=1073741904 state=PLAYING
21:16:33 - [INPUT] KEYDOWN key=right code=1073741903 state=PLAYING
21:16:33 - [INPUT] KEYUP key=right code=1073741903 state=PLAYING
21:16:33 - [INPUT] KEYDOWN key=left code=1073741904 state=PLAYING
21:16:33 - [INPUT] KEYUP key=left code=1073741904 state=PLAYING
21:16:35 - [INPUT] KEYDOWN key=left code=1073741904 state=PLAYING
21:16:35 - [INPUT] KEYUP key=left code=1073741904 state=PLAYING
21:16:35 - [INPUT] KEYDOWN key=left code=1073741904 state=PLAYING
21:16:35 - [INPUT] KEYUP key=left code=1073741904 state=PLAYING
21:16:36 - [INPUT] KEYDOWN key=right code=1073741903 state=PLAYING
21:16:36 - [INPUT] KEYUP key=right code=1073741903 state=PLAYING
21:16:36 - [INPUT] KEYDOWN key=left code=1073741904 state=PLAYING
21:16:36 - [INPUT] KEYUP key=left code=1073741904 state=PLAYING
21:16:37 - [INPUT] KEYDOWN key=left code=1073741904 state=PLAYING
21:16:38 - [INPUT] KEYUP key=left code=1073741904 state=PLAYING
21:16:38 - [INPUT] KEYDOWN key=right code=1073741903 state=PLAYING
21:16:39 - [INPUT] KEYUP key=right code=1073741903 state=PLAYING
21:16:39 - [INPUT] KEYDOWN key=left code=1073741904 state=PLAYING
21:16:39 - [INPUT] KEYUP key=left code=1073741904 state=PLAYING
21:16:40 - [INPUT] KEYDOWN key=right code=1073741903 state=PLAYING
21:16:40 - [INPUT] KEYUP key=right code=1073741903 state=PLAYING
21:16:41 - [INPUT] KEYDOWN key=left code=1073741904 state=PLAYING
21:16:41 - [INPUT] KEYUP key=left code=1073741904 state=PLAYING
21:16:42 - [INPUT] KEYDOWN key=right code=1073741903 state=PLAYING
21:16:42 - [INPUT] KEYUP key=right code=1073741903 state=PLAYING
21:16:43 - [INPUT] KEYDOWN key=left code=1073741904 state=PLAYING
21:16:43 - [INPUT] KEYUP key=left code=1073741904 state=PLAYING
21:16:44 - [INPUT] KEYDOWN key=right code=1073741903 state=PLAYING
21:16:44 - [INPUT] KEYUP key=right code=1073741903 state=PLAYING
21:16:44 - [INPUT] KEYDOWN key=right code=1073741903 state=PLAYING
21:16:45 - [INPUT] KEYUP key=right code=1073741903 state=PLAYING
21:16:45 - [INPUT] KEYDOWN key=left code=1073741904 state=PLAYING
21:16:45 - [INPUT] KEYUP key=left code=1073741904 state=PLAYING
21:16:46 - [INPUT] KEYDOWN key=right code=1073741903 state=PLAYING
21:16:46 - [INPUT] KEYUP key=right code=1073741903 state=PLAYING
21:16:48 - [INPUT] KEYDOWN key=right code=1073741903 state=PLAYING
21:16:49 - [INPUT] KEYUP key=right code=1073741903 state=PLAYING
21:16:49 - [INPUT] KEYDOWN key=left code=1073741904 state=PLAYING
21:16:51 - [INPUT] KEYUP key=left code=1073741904 state=PLAYING
21:16:51 - [INPUT] KEYDOWN key=right code=1073741903 state=PLAYING
21:16:51 - [INPUT] KEYUP key=right code=1073741903 state=PLAYING
21:16:51 - [INPUT] KEYDOWN key=left code=1073741904 state=PLAYING
21:16:52 - [INPUT] KEYUP key=left code=1073741904 state=PLAYING
21:16:52 - [INPUT] KEYDOWN key=right code=1073741903 state=PLAYING
21:16:52 - [INPUT] KEYUP key=right code=1073741903 state=PLAYING
21:16:52 - [INPUT] KEYDOWN key=left code=1073741904 state=PLAYING
21:16:52 - [INPUT] KEYUP key=left code=1073741904 state=PLAYING
21:16:52 - [INPUT] KEYDOWN key=right code=1073741903 state=PLAYING
21:16:53 - [INPUT] KEYDOWN key=left code=1073741904 state=PLAYING
21:16:53 - [INPUT] KEYUP key=right code=1073741903 state=PLAYING
21:16:53 - [INPUT] KEYDOWN key=right code=1073741903 state=PLAYING
21:16:53 - [INPUT] KEYUP key=left code=1073741904 state=PLAYING
21:16:53 - [INPUT] KEYDOWN key=left code=1073741904 state=PLAYING
21:16:53 - [INPUT] KEYUP key=right code=1073741903 state=PLAYING
21:16:53 - [INPUT] KEYDOWN key=right code=1073741903 state=PLAYING
21:16:53 - [INPUT] KEYUP key=left code=1073741904 state=PLAYING
21:16:53 - [INPUT] KEYUP key=right code=1073741903 state=PLAYING
21:16:53 - [INPUT] KEYDOWN key=left code=1073741904 state=PLAYING
21:16:53 - [INPUT] KEYDOWN key=right code=1073741903 state=PLAYING
21:16:53 - [INPUT] KEYUP key=left code=1073741904 state=PLAYING
21:16:53 - [INPUT] KEYUP key=right code=1073741903 state=PLAYING
21:16:54 - [INPUT] KEYDOWN key=right code=1073741903 state=PLAYING
21:16:54 - [INPUT] KEYDOWN key=space code=32 state=PLAYING
21:16:54 - [INPUT] KEYUP key=right code=1073741903 state=PLAYING
21:16:54 - [INPUT] KEYUP key=space code=32 state=PLAYING
21:16:54 - [INPUT] KEYDOWN key=space code=32 state=PLAYING
21:16:55 - [INPUT] KEYUP key=space code=32 state=PLAYING
21:16:55 - [INPUT] KEYDOWN key=space code=32 state=PLAYING
21:16:55 - [INPUT] KEYUP key=space code=32 state=PLAYING
21:16:55 - [INPUT] KEYDOWN key=left code=1073741904 state=PLAYING
21:16:55 - [INPUT] KEYDOWN key=space code=32 state=PLAYING
21:16:55 - [INPUT] KEYUP key=left code=1073741904 state=PLAYING
21:16:55 - [INPUT] KEYUP key=space code=32 state=PLAYING
21:16:55 - [INPUT] KEYDOWN key=left code=1073741904 state=PLAYING
21:16:55 - [INPUT] KEYDOWN key=space code=32 state=PLAYING
21:16:55 - [INPUT] KEYUP key=left code=1073741904 state=PLAYING
21:16:55 - [INPUT] KEYUP key=space code=32 state=PLAYING
21:16:56 - [INPUT] KEYDOWN key=left code=1073741904 state=PLAYING
21:16:56 - [INPUT] KEYUP key=left code=1073741904 state=PLAYING
21:16:56 - [INPUT] KEYDOWN key=left code=1073741904 state=PLAYING
21:16:56 - [INPUT] KEYDOWN key=space code=32 state=PLAYING
21:16:56 - [INPUT] KEYUP key=left code=1073741904 state=PLAYING
21:16:56 - [INPUT] KEYUP key=space code=32 state=PLAYING
21:16:56 - [INPUT] KEYDOWN key=left code=1073741904 state=PLAYING
21:16:56 - [INPUT] KEYDOWN key=space code=32 state=PLAYING
21:16:56 - [INPUT] KEYUP key=left code=1073741904 state=PLAYING
21:16:56 - [INPUT] KEYUP key=space code=32 state=PLAYING
21:16:56 - [INPUT] KEYDOWN key=space code=32 state=PLAYING
21:16:57 - [INPUT] KEYUP key=space code=32 state=PLAYING
21:16:57 - [INPUT] KEYDOWN key=space code=32 state=PLAYING
21:16:57 - [INPUT] KEYUP key=space code=32 state=PLAYING
21:16:57 - [INPUT] KEYDOWN key=left code=1073741904 state=PLAYING
21:16:57 - [INPUT] KEYDOWN key=space code=32 state=PLAYING
21:16:57 - [INPUT] KEYUP key=space code=32 state=PLAYING
21:16:57 - [INPUT] KEYDOWN key=space code=32 state=PLAYING
21:16:57 - [INPUT] KEYUP key=space code=32 state=PLAYING
21:16:57 - [INPUT] KEYDOWN key=space code=32 state=PLAYING
21:16:57 - [INPUT] KEYUP key=space code=32 state=PLAYING
21:16:57 - [INPUT] KEYDOWN key=space code=32 state=PLAYING
21:16:58 - [INPUT] KEYUP key=left code=1073741904 state=PLAYING
21:16:58 - [INPUT] KEYUP key=space code=32 state=PLAYING
21:16:58 - [INPUT] KEYDOWN key=space code=32 state=PLAYING
21:16:58 - [INPUT] KEYDOWN key=right code=1073741903 state=PLAYING
21:16:58 - [INPUT] KEYUP key=space code=32 state=PLAYING
21:16:58 - [INPUT] KEYDOWN key=space code=32 state=PLAYING
21:16:58 - [INPUT] KEYUP key=right code=1073741903 state=PLAYING
21:16:58 - [INPUT] KEYUP key=space code=32 state=PLAYING
21:16:58 - [INPUT] KEYDOWN key=space code=32 state=PLAYING
21:16:59 - [INPUT] KEYUP key=space code=32 state=PLAYING
21:16:59 - [INPUT] KEYDOWN key=space code=32 state=PLAYING
21:16:59 - [INPUT] KEYUP key=space code=32 state=PLAYING
21:16:59 - [INPUT] KEYDOWN key=space code=32 state=PLAYING
21:16:59 - [INPUT] KEYDOWN key=left code=1073741904 state=PLAYING
21:16:59 - [INPUT] KEYUP key=space code=32 state=PLAYING
21:16:59 - [INPUT] KEYUP key=left code=1073741904 state=PLAYING
21:16:59 - [INPUT] KEYDOWN key=space code=32 state=PLAYING
21:16:59 - \U0001f3d4\ufe0f Cima raggiunta! Bonus +20000
21:17:00 - [INPUT] KEYUP key=space code=32 state=PLAYING
21:17:02 - [INPUT] KEYDOWN key=space code=32 state=PLAYING
21:17:02 - [INPUT] KEYUP key=space code=32 state=PLAYING
