09:42:46 - [INPUT] KEYDOWN key=return code=13 state=MENU
09:42:46 - \U0001f3ae Inizia nuova partita
09:42:46 - \U0001f504 Nuova partita iniziata!
09:42:46 - [INPUT] KEYUP key=return code=13 state=PLAYING
09:42:47 - [INPUT] KEYDOWN key=right code=1073741903 state=PLAYING
09:42:47 - [INPUT] KEYUP key=right code=1073741903 state=PLAYING
09:42:49 - [INPUT] KEYDOWN key=left code=1073741904 state=PLAYING
09:42:49 - [INPUT] KEYUP key=left code=1073741904 state=PLAYING
09:42:50 - [INPUT] KEYDOWN key=right code=1073741903 state=PLAYING
09:42:50 - [INPUT] KEYUP key=right code=1073741903 state=PLAYING
09:42:51 - [INPUT] KEYDOWN key=left code=1073741904 state=PLAYING
09:42:51 - [INPUT] KEYUP key=left code=1073741904 state=PLAYING
09:42:51 - [INPUT] KEYDOWN key=left code=1073741904 state=PLAYING
09:42:51 - [INPUT] KEYUP key=left code=1073741904 state=PLAYING
09:42:52 - [INPUT] KEYDOWN key=right code=1073741903 state=PLAYING
09:42:52 - [INPUT] KEYUP key=right code=1073741903 state=PLAYING
09:42:52 - [INPUT] KEYDOWN key=left code=1073741904 state=PLAYING
09:42:52 - [INPUT] KEYUP key=left code=1073741904 state=PLAYING
09:42:52 - [INPUT] KEYDOWN key=right code=1073741903 state=PLAYING
09:42:53 - [INPUT] KEYUP key=right code=1073741903 state=PLAYING
09:42:54 - [INPUT] KEYDOWN key=right code=1073741903 state=PLAYING
09:42:54 - [INPUT] KEYUP key=right code=1073741903 state=PLAYING
09:42:54 - [INPUT] KEYDOWN key=left code=1073741904 state=PLAYING
09:42:55 - [INPUT] KEYUP key=left code=1073741904 state=PLAYING
09:42:55 - [INPUT] KEYDOWN key=right code=1073741903 state=PLAYING
09:42:55 - [INPUT] KEYUP key=right code=1073741903 state=PLAYING
09:42:55 - [INPUT] KEYDOWN key=left code=1073741904 state=PLAYING
09:42:56 - [INPUT] KEYUP key=left code=1073741904 state=PLAYING
09:42:56 - [INPUT] KEYDOWN key=right code=1073741903 state=PLAYING
09:42:57 - [INPUT] KEYUP key=right code=1073741903 state=PLAYING
09:42:57 - [INPUT] KEYDOWN key=left code=1073741904 state=PLAYING
09:42:57 - [INPUT] KEYUP key=left code=1073741904 state=PLAYING
09:42:57 - [INPUT] KEYDOWN key=left code=1073741904 state=PLAYING
09:42:57 - [INPUT] KEYUP key=left code=1073741904 state=PLAYING
09:42:58 - [INPUT] KEYDOWN key=left code=1073741904 state=PLAYING
09:42:58 - [INPUT] KEYUP key=left code=1073741904 state=PLAYING
09:42:58 - [INPUT] KEYDOWN key=right code=1073741903 state=PLAYING
09:42:59 - [INPUT] KEYUP key=right code=1073741903 state=PLAYING
09:42:59 - [INPUT] KEYDOWN key=left code=1073741904 state=PLAYING
09:42:59 - [INPUT] KEYUP key=left code=1073741904 state=PLAYING
09:43:00 - [INPUT] KEYDOWN key=right code=1073741903 state=PLAYING
09:43:00 - [INPUT] KEYUP key=right code=1073741903 state=PLAYING
09:43:00 - [INPUT] KEYDOWN key=left code=1073741904 state=PLAYING
09:43:00 - [INPUT] KEYUP key=left code=1073741904 state=PLAYING
09:43:01 - [INPUT] KEYDOWN key=right code=1073741903 state=PLAYING
09:43:01 - [INPUT] KEYUP key=right code=1073741903 state=PLAYING
09:43:02 - [INPUT] KEYDOWN key=left code=1073741904 state=PLAYING
09:43:02 - [INPUT] KEYUP key=left code=1073741904 state=PLAYING
09:43:02 - [INPUT] KEYDOWN key=left code=1073741904 state=PLAYING
09:43:03 - [INPUT] KEYUP key=left code=1073741904 state=PLAYING
09:43:03 - [INPUT] KEYDOWN key=right code=1073741903 state=PLAYING
09:43:04 - [INPUT] KEYUP key=right code=1073741903 state=PLAYING
09:43:04 - [INPUT] KEYDOWN key=left code=1073741904 state=PLAYING
09:43:04 - [INPUT] KEYUP key=left code=1073741904 state=PLAYING
09:43:04 - [INPUT] KEYDOWN key=left code=1073741904 state=PLAYING
09:43:05 - [INPUT] KEYUP key=left code=1073741904 state=PLAYING
09:43:05 - [INPUT] KEYDOWN key=right code=1073741903 state=PLAYING
09:43:05 - [INPUT] KEYUP key=right code=1073741903 state=PLAYING
09:43:05 - [INPUT] KEYDOWN key=left code=1073741904 state=PLAYING
09:43:05 - [INPUT] KEYUP key=left code=1073741904 state=PLAYING
09:43:06 - [INPUT] KEYDOWN key=left code=1073741904 state=PLAYING
09:43:06 - [INPUT] KEYUP key=left code=1073741904 state=PLAYING
09:43:06 - [INPUT] KEYDOWN key=right code=1073741903 state=PLAYING
09:43:06 - [INPUT] KEYUP key=right code=1073741903 state=PLAYING
09:43:07 - [INPUT] KEYDOWN key=right code=1073741903 state=PLAYING
09:43:07 - [INPUT] KEYUP key=right code=1073741903 state=PLAYING
09:43:08 - [INPUT] KEYDOWN key=left code=1073741904 state=PLAYING
09:43:08 - [INPUT] KEYUP key=left code=1073741904 state=PLAYING
09:43:08 - [INPUT] KEYDOWN key=right code=1073741903 state=PLAYING
09:43:08 - [INPUT] KEYUP key=right code=1073741903 state=PLAYING
09:43:09 - [INPUT] KEYDOWN key=right code=1073741903 state=PLAYING
09:43:09 - [INPUT] KEYUP key=right code=1073741903 state=PLAYING
09:43:09 - [INPUT] KEYDOWN key=right code=1073741903 state=PLAYING
09:43:09 - [INPUT] KEYUP key=right code=1073741903 state=PLAYING
09:43:09 - [INPUT] KEYDOWN key=right code=1073741903 state=PLAYING
09:43:09 - [INPUT] KEYUP key=right code=1073741903 state=PLAYING
09:43:09 - [INPUT] KEYDOWN key=right code=1073741903 state=PLAYING
09:43:09 - [INPUT] KEYUP key=right code=1073741903 state=PLAYING
09:43:09 - [INPUT] KEYDOWN key=left code=1073741904 state=PLAYING
09:43:09 - [INPUT] KEYUP key=left code=1073741904 state=PLAYING
09:43:09 - [INPUT] KEYDOWN key=right code=1073741903 state=PLAYING
09:43:10 - [INPUT] KEYUP key=right code=1073741903 state=PLAYING
09:43:10 - [INPUT] KEYDOWN key=left code=1073741904 state=PLAYING
09:43:10 - [INPUT] KEYUP key=left code=1073741904 state=PLAYING
09:43:10 - [INPUT] KEYDOWN key=right code=1073741903 state=PLAYING
09:43:10 - [INPUT] KEYUP key=right code=1073741903 state=PLAYING
09:43:10 - [INPUT] KEYDOWN key=left code=1073741904 state=PLAYING
09:43:10 - [INPUT] KEYUP key=left code=1073741904 state=PLAYING
09:43:10 - [INPUT] KEYDOWN key=right code=1073741903 state=PLAYING
09:43:10 - [INPUT] KEYUP key=right code=1073741903 state=PLAYING
09:47:39 - [INPUT] KEYDOWN key=left code=1073741904 state=PLAYING
09:47:39 - [INPUT] KEYUP key=left code=1073741904 state=PLAYING
