09:58:16 - [INPUT] KEYDOWN key=return code=13 state=MENU
09:58:16 - \U0001f3ae Inizia nuova partita
09:58:16 - \U0001f504 Nuova partita iniziata!
09:58:16 - [INPUT] KEYUP key=return code=13 state=PLAYING
09:58:17 - [INPUT] KEYDOWN key=space code=32 state=PLAYING
09:58:17 - [INPUT] KEYUP key=space code=32 state=PLAYING
09:58:17 - [INPUT] KEYDOWN key=space code=32 state=PLAYING
09:58:17 - [INPUT] KEYUP key=space code=32 state=PLAYING
09:58:17 - [INPUT] KEYDOWN key=left code=1073741904 state=PLAYING
09:58:17 - [INPUT] KEYDOWN key=space code=32 state=PLAYING
09:58:17 - [INPUT] KEYUP key=left code=1073741904 state=PLAYING
09:58:17 - [INPUT] KEYUP key=space code=32 state=PLAYING
09:58:17 - [INPUT] KEYDOWN key=left code=1073741904 state=PLAYING
09:58:17 - [INPUT] KEYDOWN key=space code=32 state=PLAYING
09:58:17 - [INPUT] KEYUP key=left code=1073741904 state=PLAYING
09:58:17 - [INPUT] KEYUP key=space code=32 state=PLAYING
09:58:17 - [INPUT] KEYDOWN key=space code=32 state=PLAYING
09:58:18 - [INPUT] KEYUP key=space code=32 state=PLAYING
09:58:18 - [INPUT] KEYDOWN key=space code=32 state=PLAYING
09:58:18 - [INPUT] KEYUP key=space code=32 state=PLAYING
09:58:18 - [INPUT] KEYDOWN key=right code=1073741903 state=PLAYING
09:58:18 - [INPUT] KEYDOWN key=space code=32 state=PLAYING
09:58:18 - [INPUT] KEYUP key=space code=32 state=PLAYING
09:58:18 - [INPUT] KEYUP key=right code=1073741903 state=PLAYING
09:58:18 - [INPUT] KEYDOWN key=space code=32 state=PLAYING
09:58:18 - [INPUT] KEYDOWN key=right code=1073741903 state=PLAYING
09:58:18 - [INPUT] KEYUP key=space code=32 state=PLAYING
09:58:18 - [INPUT] KEYUP key=right code=1073741903 state=PLAYING
09:58:18 - [INPUT] KEYDOWN key=space code=32 state=PLAYING
09:58:18 - [INPUT] KEYDOWN key=left code=1073741904 state=PLAYING
09:58:18 - [INPUT] KEYUP key=left code=1073741904 state=PLAYING
09:58:18 - [INPUT] KEYUP key=space code=32 state=PLAYING
09:58:18 - [INPUT] KEYDOWN key=left code=1073741904 state=PLAYING
09:58:18 - [INPUT] KEYDOWN key=space code=32 state=PLAYING
09:58:19 - [INPUT] KEYUP key=left code=1073741904 state=PLAYING
09:58:19 - [INPUT] KEYUP key=space code=32 state=PLAYING
09:58:19 - [INPUT] KEYDOWN key=right code=1073741903 state=PLAYING
09:58:19 - [INPUT] KEYDOWN key=space code=32 state=PLAYING
09:58:19 - [INPUT] KEYUP key=right code=1073741903 state=PLAYING
09:58:19 - [INPUT] KEYUP key=space code=32 state=PLAYING
09:58:19 - [INPUT] KEYDOWN key=space code=32 state=PLAYING
09:58:19 - [INPUT] KEYUP key=space code=32 state=PLAYING
09:58:19 - [INPUT] KEYDOWN key=left code=1073741904 state=PLAYING
09:58:19 - [INPUT] KEYDOWN key=space code=32 state=PLAYING
09:58:19 - [INPUT] KEYUP key=left code=1073741904 state=PLAYING
09:58:19 - [INPUT] KEYUP key=space code=32 state=PLAYING
09:58:19 - [INPUT] KEYDOWN key=left code=1073741904 state=PLAYING
09:58:19 - [INPUT] KEYDOWN key=space code=32 state=PLAYING
09:58:19 - [INPUT] KEYUP key=left code=1073741904 state=PLAYING
09:58:19 - [INPUT] KEYUP key=space code=32 state=PLAYING
09:58:20 - [INPUT] KEYDOWN key=space code=32 state=PLAYING
09:58:20 - [INPUT] KEYDOWN key=left code=1073741904 state=PLAYING
09:58:20 - [INPUT] KEYUP key=left code=1073741904 state=PLAYING
09:58:20 - [INPUT] KEYUP key=space code=32 state=PLAYING
09:58:20 - [INPUT] KEYDOWN key=right code=1073741903 state=PLAYING
09:58:20 - [INPUT] KEYDOWN key=space code=32 state=PLAYING
09:58:20 - [INPUT] KEYUP key=right code=1073741903 state=PLAYING
09:58:20 - [INPUT] KEYUP key=space code=32 state=PLAYING
09:58:20 - [INPUT] KEYDOWN key=right code=1073741903 state=PLAYING
09:58:20 - [INPUT] KEYDOWN key=space code=32 state=PLAYING
09:58:20 - [INPUT] KEYUP key=right code=1073741903 state=PLAYING
09:58:20 - [INPUT] KEYUP key=space code=32 state=PLAYING
09:58:20 - [INPUT] KEYDOWN key=space code=32 state=PLAYING
09:58:20 - [INPUT] KEYDOWN key=right code=1073741903 state=PLAYING
09:58:20 - [INPUT] KEYUP key=right code=1073741903 state=PLAYING
09:58:20 - [INPUT] KEYUP key=space code=32 state=PLAYING
09:58:20 - [INPUT] KEYDOWN key=left code=1073741904 state=PLAYING
09:58:20 - [INPUT] KEYDOWN key=space code=32 state=PLAYING
09:58:20 - [INPUT] KEYUP key=left code=1073741904 state=PLAYING
09:58:20 - [INPUT] KEYDOWN key=left code=1073741904 state=PLAYING
09:58:21 - [INPUT] KEYUP key=space code=32 state=PLAYING
09:58:21 - [INPUT] KEYUP key=left code=1073741904 state=PLAYING
09:58:21 - [INPUT] KEYDOWN key=right code=1073741903 state=PLAYING
09:58:21 - [INPUT] KEYDOWN key=space code=32 state=PLAYING
09:58:21 - [INPUT] KEYUP key=right code=1073741903 state=PLAYING
09:58:21 - [INPUT] KEYUP key=space code=32 state=PLAYING
09:58:21 - [INPUT] KEYDOWN key=space code=32 state=PLAYING
09:58:21 - [INPUT] KEYDOWN key=right code=1073741903 state=PLAYING
09:58:21 - [INPUT] KEYUP key=right code=1073741903 state=PLAYING
09:58:21 - [INPUT] KEYUP key=space code=32 state=PLAYING
09:58:21 - [INPUT] KEYDOWN key=right code=1073741903 state=PLAYING
09:58:21 - [INPUT] KEYDOWN key=space code=32 state=PLAYING
09:58:21 - [INPUT] KEYUP key=right code=1073741903 state=PLAYING
09:58:21 - [INPUT] KEYUP key=space code=32 state=PLAYING
09:58:21 - [INPUT] KEYDOWN key=left code=1073741904 state=PLAYING
09:58:21 - [INPUT] KEYDOWN key=space code=32 state=PLAYING
09:58:21 - [INPUT] KEYUP key=left code=1073741904 state=PLAYING
09:58:21 - [INPUT] KEYUP key=space code=32 state=PLAYING
09:58:21 - [INPUT] KEYDOWN key=left code=1073741904 state=PLAYING
09:58:22 - [INPUT] KEYUP key=left code=1073741904 state=PLAYING
09:58:22 - [INPUT] KEYDOWN key=space code=32 state=PLAYING
09:58:22 - [INPUT] KEYDOWN key=right code=1073741903 state=PLAYING
09:58:22 - [INPUT] KEYUP key=space code=32 state=PLAYING
09:58:22 - [INPUT] KEYUP key=right code=1073741903 state=PLAYING
09:58:22 - [INPUT] KEYDOWN key=space code=32 state=PLAYING
09:58:22 - [INPUT] KEYUP key=space code=32 state=PLAYING
09:58:22 - [INPUT] KEYDOWN key=left code=1073741904 state=PLAYING
09:58:22 - [INPUT] KEYDOWN key=space code=32 state=PLAYING
09:58:22 - [INPUT] KEYUP key=left code=1073741904 state=PLAYING
09:58:22 - [INPUT] KEYUP key=space code=32 state=PLAYING
09:58:22 - [INPUT] KEYDOWN key=left code=1073741904 state=PLAYING
09:58:22 - [INPUT] KEYUP key=left code=1073741904 state=PLAYING
09:58:22 - [INPUT] KEYDOWN key=space code=32 state=PLAYING
09:58:22 - [INPUT] KEYDOWN key=left code=1073741904 state=PLAYING
09:58:22 - [INPUT] KEYUP key=space code=32 state=PLAYING
09:58:22 - [INPUT] KEYUP key=left code=1073741904 state=PLAYING
09:58:22 - [INPUT] KEYDOWN key=space code=32 state=PLAYING
09:58:22 - [INPUT] KEYDOWN key=right code=1073741903 state=PLAYING
09:58:23 - [INPUT] KEYUP key=space code=32 state=PLAYING
09:58:23 - [INPUT] KEYUP key=right code=1073741903 state=PLAYING
09:58:23 - [INPUT] KEYDOWN key=right code=1073741903 state=PLAYING
09:58:23 - [INPUT] KEYDOWN key=space code=32 state=PLAYING
09:58:23 - [INPUT] KEYUP key=right code=1073741903 state=PLAYING
09:58:23 - [INPUT] KEYUP key=space code=32 state=PLAYING
09:58:23 - [INPUT] KEYDOWN key=space code=32 state=PLAYING
09:58:23 - [INPUT] KEYDOWN key=right code=1073741903 state=PLAYING
09:58:23 - [INPUT] KEYUP key=right code=1073741903 state=PLAYING
09:58:23 - [INPUT] KEYDOWN key=left code=1073741904 state=PLAYING
09:58:23 - [INPUT] KEYUP key=space code=32 state=PLAYING
09:58:23 - [INPUT] KEYUP key=left code=1073741904 state=PLAYING
09:58:23 - [INPUT] KEYDOWN key=space code=32 state=PLAYING
09:58:23 - [INPUT] KEYDOWN key=left code=1073741904 state=PLAYING
09:58:23 - [INPUT] KEYUP key=left code=1073741904 state=PLAYING
09:58:23 - [INPUT] KEYUP key=space code=32 state=PLAYING
09:58:23 - [INPUT] KEYDOWN key=space code=32 state=PLAYING
09:58:23 - [INPUT] KEYDOWN key=left code=1073741904 state=PLAYING
09:58:23 - [INPUT] KEYUP key=left code=1073741904 state=PLAYING
09:58:23 - [INPUT] KEYUP key=space code=32 state=PLAYING
09:58:24 - [INPUT] KEYDOWN key=right code=1073741903 state=PLAYING
09:58:24 - [INPUT] KEYUP key=right code=1073741903 state=PLAYING
09:58:24 - [INPUT] KEYDOWN key=space code=32 state=PLAYING
09:58:24 - [INPUT] KEYUP key=space code=32 state=PLAYING
09:58:24 - [INPUT] KEYDOWN key=left code=1073741904 state=PLAYING
09:58:24 - [INPUT] KEYDOWN key=space code=32 state=PLAYING
09:58:24 - [INPUT] KEYUP key=space code=32 state=PLAYING
09:58:24 - [INPUT] KEYDOWN key=space code=32 state=PLAYING
09:58:24 - [INPUT] KEYUP key=left code=1073741904 state=PLAYING
09:58:24 - [INPUT] KEYDOWN key=left code=1073741904 state=PLAYING
09:58:24 - [INPUT] KEYUP key=space code=32 state=PLAYING
09:58:25 - [INPUT] KEYDOWN key=space code=32 state=PLAYING
09:58:25 - [INPUT] KEYUP key=left code=1073741904 state=PLAYING
09:58:25 - [INPUT] KEYUP key=space code=32 state=PLAYING
09:58:25 - [INPUT] KEYDOWN key=left code=1073741904 state=PLAYING
09:58:25 - [INPUT] KEYDOWN key=space code=32 state=PLAYING
09:58:25 - [INPUT] KEYUP key=left code=1073741904 state=PLAYING
09:58:25 - [INPUT] KEYUP key=space code=32 state=PLAYING
09:58:25 - [INPUT] KEYDOWN key=space code=32 state=PLAYING
09:58:25 - [INPUT] KEYDOWN key=left code=1073741904 state=PLAYING
09:58:25 - [INPUT] KEYUP key=space code=32 state=PLAYING
09:58:25 - [INPUT] KEYUP key=left code=1073741904 state=PLAYING
09:58:25 - [INPUT] KEYDOWN key=right code=1073741903 state=PLAYING
09:58:26 - [INPUT] KEYUP key=right code=1073741903 state=PLAYING
09:58:26 - [INPUT] KEYDOWN key=space code=32 state=PLAYING
09:58:26 - [INPUT] KEYDOWN key=left code=1073741904 state=PLAYING
09:58:26 - [INPUT] KEYUP key=space code=32 state=PLAYING
09:58:26 - [INPUT] KEYUP key=left code=1073741904 state=PLAYING
09:58:26 - [INPUT] KEYDOWN key=space code=32 state=PLAYING
09:58:26 - [INPUT] KEYUP key=space code=32 state=PLAYING
09:58:26 - [INPUT] KEYDOWN key=space code=32 state=PLAYING
09:58:27 - [INPUT] KEYUP key=space code=32 state=PLAYING
09:58:27 - [INPUT] KEYDOWN key=space code=32 state=PLAYING
09:58:27 - [INPUT] KEYUP key=space code=32 state=PLAYING
09:58:33 - [INPUT] KEYDOWN key=space code=32 state=PLAYING
09:58:33 - [INPUT] KEYUP key=space code=32 state=PLAYING
09:58:33 - [INPUT] KEYDOWN key=space code=32 state=PLAYING
09:58:33 - [INPUT] KEYUP key=space code=32 state=PLAYING
09:58:33 - [INPUT] KEYDOWN key=space code=32 state=PLAYING
09:58:33 - [INPUT] KEYUP key=space code=32 state=PLAYING
09:58:33 - [INPUT] KEYDOWN key=space code=32 state=PLAYING
09:58:33 - [INPUT] KEYUP key=space code=32 state=PLAYING
09:58:33 - [INPUT] KEYDOWN key=space code=32 state=PLAYING
09:58:34 - [INPUT] KEYUP key=space code=32 state=PLAYING
09:58:34 - [INPUT] KEYDOWN key=space code=32 state=PLAYING
09:58:34 - [INPUT] KEYUP key=space code=32 state=PLAYING
09:58:34 - [INPUT] KEYDOWN key=space code=32 state=PLAYING
09:58:34 - [INPUT] KEYUP key=space code=32 state=PLAYING
09:58:34 - [INPUT] KEYDOWN key=space code=32 state=PLAYING
09:58:34 - [INPUT] KEYUP key=space code=32 state=PLAYING
09:58:34 - [INPUT] KEYDOWN key=space code=32 state=PLAYING
09:58:34 - [INPUT] KEYUP key=space code=32 state=PLAYING
09:58:34 - [INPUT] KEYDOWN key=space code=32 state=PLAYING
09:58:35 - [INPUT] KEYUP key=space code=32 state=PLAYING
09:58:35 - [INPUT] KEYDOWN key=space code=32 state=PLAYING
09:58:35 - [INPUT] KEYUP key=space code=32 state=PLAYING
09:58:35 - [INPUT] KEYDOWN key=space code=32 state=PLAYING
09:58:35 - [INPUT] KEYUP key=space code=32 state=PLAYING
09:58:35 - [INPUT] KEYDOWN key=space code=32 state=PLAYING
09:58:35 - [INPUT] KEYUP key=space code=32 state=PLAYING
09:58:35 - [INPUT] KEYDOWN key=space code=32 state=PLAYING
09:58:35 - [INPUT] KEYUP key=space code=32 state=PLAYING
09:58:36 - [INPUT] KEYDOWN key=space code=32 state=PLAYING
09:58:36 - [INPUT] KEYUP key=space code=32 state=PLAYING
09:58:36 - [INPUT] KEYDOWN key=space code=32 state=PLAYING
09:58:36 - [INPUT] KEYUP key=space code=32 state=PLAYING
09:58:36 - [INPUT] KEYDOWN key=space code=32 state=PLAYING
09:58:36 - [INPUT] KEYUP key=space code=32 state=PLAYING
09:58:36 - [INPUT] KEYDOWN key=space code=32 state=PLAYING
09:58:36 - [INPUT] KEYUP key=space code=32 state=PLAYING
09:58:36 - [INPUT] KEYDOWN key=space code=32 state=PLAYING
09:58:36 - [INPUT] KEYUP key=space code=32 state=PLAYING
09:58:36 - [INPUT] KEYDOWN key=space code=32 state=PLAYING
09:58:36 - [INPUT] KEYUP key=space code=32 state=PLAYING
09:58:37 - [INPUT] KEYDOWN key=space code=32 state=PLAYING
09:58:37 - [INPUT] KEYUP key=space code=32 state=PLAYING
09:58:37 - [INPUT] KEYDOWN key=space code=32 state=PLAYING
09:58:37 - [INPUT] KEYUP key=space code=32 state=PLAYING
09:58:37 - [INPUT] KEYDOWN key=space code=32 state=PLAYING
09:58:37 - [INPUT] KEYUP key=space code=32 state=PLAYING
09:58:37 - [INPUT] KEYDOWN key=space code=32 state=PLAYING
09:58:37 - [INPUT] KEYUP key=space code=32 state=PLAYING
09:58:37 - [INPUT] KEYDOWN key=space code=32 state=PLAYING
09:58:37 - [INPUT] KEYUP key=space code=32 state=PLAYING
09:58:37 - [INPUT] KEYDOWN key=space code=32 state=PLAYING
09:58:37 - [INPUT] KEYUP key=space code=32 state=PLAYING
09:58:37 - [INPUT] KEYDOWN key=space code=32 state=PLAYING
09:58:38 - [INPUT] KEYUP key=space code=32 state=PLAYING
09:58:38 - [INPUT] KEYDOWN key=space code=32 state=PLAYING
09:58:38 - [INPUT] KEYUP key=space code=32 state=PLAYING
09:58:38 - [INPUT] KEYDOWN key=space code=32 state=PLAYING
09:58:38 - [INPUT] KEYUP key=space code=32 state=PLAYING
09:58:38 - [INPUT] KEYDOWN key=space code=32 state=PLAYING
09:58:38 - [INPUT] KEYUP key=space code=32 state=PLAYING
09:58:38 - [INPUT] KEYDOWN key=space code=32 state=PLAYING
09:58:38 - [INPUT] KEYUP key=space code=32 state=PLAYING
09:58:38 - [INPUT] KEYDOWN key=space code=32 state=PLAYING
09:58:38 - [INPUT] KEYUP key=space code=32 state=PLAYING
09:58:38 - [INPUT] KEYDOWN key=space code=32 state=PLAYING
09:58:39 - [INPUT] KEYUP key=space code=32 state=PLAYING
09:58:39 - [INPUT] KEYDOWN key=space code=32 state=PLAYING
09:58:39 - [INPUT] KEYUP key=space code=32 state=PLAYING
09:58:39 - [INPUT] KEYDOWN key=space code=32 state=PLAYING
09:58:39 - [INPUT] KEYUP key=space code=32 state=PLAYING
09:58:39 - [INPUT] KEYDOWN key=space code=32 state=PLAYING
09:58:39 - [INPUT] KEYUP key=space code=32 state=PLAYING
09:58:39 - [INPUT] KEYDOWN key=space code=32 state=PLAYING
09:58:39 - [INPUT] KEYUP key=space code=32 state=PLAYING
09:58:39 - [INPUT] KEYDOWN key=space code=32 state=PLAYING
09:58:39 - [INPUT] KEYUP key=space code=32 state=PLAYING
09:58:39 - [INPUT] KEYDOWN key=space code=32 state=PLAYING
09:58:40 - [INPUT] KEYUP key=space code=32 state=PLAYING
09:58:40 - [INPUT] KEYDOWN key=space code=32 state=PLAYING
09:58:40 - [INPUT] KEYUP key=space code=32 state=PLAYING
09:58:40 - [INPUT] KEYDOWN key=space code=32 state=PLAYING
09:58:40 - [INPUT] KEYUP key=space code=32 state=PLAYING
09:58:40 - [INPUT] KEYDOWN key=space code=32 state=PLAYING
09:58:40 - [INPUT] KEYUP key=space code=32 state=PLAYING
09:58:40 - [INPUT] KEYDOWN key=space code=32 state=PLAYING
09:58:40 - [INPUT] KEYUP key=space code=32 state=PLAYING
09:58:40 - [INPUT] KEYDOWN key=space code=32 state=PLAYING
09:58:40 - [INPUT] KEYUP key=space code=32 state=PLAYING
09:58:40 - [INPUT] KEYDOWN key=space code=32 state=PLAYING
09:58:41 - [INPUT] KEYUP key=space code=32 state=PLAYING
09:58:41 - [INPUT] KEYDOWN key=space code=32 state=PLAYING
09:58:41 - [INPUT] KEYUP key=space code=32 state=PLAYING
09:58:41 - [INPUT] KEYDOWN key=space code=32 state=PLAYING
09:58:41 - [INPUT] KEYUP key=space code=32 state=PLAYING
09:58:41 - [INPUT] KEYDOWN key=space code=32 state=PLAYING
09:58:41 - [INPUT] KEYUP key=space code=32 state=PLAYING
09:58:41 - [INPUT] KEYDOWN key=space code=32 state=PLAYING
09:58:41 - [INPUT] KEYUP key=space code=32 state=PLAYING
09:58:41 - [INPUT] KEYDOWN key=space code=32 state=PLAYING
09:58:41 - [INPUT] KEYUP key=space code=32 state=PLAYING
09:58:41 - [INPUT] KEYDOWN key=space code=32 state=PLAYING
09:58:41 - [INPUT] KEYUP key=space code=32 state=PLAYING
09:58:42 - [INPUT] KEYDOWN key=space code=32 state=PLAYING
09:58:42 - [INPUT] KEYUP key=space code=32 state=PLAYING
09:58:42 - [INPUT] KEYDOWN key=space code=32 state=PLAYING
09:58:42 - [INPUT] KEYUP key=space code=32 state=PLAYING
09:58:42 - [INPUT] KEYDOWN key=space code=32 state=PLAYING
09:58:42 - [INPUT] KEYUP key=space code=32 state=PLAYING
09:58:42 - [INPUT] KEYDOWN key=space code=32 state=PLAYING
09:58:42 - [INPUT] KEYUP key=space code=32 state=PLAYING
09:58:42 - [INPUT] KEYDOWN key=space code=32 state=PLAYING
09:58:42 - [INPUT] KEYUP key=space code=32 state=PLAYING
09:58:42 - [INPUT] KEYDOWN key=space code=32 state=PLAYING
09:58:43 - [INPUT] KEYUP key=space code=32 state=PLAYING
09:58:43 - [INPUT] KEYDOWN key=space code=32 state=PLAYING
09:58:43 - [INPUT] KEYUP key=space code=32 state=PLAYING
09:58:44 - [INPUT] KEYDOWN key=space code=32 state=PLAYING
09:58:44 - [INPUT] KEYUP key=space code=32 state=PLAYING
09:58:44 - [INPUT] KEYDOWN key=space code=32 state=PLAYING
09:58:45 - [INPUT] KEYUP key=space code=32 state=PLAYING
09:58:45 - [INPUT] KEYDOWN key=space code=32 state=PLAYING
09:58:45 - [INPUT] KEYUP key=space code=32 state=PLAYING
09:58:45 - [INPUT] KEYDOWN key=space code=32 state=PLAYING
09:58:45 - [INPUT] KEYUP key=space code=32 state=PLAYING
09:58:45 - [INPUT] KEYDOWN key=space code=32 state=PLAYING
09:58:45 - [INPUT] KEYUP key=space code=32 state=PLAYING
09:58:45 - [INPUT] KEYDOWN key=space code=32 state=PLAYING
09:58:45 - [INPUT] KEYUP key=space code=32 state=PLAYING
09:58:46 - [INPUT] KEYDOWN key=space code=32 state=PLAYING
09:58:46 - [INPUT] KEYUP key=space code=32 state=PLAYING
09:58:46 - [INPUT] KEYDOWN key=left code=1073741904 state=PLAYING
09:58:46 - [INPUT] KEYUP key=left code=1073741904 state=PLAYING
09:58:46 - [INPUT] KEYDOWN key=space code=32 state=PLAYING
09:58:46 - [INPUT] KEYDOWN key=left code=1073741904 state=PLAYING
09:58:46 - [INPUT] KEYUP key=space code=32 state=PLAYING
09:58:46 - [INPUT] KEYUP key=left code=1073741904 state=PLAYING
09:58:46 - [INPUT] KEYDOWN key=space code=32 state=PLAYING
09:58:46 - [INPUT] KEYDOWN key=right code=1073741903 state=PLAYING
09:58:46 - [INPUT] KEYUP key=space code=32 state=PLAYING
09:58:47 - [INPUT] KEYUP key=right code=1073741903 state=PLAYING
09:58:47 - [INPUT] KEYDOWN key=space code=32 state=PLAYING
09:58:47 - [INPUT] KEYUP key=space code=32 state=PLAYING
09:58:48 - [INPUT] KEYDOWN key=right code=1073741903 state=PLAYING
09:58:48 - [INPUT] KEYDOWN key=space code=32 state=PLAYING
09:58:48 - [INPUT] KEYDOWN key=up code=1073741906 state=PLAYING
09:58:48 - [INPUT] KEYUP key=space code=32 state=PLAYING
09:58:49 - [INPUT] KEYUP key=up code=1073741906 state=PLAYING
09:58:49 - [INPUT] KEYUP key=right code=1073741903 state=PLAYING
09:58:49 - [INPUT] KEYDOWN key=left code=1073741904 state=PLAYING
09:58:49 - [INPUT] KEYUP key=left code=1073741904 state=PLAYING
09:58:49 - [INPUT] KEYDOWN key=right code=1073741903 state=PLAYING
09:58:49 - [INPUT] KEYUP key=right code=1073741903 state=PLAYING
09:58:50 - [INPUT] KEYDOWN key=left code=1073741904 state=PLAYING
09:58:50 - [INPUT] KEYUP key=left code=1073741904 state=PLAYING
09:58:50 - [INPUT] KEYDOWN key=space code=32 state=PLAYING
09:58:51 - [INPUT] KEYUP key=space code=32 state=PLAYING
09:58:51 - [INPUT] KEYDOWN key=right code=1073741903 state=PLAYING
09:58:51 - [INPUT] KEYUP key=right code=1073741903 state=PLAYING
09:58:51 - [INPUT] KEYDOWN key=space code=32 state=PLAYING
09:58:51 - [INPUT] KEYUP key=space code=32 state=PLAYING
09:58:51 - [INPUT] KEYDOWN key=space code=32 state=PLAYING
09:58:51 - [INPUT] KEYDOWN key=left code=1073741904 state=PLAYING
09:58:51 - [INPUT] KEYUP key=space code=32 state=PLAYING
09:58:52 - [INPUT] KEYUP key=left code=1073741904 state=PLAYING
09:58:52 - [INPUT] KEYDOWN key=space code=32 state=PLAYING
09:58:52 - [INPUT] KEYUP key=space code=32 state=PLAYING
09:58:52 - [INPUT] KEYDOWN key=right code=1073741903 state=PLAYING
09:58:52 - [INPUT] KEYUP key=right code=1073741903 state=PLAYING
09:58:53 - [INPUT] KEYDOWN key=right code=1073741903 state=PLAYING
09:58:53 - [INPUT] KEYUP key=right code=1073741903 state=PLAYING
09:58:54 - [INPUT] KEYDOWN key=left code=1073741904 state=PLAYING
09:58:54 - [INPUT] KEYUP key=left code=1073741904 state=PLAYING
09:58:55 - [INPUT] KEYDOWN key=right code=1073741903 state=PLAYING
09:58:55 - [INPUT] KEYUP key=right code=1073741903 state=PLAYING
09:58:55 - [INPUT] KEYDOWN key=left code=1073741904 state=PLAYING
09:58:55 - [INPUT] KEYUP key=left code=1073741904 state=PLAYING
09:58:55 - [INPUT] KEYDOWN key=right code=1073741903 state=PLAYING
09:58:56 - [INPUT] KEYUP key=right code=1073741903 state=PLAYING
09:58:57 - [INPUT] KEYDOWN key=left code=1073741904 state=PLAYING
09:58:57 - [INPUT] KEYDOWN key=space code=32 state=PLAYING
09:58:57 - [INPUT] KEYUP key=space code=32 state=PLAYING
09:58:57 - [INPUT] KEYDOWN key=space code=32 state=PLAYING
09:58:57 - [INPUT] KEYUP key=left code=1073741904 state=PLAYING
09:58:57 - [INPUT] KEYUP key=space code=32 state=PLAYING
09:58:57 - [INPUT] KEYDOWN key=right code=1073741903 state=PLAYING
09:58:57 - [INPUT] KEYDOWN key=space code=32 state=PLAYING
09:58:57 - [INPUT] KEYUP key=space code=32 state=PLAYING
09:58:57 - [INPUT] KEYUP key=right code=1073741903 state=PLAYING
