11:07:44 - [INPUT] KEYDOWN key=return code=13 state=MENU
11:07:44 - \U0001f3ae Inizia nuova partita
11:07:44 - \U0001f504 Nuova partita iniziata!
11:07:45 - [INPUT] KEYUP key=return code=13 state=PLAYING
11:07:45 - [INPUT] KEYDOWN key=space code=32 state=PLAYING
11:07:45 - [INPUT] KEYUP key=space code=32 state=PLAYING
11:07:45 - [INPUT] KEYDOWN key=space code=32 state=PLAYING
11:07:45 - [INPUT] KEYUP key=space code=32 state=PLAYING
11:07:45 - [INPUT] KEYDOWN key=left code=1073741904 state=PLAYING
11:07:46 - [INPUT] KEYDOWN key=space code=32 state=PLAYING
11:07:46 - [INPUT] KEYUP key=left code=1073741904 state=PLAYING
11:07:46 - [INPUT] KEYUP key=space code=32 state=PLAYING
11:07:46 - [INPUT] KEYDOWN key=right code=1073741903 state=PLAYING
11:07:47 - [INPUT] KEYDOWN key=space code=32 state=PLAYING
11:07:47 - [INPUT] KEYUP key=right code=1073741903 state=PLAYING
11:07:47 - [INPUT] KEYUP key=space code=32 state=PLAYING
11:07:47 - [INPUT] KEYDOWN key=left code=1073741904 state=PLAYING
11:07:47 - [INPUT] KEYDOWN key=space code=32 state=PLAYING
11:07:47 - [INPUT] KEYUP key=space code=32 state=PLAYING
11:07:47 - [INPUT] KEYUP key=left code=1073741904 state=PLAYING
11:07:47 - [INPUT] KEYDOWN key=left code=1073741904 state=PLAYING
11:07:47 - [INPUT] KEYDOWN key=space code=32 state=PLAYING
11:07:47 - [INPUT] KEYUP key=space code=32 state=PLAYING
11:07:47 - [INPUT] KEYDOWN key=space code=32 state=PLAYING
11:07:47 - [INPUT] KEYUP key=left code=1073741904 state=PLAYING
11:07:47 - [INPUT] KEYUP key=space code=32 state=PLAYING
11:07:48 - [INPUT] KEYDOWN key=right code=1073741903 state=PLAYING
11:07:48 - [INPUT] KEYDOWN key=space code=32 state=PLAYING
11:07:48 - [INPUT] KEYUP key=space code=32 state=PLAYING
11:07:48 - [INPUT] KEYDOWN key=space code=32 state=PLAYING
11:07:48 - [INPUT] KEYUP key=right code=1073741903 state=PLAYING
11:07:48 - [INPUT] KEYUP key=space code=32 state=PLAYING
11:07:48 - [INPUT] KEYDOWN key=left code=1073741904 state=PLAYING
11:07:48 - [INPUT] KEYUP key=left code=1073741904 state=PLAYING
11:07:48 - [INPUT] KEYDOWN key=space code=32 state=PLAYING
11:07:48 - [INPUT] KEYUP key=space code=32 state=PLAYING
11:07:48 - [INPUT] KEYDOWN key=left code=1073741904 state=PLAYING
11:07:48 - [INPUT] KEYDOWN key=space code=32 state=PLAYING
11:07:49 - [INPUT] KEYUP key=space code=32 state=PLAYING
11:07:49 - [INPUT] KEYUP key=left code=1073741904 state=PLAYING
11:07:49 - [INPUT] KEYDOWN key=space code=32 state=PLAYING
11:07:49 - [INPUT] KEYUP key=space code=32 state=PLAYING
11:07:49 - [INPUT] KEYDOWN key=right code=1073741903 state=PLAYING
11:07:49 - [INPUT] KEYDOWN key=space code=32 state=PLAYING
11:07:49 - [INPUT] KEYUP key=right code=1073741903 state=PLAYING
11:07:49 - [INPUT] KEYUP key=space code=32 state=PLAYING
11:07:50 - [INPUT] KEYDOWN key=left code=1073741904 state=PLAYING
11:07:50 - [INPUT] KEYUP key=left code=1073741904 state=PLAYING
11:07:50 - [INPUT] KEYDOWN key=right code=1073741903 state=PLAYING
11:07:50 - [INPUT] KEYUP key=right code=1073741903 state=PLAYING
11:07:51 - [INPUT] KEYDOWN key=space code=32 state=PLAYING
11:07:51 - [INPUT] KEYDOWN key=left code=1073741904 state=PLAYING
11:07:51 - [INPUT] KEYUP key=space code=32 state=PLAYING
11:07:51 - [INPUT] KEYUP key=left code=1073741904 state=PLAYING
11:07:51 - [INPUT] KEYDOWN key=space code=32 state=PLAYING
11:07:51 - [INPUT] KEYUP key=space code=32 state=PLAYING
11:07:51 - [INPUT] KEYDOWN key=space code=32 state=PLAYING
11:07:51 - [INPUT] KEYUP key=space code=32 state=PLAYING
11:07:52 - [INPUT] KEYDOWN key=space code=32 state=PLAYING
11:07:52 - [INPUT] KEYDOWN key=left code=1073741904 state=PLAYING
11:07:52 - [INPUT] KEYUP key=space code=32 state=PLAYING
11:07:52 - [INPUT] KEYUP key=left code=1073741904 state=PLAYING
11:07:52 - [INPUT] KEYDOWN key=space code=32 state=PLAYING
11:07:52 - [INPUT] KEYDOWN key=right code=1073741903 state=PLAYING
11:07:52 - [INPUT] KEYUP key=space code=32 state=PLAYING
11:07:52 - [INPUT] KEYDOWN key=space code=32 state=PLAYING
11:07:52 - [INPUT] KEYUP key=space code=32 state=PLAYING
11:07:52 - [INPUT] KEYUP key=right code=1073741903 state=PLAYING
11:07:52 - [INPUT] KEYDOWN key=space code=32 state=PLAYING
11:07:52 - [INPUT] KEYDOWN key=right code=1073741903 state=PLAYING
11:07:53 - [INPUT] KEYUP key=space code=32 state=PLAYING
11:07:53 - [INPUT] KEYDOWN key=space code=32 state=PLAYING
11:07:53 - [INPUT] KEYUP key=space code=32 state=PLAYING
11:07:53 - [INPUT] KEYUP key=right code=1073741903 state=PLAYING
11:07:53 - [INPUT] KEYDOWN key=left code=1073741904 state=PLAYING
11:07:54 - [INPUT] KEYDOWN key=space code=32 state=PLAYING
11:07:54 - [INPUT] KEYUP key=space code=32 state=PLAYING
11:07:54 - [INPUT] KEYUP key=left code=1073741904 state=PLAYING
11:07:54 - [INPUT] KEYDOWN key=right code=1073741903 state=PLAYING
11:07:54 - [INPUT] KEYUP key=right code=1073741903 state=PLAYING
11:07:56 - [INPUT] KEYDOWN key=right code=1073741903 state=PLAYING
11:07:56 - [INPUT] KEYDOWN key=space code=32 state=PLAYING
11:07:56 - [INPUT] KEYUP key=space code=32 state=PLAYING
11:07:56 - [INPUT] KEYDOWN key=space code=32 state=PLAYING
11:07:56 - [INPUT] KEYUP key=right code=1073741903 state=PLAYING
11:07:56 - [INPUT] KEYUP key=space code=32 state=PLAYING
11:07:57 - [INPUT] KEYDOWN key=left code=1073741904 state=PLAYING
11:07:57 - [INPUT] KEYUP key=left code=1073741904 state=PLAYING
11:07:57 - [INPUT] KEYDOWN key=right code=1073741903 state=PLAYING
11:07:57 - [INPUT] KEYUP key=right code=1073741903 state=PLAYING
11:07:57 - [INPUT] KEYDOWN key=space code=32 state=PLAYING
11:07:57 - [INPUT] KEYUP key=space code=32 state=PLAYING
11:07:58 - [INPUT] KEYDOWN key=space code=32 state=PLAYING
11:07:58 - [INPUT] KEYUP key=space code=32 state=PLAYING
11:07:59 - [INPUT] KEYDOWN key=space code=32 state=PLAYING
11:07:59 - [INPUT] KEYUP key=space code=32 state=PLAYING
11:07:59 - [INPUT] KEYDOWN key=space code=32 state=PLAYING
11:07:59 - [INPUT] KEYUP key=space code=32 state=PLAYING
11:07:59 - [INPUT] KEYDOWN key=space code=32 state=PLAYING
11:07:59 - [INPUT] KEYDOWN key=left code=1073741904 state=PLAYING
11:07:59 - [INPUT] KEYUP key=space code=32 state=PLAYING
11:07:59 - [INPUT] KEYDOWN key=space code=32 state=PLAYING
11:08:00 - [INPUT] KEYUP key=space code=32 state=PLAYING
11:08:00 - [INPUT] KEYUP key=left code=1073741904 state=PLAYING
11:08:00 - [INPUT] KEYDOWN key=left code=1073741904 state=PLAYING
11:08:00 - [INPUT] KEYDOWN key=space code=32 state=PLAYING
11:08:00 - [INPUT] KEYUP key=left code=1073741904 state=PLAYING
11:08:00 - [INPUT] KEYDOWN key=left code=1073741904 state=PLAYING
11:08:00 - [INPUT] KEYUP key=space code=32 state=PLAYING
11:08:00 - [INPUT] KEYDOWN key=space code=32 state=PLAYING
11:08:00 - [INPUT] KEYUP key=left code=1073741904 state=PLAYING
11:08:00 - [INPUT] KEYUP key=space code=32 state=PLAYING
11:08:01 - [INPUT] KEYDOWN key=right code=1073741903 state=PLAYING
11:08:01 - [INPUT] KEYDOWN key=space code=32 state=PLAYING
11:08:01 - [INPUT] KEYUP key=space code=32 state=PLAYING
11:08:01 - [INPUT] KEYUP key=right code=1073741903 state=PLAYING
11:08:01 - [INPUT] KEYDOWN key=left code=1073741904 state=PLAYING
11:08:02 - [INPUT] KEYDOWN key=space code=32 state=PLAYING
11:08:02 - [INPUT] KEYUP key=space code=32 state=PLAYING
11:08:02 - [INPUT] KEYUP key=left code=1073741904 state=PLAYING
