09:52:14 - [INPUT] KEYDOWN key=return code=13 state=MENU
09:52:14 - \U0001f3ae Inizia nuova partita
09:52:14 - \U0001f504 Nuova partita iniziata!
09:52:14 - [INPUT] KEYUP key=return code=13 state=PLAYING
09:52:14 - [INPUT] KEYDOWN key=right code=1073741903 state=PLAYING
09:52:15 - [INPUT] KEYUP key=right code=1073741903 state=PLAYING
09:52:15 - [INPUT] KEYDOWN key=left code=1073741904 state=PLAYING
09:52:15 - [INPUT] KEYUP key=left code=1073741904 state=PLAYING
09:52:16 - [INPUT] KEYDOWN key=right code=1073741903 state=PLAYING
09:52:16 - [INPUT] KEYUP key=right code=1073741903 state=PLAYING
09:52:17 - [INPUT] KEYDOWN key=left code=1073741904 state=PLAYING
09:52:17 - [INPUT] KEYUP key=left code=1073741904 state=PLAYING
09:52:18 - [INPUT] KEYDOWN key=left code=1073741904 state=PLAYING
09:52:18 - [INPUT] KEYUP key=left code=1073741904 state=PLAYING
09:52:19 - [INPUT] KEYDOWN key=right code=1073741903 state=PLAYING
09:52:19 - [INPUT] KEYUP key=right code=1073741903 state=PLAYING
09:52:19 - [INPUT] KEYDOWN key=left code=1073741904 state=PLAYING
09:52:19 - [INPUT] KEYUP key=left code=1073741904 state=PLAYING
09:52:20 - [INPUT] KEYDOWN key=right code=1073741903 state=PLAYING
09:52:20 - [INPUT] KEYUP key=right code=1073741903 state=PLAYING
09:52:20 - [INPUT] KEYDOWN key=right code=1073741903 state=PLAYING
09:52:20 - [INPUT] KEYUP key=right code=1073741903 state=PLAYING
09:52:21 - [INPUT] KEYDOWN key=left code=1073741904 state=PLAYING
09:52:22 - [INPUT] KEYUP key=left code=1073741904 state=PLAYING
09:52:22 - [INPUT] KEYDOWN key=right code=1073741903 state=PLAYING
09:52:22 - [INPUT] KEYUP key=right code=1073741903 state=PLAYING
09:52:22 - [INPUT] KEYDOWN key=left code=1073741904 state=PLAYING
09:52:23 - [INPUT] KEYUP key=left code=1073741904 state=PLAYING
09:52:23 - [INPUT] KEYDOWN key=right code=1073741903 state=PLAYING
09:52:24 - [INPUT] KEYUP key=right code=1073741903 state=PLAYING
09:52:24 - [INPUT] KEYDOWN key=left code=1073741904 state=PLAYING
09:52:24 - [INPUT] KEYUP key=left code=1073741904 state=PLAYING
09:52:25 - [INPUT] KEYDOWN key=left code=1073741904 state=PLAYING
09:52:25 - [INPUT] KEYUP key=left code=1073741904 state=PLAYING
09:52:25 - [INPUT] KEYDOWN key=right code=1073741903 state=PLAYING
09:52:26 - [INPUT] KEYUP key=right code=1073741903 state=PLAYING
09:52:26 - [INPUT] KEYDOWN key=left code=1073741904 state=PLAYING
09:52:26 - [INPUT] KEYUP key=left code=1073741904 state=PLAYING
09:52:26 - [INPUT] KEYDOWN key=left code=1073741904 state=PLAYING
09:52:27 - [INPUT] KEYUP key=left code=1073741904 state=PLAYING
09:52:27 - [INPUT] KEYDOWN key=right code=1073741903 state=PLAYING
09:52:28 - [INPUT] KEYUP key=right code=1073741903 state=PLAYING
09:52:28 - [INPUT] KEYDOWN key=left code=1073741904 state=PLAYING
09:52:29 - [INPUT] KEYUP key=left code=1073741904 state=PLAYING
09:52:29 - [INPUT] KEYDOWN key=right code=1073741903 state=PLAYING
09:52:29 - [INPUT] KEYUP key=right code=1073741903 state=PLAYING
09:52:30 - [INPUT] KEYDOWN key=right code=1073741903 state=PLAYING
09:52:30 - [INPUT] KEYUP key=right code=1073741903 state=PLAYING
09:52:30 - [INPUT] KEYDOWN key=right code=1073741903 state=PLAYING
09:52:31 - [INPUT] KEYUP key=right code=1073741903 state=PLAYING
