10:49:53 - [INPUT] KEYDOWN key=return code=13 state=MENU
10:49:53 - \U0001f3ae Inizia nuova partita
10:49:53 - \U0001f504 Nuova partita iniziata!
10:49:53 - [INPUT] KEYUP key=return code=13 state=PLAYING
10:49:53 - [INPUT] KEYDOWN key=space code=32 state=PLAYING
10:49:53 - [INPUT] KEYUP key=space code=32 state=PLAYING
10:49:53 - [INPUT] KEYDOWN key=space code=32 state=PLAYING
10:49:53 - [INPUT] KEYUP key=space code=32 state=PLAYING
10:49:54 - [INPUT] KEYDOWN key=space code=32 state=PLAYING
10:49:54 - [INPUT] KEYUP key=space code=32 state=PLAYING
10:49:54 - [INPUT] KEYDOWN key=space code=32 state=PLAYING
10:49:54 - [INPUT] KEYUP key=space code=32 state=PLAYING
10:49:54 - [INPUT] KEYDOWN key=space code=32 state=PLAYING
10:49:54 - [INPUT] KEYUP key=space code=32 state=PLAYING
10:49:54 - [INPUT] KEYDOWN key=space code=32 state=PLAYING
10:49:54 - [INPUT] KEYDOWN key=right code=1073741903 state=PLAYING
10:49:54 - [INPUT] KEYUP key=space code=32 state=PLAYING
10:49:55 - [INPUT] KEYDOWN key=space code=32 state=PLAYING
10:49:55 - [INPUT] KEYUP key=right code=1073741903 state=PLAYING
10:49:55 - [INPUT] KEYUP key=space code=32 state=PLAYING
10:49:55 - [INPUT] KEYDOWN key=space code=32 state=PLAYING
10:49:55 - [INPUT] KEYUP key=space code=32 state=PLAYING
10:49:55 - [INPUT] KEYDOWN key=space code=32 state=PLAYING
10:49:55 - [INPUT] KEYDOWN key=left code=1073741904 state=PLAYING
10:49:55 - [INPUT] KEYUP key=space code=32 state=PLAYING
10:49:55 - [INPUT] KEYDOWN key=space code=32 state=PLAYING
10:49:55 - [INPUT] KEYUP key=left code=1073741904 state=PLAYING
10:49:55 - [INPUT] KEYUP key=space code=32 state=PLAYING
10:49:55 - [INPUT] KEYDOWN key=right code=1073741903 state=PLAYING
10:49:55 - [INPUT] KEYDOWN key=space code=32 state=PLAYING
10:49:56 - [INPUT] KEYUP key=right code=1073741903 state=PLAYING
10:49:56 - [INPUT] KEYUP key=space code=32 state=PLAYING
10:49:56 - [INPUT] KEYDOWN key=space code=32 state=PLAYING
10:49:56 - [INPUT] KEYDOWN key=left code=1073741904 state=PLAYING
10:49:56 - [INPUT] KEYUP key=space code=32 state=PLAYING
10:49:56 - [INPUT] KEYUP key=left code=1073741904 state=PLAYING
10:49:56 - [INPUT] KEYDOWN key=space code=32 state=PLAYING
10:49:56 - [INPUT] KEYDOWN key=left code=1073741904 state=PLAYING
10:49:56 - [INPUT] KEYUP key=left code=1073741904 state=PLAYING
10:49:56 - [INPUT] KEYUP key=space code=32 state=PLAYING
10:49:56 - [INPUT] KEYDOWN key=space code=32 state=PLAYING
10:49:56 - [INPUT] KEYDOWN key=left code=1073741904 state=PLAYING
10:49:56 - [INPUT] KEYUP key=left code=1073741904 state=PLAYING
10:49:56 - [INPUT] KEYUP key=space code=32 state=PLAYING
10:49:56 - [INPUT] KEYDOWN key=left code=1073741904 state=PLAYING
10:49:56 - [INPUT] KEYDOWN key=space code=32 state=PLAYING
10:49:56 - [INPUT] KEYUP key=left code=1073741904 state=PLAYING
10:49:56 - [INPUT] KEYUP key=space code=32 state=PLAYING
10:49:57 - [INPUT] KEYDOWN key=space code=32 state=PLAYING
10:49:57 - [INPUT] KEYUP key=space code=32 state=PLAYING
10:49:57 - [INPUT] KEYDOWN key=right code=1073741903 state=PLAYING
10:49:57 - [INPUT] KEYDOWN key=space code=32 state=PLAYING
10:49:57 - [INPUT] KEYUP key=right code=1073741903 state=PLAYING
10:49:57 - [INPUT] KEYUP key=space code=32 state=PLAYING
10:49:57 - [INPUT] KEYDOWN key=space code=32 state=PLAYING
10:49:57 - [INPUT] KEYUP key=space code=32 state=PLAYING
10:49:57 - [INPUT] KEYDOWN key=space code=32 state=PLAYING
10:49:58 - [INPUT] KEYUP key=space code=32 state=PLAYING
10:49:58 - [INPUT] KEYDOWN key=space code=32 state=PLAYING
10:49:58 - [INPUT] KEYUP key=space code=32 state=PLAYING
10:49:58 - [INPUT] KEYDOWN key=space code=32 state=PLAYING
10:49:58 - [INPUT] KEYUP key=space code=32 state=PLAYING
10:49:58 - [INPUT] KEYDOWN key=space code=32 state=PLAYING
10:49:58 - [INPUT] KEYUP key=space code=32 state=PLAYING
10:49:58 - [INPUT] KEYDOWN key=space code=32 state=PLAYING
10:49:58 - [INPUT] KEYUP key=space code=32 state=PLAYING
10:49:59 - [INPUT] KEYDOWN key=space code=32 state=PLAYING
10:49:59 - [INPUT] KEYUP key=space code=32 state=PLAYING
10:49:59 - [INPUT] KEYDOWN key=space code=32 state=PLAYING
10:49:59 - [INPUT] KEYDOWN key=right code=1073741903 state=PLAYING
10:49:59 - [INPUT] KEYUP key=space code=32 state=PLAYING
10:49:59 - [INPUT] KEYDOWN key=space code=32 state=PLAYING
10:49:59 - [INPUT] KEYUP key=right code=1073741903 state=PLAYING
10:49:59 - [INPUT] KEYUP key=space code=32 state=PLAYING
10:49:59 - [INPUT] KEYDOWN key=space code=32 state=PLAYING
10:49:59 - [INPUT] KEYUP key=space code=32 state=PLAYING
10:49:59 - [INPUT] KEYDOWN key=space code=32 state=PLAYING
10:50:00 - [INPUT] KEYUP key=space code=32 state=PLAYING
10:50:00 - [INPUT] KEYDOWN key=space code=32 state=PLAYING
10:50:00 - [INPUT] KEYDOWN key=left code=1073741904 state=PLAYING
10:50:00 - [INPUT] KEYUP key=space code=32 state=PLAYING
10:50:00 - [INPUT] KEYUP key=left code=1073741904 state=PLAYING
10:50:00 - [INPUT] KEYDOWN key=space code=32 state=PLAYING
10:50:00 - [INPUT] KEYUP key=space code=32 state=PLAYING
10:50:00 - [INPUT] KEYDOWN key=space code=32 state=PLAYING
10:50:00 - [INPUT] KEYUP key=space code=32 state=PLAYING
10:50:00 - [INPUT] KEYDOWN key=space code=32 state=PLAYING
10:50:01 - [INPUT] KEYDOWN key=right code=1073741903 state=PLAYING
10:50:01 - [INPUT] KEYUP key=space code=32 state=PLAYING
10:50:01 - [INPUT] KEYDOWN key=space code=32 state=PLAYING
10:50:01 - [INPUT] KEYUP key=right code=1073741903 state=PLAYING
10:50:01 - [INPUT] KEYUP key=space code=32 state=PLAYING
10:50:01 - [INPUT] KEYDOWN key=space code=32 state=PLAYING
10:50:01 - [INPUT] KEYUP key=space code=32 state=PLAYING
10:50:02 - [INPUT] KEYDOWN key=right code=1073741903 state=PLAYING
10:50:02 - [INPUT] KEYUP key=right code=1073741903 state=PLAYING
10:50:02 - [INPUT] KEYDOWN key=right code=1073741903 state=PLAYING
10:50:02 - [INPUT] KEYUP key=right code=1073741903 state=PLAYING
10:50:02 - [INPUT] KEYDOWN key=left code=1073741904 state=PLAYING
10:50:03 - [INPUT] KEYUP key=left code=1073741904 state=PLAYING
10:50:03 - [INPUT] KEYDOWN key=space code=32 state=PLAYING
10:50:03 - [INPUT] KEYUP key=space code=32 state=PLAYING
10:50:03 - [INPUT] KEYDOWN key=space code=32 state=PLAYING
10:50:03 - [INPUT] KEYUP key=space code=32 state=PLAYING
10:50:04 - [INPUT] KEYDOWN key=left code=1073741904 state=PLAYING
10:50:04 - [INPUT] KEYUP key=left code=1073741904 state=PLAYING
10:50:05 - [INPUT] KEYDOWN key=right code=1073741903 state=PLAYING
10:50:05 - [INPUT] KEYUP key=right code=1073741903 state=PLAYING
10:50:05 - [INPUT] KEYDOWN key=right code=1073741903 state=PLAYING
10:50:06 - [INPUT] KEYUP key=right code=1073741903 state=PLAYING
10:50:06 - [INPUT] KEYDOWN key=left code=1073741904 state=PLAYING
10:50:06 - [INPUT] KEYUP key=left code=1073741904 state=PLAYING
10:50:07 - [INPUT] KEYDOWN key=right code=1073741903 state=PLAYING
10:50:07 - [INPUT] KEYUP key=right code=1073741903 state=PLAYING
10:50:07 - [INPUT] KEYDOWN key=left code=1073741904 state=PLAYING
10:50:07 - [INPUT] KEYDOWN key=space code=32 state=PLAYING
10:50:07 - [INPUT] KEYUP key=left code=1073741904 state=PLAYING
10:50:07 - [INPUT] KEYUP key=space code=32 state=PLAYING
10:50:08 - [INPUT] KEYDOWN key=right code=1073741903 state=PLAYING
10:50:08 - [INPUT] KEYUP key=right code=1073741903 state=PLAYING
10:50:08 - [INPUT] KEYDOWN key=right code=1073741903 state=PLAYING
10:50:08 - [INPUT] KEYUP key=right code=1073741903 state=PLAYING
10:50:09 - [INPUT] KEYDOWN key=left code=1073741904 state=PLAYING
10:50:09 - [INPUT] KEYDOWN key=space code=32 state=PLAYING
10:50:09 - [INPUT] KEYUP key=left code=1073741904 state=PLAYING
10:50:09 - [INPUT] KEYUP key=space code=32 state=PLAYING
10:50:09 - [INPUT] KEYDOWN key=right code=1073741903 state=PLAYING
10:50:10 - [INPUT] KEYUP key=right code=1073741903 state=PLAYING
10:50:10 - [INPUT] KEYDOWN key=space code=32 state=PLAYING
10:50:10 - [INPUT] KEYUP key=space code=32 state=PLAYING
10:50:10 - [INPUT] KEYDOWN key=space code=32 state=PLAYING
10:50:10 - [INPUT] KEYDOWN key=left code=1073741904 state=PLAYING
10:50:10 - [INPUT] KEYUP key=space code=32 state=PLAYING
10:50:10 - [INPUT] KEYUP key=left code=1073741904 state=PLAYING
10:50:11 - [INPUT] KEYDOWN key=left code=1073741904 state=PLAYING
10:50:11 - [INPUT] KEYUP key=left code=1073741904 state=PLAYING
