10:07:11 - [INPUT] KEYDOWN key=down code=1073741905 state=MENU
10:07:11 - [INPUT] KEYUP key=down code=1073741905 state=MENU
10:07:11 - [INPUT] KEYDOWN key=up code=1073741906 state=MENU
10:07:11 - [INPUT] KEYUP key=up code=1073741906 state=MENU
10:07:12 - [INPUT] KEYDOWN key=return code=13 state=MENU
10:07:12 - \U0001f3ae Inizia nuova partita
10:07:12 - \U0001f504 Nuova partita iniziata!
10:07:12 - [INPUT] KEYUP key=return code=13 state=PLAYING
10:07:13 - [INPUT] KEYDOWN key=space code=32 state=PLAYING
10:07:13 - [INPUT] KEYUP key=space code=32 state=PLAYING
10:07:13 - [INPUT] KEYDOWN key=space code=32 state=PLAYING
10:07:13 - [INPUT] KEYUP key=space code=32 state=PLAYING
10:07:13 - [INPUT] KEYDOWN key=space code=32 state=PLAYING
10:07:14 - [INPUT] KEYUP key=space code=32 state=PLAYING
10:07:14 - [INPUT] KEYDOWN key=space code=32 state=PLAYING
10:07:14 - [INPUT] KEYUP key=space code=32 state=PLAYING
10:07:14 - [INPUT] KEYDOWN key=space code=32 state=PLAYING
10:07:14 - [INPUT] KEYUP key=space code=32 state=PLAYING
10:07:14 - [INPUT] KEYDOWN key=space code=32 state=PLAYING
10:07:14 - [INPUT] KEYUP key=space code=32 state=PLAYING
10:07:14 - [INPUT] KEYDOWN key=space code=32 state=PLAYING
10:07:14 - [INPUT] KEYUP key=space code=32 state=PLAYING
10:07:14 - [INPUT] KEYDOWN key=space code=32 state=PLAYING
10:07:15 - [INPUT] KEYUP key=space code=32 state=PLAYING
10:07:15 - [INPUT] KEYDOWN key=space code=32 state=PLAYING
10:07:15 - [INPUT] KEYUP key=space code=32 state=PLAYING
10:07:15 - [INPUT] KEYDOWN key=space code=32 state=PLAYING
10:07:15 - [INPUT] KEYUP key=space code=32 state=PLAYING
10:07:15 - [INPUT] KEYDOWN key=right code=1073741903 state=PLAYING
10:07:15 - [INPUT] KEYDOWN key=space code=32 state=PLAYING
10:07:15 - [INPUT] KEYUP key=right code=1073741903 state=PLAYING
10:07:15 - [INPUT] KEYUP key=space code=32 state=PLAYING
10:07:15 - [INPUT] KEYDOWN key=left code=1073741904 state=PLAYING
10:07:15 - [INPUT] KEYDOWN key=space code=32 state=PLAYING
10:07:15 - [INPUT] KEYUP key=left code=1073741904 state=PLAYING
10:07:16 - [INPUT] KEYUP key=space code=32 state=PLAYING
10:07:16 - [INPUT] KEYDOWN key=right code=1073741903 state=PLAYING
10:07:16 - [INPUT] KEYDOWN key=space code=32 state=PLAYING
10:07:16 - [INPUT] KEYUP key=right code=1073741903 state=PLAYING
10:07:16 - [INPUT] KEYUP key=space code=32 state=PLAYING
10:07:16 - [INPUT] KEYDOWN key=left code=1073741904 state=PLAYING
10:07:16 - [INPUT] KEYDOWN key=space code=32 state=PLAYING
10:07:16 - [INPUT] KEYUP key=left code=1073741904 state=PLAYING
10:07:16 - [INPUT] KEYUP key=space code=32 state=PLAYING
10:07:16 - [INPUT] KEYDOWN key=left code=1073741904 state=PLAYING
10:07:16 - [INPUT] KEYDOWN key=space code=32 state=PLAYING
10:07:16 - [INPUT] KEYUP key=left code=1073741904 state=PLAYING
10:07:16 - [INPUT] KEYUP key=space code=32 state=PLAYING
10:07:16 - [INPUT] KEYDOWN key=space code=32 state=PLAYING
10:07:16 - [INPUT] KEYDOWN key=right code=1073741903 state=PLAYING
10:07:16 - [INPUT] KEYUP key=space code=32 state=PLAYING
10:07:17 - [INPUT] KEYUP key=right code=1073741903 state=PLAYING
10:07:17 - [INPUT] KEYDOWN key=space code=32 state=PLAYING
10:07:17 - [INPUT] KEYUP key=space code=32 state=PLAYING
10:07:17 - [INPUT] KEYDOWN key=space code=32 state=PLAYING
10:07:17 - [INPUT] KEYDOWN key=right code=1073741903 state=PLAYING
10:07:17 - [INPUT] KEYUP key=space code=32 state=PLAYING
10:07:17 - [INPUT] KEYUP key=right code=1073741903 state=PLAYING
10:07:17 - [INPUT] KEYDOWN key=space code=32 state=PLAYING
10:07:17 - [INPUT] KEYUP key=space code=32 state=PLAYING
10:07:17 - [INPUT] KEYDOWN key=left code=1073741904 state=PLAYING
10:07:17 - [INPUT] KEYUP key=left code=1073741904 state=PLAYING
10:07:17 - [INPUT] KEYDOWN key=space code=32 state=PLAYING
10:07:17 - [INPUT] KEYDOWN key=right code=1073741903 state=PLAYING
10:07:17 - [INPUT] KEYUP key=space code=32 state=PLAYING
10:07:18 - [INPUT] KEYUP key=right code=1073741903 state=PLAYING
10:07:18 - [INPUT] KEYDOWN key=space code=32 state=PLAYING
10:07:18 - [INPUT] KEYDOWN key=left code=1073741904 state=PLAYING
10:07:18 - [INPUT] KEYUP key=space code=32 state=PLAYING
10:07:18 - [INPUT] KEYUP key=left code=1073741904 state=PLAYING
10:07:18 - [INPUT] KEYDOWN key=left code=1073741904 state=PLAYING
10:07:18 - [INPUT] KEYDOWN key=space code=32 state=PLAYING
10:07:18 - [INPUT] KEYUP key=left code=1073741904 state=PLAYING
10:07:18 - [INPUT] KEYUP key=space code=32 state=PLAYING
10:07:18 - [INPUT] KEYDOWN key=left code=1073741904 state=PLAYING
10:07:18 - [INPUT] KEYDOWN key=space code=32 state=PLAYING
10:07:18 - [INPUT] KEYUP key=left code=1073741904 state=PLAYING
10:07:18 - [INPUT] KEYDOWN key=left code=1073741904 state=PLAYING
10:07:18 - [INPUT] KEYUP key=space code=32 state=PLAYING
10:07:18 - [INPUT] KEYUP key=left code=1073741904 state=PLAYING
10:07:18 - [INPUT] KEYDOWN key=space code=32 state=PLAYING
10:07:18 - [INPUT] KEYDOWN key=right code=1073741903 state=PLAYING
10:07:18 - [INPUT] KEYUP key=space code=32 state=PLAYING
10:07:19 - [INPUT] KEYUP key=right code=1073741903 state=PLAYING
10:07:19 - [INPUT] KEYDOWN key=space code=32 state=PLAYING
10:07:19 - [INPUT] KEYUP key=space code=32 state=PLAYING
10:07:19 - [INPUT] KEYDOWN key=left code=1073741904 state=PLAYING
10:07:19 - [INPUT] KEYDOWN key=space code=32 state=PLAYING
10:07:19 - [INPUT] KEYUP key=left code=1073741904 state=PLAYING
10:07:19 - [INPUT] KEYUP key=space code=32 state=PLAYING
10:07:19 - [INPUT] KEYDOWN key=space code=32 state=PLAYING
10:07:19 - [INPUT] KEYUP key=space code=32 state=PLAYING
10:07:19 - [INPUT] KEYDOWN key=space code=32 state=PLAYING
10:07:19 - [INPUT] KEYDOWN key=right code=1073741903 state=PLAYING
10:07:19 - [INPUT] KEYUP key=space code=32 state=PLAYING
10:07:19 - [INPUT] KEYUP key=right code=1073741903 state=PLAYING
10:07:19 - [INPUT] KEYDOWN key=space code=32 state=PLAYING
10:07:19 - [INPUT] KEYDOWN key=left code=1073741904 state=PLAYING
10:07:20 - [INPUT] KEYUP key=left code=1073741904 state=PLAYING
10:07:20 - [INPUT] KEYUP key=space code=32 state=PLAYING
10:07:20 - [INPUT] KEYDOWN key=space code=32 state=PLAYING
10:07:20 - [INPUT] KEYDOWN key=left code=1073741904 state=PLAYING
10:07:20 - [INPUT] KEYUP key=space code=32 state=PLAYING
10:07:20 - [INPUT] KEYDOWN key=space code=32 state=PLAYING
10:07:20 - [INPUT] KEYUP key=left code=1073741904 state=PLAYING
10:07:20 - [INPUT] KEYUP key=space code=32 state=PLAYING
10:07:20 - [INPUT] KEYDOWN key=left code=1073741904 state=PLAYING
10:07:20 - [INPUT] KEYUP key=left code=1073741904 state=PLAYING
10:07:20 - [INPUT] KEYDOWN key=space code=32 state=PLAYING
10:07:20 - [INPUT] KEYUP key=space code=32 state=PLAYING
10:07:20 - [INPUT] KEYDOWN key=space code=32 state=PLAYING
10:07:20 - [INPUT] KEYUP key=space code=32 state=PLAYING
10:07:21 - [INPUT] KEYDOWN key=space code=32 state=PLAYING
10:07:21 - [INPUT] KEYUP key=space code=32 state=PLAYING
10:07:21 - [INPUT] KEYDOWN key=right code=1073741903 state=PLAYING
10:07:21 - [INPUT] KEYDOWN key=space code=32 state=PLAYING
10:07:21 - [INPUT] KEYUP key=right code=1073741903 state=PLAYING
10:07:21 - [INPUT] KEYUP key=space code=32 state=PLAYING
10:07:21 - [INPUT] KEYDOWN key=space code=32 state=PLAYING
10:07:21 - [INPUT] KEYUP key=space code=32 state=PLAYING
10:07:23 - [INPUT] KEYDOWN key=space code=32 state=PLAYING
10:07:23 - [INPUT] KEYUP key=space code=32 state=PLAYING
10:07:23 - [INPUT] KEYDOWN key=space code=32 state=PLAYING
10:07:23 - [INPUT] KEYUP key=space code=32 state=PLAYING
10:07:23 - [INPUT] KEYDOWN key=space code=32 state=PLAYING
10:07:24 - [INPUT] KEYUP key=space code=32 state=PLAYING
10:07:24 - [INPUT] KEYDOWN key=space code=32 state=PLAYING
10:07:24 - [INPUT] KEYUP key=space code=32 state=PLAYING
10:07:24 - [INPUT] KEYDOWN key=space code=32 state=PLAYING
10:07:24 - [INPUT] KEYDOWN key=left code=1073741904 state=PLAYING
10:07:24 - [INPUT] KEYUP key=space code=32 state=PLAYING
10:07:24 - [INPUT] KEYDOWN key=space code=32 state=PLAYING
10:07:24 - [INPUT] KEYUP key=space code=32 state=PLAYING
10:07:24 - [INPUT] KEYDOWN key=space code=32 state=PLAYING
10:07:24 - [INPUT] KEYUP key=left code=1073741904 state=PLAYING
10:07:24 - [INPUT] KEYUP key=space code=32 state=PLAYING
10:07:24 - [INPUT] KEYDOWN key=right code=1073741903 state=PLAYING
10:07:25 - [INPUT] KEYDOWN key=space code=32 state=PLAYING
10:07:25 - [INPUT] KEYUP key=space code=32 state=PLAYING
10:07:25 - [INPUT] KEYDOWN key=space code=32 state=PLAYING
10:07:25 - [INPUT] KEYUP key=space code=32 state=PLAYING
10:07:25 - [INPUT] KEYDOWN key=space code=32 state=PLAYING
10:07:25 - [INPUT] KEYUP key=space code=32 state=PLAYING
10:07:25 - [INPUT] KEYDOWN key=space code=32 state=PLAYING
10:07:25 - [INPUT] KEYUP key=right code=1073741903 state=PLAYING
10:07:25 - [INPUT] KEYUP key=space code=32 state=PLAYING
10:07:25 - [INPUT] KEYDOWN key=left code=1073741904 state=PLAYING
10:07:25 - [INPUT] KEYDOWN key=space code=32 state=PLAYING
10:07:26 - [INPUT] KEYUP key=space code=32 state=PLAYING
10:07:26 - [INPUT] KEYUP key=left code=1073741904 state=PLAYING
10:07:26 - [INPUT] KEYDOWN key=space code=32 state=PLAYING
10:07:26 - [INPUT] KEYDOWN key=left code=1073741904 state=PLAYING
10:07:26 - [INPUT] KEYUP key=left code=1073741904 state=PLAYING
10:07:26 - [INPUT] KEYUP key=space code=32 state=PLAYING
10:07:26 - [INPUT] KEYDOWN key=left code=1073741904 state=PLAYING
10:07:26 - [INPUT] KEYUP key=left code=1073741904 state=PLAYING
10:07:26 - [INPUT] KEYDOWN key=space code=32 state=PLAYING
10:07:26 - [INPUT] KEYDOWN key=left code=1073741904 state=PLAYING
10:07:26 - [INPUT] KEYUP key=left code=1073741904 state=PLAYING
10:07:26 - [INPUT] KEYUP key=space code=32 state=PLAYING
