22:07:33 - [INPUT] KEYDOWN key=return code=13 state=MENU
22:07:33 - \U0001f3ae Inizia nuova partita
22:07:33 - \U0001f504 Nuova partita iniziata!
22:07:33 - [INPUT] KEYUP key=return code=13 state=PLAYING
22:07:34 - [INPUT] KEYDOWN key=left code=1073741904 state=PLAYING
22:07:34 - [INPUT] KEYUP key=left code=1073741904 state=PLAYING
22:07:35 - [INPUT] KEYDOWN key=right code=1073741903 state=PLAYING
22:07:35 - [INPUT] KEYUP key=right code=1073741903 state=PLAYING
22:07:36 - [INPUT] KEYDOWN key=left code=1073741904 state=PLAYING
22:07:36 - [INPUT] KEYUP key=left code=1073741904 state=PLAYING
22:07:39 - [INPUT] KEYDOWN key=right code=1073741903 state=PLAYING
22:07:39 - [INPUT] KEYDOWN key=up code=1073741906 state=PLAYING
22:07:39 - [INPUT] KEYUP key=up code=1073741906 state=PLAYING
22:07:39 - [INPUT] KEYUP key=right code=1073741903 state=PLAYING
22:07:40 - [INPUT] KEYDOWN key=left code=1073741904 state=PLAYING
22:07:40 - [INPUT] KEYUP key=left code=1073741904 state=PLAYING
22:07:40 - [INPUT] KEYDOWN key=left code=1073741904 state=PLAYING
22:07:40 - [INPUT] KEYUP key=left code=1073741904 state=PLAYING
22:07:41 - [INPUT] KEYDOWN key=right code=1073741903 state=PLAYING
22:07:41 - [INPUT] KEYUP key=right code=1073741903 state=PLAYING
22:07:43 - [INPUT] KEYDOWN key=left code=1073741904 state=PLAYING
22:07:43 - [INPUT] KEYUP key=left code=1073741904 state=PLAYING
22:07:43 - [INPUT] KEYDOWN key=left code=1073741904 state=PLAYING
22:07:44 - [INPUT] KEYUP key=left code=1073741904 state=PLAYING
22:07:44 - [INPUT] KEYDOWN key=right code=1073741903 state=PLAYING
22:07:45 - [INPUT] KEYUP key=right code=1073741903 state=PLAYING
22:07:45 - [INPUT] KEYDOWN key=left code=1073741904 state=PLAYING
22:07:45 - [INPUT] KEYUP key=left code=1073741904 state=PLAYING
22:07:46 - [INPUT] KEYDOWN key=right code=1073741903 state=PLAYING
22:07:46 - [INPUT] KEYUP key=right code=1073741903 state=PLAYING
22:07:46 - [INPUT] KEYDOWN key=right code=1073741903 state=PLAYING
22:07:46 - [INPUT] KEYUP key=right code=1073741903 state=PLAYING
22:07:47 - [INPUT] KEYDOWN key=left code=1073741904 state=PLAYING
22:07:47 - [INPUT] KEYUP key=left code=1073741904 state=PLAYING
22:07:48 - [INPUT] KEYDOWN key=right code=1073741903 state=PLAYING
22:07:48 - [INPUT] KEYUP key=right code=1073741903 state=PLAYING
22:07:48 - [INPUT] KEYDOWN key=left code=1073741904 state=PLAYING
22:07:49 - [INPUT] KEYUP key=left code=1073741904 state=PLAYING
22:07:49 - [INPUT] KEYDOWN key=right code=1073741903 state=PLAYING
22:07:49 - [INPUT] KEYUP key=right code=1073741903 state=PLAYING
22:07:51 - \u274c GAME OVER - La goccia è caduta nel vuoto!
22:07:51 - \U0001f3ae Premi R per riprovare o ESC per tornare al menu
22:07:51 - [INPUT] KEYDOWN key=r code=114 state=GAME_OVER
22:07:51 - [INPUT] KEYUP key=r code=114 state=GAME_OVER
22:07:52 - [INPUT] KEYDOWN key=r code=114 state=GAME_OVER
22:07:52 - [INPUT] KEYUP key=r code=114 state=GAME_OVER
22:07:52 - [INPUT] KEYDOWN key=r code=114 state=GAME_OVER
22:07:52 - [INPUT] KEYUP key=r code=114 state=GAME_OVER
22:07:52 - [INPUT] KEYDOWN key=r code=114 state=GAME_OVER
22:07:52 - [INPUT] KEYUP key=r code=114 state=GAME_OVER
22:07:53 - [INPUT] KEYDOWN key=r code=114 state=GAME_OVER
22:07:53 - [INPUT] KEYUP key=r code=114 state=GAME_OVER
22:07:53 - [INPUT] KEYDOWN key=r code=114 state=GAME_OVER
22:07:53 - [INPUT] KEYUP key=r code=114 state=GAME_OVER
22:07:53 - [INPUT] KEYDOWN key=r code=114 state=GAME_OVER
22:07:53 - [INPUT] KEYUP key=r code=114 state=GAME_OVER
22:07:53 - [INPUT] KEYDOWN key=r code=114 state=GAME_OVER
22:07:53 - [INPUT] KEYUP key=r code=114 state=GAME_OVER
22:07:53 - [INPUT] KEYDOWN key=r code=114 state=GAME_OVER
22:07:53 - [INPUT] KEYUP key=r code=114 state=GAME_OVER
