07:50:42 - [INPUT] KEYDOWN key=return code=13 state=MENU
07:50:42 - \U0001f3ae Inizia nuova partita
07:50:42 - \U0001f504 Nuova partita iniziata!
07:50:42 - [INPUT] KEYUP key=return code=13 state=PLAYING
07:50:43 - [INPUT] KEYDOWN key=right code=1073741903 state=PLAYING
07:50:43 - [INPUT] KEYUP key=right code=1073741903 state=PLAYING
07:50:44 - [INPUT] KEYDOWN key=left code=1073741904 state=PLAYING
07:50:44 - [INPUT] KEYUP key=left code=1073741904 state=PLAYING
07:50:45 - [INPUT] KEYDOWN key=right code=1073741903 state=PLAYING
07:50:45 - [INPUT] KEYUP key=right code=1073741903 state=PLAYING
07:50:45 - [INPUT] KEYDOWN key=left code=1073741904 state=PLAYING
07:50:45 - [INPUT] KEYUP key=left code=1073741904 state=PLAYING
07:50:45 - [INPUT] KEYDOWN key=left code=1073741904 state=PLAYING
07:50:46 - [INPUT] KEYUP key=left code=1073741904 state=PLAYING
07:50:46 - [INPUT] KEYDOWN key=right code=1073741903 state=PLAYING
07:50:47 - [INPUT] KEYUP key=right code=1073741903 state=PLAYING
07:50:47 - [INPUT] KEYDOWN key=left code=1073741904 state=PLAYING
07:50:47 - [INPUT] KEYUP key=left code=1073741904 state=PLAYING
07:50:47 - [INPUT] KEYDOWN key=right code=1073741903 state=PLAYING
07:50:47 - [INPUT] KEYUP key=right code=1073741903 state=PLAYING
07:50:48 - [INPUT] KEYDOWN key=left code=1073741904 state=PLAYING
07:50:48 - [INPUT] KEYUP key=left code=1073741904 state=PLAYING
07:50:48 - [INPUT] KEYDOWN key=left code=1073741904 state=PLAYING
07:50:48 - [INPUT] KEYUP key=left code=1073741904 state=PLAYING
07:50:48 - [INPUT] KEYDOWN key=left code=1073741904 state=PLAYING
07:50:48 - [INPUT] KEYUP key=left code=1073741904 state=PLAYING
07:50:49 - [INPUT] KEYDOWN key=right code=1073741903 state=PLAYING
07:50:49 - [INPUT] KEYUP key=right code=1073741903 state=PLAYING
07:50:49 - [INPUT] KEYDOWN key=left code=1073741904 state=PLAYING
07:50:50 - [INPUT] KEYUP key=left code=1073741904 state=PLAYING
07:50:50 - [INPUT] KEYDOWN key=left code=1073741904 state=PLAYING
07:50:50 - [INPUT] KEYUP key=left code=1073741904 state=PLAYING
07:50:51 - [INPUT] KEYDOWN key=right code=1073741903 state=PLAYING
07:50:51 - [INPUT] KEYUP key=right code=1073741903 state=PLAYING
07:50:53 - [INPUT] KEYDOWN key=left code=1073741904 state=PLAYING
07:50:54 - [INPUT] KEYUP key=left code=1073741904 state=PLAYING
07:50:54 - [INPUT] KEYDOWN key=right code=1073741903 state=PLAYING
07:50:55 - [INPUT] KEYDOWN key=left code=1073741904 state=PLAYING
07:50:55 - [INPUT] KEYUP key=right code=1073741903 state=PLAYING
07:50:55 - [INPUT] KEYUP key=left code=1073741904 state=PLAYING
07:50:56 - [INPUT] KEYDOWN key=right code=1073741903 state=PLAYING
07:50:57 - [INPUT] KEYUP key=right code=1073741903 state=PLAYING
07:50:57 - [INPUT] KEYDOWN key=left code=1073741904 state=PLAYING
07:50:57 - [INPUT] KEYUP key=left code=1073741904 state=PLAYING
07:50:57 - [INPUT] KEYDOWN key=right code=1073741903 state=PLAYING
07:50:57 - [INPUT] KEYUP key=right code=1073741903 state=PLAYING
07:50:57 - [INPUT] KEYDOWN key=left code=1073741904 state=PLAYING
07:50:58 - [INPUT] KEYUP key=left code=1073741904 state=PLAYING
07:50:58 - [INPUT] KEYDOWN key=right code=1073741903 state=PLAYING
07:50:58 - [INPUT] KEYDOWN key=up code=1073741906 state=PLAYING
07:50:58 - [INPUT] KEYUP key=up code=1073741906 state=PLAYING
07:50:59 - [INPUT] KEYUP key=right code=1073741903 state=PLAYING
07:50:59 - [INPUT] KEYDOWN key=left code=1073741904 state=PLAYING
07:50:59 - [INPUT] KEYUP key=left code=1073741904 state=PLAYING
07:50:59 - [INPUT] KEYDOWN key=right code=1073741903 state=PLAYING
07:51:00 - [INPUT] KEYUP key=right code=1073741903 state=PLAYING
07:51:00 - [INPUT] KEYDOWN key=left code=1073741904 state=PLAYING
07:51:00 - [INPUT] KEYUP key=left code=1073741904 state=PLAYING
07:51:00 - [INPUT] KEYDOWN key=left code=1073741904 state=PLAYING
07:51:00 - [INPUT] KEYUP key=left code=1073741904 state=PLAYING
