10:33:48 - [INPUT] KEYDOWN key=return code=13 state=MENU
10:33:48 - \U0001f3ae Inizia nuova partita
10:33:48 - \U0001f504 Nuova partita iniziata!
10:33:48 - [INPUT] KEYUP key=return code=13 state=PLAYING
10:33:49 - [INPUT] KEYDOWN key=space code=32 state=PLAYING
10:33:49 - [INPUT] KEYUP key=space code=32 state=PLAYING
10:33:49 - [INPUT] KEYDOWN key=space code=32 state=PLAYING
10:33:49 - [INPUT] KEYUP key=space code=32 state=PLAYING
10:33:49 - [INPUT] KEYDOWN key=space code=32 state=PLAYING
10:33:49 - [INPUT] KEYDOWN key=left code=1073741904 state=PLAYING
10:33:49 - [INPUT] KEYUP key=space code=32 state=PLAYING
10:33:50 - [INPUT] KEYUP key=left code=1073741904 state=PLAYING
10:33:50 - [INPUT] KEYDOWN key=space code=32 state=PLAYING
10:33:50 - [INPUT] KEYUP key=space code=32 state=PLAYING
10:33:50 - [INPUT] KEYDOWN key=right code=1073741903 state=PLAYING
10:33:50 - [INPUT] KEYDOWN key=space code=32 state=PLAYING
10:33:50 - [INPUT] KEYUP key=right code=1073741903 state=PLAYING
10:33:50 - [INPUT] KEYUP key=space code=32 state=PLAYING
10:33:50 - [INPUT] KEYDOWN key=space code=32 state=PLAYING
10:33:50 - [INPUT] KEYUP key=space code=32 state=PLAYING
10:33:50 - [INPUT] KEYDOWN key=space code=32 state=PLAYING
10:33:50 - [INPUT] KEYUP key=space code=32 state=PLAYING
10:33:50 - [INPUT] KEYDOWN key=right code=1073741903 state=PLAYING
10:33:50 - [INPUT] KEYDOWN key=space code=32 state=PLAYING
10:33:50 - [INPUT] KEYUP key=right code=1073741903 state=PLAYING
10:33:50 - [INPUT] KEYUP key=space code=32 state=PLAYING
10:33:50 - [INPUT] KEYDOWN key=space code=32 state=PLAYING
10:33:51 - [INPUT] KEYUP key=space code=32 state=PLAYING
10:33:51 - [INPUT] KEYDOWN key=space code=32 state=PLAYING
10:33:51 - [INPUT] KEYUP key=space code=32 state=PLAYING
10:33:51 - [INPUT] KEYDOWN key=space code=32 state=PLAYING
10:33:51 - [INPUT] KEYUP key=space code=32 state=PLAYING
10:33:51 - [INPUT] KEYDOWN key=right code=1073741903 state=PLAYING
10:33:51 - [INPUT] KEYUP key=right code=1073741903 state=PLAYING
10:33:51 - [INPUT] KEYDOWN key=space code=32 state=PLAYING
10:33:51 - [INPUT] KEYUP key=space code=32 state=PLAYING
10:33:51 - [INPUT] KEYDOWN key=left code=1073741904 state=PLAYING
10:33:51 - [INPUT] KEYDOWN key=space code=32 state=PLAYING
10:33:51 - [INPUT] KEYUP key=left code=1073741904 state=PLAYING
10:33:52 - [INPUT] KEYUP key=space code=32 state=PLAYING
10:33:52 - [INPUT] KEYDOWN key=left code=1073741904 state=PLAYING
10:33:52 - [INPUT] KEYDOWN key=space code=32 state=PLAYING
10:33:52 - [INPUT] KEYUP key=left code=1073741904 state=PLAYING
10:33:52 - [INPUT] KEYDOWN key=left code=1073741904 state=PLAYING
10:33:52 - [INPUT] KEYUP key=space code=32 state=PLAYING
10:33:52 - [INPUT] KEYUP key=left code=1073741904 state=PLAYING
10:33:52 - [INPUT] KEYDOWN key=space code=32 state=PLAYING
10:33:52 - [INPUT] KEYDOWN key=left code=1073741904 state=PLAYING
10:33:52 - [INPUT] KEYUP key=left code=1073741904 state=PLAYING
10:33:52 - [INPUT] KEYUP key=space code=32 state=PLAYING
10:33:52 - [INPUT] KEYDOWN key=right code=1073741903 state=PLAYING
10:33:52 - [INPUT] KEYDOWN key=space code=32 state=PLAYING
10:33:52 - [INPUT] KEYUP key=right code=1073741903 state=PLAYING
10:33:52 - [INPUT] KEYUP key=space code=32 state=PLAYING
10:33:52 - [INPUT] KEYDOWN key=space code=32 state=PLAYING
10:33:52 - [INPUT] KEYDOWN key=right code=1073741903 state=PLAYING
10:33:53 - [INPUT] KEYUP key=right code=1073741903 state=PLAYING
10:33:53 - [INPUT] KEYUP key=space code=32 state=PLAYING
10:33:53 - [INPUT] KEYDOWN key=space code=32 state=PLAYING
10:33:53 - [INPUT] KEYDOWN key=left code=1073741904 state=PLAYING
10:33:53 - [INPUT] KEYUP key=left code=1073741904 state=PLAYING
10:33:53 - [INPUT] KEYUP key=space code=32 state=PLAYING
10:33:53 - [INPUT] KEYDOWN key=space code=32 state=PLAYING
10:33:53 - [INPUT] KEYUP key=space code=32 state=PLAYING
10:33:53 - [INPUT] KEYDOWN key=space code=32 state=PLAYING
10:33:53 - [INPUT] KEYUP key=space code=32 state=PLAYING
10:33:53 - [INPUT] KEYDOWN key=space code=32 state=PLAYING
10:33:53 - [INPUT] KEYUP key=space code=32 state=PLAYING
10:33:53 - [INPUT] KEYDOWN key=space code=32 state=PLAYING
10:33:53 - [INPUT] KEYDOWN key=right code=1073741903 state=PLAYING
10:33:54 - [INPUT] KEYUP key=space code=32 state=PLAYING
10:33:54 - [INPUT] KEYUP key=right code=1073741903 state=PLAYING
10:33:54 - [INPUT] KEYDOWN key=space code=32 state=PLAYING
10:33:54 - [INPUT] KEYDOWN key=right code=1073741903 state=PLAYING
10:33:54 - [INPUT] KEYUP key=space code=32 state=PLAYING
10:33:54 - [INPUT] KEYUP key=right code=1073741903 state=PLAYING
10:33:54 - [INPUT] KEYDOWN key=space code=32 state=PLAYING
10:33:54 - [INPUT] KEYDOWN key=right code=1073741903 state=PLAYING
10:33:54 - [INPUT] KEYUP key=space code=32 state=PLAYING
10:33:54 - [INPUT] KEYUP key=right code=1073741903 state=PLAYING
10:33:54 - [INPUT] KEYDOWN key=space code=32 state=PLAYING
10:33:54 - [INPUT] KEYDOWN key=left code=1073741904 state=PLAYING
10:33:54 - [INPUT] KEYUP key=space code=32 state=PLAYING
10:33:54 - [INPUT] KEYUP key=left code=1073741904 state=PLAYING
10:33:54 - [INPUT] KEYDOWN key=space code=32 state=PLAYING
10:33:54 - [INPUT] KEYDOWN key=left code=1073741904 state=PLAYING
10:33:54 - [INPUT] KEYUP key=space code=32 state=PLAYING
10:33:54 - [INPUT] KEYUP key=left code=1073741904 state=PLAYING
10:33:54 - [INPUT] KEYDOWN key=space code=32 state=PLAYING
10:33:54 - [INPUT] KEYDOWN key=left code=1073741904 state=PLAYING
10:33:55 - [INPUT] KEYUP key=left code=1073741904 state=PLAYING
10:33:55 - [INPUT] KEYUP key=space code=32 state=PLAYING
10:33:55 - [INPUT] KEYDOWN key=left code=1073741904 state=PLAYING
10:33:55 - [INPUT] KEYDOWN key=space code=32 state=PLAYING
10:33:55 - [INPUT] KEYUP key=left code=1073741904 state=PLAYING
10:33:55 - [INPUT] KEYUP key=space code=32 state=PLAYING
10:33:55 - [INPUT] KEYDOWN key=left code=1073741904 state=PLAYING
10:33:55 - [INPUT] KEYDOWN key=space code=32 state=PLAYING
10:33:55 - [INPUT] KEYUP key=left code=1073741904 state=PLAYING
10:33:55 - [INPUT] KEYUP key=space code=32 state=PLAYING
10:33:55 - [INPUT] KEYDOWN key=space code=32 state=PLAYING
10:33:55 - [INPUT] KEYDOWN key=right code=1073741903 state=PLAYING
10:33:55 - [INPUT] KEYUP key=space code=32 state=PLAYING
10:33:55 - [INPUT] KEYUP key=right code=1073741903 state=PLAYING
10:33:55 - [INPUT] KEYDOWN key=space code=32 state=PLAYING
10:33:55 - [INPUT] KEYDOWN key=right code=1073741903 state=PLAYING
10:33:55 - [INPUT] KEYUP key=space code=32 state=PLAYING
10:33:56 - [INPUT] KEYDOWN key=space code=32 state=PLAYING
10:33:56 - [INPUT] KEYUP key=space code=32 state=PLAYING
10:33:56 - [INPUT] KEYUP key=right code=1073741903 state=PLAYING
10:33:56 - [INPUT] KEYDOWN key=space code=32 state=PLAYING
10:33:56 - [INPUT] KEYDOWN key=left code=1073741904 state=PLAYING
10:33:56 - [INPUT] KEYUP key=space code=32 state=PLAYING
10:33:56 - [INPUT] KEYDOWN key=space code=32 state=PLAYING
10:33:56 - [INPUT] KEYUP key=left code=1073741904 state=PLAYING
10:33:56 - [INPUT] KEYUP key=space code=32 state=PLAYING
10:33:56 - [INPUT] KEYDOWN key=left code=1073741904 state=PLAYING
10:33:57 - [INPUT] KEYUP key=left code=1073741904 state=PLAYING
