19:16:04 - Creata piattaforma a x=250, y=700, livello=Mantello
19:16:04 - Creata piattaforma a x=100, y=580, livello=Mantello
19:16:04 - Creata piattaforma a x=400, y=480, livello=Mantello
19:16:04 - Creata piattaforma a x=200, y=360, livello=Mantello
19:16:04 - Creata piattaforma a x=450, y=260, livello=Mantello
19:16:04 - Creata piattaforma a x=150, y=140, livello=Mantello
19:16:04 - Creata piattaforma a x=380, y=40, livello=Mantello
19:16:04 - Creata piattaforma a x=250, y=-80, livello=Mantello
19:16:04 - Creata piattaforma a x=420, y=-180, livello=Mantello
19:16:04 - Creata piattaforma a x=180, y=-300, livello=Mantello
19:16:04 - Creata piattaforma a x=350, y=-400, livello=Mantello
19:16:04 - Creata piattaforma a x=120, y=-520, livello=Mantello
19:16:04 - Creata piattaforma a x=400, y=-620, livello=Mantello
19:16:04 - Creata piattaforma a x=220, y=-740, livello=Mantello
19:16:04 - Creata piattaforma a x=380, y=-840, livello=Mantello
19:16:04 - Creata piattaforma a x=150, y=-960, livello=Mantello
19:16:04 - Creata piattaforma a x=450, y=-1060, livello=Mantello
19:16:04 - Creata piattaforma a x=200, y=-1180, livello=Crosta Terrestre
19:16:04 - Creata piattaforma a x=420, y=-1280, livello=Crosta Terrestre
19:16:04 - Creata piattaforma a x=150, y=-1400, livello=Crosta Terrestre
19:16:04 - Creata piattaforma a x=380, y=-1500, livello=Crosta Terrestre
19:16:04 - Creata piattaforma a x=250, y=-1620, livello=Crosta Terrestre
19:16:04 - Creata piattaforma a x=420, y=-1720, livello=Crosta Terrestre
19:16:04 - Creata piattaforma a x=180, y=-1840, livello=Crosta Terrestre
19:16:04 - Creata piattaforma a x=350, y=-1940, livello=Crosta Terrestre
19:16:04 - Creata piattaforma a x=120, y=-2060, livello=Crosta Terrestre
19:16:04 - Creata piattaforma a x=400, y=-2160, livello=Crosta Terrestre
19:16:04 - Creata piattaforma a x=220, y=-2280, livello=Crosta Terrestre
19:16:04 - Creata piattaforma a x=380, y=-2380, livello=Crosta Terrestre
19:16:04 - Creata piattaforma a x=150, y=-2500, livello=Crosta Terrestre
19:16:04 - Creata piattaforma a x=450, y=-2600, livello=Crosta Terrestre
19:16:04 - Creata piattaforma a x=200, y=-2720, livello=Crosta Terrestre
19:16:04 - Creata piattaforma a x=400, y=-2820, livello=Crosta Terrestre
19:16:04 - Creata piattaforma a x=200, y=-2940, livello=Vulcano
19:16:04 - Creata piattaforma a x=420, y=-3040, livello=Vulcano
19:16:04 - Creata piattaforma a x=150, y=-3160, livello=Vulcano
19:16:04 - Creata piattaforma a x=380, y=-3260, livello=Vulcano
19:16:04 - Creata piattaforma a x=250, y=-3380, livello=Vulcano
19:16:04 - Creata piattaforma a x=420, y=-3480, livello=Vulcano
19:16:04 - Creata piattaforma a x=180, y=-3600, livello=Vulcano
19:16:04 - Creata piattaforma a x=350, y=-3700, livello=Vulcano
19:16:04 - Creata piattaforma a x=120, y=-3820, livello=Vulcano
19:16:04 - Creata piattaforma a x=400, y=-3920, livello=Vulcano
19:16:04 - Creata piattaforma a x=220, y=-4040, livello=Vulcano
19:16:04 - Creata piattaforma a x=380, y=-4140, livello=Vulcano
19:16:04 - Creata piattaforma a x=150, y=-4260, livello=Vulcano
19:16:04 - Creata piattaforma a x=450, y=-4360, livello=Vulcano
19:16:04 - Creata piattaforma a x=200, y=-4480, livello=Vulcano
19:16:04 - Creata piattaforma a x=400, y=-4580, livello=Vulcano
19:16:04 - GAME OVER - Pos Y: 851.8, Velocità Y: 15, Ultima piattaforma Y: -4580
19:16:04 - GAME OVER - Pos Y: 866.8, Velocità Y: 15, Ultima piattaforma Y: -4580
19:16:05 - GAME OVER - Pos Y: 881.8, Velocità Y: 15, Ultima piattaforma Y: -4580
19:16:05 - GAME OVER - Pos Y: 896.8, Velocità Y: 15, Ultima piattaforma Y: -4580
19:16:05 - GAME OVER - Pos Y: 911.8, Velocità Y: 15, Ultima piattaforma Y: -4580
19:16:05 - GAME OVER - Pos Y: 926.8, Velocità Y: 15, Ultima piattaforma Y: -4580
19:16:05 - GAME OVER - Pos Y: 941.8, Velocità Y: 15, Ultima piattaforma Y: -4580
19:16:05 - GAME OVER - Pos Y: 956.8, Velocità Y: 15, Ultima piattaforma Y: -4580
19:16:05 - GAME OVER - Pos Y: 971.8, Velocità Y: 15, Ultima piattaforma Y: -4580
19:16:05 - GAME OVER - Pos Y: 986.8, Velocità Y: 15, Ultima piattaforma Y: -4580
19:16:05 - GAME OVER - Pos Y: 1001.8, Velocità Y: 15, Ultima piattaforma Y: -4580
19:16:05 - GAME OVER - Pos Y: 1016.8, Velocità Y: 15, Ultima piattaforma Y: -4580
19:16:05 - GAME OVER - Pos Y: 1031.8, Velocità Y: 15, Ultima piattaforma Y: -4580
19:16:05 - GAME OVER - Pos Y: 1046.8, Velocità Y: 15, Ultima piattaforma Y: -4580
19:16:05 - GAME OVER - Pos Y: 1061.8, Velocità Y: 15, Ultima piattaforma Y: -4580
19:16:05 - GAME OVER - Pos Y: 1076.8, Velocità Y: 15, Ultima piattaforma Y: -4580
19:16:05 - GAME OVER - Pos Y: 1091.8, Velocità Y: 15, Ultima piattaforma Y: -4580
19:16:05 - GAME OVER - Pos Y: 1106.8, Velocità Y: 15, Ultima piattaforma Y: -4580
19:16:05 - GAME OVER - Pos Y: 1121.8, Velocità Y: 15, Ultima piattaforma Y: -4580
19:16:05 - GAME OVER - Pos Y: 1136.8, Velocità Y: 15, Ultima piattaforma Y: -4580
19:16:05 - GAME OVER - Pos Y: 1151.8, Velocità Y: 15, Ultima piattaforma Y: -4580
19:16:05 - GAME OVER - Pos Y: 1166.8, Velocità Y: 15, Ultima piattaforma Y: -4580
19:16:05 - GAME OVER - Pos Y: 1181.8, Velocità Y: 15, Ultima piattaforma Y: -4580
19:16:05 - GAME OVER - Pos Y: 1196.8, Velocità Y: 15, Ultima piattaforma Y: -4580
19:16:05 - GAME OVER - Pos Y: 1211.8, Velocità Y: 15, Ultima piattaforma Y: -4580
19:16:05 - GAME OVER - Pos Y: 1226.8, Velocità Y: 15, Ultima piattaforma Y: -4580
19:16:05 - GAME OVER - Pos Y: 1241.8, Velocità Y: 15, Ultima piattaforma Y: -4580
19:16:05 - GAME OVER - Pos Y: 1256.8, Velocità Y: 15, Ultima piattaforma Y: -4580
19:16:05 - GAME OVER - Pos Y: 1271.8, Velocità Y: 15, Ultima piattaforma Y: -4580
19:16:05 - GAME OVER - Pos Y: 1286.8, Velocità Y: 15, Ultima piattaforma Y: -4580
19:16:05 - GAME OVER - Pos Y: 1301.8, Velocità Y: 15, Ultima piattaforma Y: -4580
19:16:05 - GAME OVER - Pos Y: 1316.8, Velocità Y: 15, Ultima piattaforma Y: -4580
19:16:05 - GAME OVER - Pos Y: 1331.8, Velocità Y: 15, Ultima piattaforma Y: -4580
19:16:05 - GAME OVER - Pos Y: 1346.8, Velocità Y: 15, Ultima piattaforma Y: -4580
19:16:05 - GAME OVER - Pos Y: 1361.8, Velocità Y: 15, Ultima piattaforma Y: -4580
19:16:05 - GAME OVER - Pos Y: 1376.8, Velocità Y: 15, Ultima piattaforma Y: -4580
19:16:05 - GAME OVER - Pos Y: 1391.8, Velocità Y: 15, Ultima piattaforma Y: -4580
19:16:05 - GAME OVER - Pos Y: 1406.8, Velocità Y: 15, Ultima piattaforma Y: -4580
19:16:05 - GAME OVER - Pos Y: 1421.8, Velocità Y: 15, Ultima piattaforma Y: -4580
19:16:05 - GAME OVER - Pos Y: 1436.8, Velocità Y: 15, Ultima piattaforma Y: -4580
19:16:05 - GAME OVER - Pos Y: 1451.8, Velocità Y: 15, Ultima piattaforma Y: -4580
19:16:05 - GAME OVER - Pos Y: 1466.8, Velocità Y: 15, Ultima piattaforma Y: -4580
19:16:05 - GAME OVER - Pos Y: 1481.8, Velocità Y: 15, Ultima piattaforma Y: -4580
19:16:05 - GAME OVER - Pos Y: 1496.8, Velocità Y: 15, Ultima piattaforma Y: -4580
19:16:05 - GAME OVER - Pos Y: 1511.8, Velocità Y: 15, Ultima piattaforma Y: -4580
19:16:05 - GAME OVER - Pos Y: 1526.8, Velocità Y: 15, Ultima piattaforma Y: -4580
19:16:05 - GAME OVER - Pos Y: 1541.8, Velocità Y: 15, Ultima piattaforma Y: -4580
19:16:05 - GAME OVER - Pos Y: 1556.8, Velocità Y: 15, Ultima piattaforma Y: -4580
19:16:05 - GAME OVER - Pos Y: 1571.8, Velocità Y: 15, Ultima piattaforma Y: -4580
19:16:05 - GAME OVER - Pos Y: 1586.8, Velocità Y: 15, Ultima piattaforma Y: -4580
19:16:05 - GAME OVER - Pos Y: 1601.8, Velocità Y: 15, Ultima piattaforma Y: -4580
19:16:05 - GAME OVER - Pos Y: 1616.8, Velocità Y: 15, Ultima piattaforma Y: -4580
19:16:05 - GAME OVER - Pos Y: 1631.8, Velocità Y: 15, Ultima piattaforma Y: -4580
19:16:05 - GAME OVER - Pos Y: 1646.8, Velocità Y: 15, Ultima piattaforma Y: -4580
19:16:05 - GAME OVER - Pos Y: 1661.8, Velocità Y: 15, Ultima piattaforma Y: -4580
19:16:05 - GAME OVER - Pos Y: 1676.8, Velocità Y: 15, Ultima piattaforma Y: -4580
19:16:05 - GAME OVER - Pos Y: 1691.8, Velocità Y: 15, Ultima piattaforma Y: -4580
19:16:05 - GAME OVER - Pos Y: 1706.8, Velocità Y: 15, Ultima piattaforma Y: -4580
19:16:05 - GAME OVER - Pos Y: 1721.8, Velocità Y: 15, Ultima piattaforma Y: -4580
19:16:05 - GAME OVER - Pos Y: 1736.8, Velocità Y: 15, Ultima piattaforma Y: -4580
19:16:05 - GAME OVER - Pos Y: 1751.8, Velocità Y: 15, Ultima piattaforma Y: -4580
19:16:05 - GAME OVER - Pos Y: 1766.8, Velocità Y: 15, Ultima piattaforma Y: -4580
19:16:06 - GAME OVER - Pos Y: 1781.8, Velocità Y: 15, Ultima piattaforma Y: -4580
19:16:06 - GAME OVER - Pos Y: 1796.8, Velocità Y: 15, Ultima piattaforma Y: -4580
19:16:06 - GAME OVER - Pos Y: 1811.8, Velocità Y: 15, Ultima piattaforma Y: -4580
19:16:06 - GAME OVER - Pos Y: 1826.8, Velocità Y: 15, Ultima piattaforma Y: -4580
19:16:06 - GAME OVER - Pos Y: 1841.8, Velocità Y: 15, Ultima piattaforma Y: -4580
19:16:06 - GAME OVER - Pos Y: 1856.8, Velocità Y: 15, Ultima piattaforma Y: -4580
19:16:06 - GAME OVER - Pos Y: 1871.8, Velocità Y: 15, Ultima piattaforma Y: -4580
19:16:06 - GAME OVER - Pos Y: 1886.8, Velocità Y: 15, Ultima piattaforma Y: -4580
19:16:06 - GAME OVER - Pos Y: 1901.8, Velocità Y: 15, Ultima piattaforma Y: -4580
19:16:06 - GAME OVER - Pos Y: 1916.8, Velocità Y: 15, Ultima piattaforma Y: -4580
19:16:06 - GAME OVER - Pos Y: 1931.8, Velocità Y: 15, Ultima piattaforma Y: -4580
19:16:06 - GAME OVER - Pos Y: 1946.8, Velocità Y: 15, Ultima piattaforma Y: -4580
19:16:06 - GAME OVER - Pos Y: 1961.8, Velocità Y: 15, Ultima piattaforma Y: -4580
19:16:06 - GAME OVER - Pos Y: 1976.8, Velocità Y: 15, Ultima piattaforma Y: -4580
19:16:06 - GAME OVER - Pos Y: 1991.8, Velocità Y: 15, Ultima piattaforma Y: -4580
19:16:06 - GAME OVER - Pos Y: 2006.8, Velocità Y: 15, Ultima piattaforma Y: -4580
19:16:06 - GAME OVER - Pos Y: 2021.8, Velocità Y: 15, Ultima piattaforma Y: -4580
19:16:06 - GAME OVER - Pos Y: 2036.8, Velocità Y: 15, Ultima piattaforma Y: -4580
19:16:06 - GAME OVER - Pos Y: 2051.8, Velocità Y: 15, Ultima piattaforma Y: -4580
19:16:06 - GAME OVER - Pos Y: 2066.8, Velocità Y: 15, Ultima piattaforma Y: -4580
19:16:06 - GAME OVER - Pos Y: 2081.8, Velocità Y: 15, Ultima piattaforma Y: -4580
19:16:06 - GAME OVER - Pos Y: 2096.8, Velocità Y: 15, Ultima piattaforma Y: -4580
19:16:06 - GAME OVER - Pos Y: 2111.8, Velocità Y: 15, Ultima piattaforma Y: -4580
19:16:06 - GAME OVER - Pos Y: 2126.8, Velocità Y: 15, Ultima piattaforma Y: -4580
19:16:06 - GAME OVER - Pos Y: 2141.8, Velocità Y: 15, Ultima piattaforma Y: -4580
19:16:06 - GAME OVER - Pos Y: 2156.8, Velocità Y: 15, Ultima piattaforma Y: -4580
19:16:06 - GAME OVER - Pos Y: 2171.8, Velocità Y: 15, Ultima piattaforma Y: -4580
19:16:06 - GAME OVER - Pos Y: 2186.8, Velocità Y: 15, Ultima piattaforma Y: -4580
19:16:06 - GAME OVER - Pos Y: 2201.8, Velocità Y: 15, Ultima piattaforma Y: -4580
19:16:06 - GAME OVER - Pos Y: 2216.8, Velocità Y: 15, Ultima piattaforma Y: -4580
19:16:06 - GAME OVER - Pos Y: 2231.8, Velocità Y: 15, Ultima piattaforma Y: -4580
19:16:06 - GAME OVER - Pos Y: 2246.8, Velocità Y: 15, Ultima piattaforma Y: -4580
19:16:06 - GAME OVER - Pos Y: 2261.8, Velocità Y: 15, Ultima piattaforma Y: -4580
19:16:06 - GAME OVER - Pos Y: 2276.8, Velocità Y: 15, Ultima piattaforma Y: -4580
19:16:06 - GAME OVER - Pos Y: 2291.8, Velocità Y: 15, Ultima piattaforma Y: -4580
19:16:06 - GAME OVER - Pos Y: 2306.8, Velocità Y: 15, Ultima piattaforma Y: -4580
19:16:06 - GAME OVER - Pos Y: 2321.8, Velocità Y: 15, Ultima piattaforma Y: -4580
19:16:06 - GAME OVER - Pos Y: 2336.8, Velocità Y: 15, Ultima piattaforma Y: -4580
19:16:06 - GAME OVER - Pos Y: 2351.8, Velocità Y: 15, Ultima piattaforma Y: -4580
19:16:06 - GAME OVER - Pos Y: 2366.8, Velocità Y: 15, Ultima piattaforma Y: -4580
19:16:06 - GAME OVER - Pos Y: 2381.8, Velocità Y: 15, Ultima piattaforma Y: -4580
19:16:06 - GAME OVER - Pos Y: 2396.8, Velocità Y: 15, Ultima piattaforma Y: -4580
19:16:06 - GAME OVER - Pos Y: 2411.8, Velocità Y: 15, Ultima piattaforma Y: -4580
19:16:06 - GAME OVER - Pos Y: 2426.8, Velocità Y: 15, Ultima piattaforma Y: -4580
19:16:06 - GAME OVER - Pos Y: 2441.8, Velocità Y: 15, Ultima piattaforma Y: -4580
19:16:06 - Resettando il gioco - Inizializzazione piattaforme statiche
19:16:06 - Creata piattaforma a x=250, y=700, livello=Mantello
19:16:06 - Creata piattaforma a x=100, y=580, livello=Mantello
19:16:06 - Creata piattaforma a x=400, y=480, livello=Mantello
19:16:06 - Creata piattaforma a x=200, y=360, livello=Mantello
19:16:06 - Creata piattaforma a x=450, y=260, livello=Mantello
19:16:06 - Creata piattaforma a x=150, y=140, livello=Mantello
19:16:06 - Creata piattaforma a x=380, y=40, livello=Mantello
19:16:06 - Creata piattaforma a x=250, y=-80, livello=Mantello
19:16:06 - Creata piattaforma a x=420, y=-180, livello=Mantello
19:16:06 - Creata piattaforma a x=180, y=-300, livello=Mantello
19:16:06 - Creata piattaforma a x=350, y=-400, livello=Mantello
19:16:06 - Creata piattaforma a x=120, y=-520, livello=Mantello
19:16:06 - Creata piattaforma a x=400, y=-620, livello=Mantello
19:16:06 - Creata piattaforma a x=220, y=-740, livello=Mantello
19:16:06 - Creata piattaforma a x=380, y=-840, livello=Mantello
19:16:06 - Creata piattaforma a x=150, y=-960, livello=Mantello
19:16:06 - Creata piattaforma a x=450, y=-1060, livello=Mantello
19:16:06 - Creata piattaforma a x=200, y=-1180, livello=Crosta Terrestre
19:16:06 - Creata piattaforma a x=420, y=-1280, livello=Crosta Terrestre
19:16:06 - Creata piattaforma a x=150, y=-1400, livello=Crosta Terrestre
19:16:06 - Creata piattaforma a x=380, y=-1500, livello=Crosta Terrestre
19:16:06 - Creata piattaforma a x=250, y=-1620, livello=Crosta Terrestre
19:16:06 - Creata piattaforma a x=420, y=-1720, livello=Crosta Terrestre
19:16:06 - Creata piattaforma a x=180, y=-1840, livello=Crosta Terrestre
19:16:06 - Creata piattaforma a x=350, y=-1940, livello=Crosta Terrestre
19:16:06 - Creata piattaforma a x=120, y=-2060, livello=Crosta Terrestre
19:16:06 - Creata piattaforma a x=400, y=-2160, livello=Crosta Terrestre
19:16:06 - Creata piattaforma a x=220, y=-2280, livello=Crosta Terrestre
19:16:06 - Creata piattaforma a x=380, y=-2380, livello=Crosta Terrestre
19:16:06 - Creata piattaforma a x=150, y=-2500, livello=Crosta Terrestre
19:16:06 - Creata piattaforma a x=450, y=-2600, livello=Crosta Terrestre
19:16:06 - Creata piattaforma a x=200, y=-2720, livello=Crosta Terrestre
19:16:06 - Creata piattaforma a x=400, y=-2820, livello=Crosta Terrestre
19:16:06 - Creata piattaforma a x=200, y=-2940, livello=Vulcano
19:16:06 - Creata piattaforma a x=420, y=-3040, livello=Vulcano
19:16:06 - Creata piattaforma a x=150, y=-3160, livello=Vulcano
19:16:06 - Creata piattaforma a x=380, y=-3260, livello=Vulcano
19:16:06 - Creata piattaforma a x=250, y=-3380, livello=Vulcano
19:16:06 - Creata piattaforma a x=420, y=-3480, livello=Vulcano
19:16:06 - Creata piattaforma a x=180, y=-3600, livello=Vulcano
19:16:06 - Creata piattaforma a x=350, y=-3700, livello=Vulcano
19:16:06 - Creata piattaforma a x=120, y=-3820, livello=Vulcano
19:16:06 - Creata piattaforma a x=400, y=-3920, livello=Vulcano
19:16:06 - Creata piattaforma a x=220, y=-4040, livello=Vulcano
19:16:06 - Creata piattaforma a x=380, y=-4140, livello=Vulcano
19:16:06 - Creata piattaforma a x=150, y=-4260, livello=Vulcano
19:16:06 - Creata piattaforma a x=450, y=-4360, livello=Vulcano
19:16:06 - Creata piattaforma a x=200, y=-4480, livello=Vulcano
19:16:06 - Creata piattaforma a x=400, y=-4580, livello=Vulcano
19:16:07 - GAME OVER - Pos Y: 851.8, Velocità Y: 15, Ultima piattaforma Y: -4580
19:16:07 - GAME OVER - Pos Y: 866.8, Velocità Y: 15, Ultima piattaforma Y: -4580
19:16:07 - GAME OVER - Pos Y: 881.8, Velocità Y: 15, Ultima piattaforma Y: -4580
19:16:07 - GAME OVER - Pos Y: 896.8, Velocità Y: 15, Ultima piattaforma Y: -4580
19:16:07 - GAME OVER - Pos Y: 911.8, Velocità Y: 15, Ultima piattaforma Y: -4580
19:16:07 - GAME OVER - Pos Y: 926.8, Velocità Y: 15, Ultima piattaforma Y: -4580
19:16:07 - GAME OVER - Pos Y: 941.8, Velocità Y: 15, Ultima piattaforma Y: -4580
19:16:07 - GAME OVER - Pos Y: 956.8, Velocità Y: 15, Ultima piattaforma Y: -4580
19:16:07 - GAME OVER - Pos Y: 971.8, Velocità Y: 15, Ultima piattaforma Y: -4580
19:16:07 - GAME OVER - Pos Y: 986.8, Velocità Y: 15, Ultima piattaforma Y: -4580
19:16:07 - GAME OVER - Pos Y: 1001.8, Velocità Y: 15, Ultima piattaforma Y: -4580
19:16:07 - GAME OVER - Pos Y: 1016.8, Velocità Y: 15, Ultima piattaforma Y: -4580
19:16:07 - GAME OVER - Pos Y: 1031.8, Velocità Y: 15, Ultima piattaforma Y: -4580
19:16:07 - GAME OVER - Pos Y: 1046.8, Velocità Y: 15, Ultima piattaforma Y: -4580
19:16:07 - GAME OVER - Pos Y: 1061.8, Velocità Y: 15, Ultima piattaforma Y: -4580
19:16:07 - GAME OVER - Pos Y: 1076.8, Velocità Y: 15, Ultima piattaforma Y: -4580
19:16:07 - GAME OVER - Pos Y: 1091.8, Velocità Y: 15, Ultima piattaforma Y: -4580
19:16:07 - GAME OVER - Pos Y: 1106.8, Velocità Y: 15, Ultima piattaforma Y: -4580
19:16:07 - GAME OVER - Pos Y: 1121.8, Velocità Y: 15, Ultima piattaforma Y: -4580
19:16:07 - GAME OVER - Pos Y: 1136.8, Velocità Y: 15, Ultima piattaforma Y: -4580
19:16:07 - GAME OVER - Pos Y: 1151.8, Velocità Y: 15, Ultima piattaforma Y: -4580
19:16:07 - GAME OVER - Pos Y: 1166.8, Velocità Y: 15, Ultima piattaforma Y: -4580
19:16:07 - GAME OVER - Pos Y: 1181.8, Velocità Y: 15, Ultima piattaforma Y: -4580
19:16:07 - GAME OVER - Pos Y: 1196.8, Velocità Y: 15, Ultima piattaforma Y: -4580
19:16:07 - GAME OVER - Pos Y: 1211.8, Velocità Y: 15, Ultima piattaforma Y: -4580
19:16:07 - GAME OVER - Pos Y: 1226.8, Velocità Y: 15, Ultima piattaforma Y: -4580
19:16:07 - GAME OVER - Pos Y: 1241.8, Velocità Y: 15, Ultima piattaforma Y: -4580
19:16:07 - GAME OVER - Pos Y: 1256.8, Velocità Y: 15, Ultima piattaforma Y: -4580
19:16:07 - GAME OVER - Pos Y: 1271.8, Velocità Y: 15, Ultima piattaforma Y: -4580
19:16:07 - GAME OVER - Pos Y: 1286.8, Velocità Y: 15, Ultima piattaforma Y: -4580
19:16:07 - Resettando il gioco - Inizializzazione piattaforme statiche
19:16:07 - Creata piattaforma a x=250, y=700, livello=Mantello
19:16:07 - Creata piattaforma a x=100, y=580, livello=Mantello
19:16:07 - Creata piattaforma a x=400, y=480, livello=Mantello
19:16:07 - Creata piattaforma a x=200, y=360, livello=Mantello
19:16:07 - Creata piattaforma a x=450, y=260, livello=Mantello
19:16:07 - Creata piattaforma a x=150, y=140, livello=Mantello
19:16:07 - Creata piattaforma a x=380, y=40, livello=Mantello
19:16:07 - Creata piattaforma a x=250, y=-80, livello=Mantello
19:16:07 - Creata piattaforma a x=420, y=-180, livello=Mantello
19:16:07 - Creata piattaforma a x=180, y=-300, livello=Mantello
19:16:07 - Creata piattaforma a x=350, y=-400, livello=Mantello
19:16:07 - Creata piattaforma a x=120, y=-520, livello=Mantello
19:16:07 - Creata piattaforma a x=400, y=-620, livello=Mantello
19:16:07 - Creata piattaforma a x=220, y=-740, livello=Mantello
19:16:07 - Creata piattaforma a x=380, y=-840, livello=Mantello
19:16:07 - Creata piattaforma a x=150, y=-960, livello=Mantello
19:16:07 - Creata piattaforma a x=450, y=-1060, livello=Mantello
19:16:07 - Creata piattaforma a x=200, y=-1180, livello=Crosta Terrestre
19:16:07 - Creata piattaforma a x=420, y=-1280, livello=Crosta Terrestre
19:16:07 - Creata piattaforma a x=150, y=-1400, livello=Crosta Terrestre
19:16:07 - Creata piattaforma a x=380, y=-1500, livello=Crosta Terrestre
19:16:07 - Creata piattaforma a x=250, y=-1620, livello=Crosta Terrestre
19:16:07 - Creata piattaforma a x=420, y=-1720, livello=Crosta Terrestre
19:16:07 - Creata piattaforma a x=180, y=-1840, livello=Crosta Terrestre
19:16:07 - Creata piattaforma a x=350, y=-1940, livello=Crosta Terrestre
19:16:07 - Creata piattaforma a x=120, y=-2060, livello=Crosta Terrestre
19:16:07 - Creata piattaforma a x=400, y=-2160, livello=Crosta Terrestre
19:16:07 - Creata piattaforma a x=220, y=-2280, livello=Crosta Terrestre
19:16:07 - Creata piattaforma a x=380, y=-2380, livello=Crosta Terrestre
19:16:07 - Creata piattaforma a x=150, y=-2500, livello=Crosta Terrestre
19:16:07 - Creata piattaforma a x=450, y=-2600, livello=Crosta Terrestre
19:16:07 - Creata piattaforma a x=200, y=-2720, livello=Crosta Terrestre
19:16:07 - Creata piattaforma a x=400, y=-2820, livello=Crosta Terrestre
19:16:07 - Creata piattaforma a x=200, y=-2940, livello=Vulcano
19:16:07 - Creata piattaforma a x=420, y=-3040, livello=Vulcano
19:16:07 - Creata piattaforma a x=150, y=-3160, livello=Vulcano
19:16:07 - Creata piattaforma a x=380, y=-3260, livello=Vulcano
19:16:07 - Creata piattaforma a x=250, y=-3380, livello=Vulcano
19:16:07 - Creata piattaforma a x=420, y=-3480, livello=Vulcano
19:16:07 - Creata piattaforma a x=180, y=-3600, livello=Vulcano
19:16:07 - Creata piattaforma a x=350, y=-3700, livello=Vulcano
19:16:07 - Creata piattaforma a x=120, y=-3820, livello=Vulcano
19:16:07 - Creata piattaforma a x=400, y=-3920, livello=Vulcano
19:16:07 - Creata piattaforma a x=220, y=-4040, livello=Vulcano
19:16:07 - Creata piattaforma a x=380, y=-4140, livello=Vulcano
19:16:07 - Creata piattaforma a x=150, y=-4260, livello=Vulcano
19:16:07 - Creata piattaforma a x=450, y=-4360, livello=Vulcano
19:16:07 - Creata piattaforma a x=200, y=-4480, livello=Vulcano
19:16:07 - Creata piattaforma a x=400, y=-4580, livello=Vulcano
19:16:07 - GAME OVER - Pos Y: 851.8, Velocità Y: 15, Ultima piattaforma Y: -4580
19:16:07 - GAME OVER - Pos Y: 866.8, Velocità Y: 15, Ultima piattaforma Y: -4580
19:16:07 - GAME OVER - Pos Y: 881.8, Velocità Y: 15, Ultima piattaforma Y: -4580
19:16:07 - GAME OVER - Pos Y: 896.8, Velocità Y: 15, Ultima piattaforma Y: -4580
19:16:07 - GAME OVER - Pos Y: 911.8, Velocità Y: 15, Ultima piattaforma Y: -4580
19:16:07 - GAME OVER - Pos Y: 926.8, Velocità Y: 15, Ultima piattaforma Y: -4580
19:16:07 - GAME OVER - Pos Y: 941.8, Velocità Y: 15, Ultima piattaforma Y: -4580
19:16:07 - GAME OVER - Pos Y: 956.8, Velocità Y: 15, Ultima piattaforma Y: -4580
19:16:07 - GAME OVER - Pos Y: 971.8, Velocità Y: 15, Ultima piattaforma Y: -4580
19:16:08 - GAME OVER - Pos Y: 986.8, Velocità Y: 15, Ultima piattaforma Y: -4580
19:16:08 - GAME OVER - Pos Y: 1001.8, Velocità Y: 15, Ultima piattaforma Y: -4580
19:16:08 - Resettando il gioco - Inizializzazione piattaforme statiche
19:16:08 - Creata piattaforma a x=250, y=700, livello=Mantello
19:16:08 - Creata piattaforma a x=100, y=580, livello=Mantello
19:16:08 - Creata piattaforma a x=400, y=480, livello=Mantello
19:16:08 - Creata piattaforma a x=200, y=360, livello=Mantello
19:16:08 - Creata piattaforma a x=450, y=260, livello=Mantello
19:16:08 - Creata piattaforma a x=150, y=140, livello=Mantello
19:16:08 - Creata piattaforma a x=380, y=40, livello=Mantello
19:16:08 - Creata piattaforma a x=250, y=-80, livello=Mantello
19:16:08 - Creata piattaforma a x=420, y=-180, livello=Mantello
19:16:08 - Creata piattaforma a x=180, y=-300, livello=Mantello
19:16:08 - Creata piattaforma a x=350, y=-400, livello=Mantello
19:16:08 - Creata piattaforma a x=120, y=-520, livello=Mantello
19:16:08 - Creata piattaforma a x=400, y=-620, livello=Mantello
19:16:08 - Creata piattaforma a x=220, y=-740, livello=Mantello
19:16:08 - Creata piattaforma a x=380, y=-840, livello=Mantello
19:16:08 - Creata piattaforma a x=150, y=-960, livello=Mantello
19:16:08 - Creata piattaforma a x=450, y=-1060, livello=Mantello
19:16:08 - Creata piattaforma a x=200, y=-1180, livello=Crosta Terrestre
19:16:08 - Creata piattaforma a x=420, y=-1280, livello=Crosta Terrestre
19:16:08 - Creata piattaforma a x=150, y=-1400, livello=Crosta Terrestre
19:16:08 - Creata piattaforma a x=380, y=-1500, livello=Crosta Terrestre
19:16:08 - Creata piattaforma a x=250, y=-1620, livello=Crosta Terrestre
19:16:08 - Creata piattaforma a x=420, y=-1720, livello=Crosta Terrestre
19:16:08 - Creata piattaforma a x=180, y=-1840, livello=Crosta Terrestre
19:16:08 - Creata piattaforma a x=350, y=-1940, livello=Crosta Terrestre
19:16:08 - Creata piattaforma a x=120, y=-2060, livello=Crosta Terrestre
19:16:08 - Creata piattaforma a x=400, y=-2160, livello=Crosta Terrestre
19:16:08 - Creata piattaforma a x=220, y=-2280, livello=Crosta Terrestre
19:16:08 - Creata piattaforma a x=380, y=-2380, livello=Crosta Terrestre
19:16:08 - Creata piattaforma a x=150, y=-2500, livello=Crosta Terrestre
19:16:08 - Creata piattaforma a x=450, y=-2600, livello=Crosta Terrestre
19:16:08 - Creata piattaforma a x=200, y=-2720, livello=Crosta Terrestre
19:16:08 - Creata piattaforma a x=400, y=-2820, livello=Crosta Terrestre
19:16:08 - Creata piattaforma a x=200, y=-2940, livello=Vulcano
19:16:08 - Creata piattaforma a x=420, y=-3040, livello=Vulcano
19:16:08 - Creata piattaforma a x=150, y=-3160, livello=Vulcano
19:16:08 - Creata piattaforma a x=380, y=-3260, livello=Vulcano
19:16:08 - Creata piattaforma a x=250, y=-3380, livello=Vulcano
19:16:08 - Creata piattaforma a x=420, y=-3480, livello=Vulcano
19:16:08 - Creata piattaforma a x=180, y=-3600, livello=Vulcano
19:16:08 - Creata piattaforma a x=350, y=-3700, livello=Vulcano
19:16:08 - Creata piattaforma a x=120, y=-3820, livello=Vulcano
19:16:08 - Creata piattaforma a x=400, y=-3920, livello=Vulcano
19:16:08 - Creata piattaforma a x=220, y=-4040, livello=Vulcano
19:16:08 - Creata piattaforma a x=380, y=-4140, livello=Vulcano
19:16:08 - Creata piattaforma a x=150, y=-4260, livello=Vulcano
19:16:08 - Creata piattaforma a x=450, y=-4360, livello=Vulcano
19:16:08 - Creata piattaforma a x=200, y=-4480, livello=Vulcano
19:16:08 - Creata piattaforma a x=400, y=-4580, livello=Vulcano
19:16:08 - GAME OVER - Pos Y: 851.8, Velocità Y: 15, Ultima piattaforma Y: -4580
19:16:08 - GAME OVER - Pos Y: 866.8, Velocità Y: 15, Ultima piattaforma Y: -4580
19:16:08 - GAME OVER - Pos Y: 881.8, Velocità Y: 15, Ultima piattaforma Y: -4580
19:16:08 - GAME OVER - Pos Y: 896.8, Velocità Y: 15, Ultima piattaforma Y: -4580
19:16:08 - GAME OVER - Pos Y: 911.8, Velocità Y: 15, Ultima piattaforma Y: -4580
19:16:08 - GAME OVER - Pos Y: 926.8, Velocità Y: 15, Ultima piattaforma Y: -4580
19:16:08 - GAME OVER - Pos Y: 941.8, Velocità Y: 15, Ultima piattaforma Y: -4580
19:16:08 - GAME OVER - Pos Y: 956.8, Velocità Y: 15, Ultima piattaforma Y: -4580
19:16:08 - GAME OVER - Pos Y: 971.8, Velocità Y: 15, Ultima piattaforma Y: -4580
19:16:08 - Resettando il gioco - Inizializzazione piattaforme statiche
19:16:08 - Creata piattaforma a x=250, y=700, livello=Mantello
19:16:08 - Creata piattaforma a x=100, y=580, livello=Mantello
19:16:08 - Creata piattaforma a x=400, y=480, livello=Mantello
19:16:08 - Creata piattaforma a x=200, y=360, livello=Mantello
19:16:08 - Creata piattaforma a x=450, y=260, livello=Mantello
19:16:08 - Creata piattaforma a x=150, y=140, livello=Mantello
19:16:08 - Creata piattaforma a x=380, y=40, livello=Mantello
19:16:08 - Creata piattaforma a x=250, y=-80, livello=Mantello
19:16:08 - Creata piattaforma a x=420, y=-180, livello=Mantello
19:16:08 - Creata piattaforma a x=180, y=-300, livello=Mantello
19:16:08 - Creata piattaforma a x=350, y=-400, livello=Mantello
19:16:08 - Creata piattaforma a x=120, y=-520, livello=Mantello
19:16:08 - Creata piattaforma a x=400, y=-620, livello=Mantello
19:16:08 - Creata piattaforma a x=220, y=-740, livello=Mantello
19:16:08 - Creata piattaforma a x=380, y=-840, livello=Mantello
19:16:08 - Creata piattaforma a x=150, y=-960, livello=Mantello
19:16:08 - Creata piattaforma a x=450, y=-1060, livello=Mantello
19:16:08 - Creata piattaforma a x=200, y=-1180, livello=Crosta Terrestre
19:16:08 - Creata piattaforma a x=420, y=-1280, livello=Crosta Terrestre
19:16:08 - Creata piattaforma a x=150, y=-1400, livello=Crosta Terrestre
19:16:08 - Creata piattaforma a x=380, y=-1500, livello=Crosta Terrestre
19:16:08 - Creata piattaforma a x=250, y=-1620, livello=Crosta Terrestre
19:16:08 - Creata piattaforma a x=420, y=-1720, livello=Crosta Terrestre
19:16:08 - Creata piattaforma a x=180, y=-1840, livello=Crosta Terrestre
19:16:08 - Creata piattaforma a x=350, y=-1940, livello=Crosta Terrestre
19:16:08 - Creata piattaforma a x=120, y=-2060, livello=Crosta Terrestre
19:16:08 - Creata piattaforma a x=400, y=-2160, livello=Crosta Terrestre
19:16:08 - Creata piattaforma a x=220, y=-2280, livello=Crosta Terrestre
19:16:08 - Creata piattaforma a x=380, y=-2380, livello=Crosta Terrestre
19:16:08 - Creata piattaforma a x=150, y=-2500, livello=Crosta Terrestre
19:16:08 - Creata piattaforma a x=450, y=-2600, livello=Crosta Terrestre
19:16:08 - Creata piattaforma a x=200, y=-2720, livello=Crosta Terrestre
19:16:08 - Creata piattaforma a x=400, y=-2820, livello=Crosta Terrestre
19:16:08 - Creata piattaforma a x=200, y=-2940, livello=Vulcano
19:16:08 - Creata piattaforma a x=420, y=-3040, livello=Vulcano
19:16:08 - Creata piattaforma a x=150, y=-3160, livello=Vulcano
19:16:08 - Creata piattaforma a x=380, y=-3260, livello=Vulcano
19:16:08 - Creata piattaforma a x=250, y=-3380, livello=Vulcano
19:16:08 - Creata piattaforma a x=420, y=-3480, livello=Vulcano
19:16:08 - Creata piattaforma a x=180, y=-3600, livello=Vulcano
19:16:08 - Creata piattaforma a x=350, y=-3700, livello=Vulcano
19:16:08 - Creata piattaforma a x=120, y=-3820, livello=Vulcano
19:16:08 - Creata piattaforma a x=400, y=-3920, livello=Vulcano
19:16:08 - Creata piattaforma a x=220, y=-4040, livello=Vulcano
19:16:08 - Creata piattaforma a x=380, y=-4140, livello=Vulcano
19:16:08 - Creata piattaforma a x=150, y=-4260, livello=Vulcano
19:16:08 - Creata piattaforma a x=450, y=-4360, livello=Vulcano
19:16:08 - Creata piattaforma a x=200, y=-4480, livello=Vulcano
19:16:08 - Creata piattaforma a x=400, y=-4580, livello=Vulcano
19:16:08 - GAME OVER - Pos Y: 851.8, Velocità Y: 15, Ultima piattaforma Y: -4580
19:16:08 - GAME OVER - Pos Y: 866.8, Velocità Y: 15, Ultima piattaforma Y: -4580
19:16:08 - GAME OVER - Pos Y: 881.8, Velocità Y: 15, Ultima piattaforma Y: -4580
19:16:08 - GAME OVER - Pos Y: 896.8, Velocità Y: 15, Ultima piattaforma Y: -4580
19:16:08 - GAME OVER - Pos Y: 911.8, Velocità Y: 15, Ultima piattaforma Y: -4580
19:16:08 - GAME OVER - Pos Y: 926.8, Velocità Y: 15, Ultima piattaforma Y: -4580
19:16:08 - GAME OVER - Pos Y: 941.8, Velocità Y: 15, Ultima piattaforma Y: -4580
19:16:08 - GAME OVER - Pos Y: 956.8, Velocità Y: 15, Ultima piattaforma Y: -4580
19:16:08 - GAME OVER - Pos Y: 971.8, Velocità Y: 15, Ultima piattaforma Y: -4580
19:16:08 - Resettando il gioco - Inizializzazione piattaforme statiche
19:16:08 - Creata piattaforma a x=250, y=700, livello=Mantello
19:16:08 - Creata piattaforma a x=100, y=580, livello=Mantello
19:16:08 - Creata piattaforma a x=400, y=480, livello=Mantello
19:16:08 - Creata piattaforma a x=200, y=360, livello=Mantello
19:16:08 - Creata piattaforma a x=450, y=260, livello=Mantello
19:16:08 - Creata piattaforma a x=150, y=140, livello=Mantello
19:16:08 - Creata piattaforma a x=380, y=40, livello=Mantello
19:16:08 - Creata piattaforma a x=250, y=-80, livello=Mantello
19:16:08 - Creata piattaforma a x=420, y=-180, livello=Mantello
19:16:08 - Creata piattaforma a x=180, y=-300, livello=Mantello
19:16:08 - Creata piattaforma a x=350, y=-400, livello=Mantello
19:16:08 - Creata piattaforma a x=120, y=-520, livello=Mantello
19:16:08 - Creata piattaforma a x=400, y=-620, livello=Mantello
19:16:08 - Creata piattaforma a x=220, y=-740, livello=Mantello
19:16:08 - Creata piattaforma a x=380, y=-840, livello=Mantello
19:16:08 - Creata piattaforma a x=150, y=-960, livello=Mantello
19:16:08 - Creata piattaforma a x=450, y=-1060, livello=Mantello
19:16:08 - Creata piattaforma a x=200, y=-1180, livello=Crosta Terrestre
19:16:08 - Creata piattaforma a x=420, y=-1280, livello=Crosta Terrestre
19:16:08 - Creata piattaforma a x=150, y=-1400, livello=Crosta Terrestre
19:16:08 - Creata piattaforma a x=380, y=-1500, livello=Crosta Terrestre
19:16:08 - Creata piattaforma a x=250, y=-1620, livello=Crosta Terrestre
19:16:08 - Creata piattaforma a x=420, y=-1720, livello=Crosta Terrestre
19:16:08 - Creata piattaforma a x=180, y=-1840, livello=Crosta Terrestre
19:16:08 - Creata piattaforma a x=350, y=-1940, livello=Crosta Terrestre
19:16:08 - Creata piattaforma a x=120, y=-2060, livello=Crosta Terrestre
19:16:08 - Creata piattaforma a x=400, y=-2160, livello=Crosta Terrestre
19:16:08 - Creata piattaforma a x=220, y=-2280, livello=Crosta Terrestre
19:16:08 - Creata piattaforma a x=380, y=-2380, livello=Crosta Terrestre
19:16:08 - Creata piattaforma a x=150, y=-2500, livello=Crosta Terrestre
19:16:08 - Creata piattaforma a x=450, y=-2600, livello=Crosta Terrestre
19:16:08 - Creata piattaforma a x=200, y=-2720, livello=Crosta Terrestre
19:16:08 - Creata piattaforma a x=400, y=-2820, livello=Crosta Terrestre
19:16:08 - Creata piattaforma a x=200, y=-2940, livello=Vulcano
19:16:08 - Creata piattaforma a x=420, y=-3040, livello=Vulcano
19:16:08 - Creata piattaforma a x=150, y=-3160, livello=Vulcano
19:16:08 - Creata piattaforma a x=380, y=-3260, livello=Vulcano
19:16:08 - Creata piattaforma a x=250, y=-3380, livello=Vulcano
19:16:08 - Creata piattaforma a x=420, y=-3480, livello=Vulcano
19:16:08 - Creata piattaforma a x=180, y=-3600, livello=Vulcano
19:16:08 - Creata piattaforma a x=350, y=-3700, livello=Vulcano
19:16:08 - Creata piattaforma a x=120, y=-3820, livello=Vulcano
19:16:08 - Creata piattaforma a x=400, y=-3920, livello=Vulcano
19:16:08 - Creata piattaforma a x=220, y=-4040, livello=Vulcano
19:16:08 - Creata piattaforma a x=380, y=-4140, livello=Vulcano
19:16:08 - Creata piattaforma a x=150, y=-4260, livello=Vulcano
19:16:08 - Creata piattaforma a x=450, y=-4360, livello=Vulcano
19:16:08 - Creata piattaforma a x=200, y=-4480, livello=Vulcano
19:16:08 - Creata piattaforma a x=400, y=-4580, livello=Vulcano
19:16:09 - GAME OVER - Pos Y: 851.8, Velocità Y: 15, Ultima piattaforma Y: -4580
19:16:09 - GAME OVER - Pos Y: 866.8, Velocità Y: 15, Ultima piattaforma Y: -4580
19:16:09 - GAME OVER - Pos Y: 881.8, Velocità Y: 15, Ultima piattaforma Y: -4580
19:16:09 - GAME OVER - Pos Y: 896.8, Velocità Y: 15, Ultima piattaforma Y: -4580
19:16:09 - GAME OVER - Pos Y: 911.8, Velocità Y: 15, Ultima piattaforma Y: -4580
19:16:09 - GAME OVER - Pos Y: 926.8, Velocità Y: 15, Ultima piattaforma Y: -4580
19:16:09 - GAME OVER - Pos Y: 941.8, Velocità Y: 15, Ultima piattaforma Y: -4580
19:16:09 - GAME OVER - Pos Y: 956.8, Velocità Y: 15, Ultima piattaforma Y: -4580
19:16:09 - GAME OVER - Pos Y: 971.8, Velocità Y: 15, Ultima piattaforma Y: -4580
19:16:09 - GAME OVER - Pos Y: 986.8, Velocità Y: 15, Ultima piattaforma Y: -4580
19:16:09 - GAME OVER - Pos Y: 1001.8, Velocità Y: 15, Ultima piattaforma Y: -4580
19:16:09 - GAME OVER - Pos Y: 1016.8, Velocità Y: 15, Ultima piattaforma Y: -4580
19:16:09 - GAME OVER - Pos Y: 1031.8, Velocità Y: 15, Ultima piattaforma Y: -4580
19:16:09 - GAME OVER - Pos Y: 1046.8, Velocità Y: 15, Ultima piattaforma Y: -4580
19:16:09 - GAME OVER - Pos Y: 1061.8, Velocità Y: 15, Ultima piattaforma Y: -4580
19:16:09 - GAME OVER - Pos Y: 1076.8, Velocità Y: 15, Ultima piattaforma Y: -4580
19:16:09 - GAME OVER - Pos Y: 1091.8, Velocità Y: 15, Ultima piattaforma Y: -4580
19:16:09 - GAME OVER - Pos Y: 1106.8, Velocità Y: 15, Ultima piattaforma Y: -4580
19:16:09 - GAME OVER - Pos Y: 1121.8, Velocità Y: 15, Ultima piattaforma Y: -4580
19:16:09 - GAME OVER - Pos Y: 1136.8, Velocità Y: 15, Ultima piattaforma Y: -4580
19:16:09 - GAME OVER - Pos Y: 1151.8, Velocità Y: 15, Ultima piattaforma Y: -4580
19:16:09 - GAME OVER - Pos Y: 1166.8, Velocità Y: 15, Ultima piattaforma Y: -4580
19:16:09 - GAME OVER - Pos Y: 1181.8, Velocità Y: 15, Ultima piattaforma Y: -4580
19:16:09 - GAME OVER - Pos Y: 1196.8, Velocità Y: 15, Ultima piattaforma Y: -4580
19:16:09 - GAME OVER - Pos Y: 1211.8, Velocità Y: 15, Ultima piattaforma Y: -4580
19:16:09 - GAME OVER - Pos Y: 1226.8, Velocità Y: 15, Ultima piattaforma Y: -4580
19:16:09 - GAME OVER - Pos Y: 1241.8, Velocità Y: 15, Ultima piattaforma Y: -4580
19:16:09 - GAME OVER - Pos Y: 1256.8, Velocità Y: 15, Ultima piattaforma Y: -4580
19:16:09 - GAME OVER - Pos Y: 1271.8, Velocità Y: 15, Ultima piattaforma Y: -4580
19:16:09 - GAME OVER - Pos Y: 1286.8, Velocità Y: 15, Ultima piattaforma Y: -4580
19:16:09 - GAME OVER - Pos Y: 1301.8, Velocità Y: 15, Ultima piattaforma Y: -4580
19:16:09 - GAME OVER - Pos Y: 1316.8, Velocità Y: 15, Ultima piattaforma Y: -4580
19:16:09 - GAME OVER - Pos Y: 1331.8, Velocità Y: 15, Ultima piattaforma Y: -4580
19:16:09 - GAME OVER - Pos Y: 1346.8, Velocità Y: 15, Ultima piattaforma Y: -4580
19:16:09 - GAME OVER - Pos Y: 1361.8, Velocità Y: 15, Ultima piattaforma Y: -4580
19:16:09 - GAME OVER - Pos Y: 1376.8, Velocità Y: 15, Ultima piattaforma Y: -4580
19:16:09 - GAME OVER - Pos Y: 1391.8, Velocità Y: 15, Ultima piattaforma Y: -4580
19:16:09 - GAME OVER - Pos Y: 1406.8, Velocità Y: 15, Ultima piattaforma Y: -4580
19:16:09 - GAME OVER - Pos Y: 1421.8, Velocità Y: 15, Ultima piattaforma Y: -4580
19:16:09 - GAME OVER - Pos Y: 1436.8, Velocità Y: 15, Ultima piattaforma Y: -4580
19:16:09 - GAME OVER - Pos Y: 1451.8, Velocità Y: 15, Ultima piattaforma Y: -4580
19:16:09 - GAME OVER - Pos Y: 1466.8, Velocità Y: 15, Ultima piattaforma Y: -4580
19:16:09 - GAME OVER - Pos Y: 1481.8, Velocità Y: 15, Ultima piattaforma Y: -4580
19:16:09 - GAME OVER - Pos Y: 1496.8, Velocità Y: 15, Ultima piattaforma Y: -4580
19:16:09 - GAME OVER - Pos Y: 1511.8, Velocità Y: 15, Ultima piattaforma Y: -4580
19:16:09 - GAME OVER - Pos Y: 1526.8, Velocità Y: 15, Ultima piattaforma Y: -4580
19:16:10 - GAME OVER - Pos Y: 1541.8, Velocità Y: 15, Ultima piattaforma Y: -4580
19:16:10 - GAME OVER - Pos Y: 1556.8, Velocità Y: 15, Ultima piattaforma Y: -4580
19:16:10 - GAME OVER - Pos Y: 1571.8, Velocità Y: 15, Ultima piattaforma Y: -4580
19:16:10 - GAME OVER - Pos Y: 1586.8, Velocità Y: 15, Ultima piattaforma Y: -4580
19:16:10 - GAME OVER - Pos Y: 1601.8, Velocità Y: 15, Ultima piattaforma Y: -4580
19:16:10 - GAME OVER - Pos Y: 1616.8, Velocità Y: 15, Ultima piattaforma Y: -4580
19:16:10 - GAME OVER - Pos Y: 1631.8, Velocità Y: 15, Ultima piattaforma Y: -4580
19:16:10 - GAME OVER - Pos Y: 1646.8, Velocità Y: 15, Ultima piattaforma Y: -4580
19:16:10 - GAME OVER - Pos Y: 1661.8, Velocità Y: 15, Ultima piattaforma Y: -4580
19:16:10 - GAME OVER - Pos Y: 1676.8, Velocità Y: 15, Ultima piattaforma Y: -4580
19:16:10 - GAME OVER - Pos Y: 1691.8, Velocità Y: 15, Ultima piattaforma Y: -4580
19:16:10 - GAME OVER - Pos Y: 1706.8, Velocità Y: 15, Ultima piattaforma Y: -4580
19:16:10 - GAME OVER - Pos Y: 1721.8, Velocità Y: 15, Ultima piattaforma Y: -4580
19:16:10 - GAME OVER - Pos Y: 1736.8, Velocità Y: 15, Ultima piattaforma Y: -4580
19:16:10 - GAME OVER - Pos Y: 1751.8, Velocità Y: 15, Ultima piattaforma Y: -4580
19:16:10 - GAME OVER - Pos Y: 1766.8, Velocità Y: 15, Ultima piattaforma Y: -4580
19:16:10 - GAME OVER - Pos Y: 1781.8, Velocità Y: 15, Ultima piattaforma Y: -4580
19:16:10 - GAME OVER - Pos Y: 1796.8, Velocità Y: 15, Ultima piattaforma Y: -4580
19:16:10 - GAME OVER - Pos Y: 1811.8, Velocità Y: 15, Ultima piattaforma Y: -4580
19:16:10 - GAME OVER - Pos Y: 1826.8, Velocità Y: 15, Ultima piattaforma Y: -4580
19:16:10 - GAME OVER - Pos Y: 1841.8, Velocità Y: 15, Ultima piattaforma Y: -4580
19:16:10 - GAME OVER - Pos Y: 1856.8, Velocità Y: 15, Ultima piattaforma Y: -4580
19:16:10 - GAME OVER - Pos Y: 1871.8, Velocità Y: 15, Ultima piattaforma Y: -4580
19:16:10 - GAME OVER - Pos Y: 1886.8, Velocità Y: 15, Ultima piattaforma Y: -4580
19:16:10 - GAME OVER - Pos Y: 1901.8, Velocità Y: 15, Ultima piattaforma Y: -4580
19:16:10 - GAME OVER - Pos Y: 1916.8, Velocità Y: 15, Ultima piattaforma Y: -4580
19:16:10 - GAME OVER - Pos Y: 1931.8, Velocità Y: 15, Ultima piattaforma Y: -4580
19:16:10 - GAME OVER - Pos Y: 1946.8, Velocità Y: 15, Ultima piattaforma Y: -4580
19:16:10 - GAME OVER - Pos Y: 1961.8, Velocità Y: 15, Ultima piattaforma Y: -4580
19:16:10 - GAME OVER - Pos Y: 1976.8, Velocità Y: 15, Ultima piattaforma Y: -4580
