19:09:26 - Rimbalzo - Pos Y: 717.1825157324799, Velocità Y: -14, Piattaforma Y: 750
19:09:27 - Rimbalzo - Pos Y: 710.4405363948736, Velocità Y: -14, Piattaforma Y: 750
19:09:27 - Rimbalzo - Pos Y: 709.7396950274205, Velocità Y: -14, Piattaforma Y: 750
19:09:28 - Rimbalzo - Pos Y: 709.730616182842, Velocità Y: -14, Piattaforma Y: 750
19:09:28 - Rimbalzo - Pos Y: 612.3300414923833, Velocità Y: -14, Piattaforma Y: 650
19:09:29 - Rimbalzo - Pos Y: 609.7622929939902, Velocità Y: -14, Piattaforma Y: 650
19:09:29 - Rimbalzo - Pos Y: 706.1811617681288, Velocità Y: -14, Piattaforma Y: 750
19:09:30 - Rimbalzo - Pos Y: 709.5081626415629, Velocità Y: -14, Piattaforma Y: 750
19:09:30 - Rimbalzo - Pos Y: 611.7542130864417, Velocità Y: -14, Piattaforma Y: 650
19:09:31 - Rimbalzo - Pos Y: 609.4534561409818, Velocità Y: -14, Piattaforma Y: 650
19:09:31 - Rimbalzo - Pos Y: 558.3422431984715, Velocità Y: -14, Piattaforma Y: 600
19:09:32 - Rimbalzo - Pos Y: 559.5572161412089, Velocità Y: -14, Piattaforma Y: 600
19:09:32 - Rimbalzo - Pos Y: 459.4994199067218, Velocità Y: -14, Piattaforma Y: 500
19:09:33 - Rimbalzo - Pos Y: 459.6738065626321, Velocità Y: -14, Piattaforma Y: 500
19:09:33 - Rimbalzo - Pos Y: 410.3527634803783, Velocità Y: -14, Piattaforma Y: 450
19:09:34 - Rimbalzo - Pos Y: 408.183633111319, Velocità Y: -14, Piattaforma Y: 450
19:09:34 - Rimbalzo - Pos Y: 409.17787730754947, Velocità Y: -14, Piattaforma Y: 450
19:09:35 - Rimbalzo - Pos Y: 455.86233142157886, Velocità Y: -14, Piattaforma Y: 500
19:09:36 - Rimbalzo - Pos Y: 459.6768051045666, Velocità Y: -14, Piattaforma Y: 500
19:09:36 - Rimbalzo - Pos Y: 457.9394812970818, Velocità Y: -14, Piattaforma Y: 500
19:09:37 - Rimbalzo - Pos Y: 457.5954141515386, Velocità Y: -14, Piattaforma Y: 500
19:09:37 - Rimbalzo - Pos Y: 410.8927945013827, Velocità Y: -14, Piattaforma Y: 450
19:09:38 - Rimbalzo - Pos Y: 409.23709657516275, Velocità Y: -14, Piattaforma Y: 450
19:09:38 - Rimbalzo - Pos Y: 309.31974742135276, Velocità Y: -14, Piattaforma Y: 350
19:09:38 - Stato gioco - Altezza: -0.01 km, World offset: 7.88025257864723, Player y: 272.11974742135277, Velocità y: -11.599999999999998
19:09:38 - Altezza attuale: -0.01 km
19:09:38 - Stato gioco - Altezza: -0.03 km, World offset: 26.56050515729447, Player y: 261.31974742135276, Velocità y: -10.799999999999997
19:09:38 - Altezza attuale: -0.03 km
19:09:38 - Stato gioco - Altezza: -0.06 km, World offset: 55.24075773594171, Player y: 251.31974742135276, Velocità y: -9.999999999999996
19:09:38 - Altezza attuale: -0.06 km
19:09:38 - Stato gioco - Altezza: -0.09 km, World offset: 93.12101031458894, Player y: 242.11974742135277, Velocità y: -9.199999999999996
19:09:38 - Altezza attuale: -0.09 km
19:09:38 - Stato gioco - Altezza: -0.14 km, World offset: 139.40126289323618, Player y: 233.71974742135276, Velocità y: -8.399999999999995
19:09:38 - Altezza attuale: -0.14 km
19:09:38 - Stato gioco - Altezza: -0.19 km, World offset: 193.2815154718834, Player y: 226.11974742135277, Velocità y: -7.599999999999995
19:09:38 - Altezza attuale: -0.19 km
19:09:38 - Stato gioco - Altezza: -0.25 km, World offset: 253.96176805053062, Player y: 219.3197474213528, Velocità y: -6.799999999999995
19:09:38 - Altezza attuale: -0.25 km
19:09:38 - Stato gioco - Altezza: -0.32 km, World offset: 320.64202062917786, Player y: 213.3197474213528, Velocità y: -5.999999999999996
19:09:38 - Altezza attuale: -0.32 km
19:09:38 - Stato gioco - Altezza: -0.39 km, World offset: 392.52227320782504, Player y: 208.1197474213528, Velocità y: -5.199999999999996
19:09:38 - Altezza attuale: -0.39 km
19:09:38 - Stato gioco - Altezza: -0.47 km, World offset: 468.80252578647224, Player y: 203.7197474213528, Velocità y: -4.399999999999996
19:09:38 - Altezza attuale: -0.47 km
19:09:38 - Stato gioco - Altezza: -0.55 km, World offset: 548.6827783651195, Player y: 200.1197474213528, Velocità y: -3.599999999999996
19:09:38 - Altezza attuale: -0.55 km
19:09:38 - Stato gioco - Altezza: -0.63 km, World offset: 631.3630309437667, Player y: 197.31974742135282, Velocità y: -2.7999999999999963
19:09:38 - Altezza attuale: -0.63 km
19:09:38 - Stato gioco - Altezza: -0.72 km, World offset: 716.043283522414, Player y: 195.31974742135282, Velocità y: -1.9999999999999962
19:09:38 - Altezza attuale: -0.72 km
19:09:38 - Stato gioco - Altezza: -0.80 km, World offset: 801.9235361010611, Player y: 194.11974742135283, Velocità y: -1.1999999999999962
19:09:38 - Altezza attuale: -0.80 km
19:09:38 - Stato gioco - Altezza: -0.89 km, World offset: 888.2037886797083, Player y: 193.71974742135282, Velocità y: -0.39999999999999614
19:09:38 - Altezza attuale: -0.89 km
19:09:38 - Stato gioco - Altezza: -0.97 km, World offset: 974.0840412583555, Player y: 194.11974742135283, Velocità y: 0.4000000000000039
19:09:38 - Altezza attuale: -0.97 km
19:09:38 - Stato gioco - Altezza: -1.06 km, World offset: 1058.7642938370027, Player y: 195.31974742135284, Velocità y: 1.200000000000004
19:09:38 - Altezza attuale: -1.06 km
19:09:38 - Stato gioco - Altezza: -1.14 km, World offset: 1141.44454641565, Player y: 197.31974742135284, Velocità y: 2.000000000000004
19:09:38 - Altezza attuale: -1.14 km
19:09:38 - Stato gioco - Altezza: -1.22 km, World offset: 1221.324798994297, Player y: 200.11974742135286, Velocità y: 2.8000000000000043
19:09:38 - Altezza attuale: -1.22 km
19:09:38 - Stato gioco - Altezza: -1.30 km, World offset: 1297.6050515729441, Player y: 203.71974742135285, Velocità y: 3.600000000000004
19:09:38 - Altezza attuale: -1.30 km
19:09:39 - Stato gioco - Altezza: -1.37 km, World offset: 1369.4853041515912, Player y: 208.11974742135286, Velocità y: 4.400000000000004
19:09:39 - Altezza attuale: -1.37 km
19:09:39 - Stato gioco - Altezza: -1.44 km, World offset: 1436.1655567302382, Player y: 213.31974742135287, Velocità y: 5.200000000000004
19:09:39 - Altezza attuale: -1.44 km
19:09:39 - Stato gioco - Altezza: -1.50 km, World offset: 1496.8458093088852, Player y: 219.31974742135287, Velocità y: 6.0000000000000036
19:09:39 - Altezza attuale: -1.50 km
19:09:39 - Stato gioco - Altezza: -1.55 km, World offset: 1550.7260618875323, Player y: 226.11974742135288, Velocità y: 6.800000000000003
19:09:39 - Altezza attuale: -1.55 km
19:09:39 - Rimbalzo - Pos Y: 214.23427238901593, Velocità Y: -14, Piattaforma Y: 250.7260618875323
19:09:39 - Stato gioco - Altezza: -1.63 km, World offset: 1629.6917894985163, Player y: 201.03427238901594, Velocità y: -13.2
19:09:39 - Altezza attuale: -1.63 km
19:09:39 - Stato gioco - Altezza: -1.72 km, World offset: 1721.0575171095004, Player y: 188.63427238901593, Velocità y: -12.399999999999999
19:09:39 - Altezza attuale: -1.72 km
19:09:39 - Stato gioco - Altezza: -1.82 km, World offset: 1824.0232447204844, Player y: 177.03427238901594, Velocità y: -11.599999999999998
19:09:39 - Altezza attuale: -1.82 km
19:09:39 - Stato gioco - Altezza: -1.94 km, World offset: 1937.7889723314684, Player y: 166.23427238901593, Velocità y: -10.799999999999997
19:09:39 - Altezza attuale: -1.94 km
19:09:39 - Stato gioco - Altezza: -2.06 km, World offset: 2061.5546999424523, Player y: 156.23427238901593, Velocità y: -9.999999999999996
19:09:39 - Altezza attuale: -2.06 km
19:09:39 - Stato gioco - Altezza: -2.19 km, World offset: 2194.5204275534365, Player y: 147.03427238901594, Velocità y: -9.199999999999996
19:09:39 - Altezza attuale: -2.19 km
19:09:39 - Stato gioco - Altezza: -2.34 km, World offset: 2335.8861551644204, Player y: 138.63427238901593, Velocità y: -8.399999999999995
19:09:39 - Altezza attuale: -2.34 km
19:09:39 - Stato gioco - Altezza: -2.48 km, World offset: 2484.8518827754046, Player y: 131.03427238901594, Velocità y: -7.599999999999995
19:09:39 - Altezza attuale: -2.48 km
19:09:39 - Stato gioco - Altezza: -2.64 km, World offset: 2640.6176103863886, Player y: 124.23427238901594, Velocità y: -6.799999999999995
19:09:39 - Altezza attuale: -2.64 km
19:09:39 - Stato gioco - Altezza: -2.80 km, World offset: 2802.3833379973726, Player y: 118.23427238901594, Velocità y: -5.999999999999996
19:09:39 - Altezza attuale: -2.80 km
19:09:39 - Stato gioco - Altezza: -2.97 km, World offset: 2969.349065608357, Player y: 113.03427238901594, Velocità y: -5.199999999999996
19:09:39 - Altezza attuale: -2.97 km
19:09:39 - Stato gioco - Altezza: -3.14 km, World offset: 3140.7147932193407, Player y: 108.63427238901595, Velocità y: -4.399999999999996
19:09:39 - Altezza attuale: -3.14 km
19:09:39 - Stato gioco - Altezza: -3.32 km, World offset: 3315.680520830325, Player y: 105.03427238901595, Velocità y: -3.599999999999996
19:09:39 - Altezza attuale: -3.32 km
19:09:39 - Stato gioco - Altezza: -3.49 km, World offset: 3493.446248441309, Player y: 102.23427238901596, Velocità y: -2.7999999999999963
19:09:39 - Altezza attuale: -3.49 km
19:09:39 - Stato gioco - Altezza: -3.67 km, World offset: 3673.211976052293, Player y: 100.23427238901596, Velocità y: -1.9999999999999962
19:09:39 - Altezza attuale: -3.67 km
19:09:39 - Stato gioco - Altezza: -3.85 km, World offset: 3854.177703663277, Player y: 99.03427238901595, Velocità y: -1.1999999999999962
19:09:39 - Altezza attuale: -3.85 km
19:09:39 - Stato gioco - Altezza: -4.04 km, World offset: 4035.543431274261, Player y: 98.63427238901596, Velocità y: -0.39999999999999614
19:09:39 - Altezza attuale: -4.04 km
19:09:39 - Stato gioco - Altezza: -4.22 km, World offset: 4216.509158885245, Player y: 99.03427238901597, Velocità y: 0.4000000000000039
19:09:39 - Altezza attuale: -4.22 km
19:09:39 - Stato gioco - Altezza: -4.40 km, World offset: 4396.274886496229, Player y: 100.23427238901597, Velocità y: 1.200000000000004
19:09:39 - Altezza attuale: -4.40 km
19:09:39 - Stato gioco - Altezza: -4.57 km, World offset: 4574.040614107213, Player y: 102.23427238901597, Velocità y: 2.000000000000004
19:09:39 - Altezza attuale: -4.57 km
19:09:39 - Stato gioco - Altezza: -4.75 km, World offset: 4749.006341718196, Player y: 105.03427238901597, Velocità y: 2.8000000000000043
19:09:39 - Altezza attuale: -4.75 km
19:09:39 - Stato gioco - Altezza: -4.92 km, World offset: 4920.372069329181, Player y: 108.63427238901598, Velocità y: 3.600000000000004
19:09:39 - Altezza attuale: -4.92 km
19:09:39 - Stato gioco - Altezza: -5.09 km, World offset: 5087.3377969401645, Player y: 113.03427238901598, Velocità y: 4.400000000000004
19:09:39 - Altezza attuale: -5.09 km
19:09:39 - Stato gioco - Altezza: -5.25 km, World offset: 5249.103524551148, Player y: 118.23427238901598, Velocità y: 5.200000000000004
19:09:39 - Altezza attuale: -5.25 km
19:09:39 - Stato gioco - Altezza: -5.40 km, World offset: 5404.869252162132, Player y: 124.23427238901598, Velocità y: 6.0000000000000036
19:09:39 - Altezza attuale: -5.40 km
19:09:39 - Stato gioco - Altezza: -5.55 km, World offset: 5553.834979773116, Player y: 131.034272389016, Velocità y: 6.800000000000003
19:09:39 - Altezza attuale: -5.55 km
19:09:39 - Stato gioco - Altezza: -5.70 km, World offset: 5695.2007073841005, Player y: 138.634272389016, Velocità y: 7.600000000000003
19:09:39 - Altezza attuale: -5.70 km
19:09:39 - Stato gioco - Altezza: -5.83 km, World offset: 5828.166434995084, Player y: 147.034272389016, Velocità y: 8.400000000000004
19:09:39 - Altezza attuale: -5.83 km
19:09:39 - Stato gioco - Altezza: -5.95 km, World offset: 5951.932162606068, Player y: 156.234272389016, Velocità y: 9.200000000000005
19:09:39 - Altezza attuale: -5.95 km
19:09:39 - Stato gioco - Altezza: -6.07 km, World offset: 6065.697890217052, Player y: 166.234272389016, Velocità y: 10.000000000000005
19:09:39 - Altezza attuale: -6.07 km
19:09:39 - Stato gioco - Altezza: -6.17 km, World offset: 6168.663617828036, Player y: 177.03427238901602, Velocità y: 10.800000000000006
19:09:39 - Altezza attuale: -6.17 km
19:09:39 - Stato gioco - Altezza: -6.26 km, World offset: 6260.02934543902, Player y: 188.63427238901602, Velocità y: 11.600000000000007
19:09:39 - Altezza attuale: -6.26 km
19:09:39 - Stato gioco - Altezza: -6.34 km, World offset: 6338.995073050004, Player y: 201.03427238901602, Velocità y: 12.400000000000007
19:09:39 - Altezza attuale: -6.34 km
19:09:39 - Stato gioco - Altezza: -6.40 km, World offset: 6404.760800660988, Player y: 214.23427238901604, Velocità y: 13.200000000000008
19:09:39 - Altezza attuale: -6.40 km
19:09:39 - Stato gioco - Altezza: -6.46 km, World offset: 6456.526528271972, Player y: 228.23427238901604, Velocità y: 14.000000000000009
19:09:39 - Altezza attuale: -6.46 km
19:09:39 - Stato gioco - Altezza: -6.49 km, World offset: 6493.492255882956, Player y: 243.03427238901605, Velocità y: 14.80000000000001
19:09:39 - Altezza attuale: -6.49 km
19:09:39 - Stato gioco - Altezza: -6.52 km, World offset: 6515.4579834939395, Player y: 258.03427238901605, Velocità y: 15
19:09:39 - Altezza attuale: -6.52 km
19:09:39 - Stato gioco - Altezza: -6.52 km, World offset: 6522.423711104923, Player y: 273.03427238901605, Velocità y: 15
19:09:39 - Altezza attuale: -6.52 km
19:09:40 - GAME OVER - Pos Y: 858.034272389016, Velocità Y: 15, Ultima piattaforma Y: 3672.4237111049233
19:09:40 - GAME OVER - Pos Y: 873.034272389016, Velocità Y: 15, Ultima piattaforma Y: 3672.4237111049233
19:09:40 - GAME OVER - Pos Y: 888.034272389016, Velocità Y: 15, Ultima piattaforma Y: 3672.4237111049233
19:09:40 - GAME OVER - Pos Y: 903.034272389016, Velocità Y: 15, Ultima piattaforma Y: 3672.4237111049233
19:09:40 - GAME OVER - Pos Y: 918.034272389016, Velocità Y: 15, Ultima piattaforma Y: 3672.4237111049233
19:09:40 - GAME OVER - Pos Y: 933.034272389016, Velocità Y: 15, Ultima piattaforma Y: 3672.4237111049233
19:09:40 - GAME OVER - Pos Y: 948.034272389016, Velocità Y: 15, Ultima piattaforma Y: 3672.4237111049233
19:09:40 - GAME OVER - Pos Y: 963.034272389016, Velocità Y: 15, Ultima piattaforma Y: 3672.4237111049233
19:09:40 - GAME OVER - Pos Y: 978.034272389016, Velocità Y: 15, Ultima piattaforma Y: 3672.4237111049233
19:09:40 - GAME OVER - Pos Y: 993.034272389016, Velocità Y: 15, Ultima piattaforma Y: 3672.4237111049233
19:09:40 - GAME OVER - Pos Y: 1008.034272389016, Velocità Y: 15, Ultima piattaforma Y: 3672.4237111049233
19:09:40 - GAME OVER - Pos Y: 1023.034272389016, Velocità Y: 15, Ultima piattaforma Y: 3672.4237111049233
19:09:40 - GAME OVER - Pos Y: 1038.034272389016, Velocità Y: 15, Ultima piattaforma Y: 3672.4237111049233
19:09:40 - GAME OVER - Pos Y: 1053.034272389016, Velocità Y: 15, Ultima piattaforma Y: 3672.4237111049233
19:09:40 - GAME OVER - Pos Y: 1068.034272389016, Velocità Y: 15, Ultima piattaforma Y: 3672.4237111049233
19:09:40 - GAME OVER - Pos Y: 1083.034272389016, Velocità Y: 15, Ultima piattaforma Y: 3672.4237111049233
19:09:40 - GAME OVER - Pos Y: 1098.034272389016, Velocità Y: 15, Ultima piattaforma Y: 3672.4237111049233
19:09:40 - GAME OVER - Pos Y: 1113.034272389016, Velocità Y: 15, Ultima piattaforma Y: 3672.4237111049233
19:09:40 - GAME OVER - Pos Y: 1128.034272389016, Velocità Y: 15, Ultima piattaforma Y: 3672.4237111049233
19:09:40 - GAME OVER - Pos Y: 1143.034272389016, Velocità Y: 15, Ultima piattaforma Y: 3672.4237111049233
19:09:40 - GAME OVER - Pos Y: 1158.034272389016, Velocità Y: 15, Ultima piattaforma Y: 3672.4237111049233
19:09:40 - GAME OVER - Pos Y: 1173.034272389016, Velocità Y: 15, Ultima piattaforma Y: 3672.4237111049233
19:09:40 - GAME OVER - Pos Y: 1188.034272389016, Velocità Y: 15, Ultima piattaforma Y: 3672.4237111049233
19:09:40 - GAME OVER - Pos Y: 1203.034272389016, Velocità Y: 15, Ultima piattaforma Y: 3672.4237111049233
19:09:40 - GAME OVER - Pos Y: 1218.034272389016, Velocità Y: 15, Ultima piattaforma Y: 3672.4237111049233
19:09:40 - GAME OVER - Pos Y: 1233.034272389016, Velocità Y: 15, Ultima piattaforma Y: 3672.4237111049233
19:09:40 - GAME OVER - Pos Y: 1248.034272389016, Velocità Y: 15, Ultima piattaforma Y: 3672.4237111049233
19:09:40 - GAME OVER - Pos Y: 1263.034272389016, Velocità Y: 15, Ultima piattaforma Y: 3672.4237111049233
19:09:40 - GAME OVER - Pos Y: 1278.034272389016, Velocità Y: 15, Ultima piattaforma Y: 3672.4237111049233
19:09:40 - GAME OVER - Pos Y: 1293.034272389016, Velocità Y: 15, Ultima piattaforma Y: 3672.4237111049233
19:09:40 - GAME OVER - Pos Y: 1308.034272389016, Velocità Y: 15, Ultima piattaforma Y: 3672.4237111049233
19:09:40 - GAME OVER - Pos Y: 1323.034272389016, Velocità Y: 15, Ultima piattaforma Y: 3672.4237111049233
19:09:40 - GAME OVER - Pos Y: 1338.034272389016, Velocità Y: 15, Ultima piattaforma Y: 3672.4237111049233
19:09:40 - GAME OVER - Pos Y: 1353.034272389016, Velocità Y: 15, Ultima piattaforma Y: 3672.4237111049233
19:09:40 - GAME OVER - Pos Y: 1368.034272389016, Velocità Y: 15, Ultima piattaforma Y: 3672.4237111049233
19:09:40 - GAME OVER - Pos Y: 1383.034272389016, Velocità Y: 15, Ultima piattaforma Y: 3672.4237111049233
19:09:40 - GAME OVER - Pos Y: 1398.034272389016, Velocità Y: 15, Ultima piattaforma Y: 3672.4237111049233
19:09:40 - GAME OVER - Pos Y: 1413.034272389016, Velocità Y: 15, Ultima piattaforma Y: 3672.4237111049233
19:09:40 - GAME OVER - Pos Y: 1428.034272389016, Velocità Y: 15, Ultima piattaforma Y: 3672.4237111049233
19:09:40 - GAME OVER - Pos Y: 1443.034272389016, Velocità Y: 15, Ultima piattaforma Y: 3672.4237111049233
19:09:41 - GAME OVER - Pos Y: 1458.034272389016, Velocità Y: 15, Ultima piattaforma Y: 3672.4237111049233
19:09:41 - GAME OVER - Pos Y: 1473.034272389016, Velocità Y: 15, Ultima piattaforma Y: 3672.4237111049233
19:09:41 - GAME OVER - Pos Y: 1488.034272389016, Velocità Y: 15, Ultima piattaforma Y: 3672.4237111049233
19:09:41 - GAME OVER - Pos Y: 1503.034272389016, Velocità Y: 15, Ultima piattaforma Y: 3672.4237111049233
19:09:41 - GAME OVER - Pos Y: 1518.034272389016, Velocità Y: 15, Ultima piattaforma Y: 3672.4237111049233
19:09:41 - GAME OVER - Pos Y: 1533.034272389016, Velocità Y: 15, Ultima piattaforma Y: 3672.4237111049233
19:09:41 - GAME OVER - Pos Y: 1548.034272389016, Velocità Y: 15, Ultima piattaforma Y: 3672.4237111049233
19:09:41 - GAME OVER - Pos Y: 1563.034272389016, Velocità Y: 15, Ultima piattaforma Y: 3672.4237111049233
19:09:41 - GAME OVER - Pos Y: 1578.034272389016, Velocità Y: 15, Ultima piattaforma Y: 3672.4237111049233
19:09:41 - GAME OVER - Pos Y: 1593.034272389016, Velocità Y: 15, Ultima piattaforma Y: 3672.4237111049233
19:09:41 - GAME OVER - Pos Y: 1608.034272389016, Velocità Y: 15, Ultima piattaforma Y: 3672.4237111049233
19:09:41 - GAME OVER - Pos Y: 1623.034272389016, Velocità Y: 15, Ultima piattaforma Y: 3672.4237111049233
19:09:41 - GAME OVER - Pos Y: 1638.034272389016, Velocità Y: 15, Ultima piattaforma Y: 3672.4237111049233
19:09:41 - GAME OVER - Pos Y: 1653.034272389016, Velocità Y: 15, Ultima piattaforma Y: 3672.4237111049233
19:09:41 - GAME OVER - Pos Y: 1668.034272389016, Velocità Y: 15, Ultima piattaforma Y: 3672.4237111049233
19:09:41 - GAME OVER - Pos Y: 1683.034272389016, Velocità Y: 15, Ultima piattaforma Y: 3672.4237111049233
19:09:41 - GAME OVER - Pos Y: 1698.034272389016, Velocità Y: 15, Ultima piattaforma Y: 3672.4237111049233
19:09:41 - GAME OVER - Pos Y: 1713.034272389016, Velocità Y: 15, Ultima piattaforma Y: 3672.4237111049233
19:09:41 - GAME OVER - Pos Y: 1728.034272389016, Velocità Y: 15, Ultima piattaforma Y: 3672.4237111049233
19:09:41 - GAME OVER - Pos Y: 1743.034272389016, Velocità Y: 15, Ultima piattaforma Y: 3672.4237111049233
19:09:41 - GAME OVER - Pos Y: 1758.034272389016, Velocità Y: 15, Ultima piattaforma Y: 3672.4237111049233
19:09:41 - GAME OVER - Pos Y: 1773.034272389016, Velocità Y: 15, Ultima piattaforma Y: 3672.4237111049233
19:09:41 - GAME OVER - Pos Y: 1788.034272389016, Velocità Y: 15, Ultima piattaforma Y: 3672.4237111049233
19:09:41 - GAME OVER - Pos Y: 1803.034272389016, Velocità Y: 15, Ultima piattaforma Y: 3672.4237111049233
19:09:41 - GAME OVER - Pos Y: 1818.034272389016, Velocità Y: 15, Ultima piattaforma Y: 3672.4237111049233
19:09:41 - GAME OVER - Pos Y: 1833.034272389016, Velocità Y: 15, Ultima piattaforma Y: 3672.4237111049233
19:09:41 - GAME OVER - Pos Y: 1848.034272389016, Velocità Y: 15, Ultima piattaforma Y: 3672.4237111049233
19:09:41 - GAME OVER - Pos Y: 1863.034272389016, Velocità Y: 15, Ultima piattaforma Y: 3672.4237111049233
19:09:41 - GAME OVER - Pos Y: 1878.034272389016, Velocità Y: 15, Ultima piattaforma Y: 3672.4237111049233
19:09:41 - GAME OVER - Pos Y: 1893.034272389016, Velocità Y: 15, Ultima piattaforma Y: 3672.4237111049233
19:09:41 - GAME OVER - Pos Y: 1908.034272389016, Velocità Y: 15, Ultima piattaforma Y: 3672.4237111049233
19:09:41 - GAME OVER - Pos Y: 1923.034272389016, Velocità Y: 15, Ultima piattaforma Y: 3672.4237111049233
19:09:41 - GAME OVER - Pos Y: 1938.034272389016, Velocità Y: 15, Ultima piattaforma Y: 3672.4237111049233
19:09:41 - GAME OVER - Pos Y: 1953.034272389016, Velocità Y: 15, Ultima piattaforma Y: 3672.4237111049233
19:09:41 - GAME OVER - Pos Y: 1968.034272389016, Velocità Y: 15, Ultima piattaforma Y: 3672.4237111049233
19:09:41 - GAME OVER - Pos Y: 1983.034272389016, Velocità Y: 15, Ultima piattaforma Y: 3672.4237111049233
19:09:41 - GAME OVER - Pos Y: 1998.034272389016, Velocità Y: 15, Ultima piattaforma Y: 3672.4237111049233
19:09:41 - GAME OVER - Pos Y: 2013.034272389016, Velocità Y: 15, Ultima piattaforma Y: 3672.4237111049233
19:09:41 - GAME OVER - Pos Y: 2028.034272389016, Velocità Y: 15, Ultima piattaforma Y: 3672.4237111049233
19:09:41 - GAME OVER - Pos Y: 2043.034272389016, Velocità Y: 15, Ultima piattaforma Y: 3672.4237111049233
19:09:41 - GAME OVER - Pos Y: 2058.034272389016, Velocità Y: 15, Ultima piattaforma Y: 3672.4237111049233
19:09:41 - GAME OVER - Pos Y: 2073.034272389016, Velocità Y: 15, Ultima piattaforma Y: 3672.4237111049233
19:09:41 - GAME OVER - Pos Y: 2088.034272389016, Velocità Y: 15, Ultima piattaforma Y: 3672.4237111049233
19:09:41 - GAME OVER - Pos Y: 2103.034272389016, Velocità Y: 15, Ultima piattaforma Y: 3672.4237111049233
19:09:41 - GAME OVER - Pos Y: 2118.034272389016, Velocità Y: 15, Ultima piattaforma Y: 3672.4237111049233
19:09:41 - GAME OVER - Pos Y: 2133.034272389016, Velocità Y: 15, Ultima piattaforma Y: 3672.4237111049233
19:09:41 - GAME OVER - Pos Y: 2148.034272389016, Velocità Y: 15, Ultima piattaforma Y: 3672.4237111049233
19:09:41 - GAME OVER - Pos Y: 2163.034272389016, Velocità Y: 15, Ultima piattaforma Y: 3672.4237111049233
19:09:41 - GAME OVER - Pos Y: 2178.034272389016, Velocità Y: 15, Ultima piattaforma Y: 3672.4237111049233
19:09:41 - GAME OVER - Pos Y: 2193.034272389016, Velocità Y: 15, Ultima piattaforma Y: 3672.4237111049233
19:09:41 - GAME OVER - Pos Y: 2208.034272389016, Velocità Y: 15, Ultima piattaforma Y: 3672.4237111049233
19:09:41 - GAME OVER - Pos Y: 2223.034272389016, Velocità Y: 15, Ultima piattaforma Y: 3672.4237111049233
19:09:41 - GAME OVER - Pos Y: 2238.034272389016, Velocità Y: 15, Ultima piattaforma Y: 3672.4237111049233
19:09:41 - GAME OVER - Pos Y: 2253.034272389016, Velocità Y: 15, Ultima piattaforma Y: 3672.4237111049233
19:09:41 - GAME OVER - Pos Y: 2268.034272389016, Velocità Y: 15, Ultima piattaforma Y: 3672.4237111049233
19:09:41 - GAME OVER - Pos Y: 2283.034272389016, Velocità Y: 15, Ultima piattaforma Y: 3672.4237111049233
19:09:41 - GAME OVER - Pos Y: 2298.034272389016, Velocità Y: 15, Ultima piattaforma Y: 3672.4237111049233
19:09:41 - GAME OVER - Pos Y: 2313.034272389016, Velocità Y: 15, Ultima piattaforma Y: 3672.4237111049233
19:09:41 - GAME OVER - Pos Y: 2328.034272389016, Velocità Y: 15, Ultima piattaforma Y: 3672.4237111049233
19:09:42 - GAME OVER - Pos Y: 2343.034272389016, Velocità Y: 15, Ultima piattaforma Y: 3672.4237111049233
