16:30:34 - Creata piattaforma a x=250, y=750, livello=Mantello
16:30:34 - Creata piattaforma a x=53, y=670, livello=Mantello
16:30:34 - Creata piattaforma a x=414, y=590, livello=Mantello
16:30:34 - Creata piattaforma a x=427, y=510, livello=Mantello
16:30:34 - Creata piattaforma a x=443, y=430, livello=Mantello
16:30:34 - Creata piattaforma a x=444, y=350, livello=Mantello
16:30:34 - Creata piattaforma a x=64, y=270, livello=Mantello
16:30:34 - Creata piattaforma a x=232, y=190, livello=Mantello
16:30:34 - Creata piattaforma a x=370, y=110, livello=Mantello
16:30:34 - Creata piattaforma a x=250, y=30, livello=Mantello
16:30:34 - Creata piattaforma a x=82, y=-50, livello=Crosta Terrestre
16:30:34 - Creata piattaforma a x=121, y=-130, livello=Crosta Terrestre
16:30:34 - Creata piattaforma a x=255, y=-210, livello=Crosta Terrestre
16:30:34 - Creata piattaforma a x=82, y=-290, livello=Crosta Terrestre
16:30:34 - Creata piattaforma a x=295, y=-370, livello=Crosta Terrestre
16:30:34 - Creata piattaforma a x=440, y=-450, livello=Crosta Terrestre
16:30:34 - Creata piattaforma a x=159, y=-530, livello=Crosta Terrestre
16:30:34 - Creata piattaforma a x=80, y=-610, livello=Crosta Terrestre
16:30:34 - Creata piattaforma a x=264, y=-690, livello=Crosta Terrestre
16:30:34 - Creata piattaforma a x=438, y=-770, livello=Vulcano
16:30:34 - Creata piattaforma a x=298, y=-850, livello=Vulcano
16:30:34 - Creata piattaforma a x=445, y=-930, livello=Vulcano
16:30:34 - Creata piattaforma a x=81, y=-1010, livello=Vulcano
16:30:34 - Creata piattaforma a x=56, y=-1090, livello=Vulcano
16:30:34 - Creata piattaforma a x=422, y=-1170, livello=Vulcano
16:30:34 - Creata piattaforma a x=208, y=-1250, livello=Vulcano
16:30:34 - Creata piattaforma a x=136, y=-1330, livello=Vulcano
16:30:34 - Creata piattaforma a x=168, y=-1410, livello=Vulcano
16:30:34 - Creata piattaforma a x=200, y=-1490, livello=Vulcano
16:30:34 - Creata piattaforma a x=53, y=-1570, livello=Vulcano
16:30:34 - Creata piattaforma a x=414, y=-1650, livello=Vulcano
16:30:34 - Creata piattaforma a x=409, y=-1730, livello=Vulcano
16:30:34 - Creata piattaforma a x=182, y=-1810, livello=Vulcano
16:30:34 - Creata piattaforma a x=141, y=-1890, livello=Vulcano
16:30:34 - Creata piattaforma a x=207, y=-1970, livello=Vulcano
16:30:34 - Creata piattaforma a x=440, y=-2050, livello=Vulcano
16:30:34 - Creata piattaforma a x=443, y=-2130, livello=Vulcano
16:30:34 - Creata piattaforma a x=384, y=-2210, livello=Vulcano
16:30:34 - Creata piattaforma a x=407, y=-2290, livello=Vulcano
16:30:34 - Creata piattaforma a x=270, y=-2370, livello=Vulcano
16:30:34 - Creata piattaforma a x=121, y=-2450, livello=Vulcano
16:30:34 - Creata piattaforma a x=442, y=-2530, livello=Vulcano
16:30:34 - Creata piattaforma a x=200, y=-2610, livello=Vulcano
16:30:34 - Creata piattaforma a x=64, y=-2690, livello=Vulcano
16:30:34 - Creata piattaforma a x=228, y=-2770, livello=Vulcano
16:30:34 - Creata piattaforma a x=206, y=-2850, livello=Vulcano
16:30:34 - Creata piattaforma a x=174, y=-2930, livello=Vulcano
16:30:34 - Creata piattaforma a x=392, y=-3010, livello=Vulcano
16:30:34 - Creata piattaforma a x=260, y=-3090, livello=Vulcano
16:30:34 - Creata piattaforma a x=66, y=-3170, livello=Vulcano
16:30:34 - Creata piattaforma a x=233, y=-3250, livello=Vulcano
16:30:34 - Creata piattaforma a x=274, y=-3330, livello=Vulcano
16:30:34 - Creata piattaforma a x=449, y=-3410, livello=Vulcano
16:30:34 - Creata piattaforma a x=224, y=-3490, livello=Vulcano
16:30:34 - Creata piattaforma a x=380, y=-3570, livello=Vulcano
16:30:34 - Creata piattaforma a x=425, y=-3650, livello=Vulcano
16:30:34 - Creata piattaforma a x=440, y=-3730, livello=Vulcano
16:30:34 - Creata piattaforma a x=51, y=-3810, livello=Vulcano
16:30:34 - Creata piattaforma a x=257, y=-3890, livello=Vulcano
16:30:34 - Creata piattaforma a x=314, y=-3970, livello=Vulcano
16:30:34 - Creata piattaforma a x=317, y=-4050, livello=Vulcano
16:30:34 - Creata piattaforma a x=280, y=-4130, livello=Vulcano
16:30:34 - Creata piattaforma a x=434, y=-4210, livello=Vulcano
16:30:34 - Creata piattaforma a x=416, y=-4290, livello=Vulcano
16:30:34 - Creata piattaforma a x=408, y=-4370, livello=Vulcano
16:30:34 - Creata piattaforma a x=280, y=-4450, livello=Vulcano
16:30:34 - Generate 66 piattaforme, 12 power-ups, 23 collectibles, 13 nemici
16:30:39 - Creata piattaforma a x=250, y=750, livello=Mantello
16:30:39 - Creata piattaforma a x=266, y=670, livello=Mantello
16:30:39 - Creata piattaforma a x=445, y=590, livello=Mantello
16:30:39 - Creata piattaforma a x=295, y=510, livello=Mantello
16:30:39 - Creata piattaforma a x=440, y=430, livello=Mantello
16:30:39 - Creata piattaforma a x=403, y=350, livello=Mantello
16:30:39 - Creata piattaforma a x=101, y=270, livello=Mantello
16:30:39 - Creata piattaforma a x=415, y=190, livello=Mantello
16:30:39 - Creata piattaforma a x=408, y=110, livello=Mantello
16:30:39 - Creata piattaforma a x=195, y=30, livello=Mantello
16:30:39 - Creata piattaforma a x=269, y=-50, livello=Crosta Terrestre
16:30:39 - Creata piattaforma a x=130, y=-130, livello=Crosta Terrestre
16:30:39 - Creata piattaforma a x=202, y=-210, livello=Crosta Terrestre
16:30:39 - Creata piattaforma a x=403, y=-290, livello=Crosta Terrestre
16:30:39 - Creata piattaforma a x=403, y=-370, livello=Crosta Terrestre
16:30:39 - Creata piattaforma a x=437, y=-450, livello=Crosta Terrestre
16:30:39 - Creata piattaforma a x=262, y=-530, livello=Crosta Terrestre
16:30:39 - Creata piattaforma a x=424, y=-610, livello=Crosta Terrestre
16:30:39 - Creata piattaforma a x=433, y=-690, livello=Crosta Terrestre
16:30:39 - Creata piattaforma a x=173, y=-770, livello=Vulcano
16:30:39 - Creata piattaforma a x=167, y=-850, livello=Vulcano
16:30:39 - Creata piattaforma a x=425, y=-930, livello=Vulcano
16:30:39 - Creata piattaforma a x=296, y=-1010, livello=Vulcano
16:30:39 - Creata piattaforma a x=332, y=-1090, livello=Vulcano
16:30:39 - Creata piattaforma a x=146, y=-1170, livello=Vulcano
16:30:39 - Creata piattaforma a x=346, y=-1250, livello=Vulcano
16:30:39 - Creata piattaforma a x=346, y=-1330, livello=Vulcano
16:30:39 - Creata piattaforma a x=179, y=-1410, livello=Vulcano
16:30:39 - Creata piattaforma a x=336, y=-1490, livello=Vulcano
16:30:39 - Creata piattaforma a x=427, y=-1570, livello=Vulcano
16:30:39 - Creata piattaforma a x=436, y=-1650, livello=Vulcano
16:30:39 - Creata piattaforma a x=306, y=-1730, livello=Vulcano
16:30:39 - Creata piattaforma a x=385, y=-1810, livello=Vulcano
16:30:39 - Creata piattaforma a x=410, y=-1890, livello=Vulcano
16:30:39 - Creata piattaforma a x=421, y=-1970, livello=Vulcano
16:30:39 - Creata piattaforma a x=388, y=-2050, livello=Vulcano
16:30:39 - Creata piattaforma a x=247, y=-2130, livello=Vulcano
16:30:39 - Creata piattaforma a x=300, y=-2210, livello=Vulcano
16:30:39 - Creata piattaforma a x=374, y=-2290, livello=Vulcano
16:30:39 - Creata piattaforma a x=117, y=-2370, livello=Vulcano
16:30:39 - Creata piattaforma a x=426, y=-2450, livello=Vulcano
16:30:39 - Creata piattaforma a x=81, y=-2530, livello=Vulcano
16:30:39 - Creata piattaforma a x=400, y=-2610, livello=Vulcano
16:30:39 - Creata piattaforma a x=156, y=-2690, livello=Vulcano
16:30:39 - Creata piattaforma a x=376, y=-2770, livello=Vulcano
16:30:39 - Creata piattaforma a x=254, y=-2850, livello=Vulcano
16:30:39 - Creata piattaforma a x=349, y=-2930, livello=Vulcano
16:30:39 - Creata piattaforma a x=99, y=-3010, livello=Vulcano
16:30:39 - Creata piattaforma a x=421, y=-3090, livello=Vulcano
16:30:39 - Creata piattaforma a x=98, y=-3170, livello=Vulcano
16:30:39 - Creata piattaforma a x=133, y=-3250, livello=Vulcano
16:30:39 - Creata piattaforma a x=206, y=-3330, livello=Vulcano
16:30:39 - Creata piattaforma a x=409, y=-3410, livello=Vulcano
16:30:39 - Creata piattaforma a x=403, y=-3490, livello=Vulcano
16:30:39 - Creata piattaforma a x=174, y=-3570, livello=Vulcano
16:30:39 - Creata piattaforma a x=398, y=-3650, livello=Vulcano
16:30:39 - Creata piattaforma a x=286, y=-3730, livello=Vulcano
16:30:39 - Creata piattaforma a x=395, y=-3810, livello=Vulcano
16:30:39 - Creata piattaforma a x=62, y=-3890, livello=Vulcano
16:30:39 - Creata piattaforma a x=108, y=-3970, livello=Vulcano
16:30:39 - Creata piattaforma a x=401, y=-4050, livello=Vulcano
16:30:39 - Creata piattaforma a x=440, y=-4130, livello=Vulcano
16:30:39 - Creata piattaforma a x=53, y=-4210, livello=Vulcano
16:30:39 - Creata piattaforma a x=431, y=-4290, livello=Vulcano
16:30:40 - Creata piattaforma a x=384, y=-4370, livello=Vulcano
16:30:40 - Creata piattaforma a x=450, y=-4450, livello=Vulcano
16:30:40 - Generate 66 piattaforme, 11 power-ups, 25 collectibles, 15 nemici
16:30:40 - Gioco resettato - Player posizionato a x=300, y=718
16:30:40 - Collisione con piattaforma 0 - Tipo: 0 - plat_top(screen)=750.0
16:30:40 - Collisione con piattaforma 1 - Tipo: 0 - plat_top(screen)=670.0
16:30:41 - Collisione con piattaforma 1 - Tipo: 0 - plat_top(screen)=670.0
16:30:41 - Collisione con piattaforma 1 - Tipo: 0 - plat_top(screen)=670.0
16:30:42 - Collisione con piattaforma 2 - Tipo: 0 - plat_top(screen)=590.0
16:30:42 - Collisione con piattaforma 2 - Tipo: 0 - plat_top(screen)=590.0
16:30:43 - Collisione con piattaforma 3 - Tipo: 0 - plat_top(screen)=510.0
16:30:44 - Collisione con piattaforma 3 - Tipo: 0 - plat_top(screen)=510.0
16:30:45 - Collisione con piattaforma 3 - Tipo: 0 - plat_top(screen)=510.0
16:30:45 - Collisione con piattaforma 4 - Tipo: 0 - plat_top(screen)=430.0
16:30:45 - Scroll - km: 0.02, world_offset: 0.8
16:30:45 - Scroll - km: 0.07, world_offset: 3.7
16:30:46 - Scroll - km: 0.15, world_offset: 7.7
16:30:46 - Scroll - km: 0.25, world_offset: 12.3
16:30:46 - Scroll - km: 0.34, world_offset: 17.1
16:30:46 - Scroll - km: 0.44, world_offset: 21.8
16:30:46 - Scroll - km: 0.52, world_offset: 26.1
16:30:46 - Scroll - km: 0.60, world_offset: 30.0
16:30:46 - Scroll - km: 0.67, world_offset: 33.3
16:30:46 - Scroll - km: 0.72, world_offset: 36.0
16:30:46 - Scroll - km: 0.76, world_offset: 38.0
16:30:46 - Scroll - km: 0.79, world_offset: 39.3
16:30:46 - Scroll - km: 0.80, world_offset: 39.8
16:30:46 - Collisione con piattaforma 5 - Tipo: 0 - plat_top(screen)=390.0
16:30:46 - Scroll - km: 0.82, world_offset: 40.9
16:30:46 - Scroll - km: 0.90, world_offset: 44.9
16:30:46 - Scroll - km: 1.01, world_offset: 50.7
16:30:46 - Scroll - km: 1.15, world_offset: 57.5
16:30:46 - Scroll - km: 1.30, world_offset: 64.8
16:30:46 - Scroll - km: 1.44, world_offset: 72.2
16:30:46 - Scroll - km: 1.59, world_offset: 79.4
16:30:46 - Scroll - km: 1.72, world_offset: 86.2
16:30:46 - Scroll - km: 1.85, world_offset: 92.6
16:30:46 - Scroll - km: 1.97, world_offset: 98.3
16:30:46 - Scroll - km: 2.07, world_offset: 103.5
16:30:46 - Scroll - km: 2.16, world_offset: 107.9
16:30:46 - Scroll - km: 2.23, world_offset: 111.6
16:30:46 - Scroll - km: 2.29, world_offset: 114.5
16:30:46 - Scroll - km: 2.33, world_offset: 116.7
16:30:46 - Scroll - km: 2.36, world_offset: 118.1
16:30:46 - Scroll - km: 2.37, world_offset: 118.7
16:30:46 - Collisione con piattaforma 5 - Tipo: 0 - plat_top(screen)=469.0
16:30:47 - Scroll - km: 2.38, world_offset: 119.0
16:30:47 - Scroll - km: 2.40, world_offset: 120.0
16:30:47 - Scroll - km: 2.43, world_offset: 121.3
16:30:47 - Scroll - km: 2.45, world_offset: 122.6
16:30:47 - Scroll - km: 2.47, world_offset: 123.6
16:30:47 - Scroll - km: 2.48, world_offset: 124.2
16:30:47 - Scroll - km: 2.49, world_offset: 124.3
16:30:47 - Collisione con piattaforma 6 - Tipo: 0 - plat_top(screen)=394.0
16:30:47 - Scroll - km: 2.52, world_offset: 126.0
16:30:47 - Scroll - km: 2.61, world_offset: 130.4
16:30:47 - Scroll - km: 2.73, world_offset: 136.5
16:30:47 - Scroll - km: 2.87, world_offset: 143.6
16:30:47 - Scroll - km: 3.02, world_offset: 151.0
16:30:47 - Scroll - km: 3.17, world_offset: 158.5
16:30:47 - Scroll - km: 3.32, world_offset: 165.8
16:30:47 - Scroll - km: 3.45, world_offset: 172.7
16:30:47 - Scroll - km: 3.58, world_offset: 179.1
16:30:47 - Scroll - km: 3.70, world_offset: 184.9
16:30:47 - Scroll - km: 3.80, world_offset: 190.0
16:30:47 - Scroll - km: 3.89, world_offset: 194.5
16:30:47 - Scroll - km: 3.96, world_offset: 198.2
16:30:47 - Scroll - km: 4.02, world_offset: 201.1
16:30:47 - Scroll - km: 4.07, world_offset: 203.3
16:30:47 - Scroll - km: 4.09, world_offset: 204.7
16:30:47 - Scroll - km: 4.11, world_offset: 205.3
16:30:47 - Collisione con piattaforma 6 - Tipo: 0 - plat_top(screen)=475.0
16:30:48 - Scroll - km: 4.11, world_offset: 205.6
16:30:48 - Scroll - km: 4.12, world_offset: 206.2
16:30:48 - Scroll - km: 4.13, world_offset: 206.7
16:30:48 - Scroll - km: 4.14, world_offset: 206.9
16:30:48 - Collisione con piattaforma 7 - Tipo: 0 - plat_top(screen)=397.0
16:30:48 - Scroll - km: 4.20, world_offset: 210.1
16:30:48 - Scroll - km: 4.31, world_offset: 215.3
16:30:48 - Scroll - km: 4.43, world_offset: 221.7
16:30:48 - Scroll - km: 4.57, world_offset: 228.7
16:30:48 - Scroll - km: 4.72, world_offset: 235.9
16:30:48 - Scroll - km: 4.86, world_offset: 242.9
16:30:48 - Scroll - km: 4.99, world_offset: 249.7
16:30:48 - Scroll - km: 5.12, world_offset: 256.0
16:30:48 - Scroll - km: 5.23, world_offset: 261.7
16:30:48 - Scroll - km: 5.34, world_offset: 266.8
16:30:48 - Scroll - km: 5.42, world_offset: 271.2
16:30:48 - Scroll - km: 5.50, world_offset: 274.8
16:30:48 - Scroll - km: 5.56, world_offset: 277.8
16:30:48 - Scroll - km: 5.60, world_offset: 280.0
16:30:48 - Scroll - km: 5.63, world_offset: 281.4
16:30:48 - Scroll - km: 5.64, world_offset: 282.0
16:30:48 - Collisione con piattaforma 8 - Tipo: 0 - plat_top(screen)=392.0
16:30:48 - Scroll - km: 5.65, world_offset: 282.4
16:30:48 - Scroll - km: 5.72, world_offset: 286.0
16:30:48 - Scroll - km: 5.83, world_offset: 291.5
16:30:48 - Scroll - km: 5.96, world_offset: 298.1
16:30:48 - Scroll - km: 6.10, world_offset: 305.2
16:30:48 - Scroll - km: 6.25, world_offset: 312.5
16:30:48 - Scroll - km: 6.39, world_offset: 319.6
16:30:48 - Scroll - km: 6.53, world_offset: 326.4
16:30:48 - Scroll - km: 6.66, world_offset: 332.8
16:30:48 - Scroll - km: 6.77, world_offset: 338.5
16:30:48 - Scroll - km: 6.87, world_offset: 343.6
16:30:49 - Scroll - km: 6.96, world_offset: 348.0
16:30:49 - Scroll - km: 7.03, world_offset: 351.7
16:30:49 - Scroll - km: 7.09, world_offset: 354.6
16:30:49 - Scroll - km: 7.14, world_offset: 356.8
16:30:49 - Scroll - km: 7.16, world_offset: 358.2
16:30:49 - Scroll - km: 7.18, world_offset: 358.8
16:30:49 - Collisione con piattaforma 8 - Tipo: 0 - plat_top(screen)=469.0
16:30:49 - Scroll - km: 7.18, world_offset: 359.0
16:30:49 - Scroll - km: 7.20, world_offset: 360.0
16:30:49 - Scroll - km: 7.22, world_offset: 361.2
16:30:49 - Scroll - km: 7.25, world_offset: 362.5
16:30:49 - Scroll - km: 7.27, world_offset: 363.5
16:30:49 - Scroll - km: 7.28, world_offset: 364.1
16:30:49 - Scroll - km: 7.28, world_offset: 364.1
16:30:49 - Collisione con piattaforma 8 - Tipo: 0 - plat_top(screen)=474.0
16:30:50 - Scroll - km: 7.29, world_offset: 364.4
16:30:50 - Scroll - km: 7.30, world_offset: 364.9
16:30:50 - Scroll - km: 7.31, world_offset: 365.4
16:30:50 - Scroll - km: 7.31, world_offset: 365.6
16:30:50 - Collisione con piattaforma 8 - Tipo: 0 - plat_top(screen)=476.0
16:30:51 - Scroll - km: 7.31, world_offset: 365.7
16:30:51 - Collisione con piattaforma 8 - Tipo: 0 - plat_top(screen)=476.0
16:30:51 - Scroll - km: 7.32, world_offset: 366.0
16:30:51 - Scroll - km: 7.33, world_offset: 366.3
16:30:51 - Scroll - km: 7.33, world_offset: 366.4
16:30:51 - Collisione con piattaforma 8 - Tipo: 0 - plat_top(screen)=476.0
16:31:03 - Scroll - km: 7.33, world_offset: 366.5
16:31:03 - Collisione con piattaforma 8 - Tipo: 0 - plat_top(screen)=476.0
16:31:04 - Collisione con piattaforma 8 - Tipo: 0 - plat_top(screen)=476.0
16:31:05 - Collisione con piattaforma 8 - Tipo: 0 - plat_top(screen)=476.0
16:31:05 - Collisione con piattaforma 8 - Tipo: 0 - plat_top(screen)=476.0
16:31:05 - Scroll - km: 7.33, world_offset: 366.5
16:31:06 - Collisione con piattaforma 9 - Tipo: 0 - plat_top(screen)=396.0
16:31:06 - Scroll - km: 7.39, world_offset: 369.4
16:31:06 - Scroll - km: 7.49, world_offset: 374.4
16:31:06 - Scroll - km: 7.61, world_offset: 380.6
16:31:06 - Scroll - km: 7.75, world_offset: 387.5
16:31:06 - Scroll - km: 7.89, world_offset: 394.6
16:31:06 - Scroll - km: 8.03, world_offset: 401.7
16:31:06 - Scroll - km: 8.17, world_offset: 408.4
16:31:06 - Scroll - km: 8.29, world_offset: 414.6
16:31:06 - Scroll - km: 8.41, world_offset: 420.3
16:31:06 - Scroll - km: 8.51, world_offset: 425.4
16:31:06 - Scroll - km: 8.60, world_offset: 429.8
16:31:06 - Scroll - km: 8.67, world_offset: 433.5
16:31:06 - Scroll - km: 8.73, world_offset: 436.4
16:31:06 - Scroll - km: 8.77, world_offset: 438.6
16:31:06 - Scroll - km: 8.80, world_offset: 440.0
16:31:06 - Scroll - km: 8.81, world_offset: 440.6
16:31:06 - Collisione con piattaforma 10 - Tipo: 1 - plat_top(screen)=391.0
16:31:06 - Scroll - km: 8.83, world_offset: 441.5
16:31:06 - Scroll - km: 8.91, world_offset: 445.3
16:31:06 - Scroll - km: 9.02, world_offset: 451.0
16:31:06 - Scroll - km: 9.15, world_offset: 457.7
16:31:06 - Scroll - km: 9.30, world_offset: 464.9
16:31:06 - Scroll - km: 9.45, world_offset: 472.3
16:31:06 - Scroll - km: 9.59, world_offset: 479.5
16:31:06 - Scroll - km: 9.73, world_offset: 486.3
16:31:06 - Scroll - km: 9.85, world_offset: 492.6
16:31:06 - Scroll - km: 9.97, world_offset: 498.4
16:31:06 - Scroll - km: 10.07, world_offset: 503.5
16:31:06 - Scroll - km: 10.16, world_offset: 507.9
16:31:06 - Scroll - km: 10.23, world_offset: 511.6
16:31:06 - Scroll - km: 10.29, world_offset: 514.6
16:31:06 - Scroll - km: 10.33, world_offset: 516.7
16:31:06 - Scroll - km: 10.36, world_offset: 518.2
16:31:06 - Scroll - km: 10.38, world_offset: 518.8
16:31:07 - Collisione con piattaforma 10 - Tipo: 1 - plat_top(screen)=469.0
16:31:07 - Scroll - km: 10.38, world_offset: 519.0
16:31:07 - Scroll - km: 10.40, world_offset: 519.9
16:31:07 - Scroll - km: 10.42, world_offset: 521.2
16:31:07 - Scroll - km: 10.45, world_offset: 522.5
16:31:07 - Scroll - km: 10.47, world_offset: 523.5
16:31:07 - Scroll - km: 10.48, world_offset: 524.1
16:31:07 - Scroll - km: 10.48, world_offset: 524.1
16:31:07 - Collisione con piattaforma 11 - Tipo: 1 - plat_top(screen)=394.0
16:31:07 - Scroll - km: 10.49, world_offset: 524.3
16:31:07 - Scroll - km: 10.55, world_offset: 527.7
16:31:07 - Scroll - km: 10.66, world_offset: 533.1
16:31:07 - Scroll - km: 10.79, world_offset: 539.6
16:31:07 - Scroll - km: 10.93, world_offset: 546.7
16:31:07 - Scroll - km: 11.08, world_offset: 554.0
16:31:07 - Scroll - km: 11.22, world_offset: 561.1
16:31:07 - Scroll - km: 11.36, world_offset: 567.8
16:31:07 - Scroll - km: 11.48, world_offset: 574.1
16:31:07 - Scroll - km: 11.60, world_offset: 579.9
16:31:07 - Scroll - km: 11.70, world_offset: 585.0
16:31:07 - Scroll - km: 11.79, world_offset: 589.4
16:31:07 - Scroll - km: 11.86, world_offset: 593.1
16:31:07 - Scroll - km: 11.92, world_offset: 596.0
16:31:07 - Scroll - km: 11.96, world_offset: 598.2
16:31:07 - Scroll - km: 11.99, world_offset: 599.6
16:31:07 - Scroll - km: 12.00, world_offset: 600.2
16:31:07 - Collisione con piattaforma 12 - Tipo: 1 - plat_top(screen)=390.0
16:31:07 - Scroll - km: 12.03, world_offset: 601.6
16:31:07 - Scroll - km: 12.12, world_offset: 605.9
16:31:07 - Scroll - km: 12.24, world_offset: 611.9
16:31:07 - Scroll - km: 12.38, world_offset: 618.8
16:31:07 - Scroll - km: 12.52, world_offset: 626.2
16:31:08 - Scroll - km: 12.67, world_offset: 633.6
16:31:08 - Scroll - km: 12.82, world_offset: 640.9
16:31:08 - Scroll - km: 12.96, world_offset: 647.8
16:31:08 - Scroll - km: 13.08, world_offset: 654.1
16:31:08 - Scroll - km: 13.20, world_offset: 659.9
16:31:08 - Scroll - km: 13.30, world_offset: 665.0
16:31:08 - Scroll - km: 13.39, world_offset: 669.5
16:31:08 - Scroll - km: 13.46, world_offset: 673.2
16:31:08 - Scroll - km: 13.52, world_offset: 676.1
16:31:08 - Scroll - km: 13.57, world_offset: 678.3
16:31:08 - Scroll - km: 13.59, world_offset: 679.7
16:31:08 - Scroll - km: 13.61, world_offset: 680.3
16:31:08 - Collisione con piattaforma 13 - Tipo: 1 - plat_top(screen)=390.0
16:31:08 - Scroll - km: 13.65, world_offset: 682.5
16:31:08 - Scroll - km: 13.75, world_offset: 687.3
16:31:08 - Scroll - km: 13.87, world_offset: 693.6
16:31:08 - Scroll - km: 14.02, world_offset: 700.8
16:31:08 - Scroll - km: 14.17, world_offset: 708.4
16:31:08 - Scroll - km: 14.32, world_offset: 715.9
16:31:08 - Scroll - km: 14.47, world_offset: 723.3
16:31:08 - Scroll - km: 14.60, world_offset: 730.2
16:31:08 - Scroll - km: 14.73, world_offset: 736.6
16:31:08 - Scroll - km: 14.85, world_offset: 742.5
16:31:08 - Scroll - km: 14.95, world_offset: 747.6
16:31:08 - Scroll - km: 15.04, world_offset: 752.0
16:31:09 - Scroll - km: 15.12, world_offset: 755.8
16:31:09 - Scroll - km: 15.17, world_offset: 758.7
16:31:09 - Scroll - km: 15.22, world_offset: 760.9
16:31:09 - Scroll - km: 15.25, world_offset: 762.3
16:31:09 - Scroll - km: 15.26, world_offset: 762.9
16:31:09 - Collisione con piattaforma 14 - Tipo: 1 - plat_top(screen)=393.0
16:31:09 - Scroll - km: 15.26, world_offset: 763.2
16:31:09 - Scroll - km: 15.33, world_offset: 766.5
16:31:09 - Scroll - km: 15.44, world_offset: 771.9
16:31:10 - Scroll - km: 15.57, world_offset: 778.4
16:31:10 - Scroll - km: 15.71, world_offset: 785.5
16:31:10 - Scroll - km: 15.86, world_offset: 792.8
16:31:10 - Scroll - km: 16.00, world_offset: 799.9
16:31:10 - Scroll - km: 16.13, world_offset: 806.6
16:31:10 - Scroll - km: 16.26, world_offset: 812.9
16:31:10 - Scroll - km: 16.37, world_offset: 818.7
16:31:10 - Scroll - km: 16.48, world_offset: 823.8
16:31:10 - Scroll - km: 16.56, world_offset: 828.2
16:31:10 - Scroll - km: 16.64, world_offset: 831.8
16:31:10 - Scroll - km: 16.70, world_offset: 834.8
16:31:10 - Scroll - km: 16.74, world_offset: 837.0
16:31:10 - Scroll - km: 16.77, world_offset: 838.4
16:31:10 - Scroll - km: 16.78, world_offset: 839.0
16:31:10 - Collisione con piattaforma 15 - Tipo: 1 - plat_top(screen)=389.0
16:31:10 - Scroll - km: 16.81, world_offset: 840.3
16:31:10 - Scroll - km: 16.89, world_offset: 844.5
16:31:10 - Scroll - km: 17.01, world_offset: 850.4
16:31:10 - Scroll - km: 17.15, world_offset: 857.3
16:31:10 - Scroll - km: 17.29, world_offset: 864.6
16:31:10 - Scroll - km: 17.44, world_offset: 872.1
16:31:10 - Scroll - km: 17.59, world_offset: 879.3
16:31:10 - Scroll - km: 17.72, world_offset: 886.2
16:31:10 - Scroll - km: 17.85, world_offset: 892.5
16:31:10 - Scroll - km: 17.97, world_offset: 898.3
16:31:10 - Scroll - km: 18.07, world_offset: 903.4
16:31:10 - Scroll - km: 18.16, world_offset: 907.8
16:31:10 - Scroll - km: 18.23, world_offset: 911.5
16:31:10 - Scroll - km: 18.29, world_offset: 914.5
16:31:10 - Scroll - km: 18.33, world_offset: 916.7
16:31:10 - Scroll - km: 18.36, world_offset: 918.1
16:31:10 - Scroll - km: 18.37, world_offset: 918.7
16:31:10 - Collisione con piattaforma 15 - Tipo: 1 - plat_top(screen)=469.0
16:31:11 - Scroll - km: 18.38, world_offset: 918.9
16:31:11 - Scroll - km: 18.40, world_offset: 919.9
16:31:11 - Scroll - km: 18.42, world_offset: 921.2
16:31:11 - Scroll - km: 18.45, world_offset: 922.5
16:31:11 - Scroll - km: 18.47, world_offset: 923.5
16:31:11 - Scroll - km: 18.48, world_offset: 924.1
16:31:11 - Scroll - km: 18.48, world_offset: 924.1
16:31:11 - Collisione con piattaforma 16 - Tipo: 1 - plat_top(screen)=394.0
16:31:11 - Scroll - km: 18.49, world_offset: 924.7
16:31:11 - Scroll - km: 18.57, world_offset: 928.4
16:31:11 - Scroll - km: 18.68, world_offset: 933.9
16:31:11 - Scroll - km: 18.81, world_offset: 940.6
16:31:11 - Scroll - km: 18.95, world_offset: 947.7
16:31:11 - Scroll - km: 19.10, world_offset: 955.0
16:31:11 - Scroll - km: 19.24, world_offset: 962.2
16:31:11 - Scroll - km: 19.38, world_offset: 969.0
16:31:11 - Scroll - km: 19.51, world_offset: 975.3
16:31:11 - Scroll - km: 19.62, world_offset: 981.1
16:31:11 - Scroll - km: 19.72, world_offset: 986.2
16:31:11 - Scroll - km: 19.81, world_offset: 990.6
16:31:11 - Scroll - km: 19.89, world_offset: 994.3
16:31:11 - Scroll - km: 19.94, world_offset: 997.2
16:31:11 - Scroll - km: 19.99, world_offset: 999.4
16:31:11 - Scroll - km: 20.02, world_offset: 1000.8
16:31:11 - Scroll - km: 20.03, world_offset: 1001.4
16:31:11 - Collisione con piattaforma 17 - Tipo: 1 - plat_top(screen)=391.0
16:31:11 - Scroll - km: 20.05, world_offset: 1002.5
16:31:11 - Scroll - km: 20.13, world_offset: 1006.5
16:31:11 - Scroll - km: 20.24, world_offset: 1012.2
16:31:11 - Scroll - km: 20.38, world_offset: 1019.1
16:31:11 - Scroll - km: 20.53, world_offset: 1026.3
16:31:11 - Scroll - km: 20.67, world_offset: 1033.7
16:31:11 - Scroll - km: 20.82, world_offset: 1040.9
16:31:11 - Scroll - km: 20.96, world_offset: 1047.8
16:31:11 - Scroll - km: 21.08, world_offset: 1054.1
16:31:12 - Scroll - km: 21.20, world_offset: 1059.9
16:31:12 - Scroll - km: 21.30, world_offset: 1065.0
16:31:12 - Scroll - km: 21.39, world_offset: 1069.4
16:31:12 - Scroll - km: 21.46, world_offset: 1073.1
16:31:12 - Scroll - km: 21.52, world_offset: 1076.1
16:31:12 - Scroll - km: 21.56, world_offset: 1078.2
16:31:12 - Scroll - km: 21.59, world_offset: 1079.7
16:31:12 - Scroll - km: 21.61, world_offset: 1080.3
16:31:12 - Collisione con piattaforma 17 - Tipo: 1 - plat_top(screen)=470.0
16:31:12 - Scroll - km: 21.62, world_offset: 1080.9
16:31:12 - Scroll - km: 21.64, world_offset: 1081.9
16:31:12 - Scroll - km: 21.66, world_offset: 1082.9
16:31:12 - Scroll - km: 21.68, world_offset: 1083.8
16:31:12 - Scroll - km: 21.69, world_offset: 1084.3
16:31:12 - Collisione con piattaforma 18 - Tipo: 1 - plat_top(screen)=394.0
16:31:12 - Scroll - km: 21.69, world_offset: 1084.4
16:31:12 - Scroll - km: 21.75, world_offset: 1087.7
16:31:12 - Scroll - km: 21.86, world_offset: 1093.1
16:31:12 - Scroll - km: 21.99, world_offset: 1099.5
16:31:12 - Scroll - km: 22.13, world_offset: 1106.6
16:31:12 - Scroll - km: 22.28, world_offset: 1113.8
16:31:12 - Scroll - km: 22.42, world_offset: 1120.9
16:31:12 - Scroll - km: 22.55, world_offset: 1127.7
16:31:12 - Scroll - km: 22.68, world_offset: 1134.0
16:31:12 - Scroll - km: 22.79, world_offset: 1139.7
16:31:13 - Scroll - km: 22.90, world_offset: 1144.8
16:31:13 - Scroll - km: 22.98, world_offset: 1149.2
16:31:13 - Scroll - km: 23.06, world_offset: 1152.9
16:31:13 - Scroll - km: 23.12, world_offset: 1155.8
16:31:13 - Scroll - km: 23.16, world_offset: 1158.0
16:31:13 - Scroll - km: 23.19, world_offset: 1159.4
16:31:13 - Scroll - km: 23.20, world_offset: 1160.0
16:31:13 - Collisione con piattaforma 18 - Tipo: 1 - plat_top(screen)=470.0
16:31:13 - Scroll - km: 23.22, world_offset: 1160.8
16:31:13 - Scroll - km: 23.24, world_offset: 1162.0
16:31:13 - Scroll - km: 23.26, world_offset: 1163.2
16:31:13 - Scroll - km: 23.28, world_offset: 1164.1
16:31:13 - Scroll - km: 23.29, world_offset: 1164.6
16:31:13 - Scroll - km: 23.29, world_offset: 1164.6
16:31:13 - Collisione con piattaforma 19 - Tipo: 2 - plat_top(screen)=395.0
16:31:13 - Scroll - km: 23.30, world_offset: 1165.2
16:31:13 - Scroll - km: 23.38, world_offset: 1168.8
16:31:13 - Scroll - km: 23.49, world_offset: 1174.4
16:31:13 - Scroll - km: 23.62, world_offset: 1181.0
16:31:13 - Scroll - km: 23.76, world_offset: 1188.2
16:31:13 - Scroll - km: 23.91, world_offset: 1195.5
16:31:13 - Scroll - km: 24.05, world_offset: 1202.6
16:31:13 - Scroll - km: 24.19, world_offset: 1209.4
16:31:13 - Scroll - km: 24.32, world_offset: 1215.8
16:31:13 - Scroll - km: 24.43, world_offset: 1221.5
16:31:14 - Scroll - km: 24.53, world_offset: 1226.6
16:31:14 - Scroll - km: 24.62, world_offset: 1231.0
16:31:14 - Scroll - km: 24.69, world_offset: 1234.7
16:31:14 - Scroll - km: 24.75, world_offset: 1237.7
16:31:14 - Scroll - km: 24.80, world_offset: 1239.8
16:31:14 - Scroll - km: 24.82, world_offset: 1241.2
16:31:14 - Scroll - km: 24.84, world_offset: 1241.9
16:31:14 - Collisione con piattaforma 20 - Tipo: 2 - plat_top(screen)=392.0
16:31:14 - Scroll - km: 24.85, world_offset: 1242.3
16:31:14 - Scroll - km: 24.92, world_offset: 1245.9
16:31:14 - Scroll - km: 25.03, world_offset: 1251.4
16:31:14 - Scroll - km: 25.16, world_offset: 1258.1
16:31:14 - Scroll - km: 25.30, world_offset: 1265.2
16:31:14 - Scroll - km: 25.45, world_offset: 1272.5
16:31:14 - Scroll - km: 25.59, world_offset: 1279.6
16:31:14 - Scroll - km: 25.73, world_offset: 1286.4
16:31:14 - Scroll - km: 25.85, world_offset: 1292.7
16:31:14 - Scroll - km: 25.97, world_offset: 1298.5
16:31:14 - Scroll - km: 26.07, world_offset: 1303.6
16:31:14 - Scroll - km: 26.16, world_offset: 1308.0
16:31:14 - Scroll - km: 26.23, world_offset: 1311.7
16:31:14 - Scroll - km: 26.29, world_offset: 1314.6
16:31:14 - Scroll - km: 26.34, world_offset: 1316.8
16:31:14 - Scroll - km: 26.36, world_offset: 1318.2
16:31:14 - Scroll - km: 26.38, world_offset: 1318.8
16:31:14 - Collisione con piattaforma 21 - Tipo: 2 - plat_top(screen)=389.0
16:31:14 - Scroll - km: 26.43, world_offset: 1321.5
16:31:14 - Scroll - km: 26.53, world_offset: 1326.6
16:31:14 - Scroll - km: 26.66, world_offset: 1333.2
16:31:14 - Scroll - km: 26.81, world_offset: 1340.6
16:31:14 - Scroll - km: 26.96, world_offset: 1348.2
16:31:14 - Scroll - km: 27.12, world_offset: 1355.9
16:31:14 - Scroll - km: 27.27, world_offset: 1363.3
16:31:14 - Scroll - km: 27.41, world_offset: 1370.3
16:31:14 - Scroll - km: 27.53, world_offset: 1376.7
16:31:14 - Scroll - km: 27.65, world_offset: 1382.5
16:31:14 - Scroll - km: 27.75, world_offset: 1387.7
16:31:14 - Scroll - km: 27.84, world_offset: 1392.2
16:31:14 - Scroll - km: 27.92, world_offset: 1395.9
16:31:14 - Scroll - km: 27.98, world_offset: 1398.8
16:31:14 - Scroll - km: 28.02, world_offset: 1401.0
16:31:14 - Scroll - km: 28.05, world_offset: 1402.5
16:31:14 - Scroll - km: 28.06, world_offset: 1403.1
16:31:15 - Collisione con piattaforma 21 - Tipo: 2 - plat_top(screen)=473.0
16:31:15 - Scroll - km: 28.07, world_offset: 1403.7
16:31:15 - Scroll - km: 28.09, world_offset: 1404.4
16:31:15 - Scroll - km: 28.10, world_offset: 1405.1
16:31:15 - Scroll - km: 28.11, world_offset: 1405.4
16:31:15 - Collisione con piattaforma 22 - Tipo: 2 - plat_top(screen)=395.0
16:31:15 - Scroll - km: 28.17, world_offset: 1408.4
16:31:15 - Scroll - km: 28.27, world_offset: 1413.4
16:31:15 - Scroll - km: 28.39, world_offset: 1419.7
16:31:15 - Scroll - km: 28.53, world_offset: 1426.7
16:31:15 - Scroll - km: 28.68, world_offset: 1433.8
16:31:15 - Scroll - km: 28.82, world_offset: 1440.8
16:31:15 - Scroll - km: 28.95, world_offset: 1447.6
16:31:15 - Scroll - km: 29.08, world_offset: 1453.8
16:31:15 - Scroll - km: 29.19, world_offset: 1459.5
16:31:15 - Scroll - km: 29.29, world_offset: 1464.6
16:31:15 - Scroll - km: 29.38, world_offset: 1469.0
16:31:15 - Scroll - km: 29.45, world_offset: 1472.7
16:31:15 - Scroll - km: 29.51, world_offset: 1475.6
16:31:15 - Scroll - km: 29.56, world_offset: 1477.8
16:31:15 - Scroll - km: 29.58, world_offset: 1479.2
16:31:15 - Scroll - km: 29.60, world_offset: 1479.8
16:31:16 - Collisione con piattaforma 23 - Tipo: 2 - plat_top(screen)=390.0
16:31:16 - Scroll - km: 29.63, world_offset: 1481.5
16:31:16 - Scroll - km: 29.72, world_offset: 1485.9
16:31:16 - Scroll - km: 29.84, world_offset: 1492.0
16:31:16 - Scroll - km: 29.98, world_offset: 1499.0
16:31:16 - Scroll - km: 30.13, world_offset: 1506.4
16:31:16 - Scroll - km: 30.28, world_offset: 1513.9
16:31:16 - Scroll - km: 30.42, world_offset: 1521.2
16:31:16 - Scroll - km: 30.56, world_offset: 1528.1
16:31:16 - Scroll - km: 30.69, world_offset: 1534.5
16:31:16 - Scroll - km: 30.81, world_offset: 1540.3
16:31:16 - Scroll - km: 30.91, world_offset: 1545.4
16:31:16 - Scroll - km: 31.00, world_offset: 1549.9
16:31:16 - Scroll - km: 31.07, world_offset: 1553.6
16:31:16 - Scroll - km: 31.13, world_offset: 1556.5
16:31:16 - Scroll - km: 31.17, world_offset: 1558.7
16:31:16 - Scroll - km: 31.20, world_offset: 1560.1
16:31:16 - Scroll - km: 31.21, world_offset: 1560.7
16:31:16 - Collisione con piattaforma 24 - Tipo: 2 - plat_top(screen)=391.0
16:31:16 - Scroll - km: 31.25, world_offset: 1562.3
16:31:16 - Scroll - km: 31.33, world_offset: 1566.6
16:31:16 - Scroll - km: 31.45, world_offset: 1572.6
16:31:16 - Scroll - km: 31.59, world_offset: 1579.6
16:31:16 - Scroll - km: 31.74, world_offset: 1587.0
16:31:16 - Scroll - km: 31.89, world_offset: 1594.5
16:31:16 - Scroll - km: 32.04, world_offset: 1601.8
16:31:16 - Scroll - km: 32.17, world_offset: 1608.6
16:31:16 - Scroll - km: 32.30, world_offset: 1615.0
16:31:16 - Scroll - km: 32.42, world_offset: 1620.8
16:31:16 - Scroll - km: 32.52, world_offset: 1625.9
16:31:16 - Scroll - km: 32.61, world_offset: 1630.4
16:31:16 - Scroll - km: 32.68, world_offset: 1634.1
16:31:16 - Scroll - km: 32.74, world_offset: 1637.0
16:31:16 - Scroll - km: 32.78, world_offset: 1639.2
16:31:16 - Scroll - km: 32.81, world_offset: 1640.6
16:31:16 - Scroll - km: 32.83, world_offset: 1641.3
16:31:16 - Collisione con piattaforma 25 - Tipo: 2 - plat_top(screen)=391.0
16:31:16 - Scroll - km: 32.86, world_offset: 1643.2
16:31:16 - Scroll - km: 32.96, world_offset: 1647.8
16:31:16 - Scroll - km: 33.08, world_offset: 1654.0
16:31:17 - Scroll - km: 33.22, world_offset: 1661.1
16:31:17 - Scroll - km: 33.37, world_offset: 1668.6
16:31:17 - Scroll - km: 33.52, world_offset: 1676.2
16:31:17 - Scroll - km: 33.67, world_offset: 1683.5
16:31:17 - Scroll - km: 33.81, world_offset: 1690.4
16:31:17 - Scroll - km: 33.94, world_offset: 1696.8
16:31:17 - Scroll - km: 34.05, world_offset: 1702.6
16:31:17 - Scroll - km: 34.15, world_offset: 1707.7
16:31:17 - Scroll - km: 34.24, world_offset: 1712.2
16:31:17 - Scroll - km: 34.32, world_offset: 1715.9
16:31:17 - Scroll - km: 34.38, world_offset: 1718.8
16:31:17 - Scroll - km: 34.42, world_offset: 1721.0
16:31:17 - Scroll - km: 34.45, world_offset: 1722.5
16:31:17 - Scroll - km: 34.46, world_offset: 1723.1
16:31:17 - Collisione con piattaforma 26 - Tipo: 2 - plat_top(screen)=393.0
16:31:17 - Scroll - km: 34.46, world_offset: 1723.2
16:31:17 - Scroll - km: 34.53, world_offset: 1726.6
16:31:17 - Scroll - km: 34.64, world_offset: 1732.0
16:31:17 - Scroll - km: 34.77, world_offset: 1738.5
16:31:17 - Scroll - km: 34.91, world_offset: 1745.5
16:31:17 - Scroll - km: 35.06, world_offset: 1752.8
16:31:17 - Scroll - km: 35.20, world_offset: 1759.9
16:31:17 - Scroll - km: 35.33, world_offset: 1766.6
16:31:17 - Scroll - km: 35.46, world_offset: 1772.9
16:31:17 - Scroll - km: 35.57, world_offset: 1778.7
16:31:17 - Scroll - km: 35.68, world_offset: 1783.8
16:31:17 - Scroll - km: 35.76, world_offset: 1788.2
16:31:17 - Scroll - km: 35.84, world_offset: 1791.9
16:31:17 - Scroll - km: 35.90, world_offset: 1794.8
16:31:17 - Scroll - km: 35.94, world_offset: 1797.0
16:31:17 - Scroll - km: 35.97, world_offset: 1798.4
16:31:17 - Scroll - km: 35.98, world_offset: 1799.0
16:31:17 - Collisione con piattaforma 27 - Tipo: 2 - plat_top(screen)=389.0
16:31:17 - Scroll - km: 36.02, world_offset: 1801.1
16:31:17 - Scroll - km: 36.12, world_offset: 1805.8
16:31:17 - Scroll - km: 36.24, world_offset: 1812.1
16:31:17 - Scroll - km: 36.39, world_offset: 1819.3
16:31:17 - Scroll - km: 36.54, world_offset: 1826.8
16:31:17 - Scroll - km: 36.69, world_offset: 1834.4
16:31:17 - Scroll - km: 36.83, world_offset: 1841.7
16:31:17 - Scroll - km: 36.97, world_offset: 1848.6
16:31:17 - Scroll - km: 37.10, world_offset: 1855.1
16:31:17 - Scroll - km: 37.22, world_offset: 1860.9
16:31:17 - Scroll - km: 37.32, world_offset: 1866.0
16:31:17 - Scroll - km: 37.41, world_offset: 1870.5
16:31:17 - Scroll - km: 37.48, world_offset: 1874.2
16:31:18 - Scroll - km: 37.54, world_offset: 1877.1
16:31:18 - Scroll - km: 37.59, world_offset: 1879.3
16:31:18 - Scroll - km: 37.61, world_offset: 1880.7
16:31:18 - Scroll - km: 37.63, world_offset: 1881.3
16:31:18 - Collisione con piattaforma 28 - Tipo: 2 - plat_top(screen)=391.0
16:31:18 - Scroll - km: 37.66, world_offset: 1882.8
16:31:18 - Scroll - km: 37.74, world_offset: 1887.0
16:31:18 - Scroll - km: 37.86, world_offset: 1893.0
16:31:18 - Scroll - km: 38.00, world_offset: 1899.9
16:31:18 - Scroll - km: 38.15, world_offset: 1907.3
16:31:18 - Scroll - km: 38.29, world_offset: 1914.7
16:31:18 - Scroll - km: 38.44, world_offset: 1922.0
16:31:18 - Scroll - km: 38.58, world_offset: 1928.8
16:31:18 - Scroll - km: 38.70, world_offset: 1935.2
16:31:18 - Scroll - km: 38.82, world_offset: 1941.0
16:31:18 - Scroll - km: 38.92, world_offset: 1946.1
16:31:18 - Scroll - km: 39.01, world_offset: 1950.5
16:31:18 - Scroll - km: 39.08, world_offset: 1954.2
16:31:18 - Scroll - km: 39.14, world_offset: 1957.2
16:31:18 - Scroll - km: 39.19, world_offset: 1959.4
16:31:18 - Scroll - km: 39.22, world_offset: 1960.8
16:31:18 - Scroll - km: 39.23, world_offset: 1961.4
16:31:18 - Collisione con piattaforma 29 - Tipo: 2 - plat_top(screen)=391.0
16:31:18 - Scroll - km: 39.26, world_offset: 1962.8
16:31:18 - Scroll - km: 39.34, world_offset: 1967.1
16:31:18 - Scroll - km: 39.46, world_offset: 1973.0
16:31:18 - Scroll - km: 39.60, world_offset: 1980.0
16:31:18 - Scroll - km: 39.75, world_offset: 1987.3
16:31:18 - Scroll - km: 39.90, world_offset: 1994.8
16:31:18 - Scroll - km: 40.04, world_offset: 2002.0
16:31:32 - Creata piattaforma a x=250, y=750, livello=Mantello
16:31:32 - Creata piattaforma a x=340, y=670, livello=Mantello
16:31:32 - Creata piattaforma a x=441, y=590, livello=Mantello
16:31:32 - Creata piattaforma a x=225, y=510, livello=Mantello
16:31:32 - Creata piattaforma a x=413, y=430, livello=Mantello
16:31:32 - Creata piattaforma a x=448, y=350, livello=Mantello
16:31:32 - Creata piattaforma a x=148, y=270, livello=Mantello
16:31:32 - Creata piattaforma a x=173, y=190, livello=Mantello
16:31:32 - Creata piattaforma a x=403, y=110, livello=Mantello
16:31:32 - Creata piattaforma a x=73, y=30, livello=Mantello
16:31:32 - Creata piattaforma a x=148, y=-50, livello=Crosta Terrestre
16:31:32 - Creata piattaforma a x=406, y=-130, livello=Crosta Terrestre
16:31:32 - Creata piattaforma a x=134, y=-210, livello=Crosta Terrestre
16:31:32 - Creata piattaforma a x=68, y=-290, livello=Crosta Terrestre
16:31:32 - Creata piattaforma a x=269, y=-370, livello=Crosta Terrestre
16:31:32 - Creata piattaforma a x=381, y=-450, livello=Crosta Terrestre
16:31:32 - Creata piattaforma a x=385, y=-530, livello=Crosta Terrestre
16:31:32 - Creata piattaforma a x=103, y=-610, livello=Crosta Terrestre
16:31:32 - Creata piattaforma a x=411, y=-690, livello=Crosta Terrestre
16:31:32 - Creata piattaforma a x=421, y=-770, livello=Vulcano
16:31:32 - Creata piattaforma a x=159, y=-850, livello=Vulcano
16:31:32 - Creata piattaforma a x=280, y=-930, livello=Vulcano
16:31:32 - Creata piattaforma a x=92, y=-1010, livello=Vulcano
16:31:32 - Creata piattaforma a x=270, y=-1090, livello=Vulcano
16:31:32 - Creata piattaforma a x=196, y=-1170, livello=Vulcano
16:31:32 - Creata piattaforma a x=170, y=-1250, livello=Vulcano
16:31:32 - Creata piattaforma a x=446, y=-1330, livello=Vulcano
16:31:32 - Creata piattaforma a x=244, y=-1410, livello=Vulcano
16:31:32 - Creata piattaforma a x=271, y=-1490, livello=Vulcano
16:31:32 - Creata piattaforma a x=421, y=-1570, livello=Vulcano
16:31:32 - Creata piattaforma a x=442, y=-1650, livello=Vulcano
16:31:32 - Creata piattaforma a x=67, y=-1730, livello=Vulcano
16:31:32 - Creata piattaforma a x=147, y=-1810, livello=Vulcano
16:31:32 - Creata piattaforma a x=288, y=-1890, livello=Vulcano
16:31:32 - Creata piattaforma a x=438, y=-1970, livello=Vulcano
16:31:32 - Creata piattaforma a x=120, y=-2050, livello=Vulcano
16:31:32 - Creata piattaforma a x=64, y=-2130, livello=Vulcano
16:31:32 - Creata piattaforma a x=441, y=-2210, livello=Vulcano
16:31:32 - Creata piattaforma a x=418, y=-2290, livello=Vulcano
16:31:32 - Creata piattaforma a x=148, y=-2370, livello=Vulcano
16:31:32 - Creata piattaforma a x=75, y=-2450, livello=Vulcano
16:31:32 - Creata piattaforma a x=141, y=-2530, livello=Vulcano
16:31:32 - Creata piattaforma a x=194, y=-2610, livello=Vulcano
16:31:32 - Creata piattaforma a x=431, y=-2690, livello=Vulcano
16:31:32 - Creata piattaforma a x=144, y=-2770, livello=Vulcano
16:31:32 - Creata piattaforma a x=177, y=-2850, livello=Vulcano
16:31:32 - Creata piattaforma a x=415, y=-2930, livello=Vulcano
16:31:32 - Creata piattaforma a x=416, y=-3010, livello=Vulcano
16:31:32 - Creata piattaforma a x=285, y=-3090, livello=Vulcano
16:31:32 - Creata piattaforma a x=284, y=-3170, livello=Vulcano
16:31:32 - Creata piattaforma a x=374, y=-3250, livello=Vulcano
16:31:32 - Creata piattaforma a x=420, y=-3330, livello=Vulcano
16:31:32 - Creata piattaforma a x=259, y=-3410, livello=Vulcano
16:31:32 - Creata piattaforma a x=413, y=-3490, livello=Vulcano
16:31:32 - Creata piattaforma a x=124, y=-3570, livello=Vulcano
16:31:32 - Creata piattaforma a x=408, y=-3650, livello=Vulcano
16:31:32 - Creata piattaforma a x=106, y=-3730, livello=Vulcano
16:31:32 - Creata piattaforma a x=348, y=-3810, livello=Vulcano
16:31:32 - Creata piattaforma a x=437, y=-3890, livello=Vulcano
16:31:32 - Creata piattaforma a x=413, y=-3970, livello=Vulcano
16:31:32 - Creata piattaforma a x=439, y=-4050, livello=Vulcano
16:31:32 - Creata piattaforma a x=439, y=-4130, livello=Vulcano
16:31:32 - Creata piattaforma a x=438, y=-4210, livello=Vulcano
16:31:32 - Creata piattaforma a x=210, y=-4290, livello=Vulcano
16:31:32 - Creata piattaforma a x=212, y=-4370, livello=Vulcano
16:31:32 - Creata piattaforma a x=56, y=-4450, livello=Vulcano
16:31:32 - Generate 66 piattaforme, 11 power-ups, 15 collectibles, 8 nemici
16:31:32 - Gioco resettato - Player posizionato a x=300, y=709.1860251692616
16:31:32 - Collisione con piattaforma 0 - Tipo: 0 - plat_top(screen)=750.0
16:31:33 - Collisione con piattaforma 0 - Tipo: 0 - plat_top(screen)=750.0
16:31:33 - Collisione con piattaforma 1 - Tipo: 0 - plat_top(screen)=670.0
16:31:33 - Collisione con piattaforma 2 - Tipo: 0 - plat_top(screen)=590.0
16:31:34 - Collisione con piattaforma 3 - Tipo: 0 - plat_top(screen)=510.0
16:31:34 - Collisione con piattaforma 4 - Tipo: 0 - plat_top(screen)=430.0
16:31:34 - Scroll - km: 0.03, world_offset: 1.7
16:31:34 - Scroll - km: 0.10, world_offset: 5.1
16:31:34 - Scroll - km: 0.19, world_offset: 9.6
16:31:34 - Scroll - km: 0.29, world_offset: 14.5
16:31:34 - Scroll - km: 0.39, world_offset: 19.5
16:31:34 - Scroll - km: 0.49, world_offset: 24.3
16:31:34 - Scroll - km: 0.58, world_offset: 28.8
16:31:35 - Scroll - km: 0.65, world_offset: 32.7
16:31:35 - Scroll - km: 0.72, world_offset: 36.1
16:31:35 - Scroll - km: 0.78, world_offset: 38.8
16:31:35 - Scroll - km: 0.82, world_offset: 40.9
16:31:35 - Scroll - km: 0.84, world_offset: 42.2
16:31:35 - Scroll - km: 0.85, world_offset: 42.7
16:31:35 - Collisione con piattaforma 5 - Tipo: 0 - plat_top(screen)=393.0
16:31:35 - Scroll - km: 0.87, world_offset: 43.3
16:31:35 - Scroll - km: 0.94, world_offset: 46.9
16:31:35 - Scroll - km: 1.05, world_offset: 52.5
16:31:35 - Scroll - km: 1.18, world_offset: 59.1
16:31:35 - Scroll - km: 1.33, world_offset: 66.3
16:31:35 - Scroll - km: 1.47, world_offset: 73.6
16:31:35 - Scroll - km: 1.62, world_offset: 80.8
16:31:35 - Scroll - km: 1.75, world_offset: 87.6
16:31:35 - Scroll - km: 1.88, world_offset: 93.9
16:31:35 - Scroll - km: 1.99, world_offset: 99.6
16:31:35 - Scroll - km: 2.10, world_offset: 104.8
16:31:35 - Scroll - km: 2.18, world_offset: 109.2
16:31:35 - Scroll - km: 2.26, world_offset: 112.9
16:31:35 - Scroll - km: 2.32, world_offset: 115.8
16:31:35 - Scroll - km: 2.36, world_offset: 118.0
16:31:35 - Scroll - km: 2.39, world_offset: 119.4
16:31:35 - Scroll - km: 2.40, world_offset: 120.0
16:31:35 - Collisione con piattaforma 4 - Tipo: 0 - plat_top(screen)=550.0
16:31:36 - Collisione con piattaforma 5 - Tipo: 0 - plat_top(screen)=470.0
16:31:36 - Scroll - km: 2.41, world_offset: 120.3
16:31:36 - Scroll - km: 2.42, world_offset: 120.9
16:31:36 - Scroll - km: 2.43, world_offset: 121.4
16:31:36 - Scroll - km: 2.43, world_offset: 121.6
16:31:36 - Collisione con piattaforma 6 - Tipo: 0 - plat_top(screen)=392.0
16:31:36 - Scroll - km: 2.47, world_offset: 123.4
16:31:36 - Scroll - km: 2.56, world_offset: 127.9
16:31:36 - Scroll - km: 2.68, world_offset: 134.0
16:31:36 - Scroll - km: 2.82, world_offset: 141.1
16:31:36 - Scroll - km: 2.97, world_offset: 148.5
16:31:36 - Scroll - km: 3.12, world_offset: 156.0
16:31:36 - Scroll - km: 3.27, world_offset: 163.3
16:31:36 - Scroll - km: 3.40, world_offset: 170.2
16:31:36 - Scroll - km: 3.53, world_offset: 176.6
16:31:36 - Scroll - km: 3.65, world_offset: 182.4
16:31:36 - Scroll - km: 3.75, world_offset: 187.6
16:31:36 - Scroll - km: 3.84, world_offset: 192.0
16:31:36 - Scroll - km: 3.91, world_offset: 195.7
16:31:36 - Scroll - km: 3.97, world_offset: 198.7
16:31:36 - Scroll - km: 4.02, world_offset: 200.8
16:31:37 - Scroll - km: 4.05, world_offset: 202.3
16:31:37 - Scroll - km: 4.06, world_offset: 202.9
16:31:37 - Collisione con piattaforma 7 - Tipo: 0 - plat_top(screen)=393.0
16:31:37 - Scroll - km: 4.07, world_offset: 203.3
16:31:37 - Scroll - km: 4.14, world_offset: 206.9
16:31:37 - Scroll - km: 4.25, world_offset: 212.3
16:31:37 - Scroll - km: 4.38, world_offset: 218.9
16:31:37 - Scroll - km: 4.52, world_offset: 226.1
16:31:37 - Scroll - km: 4.67, world_offset: 233.4
16:31:37 - Scroll - km: 4.81, world_offset: 240.5
16:31:37 - Scroll - km: 4.95, world_offset: 247.3
16:31:37 - Scroll - km: 5.07, world_offset: 253.6
16:31:37 - Scroll - km: 5.19, world_offset: 259.3
16:31:37 - Scroll - km: 5.29, world_offset: 264.4
16:31:37 - Scroll - km: 5.38, world_offset: 268.9
16:31:37 - Scroll - km: 5.45, world_offset: 272.5
16:31:37 - Scroll - km: 5.51, world_offset: 275.5
16:31:37 - Scroll - km: 5.55, world_offset: 277.7
16:31:37 - Scroll - km: 5.58, world_offset: 279.1
16:31:37 - Scroll - km: 5.59, world_offset: 279.7
16:31:37 - Collisione con piattaforma 7 - Tipo: 0 - plat_top(screen)=470.0
16:31:37 - Scroll - km: 5.60, world_offset: 279.8
16:31:37 - Scroll - km: 5.62, world_offset: 280.8
16:31:37 - Scroll - km: 5.64, world_offset: 282.0
16:31:37 - Scroll - km: 5.67, world_offset: 283.3
16:31:37 - Scroll - km: 5.69, world_offset: 284.3
16:31:37 - Scroll - km: 5.70, world_offset: 284.8
16:31:38 - Scroll - km: 5.70, world_offset: 284.9
16:31:38 - Collisione con piattaforma 8 - Tipo: 0 - plat_top(screen)=395.0
16:31:38 - Scroll - km: 5.70, world_offset: 285.2
16:31:38 - Scroll - km: 5.77, world_offset: 288.6
16:31:38 - Scroll - km: 5.88, world_offset: 294.0
16:31:38 - Scroll - km: 6.01, world_offset: 300.6
16:31:38 - Scroll - km: 6.15, world_offset: 307.7
16:31:38 - Scroll - km: 6.30, world_offset: 314.9
16:31:38 - Scroll - km: 6.44, world_offset: 322.0
16:31:38 - Scroll - km: 6.58, world_offset: 328.8
16:31:38 - Scroll - km: 6.70, world_offset: 335.1
16:31:38 - Scroll - km: 6.82, world_offset: 340.9
16:31:38 - Scroll - km: 6.92, world_offset: 346.0
16:31:38 - Scroll - km: 7.01, world_offset: 350.4
16:31:38 - Scroll - km: 7.08, world_offset: 354.1
16:31:38 - Scroll - km: 7.14, world_offset: 357.0
16:31:38 - Scroll - km: 7.18, world_offset: 359.2
16:31:38 - Scroll - km: 7.21, world_offset: 360.6
16:31:38 - Scroll - km: 7.22, world_offset: 361.2
16:31:38 - Collisione con piattaforma 9 - Tipo: 0 - plat_top(screen)=391.0
16:31:38 - Scroll - km: 7.26, world_offset: 363.2
16:31:38 - Scroll - km: 7.36, world_offset: 367.9
16:31:38 - Scroll - km: 7.48, world_offset: 374.1
16:31:38 - Scroll - km: 7.63, world_offset: 381.3
16:31:38 - Scroll - km: 7.78, world_offset: 388.8
16:31:38 - Scroll - km: 7.93, world_offset: 396.3
16:31:38 - Scroll - km: 8.07, world_offset: 403.6
16:31:38 - Scroll - km: 8.21, world_offset: 410.6
16:31:38 - Scroll - km: 8.34, world_offset: 417.0
16:31:38 - Scroll - km: 8.46, world_offset: 422.8
16:31:38 - Scroll - km: 8.56, world_offset: 427.9
16:31:38 - Scroll - km: 8.65, world_offset: 432.3
16:31:38 - Scroll - km: 8.72, world_offset: 436.1
16:31:38 - Scroll - km: 8.78, world_offset: 439.0
16:31:38 - Scroll - km: 8.82, world_offset: 441.2
16:31:38 - Scroll - km: 8.85, world_offset: 442.6
16:31:38 - Scroll - km: 8.86, world_offset: 443.2
16:31:38 - Collisione con piattaforma 10 - Tipo: 1 - plat_top(screen)=393.0
16:31:39 - Scroll - km: 8.87, world_offset: 443.4
16:31:39 - Scroll - km: 8.93, world_offset: 446.7
16:31:39 - Scroll - km: 9.04, world_offset: 452.0
16:31:39 - Scroll - km: 9.17, world_offset: 458.5
16:31:39 - Scroll - km: 9.31, world_offset: 465.6
16:31:39 - Scroll - km: 9.46, world_offset: 472.8
16:31:39 - Scroll - km: 9.60, world_offset: 479.9
16:31:39 - Scroll - km: 9.73, world_offset: 486.7
16:31:39 - Scroll - km: 9.86, world_offset: 493.0
16:31:39 - Scroll - km: 9.97, world_offset: 498.7
16:31:39 - Scroll - km: 10.08, world_offset: 503.8
16:31:39 - Scroll - km: 10.16, world_offset: 508.2
16:31:39 - Scroll - km: 10.24, world_offset: 511.9
16:31:39 - Scroll - km: 10.30, world_offset: 514.8
16:31:39 - Scroll - km: 10.34, world_offset: 517.0
16:31:39 - Scroll - km: 10.37, world_offset: 518.4
16:31:39 - Scroll - km: 10.38, world_offset: 519.0
16:31:39 - Collisione con piattaforma 8 - Tipo: 0 - plat_top(screen)=629.0
16:31:40 - Collisione con piattaforma 8 - Tipo: 0 - plat_top(screen)=629.0
16:31:40 - Collisione con piattaforma 7 - Tipo: 0 - plat_top(screen)=709.0
16:31:41 - Collisione con piattaforma 7 - Tipo: 0 - plat_top(screen)=709.0
16:31:42 - Collisione con piattaforma 7 - Tipo: 0 - plat_top(screen)=709.0
16:31:42 - Collisione con piattaforma 8 - Tipo: 0 - plat_top(screen)=629.0
16:31:43 - Collisione con piattaforma 7 - Tipo: 0 - plat_top(screen)=709.0
16:31:43 - Collisione con piattaforma 7 - Tipo: 0 - plat_top(screen)=709.0
16:31:44 - Collisione con piattaforma 8 - Tipo: 0 - plat_top(screen)=629.0
16:31:44 - Collisione con piattaforma 8 - Tipo: 0 - plat_top(screen)=629.0
16:31:45 - Collisione con piattaforma 7 - Tipo: 0 - plat_top(screen)=709.0
16:31:45 - Collisione con piattaforma 7 - Tipo: 0 - plat_top(screen)=709.0
16:31:46 - Collisione con piattaforma 8 - Tipo: 0 - plat_top(screen)=629.0
16:31:46 - Collisione con piattaforma 8 - Tipo: 0 - plat_top(screen)=629.0
16:31:47 - Collisione con piattaforma 9 - Tipo: 0 - plat_top(screen)=549.0
16:31:47 - Collisione con piattaforma 10 - Tipo: 1 - plat_top(screen)=469.0
16:31:47 - Scroll - km: 10.38, world_offset: 519.0
16:31:47 - Scroll - km: 10.40, world_offset: 519.9
16:31:47 - Scroll - km: 10.42, world_offset: 521.1
16:31:47 - Scroll - km: 10.44, world_offset: 522.2
16:31:47 - Scroll - km: 10.46, world_offset: 523.2
16:31:48 - Scroll - km: 10.48, world_offset: 523.8
16:31:48 - Scroll - km: 10.48, world_offset: 523.8
16:31:48 - Collisione con piattaforma 11 - Tipo: 1 - plat_top(screen)=394.0
16:31:48 - Scroll - km: 10.49, world_offset: 524.7
16:31:48 - Scroll - km: 10.57, world_offset: 528.6
16:31:48 - Scroll - km: 10.69, world_offset: 534.3
16:31:48 - Scroll - km: 10.82, world_offset: 541.0
16:31:48 - Scroll - km: 10.97, world_offset: 548.3
16:31:48 - Scroll - km: 11.11, world_offset: 555.7
16:31:48 - Scroll - km: 11.26, world_offset: 562.8
16:31:48 - Scroll - km: 11.39, world_offset: 569.7
16:31:48 - Scroll - km: 11.52, world_offset: 576.0
16:31:48 - Scroll - km: 11.64, world_offset: 581.8
16:31:48 - Scroll - km: 11.74, world_offset: 586.9
16:31:48 - Scroll - km: 11.83, world_offset: 591.3
16:31:48 - Scroll - km: 11.90, world_offset: 595.0
16:31:48 - Scroll - km: 11.96, world_offset: 598.0
16:31:48 - Scroll - km: 12.00, world_offset: 600.1
16:31:48 - Scroll - km: 12.03, world_offset: 601.5
16:31:48 - Scroll - km: 12.04, world_offset: 602.2
16:31:48 - Collisione con piattaforma 11 - Tipo: 1 - plat_top(screen)=472.0
16:31:48 - Scroll - km: 12.05, world_offset: 602.4
16:31:48 - Scroll - km: 12.06, world_offset: 603.2
16:31:48 - Scroll - km: 12.08, world_offset: 604.1
16:31:48 - Scroll - km: 12.10, world_offset: 604.8
16:31:48 - Scroll - km: 12.10, world_offset: 605.2
16:31:49 - Collisione con piattaforma 12 - Tipo: 1 - plat_top(screen)=395.0
16:31:49 - Scroll - km: 12.11, world_offset: 605.6
16:31:49 - Scroll - km: 12.18, world_offset: 609.0
16:31:49 - Scroll - km: 12.29, world_offset: 614.4
16:31:49 - Scroll - km: 12.42, world_offset: 621.0
16:31:49 - Scroll - km: 12.56, world_offset: 628.1
16:31:49 - Scroll - km: 12.71, world_offset: 635.4
16:31:49 - Scroll - km: 12.85, world_offset: 642.5
16:31:49 - Scroll - km: 12.99, world_offset: 649.3
16:31:49 - Scroll - km: 13.11, world_offset: 655.6
16:31:49 - Scroll - km: 13.23, world_offset: 661.3
16:31:49 - Scroll - km: 13.33, world_offset: 666.4
16:31:49 - Scroll - km: 13.42, world_offset: 670.8
16:31:49 - Scroll - km: 13.49, world_offset: 674.5
16:31:49 - Scroll - km: 13.55, world_offset: 677.4
16:31:49 - Scroll - km: 13.59, world_offset: 679.6
16:31:49 - Scroll - km: 13.62, world_offset: 681.0
16:31:49 - Scroll - km: 13.63, world_offset: 681.6
16:31:49 - Collisione con piattaforma 13 - Tipo: 1 - plat_top(screen)=392.0
16:31:49 - Scroll - km: 13.64, world_offset: 682.2
16:31:49 - Scroll - km: 13.72, world_offset: 685.9
16:31:49 - Scroll - km: 13.83, world_offset: 691.5
16:31:49 - Scroll - km: 13.96, world_offset: 698.1
16:31:49 - Scroll - km: 14.11, world_offset: 705.3
16:31:49 - Scroll - km: 14.25, world_offset: 712.6
16:31:49 - Scroll - km: 14.40, world_offset: 719.8
16:31:49 - Scroll - km: 14.53, world_offset: 726.6
16:31:49 - Scroll - km: 14.66, world_offset: 732.9
16:31:49 - Scroll - km: 14.77, world_offset: 738.6
16:31:49 - Scroll - km: 14.87, world_offset: 743.7
16:31:49 - Scroll - km: 14.96, world_offset: 748.2
16:31:49 - Scroll - km: 15.04, world_offset: 751.8
16:31:49 - Scroll - km: 15.10, world_offset: 754.8
16:31:49 - Scroll - km: 15.14, world_offset: 757.0
16:31:49 - Scroll - km: 15.17, world_offset: 758.4
16:31:49 - Scroll - km: 15.18, world_offset: 759.0
16:31:50 - Collisione con piattaforma 13 - Tipo: 1 - plat_top(screen)=469.0
16:31:50 - Scroll - km: 15.19, world_offset: 759.6
16:31:50 - Scroll - km: 15.22, world_offset: 760.8
16:31:50 - Scroll - km: 15.25, world_offset: 762.3
16:31:50 - Scroll - km: 15.27, world_offset: 763.7
16:31:50 - Scroll - km: 15.30, world_offset: 764.8
16:31:50 - Scroll - km: 15.31, world_offset: 765.5
16:31:50 - Scroll - km: 15.31, world_offset: 765.5
16:31:50 - Collisione con piattaforma 14 - Tipo: 1 - plat_top(screen)=396.0
16:31:50 - Scroll - km: 15.31, world_offset: 765.6
16:31:50 - Scroll - km: 15.38, world_offset: 768.9
16:31:50 - Scroll - km: 15.48, world_offset: 774.2
16:31:50 - Scroll - km: 15.61, world_offset: 780.7
16:31:50 - Scroll - km: 15.75, world_offset: 787.7
16:31:50 - Scroll - km: 15.90, world_offset: 794.9
16:31:50 - Scroll - km: 16.04, world_offset: 802.0
16:31:50 - Scroll - km: 16.18, world_offset: 808.8
16:31:50 - Scroll - km: 16.30, world_offset: 815.1
16:31:50 - Scroll - km: 16.42, world_offset: 820.8
16:31:50 - Scroll - km: 16.52, world_offset: 825.9
16:31:50 - Scroll - km: 16.61, world_offset: 830.3
16:31:50 - Scroll - km: 16.68, world_offset: 834.0
16:31:50 - Scroll - km: 16.74, world_offset: 836.9
16:31:50 - Scroll - km: 16.78, world_offset: 839.1
16:31:50 - Scroll - km: 16.81, world_offset: 840.5
16:31:50 - Scroll - km: 16.82, world_offset: 841.1
16:31:50 - Collisione con piattaforma 15 - Tipo: 1 - plat_top(screen)=391.0
16:31:51 - Scroll - km: 16.84, world_offset: 841.8
16:31:51 - Scroll - km: 16.91, world_offset: 845.6
16:31:51 - Scroll - km: 17.02, world_offset: 851.2
16:31:51 - Scroll - km: 17.16, world_offset: 857.9
16:31:51 - Scroll - km: 17.30, world_offset: 865.1
16:31:51 - Scroll - km: 17.45, world_offset: 872.4
16:31:51 - Scroll - km: 17.59, world_offset: 879.5
16:31:51 - Scroll - km: 17.73, world_offset: 886.4
16:31:51 - Scroll - km: 17.85, world_offset: 892.7
16:31:51 - Scroll - km: 17.97, world_offset: 898.4
16:31:51 - Scroll - km: 18.07, world_offset: 903.5
16:31:51 - Scroll - km: 18.16, world_offset: 908.0
16:31:51 - Scroll - km: 18.23, world_offset: 911.6
16:31:51 - Scroll - km: 18.29, world_offset: 914.6
16:31:51 - Scroll - km: 18.34, world_offset: 916.8
16:31:51 - Scroll - km: 18.36, world_offset: 918.2
16:31:51 - Scroll - km: 18.38, world_offset: 918.8
16:31:51 - Collisione con piattaforma 16 - Tipo: 1 - plat_top(screen)=389.0
16:31:51 - Scroll - km: 18.40, world_offset: 920.2
16:31:51 - Scroll - km: 18.49, world_offset: 924.4
16:31:51 - Scroll - km: 18.61, world_offset: 930.3
16:31:51 - Scroll - km: 18.74, world_offset: 937.2
16:31:51 - Scroll - km: 18.89, world_offset: 944.6
16:31:51 - Scroll - km: 19.04, world_offset: 952.0
16:31:51 - Scroll - km: 19.19, world_offset: 959.3
16:31:51 - Scroll - km: 19.32, world_offset: 966.1
16:31:51 - Scroll - km: 19.45, world_offset: 972.5
16:31:51 - Scroll - km: 19.57, world_offset: 978.3
16:31:51 - Scroll - km: 19.67, world_offset: 983.4
16:31:51 - Scroll - km: 19.76, world_offset: 987.8
16:31:51 - Scroll - km: 19.83, world_offset: 991.5
16:31:51 - Scroll - km: 19.89, world_offset: 994.5
16:31:51 - Scroll - km: 19.93, world_offset: 996.7
16:31:51 - Scroll - km: 19.96, world_offset: 998.1
16:31:51 - Scroll - km: 19.97, world_offset: 998.7
16:31:51 - Collisione con piattaforma 17 - Tipo: 1 - plat_top(screen)=389.0
16:31:51 - Scroll - km: 20.03, world_offset: 1001.4
16:31:51 - Scroll - km: 20.13, world_offset: 1006.5
16:31:51 - Scroll - km: 20.26, world_offset: 1013.1
16:31:51 - Scroll - km: 20.41, world_offset: 1020.5
16:31:51 - Scroll - km: 20.56, world_offset: 1028.2
16:31:51 - Scroll - km: 20.72, world_offset: 1035.9
16:31:51 - Scroll - km: 20.87, world_offset: 1043.3
16:31:51 - Scroll - km: 21.00, world_offset: 1050.2
16:31:51 - Scroll - km: 21.13, world_offset: 1056.7
16:31:52 - Scroll - km: 21.25, world_offset: 1062.5
16:31:52 - Scroll - km: 21.35, world_offset: 1067.7
16:31:52 - Scroll - km: 21.44, world_offset: 1072.1
16:31:52 - Scroll - km: 21.52, world_offset: 1075.8
16:31:52 - Scroll - km: 21.58, world_offset: 1078.8
16:31:52 - Scroll - km: 21.62, world_offset: 1081.0
16:31:52 - Scroll - km: 21.65, world_offset: 1082.4
16:31:52 - Scroll - km: 21.66, world_offset: 1083.0
16:31:52 - Collisione con piattaforma 17 - Tipo: 1 - plat_top(screen)=473.0
16:31:52 - Scroll - km: 21.66, world_offset: 1083.2
16:31:52 - Scroll - km: 21.68, world_offset: 1083.9
16:31:52 - Scroll - km: 21.70, world_offset: 1084.8
16:31:52 - Scroll - km: 21.71, world_offset: 1085.5
16:31:52 - Scroll - km: 21.72, world_offset: 1085.9
16:31:52 - Collisione con piattaforma 18 - Tipo: 1 - plat_top(screen)=396.0
16:31:52 - Scroll - km: 21.73, world_offset: 1086.4
16:31:52 - Scroll - km: 21.80, world_offset: 1090.1
16:31:52 - Scroll - km: 21.91, world_offset: 1095.6
16:31:52 - Scroll - km: 22.04, world_offset: 1102.2
16:31:52 - Scroll - km: 22.19, world_offset: 1109.4
16:31:52 - Scroll - km: 22.33, world_offset: 1116.7
16:31:52 - Scroll - km: 22.48, world_offset: 1123.8
16:31:52 - Scroll - km: 22.61, world_offset: 1130.6
16:31:52 - Scroll - km: 22.74, world_offset: 1137.0
16:31:53 - Scroll - km: 22.85, world_offset: 1142.7
16:31:53 - Scroll - km: 22.96, world_offset: 1147.8
16:31:53 - Scroll - km: 23.04, world_offset: 1152.2
16:31:53 - Scroll - km: 23.12, world_offset: 1155.9
16:31:53 - Scroll - km: 23.18, world_offset: 1158.8
16:31:53 - Scroll - km: 23.22, world_offset: 1161.0
16:31:53 - Scroll - km: 23.25, world_offset: 1162.4
16:31:53 - Scroll - km: 23.26, world_offset: 1163.1
16:31:53 - Collisione con piattaforma 19 - Tipo: 2 - plat_top(screen)=393.0
16:31:53 - Scroll - km: 23.26, world_offset: 1163.2
16:31:53 - Scroll - km: 23.33, world_offset: 1166.6
16:31:53 - Scroll - km: 23.44, world_offset: 1171.9
16:31:53 - Scroll - km: 23.57, world_offset: 1178.4
16:31:53 - Scroll - km: 23.71, world_offset: 1185.5
16:31:53 - Scroll - km: 23.85, world_offset: 1192.7
16:31:53 - Scroll - km: 24.00, world_offset: 1199.8
16:31:53 - Scroll - km: 24.13, world_offset: 1206.6
16:31:53 - Scroll - km: 24.26, world_offset: 1212.9
16:31:53 - Scroll - km: 24.37, world_offset: 1218.6
16:31:53 - Scroll - km: 24.47, world_offset: 1223.7
16:31:53 - Scroll - km: 24.56, world_offset: 1228.1
16:31:53 - Scroll - km: 24.64, world_offset: 1231.8
16:31:53 - Scroll - km: 24.69, world_offset: 1234.7
16:31:53 - Scroll - km: 24.74, world_offset: 1236.9
16:31:53 - Scroll - km: 24.77, world_offset: 1238.3
16:31:53 - Scroll - km: 24.78, world_offset: 1238.9
16:31:53 - Collisione con piattaforma 20 - Tipo: 2 - plat_top(screen)=389.0
16:31:53 - Scroll - km: 24.83, world_offset: 1241.5
16:31:53 - Scroll - km: 24.93, world_offset: 1246.5
16:31:53 - Scroll - km: 25.06, world_offset: 1253.0
16:31:53 - Scroll - km: 25.21, world_offset: 1260.4
16:31:53 - Scroll - km: 25.36, world_offset: 1268.0
16:31:53 - Scroll - km: 25.51, world_offset: 1275.6
16:31:53 - Scroll - km: 25.66, world_offset: 1283.0
16:31:53 - Scroll - km: 25.80, world_offset: 1290.0
16:31:53 - Scroll - km: 25.93, world_offset: 1296.4
16:31:53 - Scroll - km: 26.05, world_offset: 1302.3
16:31:53 - Scroll - km: 26.15, world_offset: 1307.4
16:31:53 - Scroll - km: 26.24, world_offset: 1311.9
16:31:53 - Scroll - km: 26.31, world_offset: 1315.6
16:31:53 - Scroll - km: 26.37, world_offset: 1318.6
16:31:53 - Scroll - km: 26.41, world_offset: 1320.7
16:31:53 - Scroll - km: 26.44, world_offset: 1322.2
16:31:53 - Scroll - km: 26.46, world_offset: 1322.8
16:31:54 - Collisione con piattaforma 21 - Tipo: 2 - plat_top(screen)=393.0
16:31:54 - Scroll - km: 26.47, world_offset: 1323.5
16:31:54 - Scroll - km: 26.55, world_offset: 1327.3
16:31:54 - Scroll - km: 26.66, world_offset: 1332.9
16:31:54 - Scroll - km: 26.79, world_offset: 1339.7
16:31:54 - Scroll - km: 26.94, world_offset: 1346.9
16:31:54 - Scroll - km: 27.08, world_offset: 1354.2
16:31:54 - Scroll - km: 27.23, world_offset: 1361.4
16:31:54 - Scroll - km: 27.36, world_offset: 1368.2
16:31:54 - Scroll - km: 27.49, world_offset: 1374.5
16:31:54 - Scroll - km: 27.61, world_offset: 1380.3
16:31:54 - Scroll - km: 27.71, world_offset: 1385.4
16:31:54 - Scroll - km: 27.80, world_offset: 1389.8
16:31:54 - Scroll - km: 27.87, world_offset: 1393.5
16:31:54 - Scroll - km: 27.93, world_offset: 1396.4
16:31:54 - Scroll - km: 27.97, world_offset: 1398.6
16:31:54 - Scroll - km: 28.00, world_offset: 1400.0
16:31:54 - Scroll - km: 28.01, world_offset: 1400.6
16:31:54 - Collisione con piattaforma 22 - Tipo: 2 - plat_top(screen)=391.0
16:31:54 - Scroll - km: 28.05, world_offset: 1402.3
16:31:54 - Scroll - km: 28.13, world_offset: 1406.6
16:31:54 - Scroll - km: 28.25, world_offset: 1412.7
16:31:54 - Scroll - km: 28.39, world_offset: 1419.7
16:31:54 - Scroll - km: 28.54, world_offset: 1427.1
16:31:54 - Scroll - km: 28.69, world_offset: 1434.6
16:31:54 - Scroll - km: 28.84, world_offset: 1441.9
16:31:54 - Scroll - km: 28.98, world_offset: 1448.8
16:31:54 - Scroll - km: 29.10, world_offset: 1455.2
16:31:54 - Scroll - km: 29.22, world_offset: 1460.9
16:31:54 - Scroll - km: 29.32, world_offset: 1466.1
16:31:54 - Scroll - km: 29.41, world_offset: 1470.5
16:31:54 - Scroll - km: 29.48, world_offset: 1474.2
16:31:54 - Scroll - km: 29.54, world_offset: 1477.2
16:31:54 - Scroll - km: 29.59, world_offset: 1479.4
16:31:54 - Scroll - km: 29.62, world_offset: 1480.8
16:31:54 - Scroll - km: 29.63, world_offset: 1481.4
16:31:54 - Collisione con piattaforma 23 - Tipo: 2 - plat_top(screen)=391.0
16:31:54 - Scroll - km: 29.65, world_offset: 1482.6
16:31:54 - Scroll - km: 29.73, world_offset: 1486.6
16:31:55 - Scroll - km: 29.85, world_offset: 1492.5
16:31:55 - Scroll - km: 29.99, world_offset: 1499.3
16:31:55 - Scroll - km: 30.13, world_offset: 1506.6
16:31:55 - Scroll - km: 30.28, world_offset: 1514.0
16:31:55 - Scroll - km: 30.43, world_offset: 1521.3
16:31:55 - Scroll - km: 30.56, world_offset: 1528.1
16:31:55 - Scroll - km: 30.69, world_offset: 1534.5
16:31:55 - Scroll - km: 30.80, world_offset: 1540.2
16:31:55 - Scroll - km: 30.91, world_offset: 1545.4
16:31:55 - Scroll - km: 31.00, world_offset: 1549.8
16:31:55 - Scroll - km: 31.07, world_offset: 1553.5
16:31:55 - Scroll - km: 31.13, world_offset: 1556.4
16:31:55 - Scroll - km: 31.17, world_offset: 1558.6
16:31:55 - Scroll - km: 31.20, world_offset: 1560.0
16:31:55 - Scroll - km: 31.21, world_offset: 1560.6
16:31:55 - Collisione con piattaforma 24 - Tipo: 2 - plat_top(screen)=391.0
16:31:55 - Scroll - km: 31.23, world_offset: 1561.6
16:31:55 - Scroll - km: 31.31, world_offset: 1565.5
16:31:55 - Scroll - km: 31.42, world_offset: 1571.2
16:31:55 - Scroll - km: 31.56, world_offset: 1578.0
16:31:55 - Scroll - km: 31.70, world_offset: 1585.2
16:31:55 - Scroll - km: 31.85, world_offset: 1592.6
16:31:55 - Scroll - km: 32.00, world_offset: 1599.8
16:31:55 - Scroll - km: 32.13, world_offset: 1606.6
16:31:55 - Scroll - km: 32.26, world_offset: 1612.9
16:31:55 - Scroll - km: 32.37, world_offset: 1618.7
16:31:55 - Scroll - km: 32.48, world_offset: 1623.8
16:31:55 - Scroll - km: 32.56, world_offset: 1628.2
16:31:55 - Scroll - km: 32.64, world_offset: 1631.9
16:31:55 - Scroll - km: 32.70, world_offset: 1634.9
16:31:55 - Scroll - km: 32.74, world_offset: 1637.1
16:31:55 - Scroll - km: 32.77, world_offset: 1638.5
16:31:55 - Scroll - km: 32.78, world_offset: 1639.1
16:31:55 - Collisione con piattaforma 25 - Tipo: 2 - plat_top(screen)=389.0
16:31:55 - Scroll - km: 32.81, world_offset: 1640.4
16:31:55 - Scroll - km: 32.89, world_offset: 1644.5
16:31:55 - Scroll - km: 33.01, world_offset: 1650.4
16:31:55 - Scroll - km: 33.15, world_offset: 1657.3
16:31:55 - Scroll - km: 33.29, world_offset: 1664.6
16:31:55 - Scroll - km: 33.44, world_offset: 1672.1
16:31:55 - Scroll - km: 33.59, world_offset: 1679.3
16:31:55 - Scroll - km: 33.72, world_offset: 1686.2
16:31:55 - Scroll - km: 33.85, world_offset: 1692.5
16:31:55 - Scroll - km: 33.97, world_offset: 1698.3
16:31:56 - Scroll - km: 34.07, world_offset: 1703.4
16:31:56 - Scroll - km: 34.16, world_offset: 1707.9
16:31:56 - Scroll - km: 34.23, world_offset: 1711.6
16:31:56 - Scroll - km: 34.29, world_offset: 1714.5
16:31:56 - Scroll - km: 34.33, world_offset: 1716.7
16:31:56 - Scroll - km: 34.36, world_offset: 1718.1
16:31:56 - Scroll - km: 34.37, world_offset: 1718.7
16:31:56 - Collisione con piattaforma 25 - Tipo: 2 - plat_top(screen)=469.0
16:31:56 - Scroll - km: 34.38, world_offset: 1719.1
16:31:56 - Scroll - km: 34.41, world_offset: 1720.3
16:31:56 - Scroll - km: 34.43, world_offset: 1721.7
16:31:56 - Scroll - km: 34.46, world_offset: 1723.0
16:31:56 - Scroll - km: 34.48, world_offset: 1724.1
16:31:56 - Scroll - km: 34.49, world_offset: 1724.7
16:31:56 - Scroll - km: 34.50, world_offset: 1724.8
16:31:56 - Collisione con piattaforma 25 - Tipo: 2 - plat_top(screen)=475.0
16:31:57 - Scroll - km: 34.51, world_offset: 1725.3
16:31:57 - Scroll - km: 34.52, world_offset: 1726.0
16:31:57 - Scroll - km: 34.53, world_offset: 1726.6
16:31:57 - Scroll - km: 34.54, world_offset: 1726.9
16:31:57 - Collisione con piattaforma 26 - Tipo: 2 - plat_top(screen)=397.0
16:31:57 - Scroll - km: 34.54, world_offset: 1727.2
16:31:57 - Scroll - km: 34.61, world_offset: 1730.7
16:31:57 - Scroll - km: 34.72, world_offset: 1736.1
16:31:57 - Scroll - km: 34.85, world_offset: 1742.7
16:31:57 - Scroll - km: 35.00, world_offset: 1749.8
16:31:57 - Scroll - km: 35.14, world_offset: 1757.0
16:31:57 - Scroll - km: 35.28, world_offset: 1764.2
16:31:57 - Scroll - km: 35.42, world_offset: 1770.9
16:31:57 - Scroll - km: 35.54, world_offset: 1777.2
16:31:57 - Scroll - km: 35.66, world_offset: 1783.0
16:31:57 - Scroll - km: 35.76, world_offset: 1788.1
16:31:57 - Scroll - km: 35.85, world_offset: 1792.5
16:31:57 - Scroll - km: 35.92, world_offset: 1796.2
16:31:57 - Scroll - km: 35.98, world_offset: 1799.1
16:31:57 - Scroll - km: 36.03, world_offset: 1801.3
16:31:57 - Scroll - km: 36.05, world_offset: 1802.7
16:31:57 - Scroll - km: 36.07, world_offset: 1803.3
16:31:57 - Collisione con piattaforma 26 - Tipo: 2 - plat_top(screen)=473.0
16:31:58 - Scroll - km: 36.07, world_offset: 1803.7
16:31:58 - Scroll - km: 36.09, world_offset: 1804.3
16:31:58 - Scroll - km: 36.10, world_offset: 1804.8
16:31:58 - Scroll - km: 36.10, world_offset: 1805.1
16:31:58 - Collisione con piattaforma 27 - Tipo: 2 - plat_top(screen)=395.0
16:31:58 - Scroll - km: 36.10, world_offset: 1805.2
16:31:58 - Scroll - km: 36.17, world_offset: 1808.6
16:31:58 - Scroll - km: 36.28, world_offset: 1813.9
16:31:58 - Scroll - km: 36.41, world_offset: 1820.5
16:31:58 - Scroll - km: 36.55, world_offset: 1827.5
16:31:58 - Scroll - km: 36.70, world_offset: 1834.8
16:31:58 - Scroll - km: 36.84, world_offset: 1841.9
16:31:58 - Scroll - km: 36.97, world_offset: 1848.6
16:31:58 - Scroll - km: 37.10, world_offset: 1854.9
16:31:58 - Scroll - km: 37.21, world_offset: 1860.7
16:31:58 - Scroll - km: 37.32, world_offset: 1865.8
16:31:58 - Scroll - km: 37.40, world_offset: 1870.2
16:31:58 - Scroll - km: 37.48, world_offset: 1873.8
16:31:58 - Scroll - km: 37.54, world_offset: 1876.8
16:31:58 - Scroll - km: 37.58, world_offset: 1879.0
16:31:58 - Scroll - km: 37.61, world_offset: 1880.4
16:31:58 - Scroll - km: 37.62, world_offset: 1881.0
16:31:58 - Collisione con piattaforma 28 - Tipo: 2 - plat_top(screen)=391.0
16:31:58 - Scroll - km: 37.63, world_offset: 1881.7
16:31:58 - Scroll - km: 37.71, world_offset: 1885.5
16:31:58 - Scroll - km: 37.82, world_offset: 1891.1
16:31:58 - Scroll - km: 37.96, world_offset: 1897.8
16:31:58 - Scroll - km: 38.10, world_offset: 1905.0
16:31:58 - Scroll - km: 38.25, world_offset: 1912.4
16:31:58 - Scroll - km: 38.39, world_offset: 1919.5
16:31:58 - Scroll - km: 38.53, world_offset: 1926.3
16:31:58 - Scroll - km: 38.65, world_offset: 1932.7
16:31:58 - Scroll - km: 38.77, world_offset: 1938.4
16:31:58 - Scroll - km: 38.87, world_offset: 1943.5
16:31:58 - Scroll - km: 38.96, world_offset: 1948.0
16:31:59 - Scroll - km: 39.03, world_offset: 1951.6
16:31:59 - Scroll - km: 39.09, world_offset: 1954.6
16:31:59 - Scroll - km: 39.14, world_offset: 1956.8
16:31:59 - Scroll - km: 39.16, world_offset: 1958.2
16:31:59 - Scroll - km: 39.18, world_offset: 1958.8
16:31:59 - Collisione con piattaforma 28 - Tipo: 2 - plat_top(screen)=469.0
16:31:59 - Scroll - km: 39.18, world_offset: 1959.0
16:31:59 - Scroll - km: 39.20, world_offset: 1960.0
16:31:59 - Scroll - km: 39.22, world_offset: 1961.2
16:31:59 - Scroll - km: 39.25, world_offset: 1962.5
16:31:59 - Scroll - km: 39.27, world_offset: 1963.5
16:31:59 - Scroll - km: 39.28, world_offset: 1964.1
16:31:59 - Scroll - km: 39.28, world_offset: 1964.1
16:31:59 - Collisione con piattaforma 28 - Tipo: 2 - plat_top(screen)=474.0
16:32:00 - Scroll - km: 39.29, world_offset: 1964.3
16:32:00 - Scroll - km: 39.29, world_offset: 1964.7
16:32:00 - Scroll - km: 39.30, world_offset: 1965.2
16:32:00 - Scroll - km: 39.31, world_offset: 1965.3
16:32:00 - Collisione con piattaforma 26 - Tipo: 2 - plat_top(screen)=635.0
16:32:01 - Collisione con piattaforma 26 - Tipo: 2 - plat_top(screen)=635.0
16:32:01 - Collisione con piattaforma 27 - Tipo: 2 - plat_top(screen)=555.0
16:32:02 - Collisione con piattaforma 28 - Tipo: 2 - plat_top(screen)=475.0
16:32:02 - Collisione con piattaforma 28 - Tipo: 2 - plat_top(screen)=475.0
16:32:02 - Scroll - km: 39.31, world_offset: 1965.4
16:32:02 - Scroll - km: 39.31, world_offset: 1965.5
16:32:03 - Collisione con piattaforma 29 - Tipo: 2 - plat_top(screen)=396.0
16:32:03 - Scroll - km: 39.37, world_offset: 1968.5
16:32:03 - Scroll - km: 39.47, world_offset: 1973.6
16:32:03 - Scroll - km: 39.60, world_offset: 1979.9
16:32:03 - Scroll - km: 39.74, world_offset: 1986.9
16:32:03 - Scroll - km: 39.88, world_offset: 1994.0
16:32:03 - Scroll - km: 40.02, world_offset: 2001.1
16:32:03 - Scroll - km: 40.16, world_offset: 2007.8
