10:28:15 - [INPUT] KEYDOWN key=return code=13 state=MENU
10:28:15 - \U0001f3ae Inizia nuova partita
10:28:15 - \U0001f504 Nuova partita iniziata!
10:28:15 - [INPUT] KEYUP key=return code=13 state=PLAYING
10:28:16 - [INPUT] KEYDOWN key=space code=32 state=PLAYING
10:28:16 - [INPUT] KEYUP key=space code=32 state=PLAYING
10:28:16 - [INPUT] KEYDOWN key=space code=32 state=PLAYING
10:28:16 - [INPUT] KEYUP key=space code=32 state=PLAYING
10:28:16 - [INPUT] KEYDOWN key=space code=32 state=PLAYING
10:28:16 - [INPUT] KEYUP key=space code=32 state=PLAYING
10:28:16 - [INPUT] KEYDOWN key=space code=32 state=PLAYING
10:28:16 - [INPUT] KEYUP key=space code=32 state=PLAYING
10:28:16 - [INPUT] KEYDOWN key=space code=32 state=PLAYING
10:28:16 - [INPUT] KEYUP key=space code=32 state=PLAYING
10:28:17 - [INPUT] KEYDOWN key=space code=32 state=PLAYING
10:28:17 - [INPUT] KEYUP key=space code=32 state=PLAYING
10:28:17 - [INPUT] KEYDOWN key=space code=32 state=PLAYING
10:28:17 - [INPUT] KEYUP key=space code=32 state=PLAYING
10:28:17 - [INPUT] KEYDOWN key=space code=32 state=PLAYING
10:28:17 - [INPUT] KEYDOWN key=right code=1073741903 state=PLAYING
10:28:17 - [INPUT] KEYUP key=space code=32 state=PLAYING
10:28:17 - [INPUT] KEYUP key=right code=1073741903 state=PLAYING
10:28:17 - [INPUT] KEYDOWN key=space code=32 state=PLAYING
10:28:17 - [INPUT] KEYDOWN key=right code=1073741903 state=PLAYING
10:28:17 - [INPUT] KEYUP key=space code=32 state=PLAYING
10:28:17 - [INPUT] KEYDOWN key=space code=32 state=PLAYING
10:28:17 - [INPUT] KEYUP key=right code=1073741903 state=PLAYING
10:28:18 - [INPUT] KEYUP key=space code=32 state=PLAYING
10:28:18 - [INPUT] KEYDOWN key=left code=1073741904 state=PLAYING
10:28:18 - [INPUT] KEYUP key=left code=1073741904 state=PLAYING
10:28:18 - [INPUT] KEYDOWN key=left code=1073741904 state=PLAYING
10:28:19 - [INPUT] KEYUP key=left code=1073741904 state=PLAYING
10:28:19 - [INPUT] KEYDOWN key=space code=32 state=PLAYING
10:28:19 - [INPUT] KEYDOWN key=right code=1073741903 state=PLAYING
10:28:19 - [INPUT] KEYUP key=space code=32 state=PLAYING
10:28:19 - [INPUT] KEYUP key=right code=1073741903 state=PLAYING
10:28:19 - [INPUT] KEYDOWN key=space code=32 state=PLAYING
10:28:19 - [INPUT] KEYUP key=space code=32 state=PLAYING
10:28:19 - [INPUT] KEYDOWN key=left code=1073741904 state=PLAYING
10:28:19 - [INPUT] KEYUP key=left code=1073741904 state=PLAYING
10:28:19 - [INPUT] KEYDOWN key=right code=1073741903 state=PLAYING
10:28:19 - [INPUT] KEYDOWN key=space code=32 state=PLAYING
10:28:20 - [INPUT] KEYUP key=space code=32 state=PLAYING
10:28:20 - [INPUT] KEYUP key=right code=1073741903 state=PLAYING
10:28:20 - [INPUT] KEYDOWN key=space code=32 state=PLAYING
10:28:20 - [INPUT] KEYUP key=space code=32 state=PLAYING
10:28:21 - [INPUT] KEYDOWN key=left code=1073741904 state=PLAYING
10:28:21 - [INPUT] KEYUP key=left code=1073741904 state=PLAYING
10:28:21 - [INPUT] KEYDOWN key=left code=1073741904 state=PLAYING
10:28:22 - [INPUT] KEYUP key=left code=1073741904 state=PLAYING
10:28:22 - [INPUT] KEYDOWN key=right code=1073741903 state=PLAYING
10:28:22 - [INPUT] KEYUP key=right code=1073741903 state=PLAYING
10:28:22 - [INPUT] KEYDOWN key=left code=1073741904 state=PLAYING
10:28:22 - [INPUT] KEYUP key=left code=1073741904 state=PLAYING
10:28:23 - [INPUT] KEYDOWN key=right code=1073741903 state=PLAYING
10:28:23 - [INPUT] KEYUP key=right code=1073741903 state=PLAYING
10:28:24 - [INPUT] KEYDOWN key=left code=1073741904 state=PLAYING
10:28:24 - [INPUT] KEYUP key=left code=1073741904 state=PLAYING
10:28:24 - [INPUT] KEYDOWN key=left code=1073741904 state=PLAYING
10:28:25 - [INPUT] KEYUP key=left code=1073741904 state=PLAYING
10:28:25 - [INPUT] KEYDOWN key=right code=1073741903 state=PLAYING
10:28:25 - [INPUT] KEYUP key=right code=1073741903 state=PLAYING
10:28:25 - [INPUT] KEYDOWN key=left code=1073741904 state=PLAYING
10:28:25 - [INPUT] KEYUP key=left code=1073741904 state=PLAYING
10:28:26 - [INPUT] KEYDOWN key=right code=1073741903 state=PLAYING
10:28:26 - [INPUT] KEYUP key=right code=1073741903 state=PLAYING
10:28:26 - [INPUT] KEYDOWN key=left code=1073741904 state=PLAYING
10:28:26 - [INPUT] KEYUP key=left code=1073741904 state=PLAYING
10:28:27 - [INPUT] KEYDOWN key=right code=1073741903 state=PLAYING
10:28:27 - [INPUT] KEYDOWN key=space code=32 state=PLAYING
10:28:27 - [INPUT] KEYUP key=right code=1073741903 state=PLAYING
10:28:27 - [INPUT] KEYUP key=space code=32 state=PLAYING
10:28:27 - [INPUT] KEYDOWN key=space code=32 state=PLAYING
10:28:27 - [INPUT] KEYUP key=space code=32 state=PLAYING
10:28:27 - [INPUT] KEYDOWN key=space code=32 state=PLAYING
10:28:27 - [INPUT] KEYDOWN key=right code=1073741903 state=PLAYING
10:28:27 - [INPUT] KEYUP key=space code=32 state=PLAYING
10:28:27 - [INPUT] KEYUP key=right code=1073741903 state=PLAYING
10:28:28 - [INPUT] KEYDOWN key=space code=32 state=PLAYING
10:28:28 - [INPUT] KEYDOWN key=right code=1073741903 state=PLAYING
10:28:28 - [INPUT] KEYUP key=space code=32 state=PLAYING
10:28:28 - [INPUT] KEYUP key=right code=1073741903 state=PLAYING
10:28:28 - [INPUT] KEYDOWN key=left code=1073741904 state=PLAYING
10:28:28 - [INPUT] KEYUP key=left code=1073741904 state=PLAYING
10:28:29 - [INPUT] KEYDOWN key=right code=1073741903 state=PLAYING
10:28:29 - [INPUT] KEYUP key=right code=1073741903 state=PLAYING
10:28:29 - [INPUT] KEYDOWN key=left code=1073741904 state=PLAYING
10:28:29 - [INPUT] KEYUP key=left code=1073741904 state=PLAYING
10:28:34 - [INPUT] KEYDOWN key=left code=1073741904 state=PLAYING
10:28:34 - [INPUT] KEYDOWN key=right code=1073741903 state=PLAYING
10:28:34 - [INPUT] KEYUP key=left code=1073741904 state=PLAYING
10:28:35 - [INPUT] KEYUP key=right code=1073741903 state=PLAYING
10:28:35 - [INPUT] KEYDOWN key=left code=1073741904 state=PLAYING
10:28:35 - [INPUT] KEYUP key=left code=1073741904 state=PLAYING
10:28:35 - [INPUT] KEYDOWN key=right code=1073741903 state=PLAYING
10:28:36 - [INPUT] KEYUP key=right code=1073741903 state=PLAYING
10:28:36 - [INPUT] KEYDOWN key=left code=1073741904 state=PLAYING
10:28:36 - [INPUT] KEYUP key=left code=1073741904 state=PLAYING
10:28:36 - [INPUT] KEYDOWN key=right code=1073741903 state=PLAYING
10:28:36 - [INPUT] KEYUP key=right code=1073741903 state=PLAYING
10:28:36 - [INPUT] KEYDOWN key=left code=1073741904 state=PLAYING
10:28:36 - [INPUT] KEYUP key=left code=1073741904 state=PLAYING
10:28:36 - [INPUT] KEYDOWN key=right code=1073741903 state=PLAYING
10:28:36 - [INPUT] KEYUP key=right code=1073741903 state=PLAYING
10:28:36 - [INPUT] KEYDOWN key=left code=1073741904 state=PLAYING
10:28:37 - [INPUT] KEYUP key=left code=1073741904 state=PLAYING
10:28:37 - [INPUT] KEYDOWN key=right code=1073741903 state=PLAYING
10:28:37 - [INPUT] KEYUP key=right code=1073741903 state=PLAYING
10:28:37 - [INPUT] KEYDOWN key=left code=1073741904 state=PLAYING
10:28:37 - [INPUT] KEYDOWN key=right code=1073741903 state=PLAYING
10:28:37 - [INPUT] KEYUP key=left code=1073741904 state=PLAYING
10:28:37 - [INPUT] KEYUP key=right code=1073741903 state=PLAYING
10:28:37 - [INPUT] KEYDOWN key=left code=1073741904 state=PLAYING
10:28:37 - [INPUT] KEYUP key=left code=1073741904 state=PLAYING
10:28:37 - [INPUT] KEYDOWN key=right code=1073741903 state=PLAYING
10:28:37 - [INPUT] KEYUP key=right code=1073741903 state=PLAYING
10:28:37 - [INPUT] KEYDOWN key=left code=1073741904 state=PLAYING
10:28:37 - [INPUT] KEYUP key=left code=1073741904 state=PLAYING
