22:13:32 - [INPUT] KEYDOWN key=return code=13 state=MENU
22:13:32 - \U0001f3ae Inizia nuova partita
22:13:32 - \U0001f504 Nuova partita iniziata!
22:13:32 - [INPUT] KEYUP key=return code=13 state=PLAYING
22:13:33 - [INPUT] KEYDOWN key=left code=1073741904 state=PLAYING
22:13:33 - [INPUT] KEYUP key=left code=1073741904 state=PLAYING
22:13:33 - [INPUT] KEYDOWN key=right code=1073741903 state=PLAYING
22:13:34 - [INPUT] KEYUP key=right code=1073741903 state=PLAYING
22:13:34 - [INPUT] KEYDOWN key=right code=1073741903 state=PLAYING
22:13:34 - [INPUT] KEYUP key=right code=1073741903 state=PLAYING
22:13:34 - [INPUT] KEYDOWN key=right code=1073741903 state=PLAYING
22:13:34 - [INPUT] KEYUP key=right code=1073741903 state=PLAYING
22:13:35 - [INPUT] KEYDOWN key=left code=1073741904 state=PLAYING
22:13:35 - [INPUT] KEYUP key=left code=1073741904 state=PLAYING
22:13:36 - [INPUT] KEYDOWN key=right code=1073741903 state=PLAYING
22:13:36 - [INPUT] KEYUP key=right code=1073741903 state=PLAYING
22:13:37 - [INPUT] KEYDOWN key=right code=1073741903 state=PLAYING
22:13:37 - [INPUT] KEYUP key=right code=1073741903 state=PLAYING
22:13:37 - [INPUT] KEYDOWN key=left code=1073741904 state=PLAYING
22:13:37 - [INPUT] KEYUP key=left code=1073741904 state=PLAYING
22:13:37 - [INPUT] KEYDOWN key=left code=1073741904 state=PLAYING
22:13:38 - [INPUT] KEYUP key=left code=1073741904 state=PLAYING
22:13:38 - [INPUT] KEYDOWN key=right code=1073741903 state=PLAYING
22:13:39 - [INPUT] KEYUP key=right code=1073741903 state=PLAYING
22:13:39 - [INPUT] KEYDOWN key=right code=1073741903 state=PLAYING
22:13:39 - [INPUT] KEYUP key=right code=1073741903 state=PLAYING
22:13:39 - [INPUT] KEYDOWN key=left code=1073741904 state=PLAYING
22:13:39 - [INPUT] KEYUP key=left code=1073741904 state=PLAYING
22:13:40 - [INPUT] KEYDOWN key=right code=1073741903 state=PLAYING
22:13:40 - [INPUT] KEYUP key=right code=1073741903 state=PLAYING
22:13:40 - [INPUT] KEYDOWN key=right code=1073741903 state=PLAYING
22:13:40 - [INPUT] KEYUP key=right code=1073741903 state=PLAYING
22:13:40 - [INPUT] KEYDOWN key=left code=1073741904 state=PLAYING
22:13:40 - [INPUT] KEYUP key=left code=1073741904 state=PLAYING
22:13:41 - [INPUT] KEYDOWN key=left code=1073741904 state=PLAYING
22:13:41 - [INPUT] KEYUP key=left code=1073741904 state=PLAYING
22:13:42 - [INPUT] KEYDOWN key=right code=1073741903 state=PLAYING
22:13:42 - [INPUT] KEYUP key=right code=1073741903 state=PLAYING
22:13:43 - [INPUT] KEYDOWN key=left code=1073741904 state=PLAYING
22:13:44 - [INPUT] KEYUP key=left code=1073741904 state=PLAYING
22:13:44 - [INPUT] KEYDOWN key=right code=1073741903 state=PLAYING
22:13:44 - [INPUT] KEYUP key=right code=1073741903 state=PLAYING
22:13:45 - [INPUT] KEYDOWN key=left code=1073741904 state=PLAYING
22:13:45 - [INPUT] KEYUP key=left code=1073741904 state=PLAYING
22:13:46 - [INPUT] KEYDOWN key=right code=1073741903 state=PLAYING
22:13:46 - [INPUT] KEYUP key=right code=1073741903 state=PLAYING
22:13:46 - [INPUT] KEYDOWN key=left code=1073741904 state=PLAYING
22:13:47 - [INPUT] KEYUP key=left code=1073741904 state=PLAYING
22:13:47 - [INPUT] KEYDOWN key=right code=1073741903 state=PLAYING
22:13:47 - [INPUT] KEYUP key=right code=1073741903 state=PLAYING
22:13:47 - [INPUT] KEYDOWN key=left code=1073741904 state=PLAYING
22:13:47 - [INPUT] KEYUP key=left code=1073741904 state=PLAYING
22:13:48 - [INPUT] KEYDOWN key=right code=1073741903 state=PLAYING
22:13:48 - [INPUT] KEYUP key=right code=1073741903 state=PLAYING
22:13:48 - [INPUT] KEYDOWN key=left code=1073741904 state=PLAYING
22:13:49 - [INPUT] KEYUP key=left code=1073741904 state=PLAYING
22:13:49 - [INPUT] KEYDOWN key=right code=1073741903 state=PLAYING
22:13:49 - [INPUT] KEYUP key=right code=1073741903 state=PLAYING
22:13:50 - [INPUT] KEYDOWN key=right code=1073741903 state=PLAYING
22:13:50 - [INPUT] KEYUP key=right code=1073741903 state=PLAYING
22:13:50 - [INPUT] KEYDOWN key=left code=1073741904 state=PLAYING
22:13:50 - [INPUT] KEYUP key=left code=1073741904 state=PLAYING
22:13:50 - [INPUT] KEYDOWN key=right code=1073741903 state=PLAYING
22:13:51 - [INPUT] KEYUP key=right code=1073741903 state=PLAYING
22:13:51 - [INPUT] KEYDOWN key=left code=1073741904 state=PLAYING
22:13:51 - [INPUT] KEYUP key=left code=1073741904 state=PLAYING
22:13:52 - [INPUT] KEYDOWN key=right code=1073741903 state=PLAYING
22:13:52 - [INPUT] KEYUP key=right code=1073741903 state=PLAYING
22:13:52 - [INPUT] KEYDOWN key=left code=1073741904 state=PLAYING
22:13:52 - [INPUT] KEYUP key=left code=1073741904 state=PLAYING
22:13:53 - [INPUT] KEYDOWN key=left code=1073741904 state=PLAYING
22:13:53 - [INPUT] KEYUP key=left code=1073741904 state=PLAYING
22:13:53 - [INPUT] KEYDOWN key=right code=1073741903 state=PLAYING
22:13:54 - [INPUT] KEYUP key=right code=1073741903 state=PLAYING
22:13:54 - [INPUT] KEYDOWN key=left code=1073741904 state=PLAYING
22:13:54 - [INPUT] KEYUP key=left code=1073741904 state=PLAYING
22:13:54 - [INPUT] KEYDOWN key=left code=1073741904 state=PLAYING
22:13:55 - [INPUT] KEYUP key=left code=1073741904 state=PLAYING
22:13:56 - [INPUT] KEYDOWN key=right code=1073741903 state=PLAYING
22:13:56 - [INPUT] KEYUP key=right code=1073741903 state=PLAYING
22:13:56 - [INPUT] KEYDOWN key=left code=1073741904 state=PLAYING
22:13:57 - [INPUT] KEYUP key=left code=1073741904 state=PLAYING
22:13:57 - [INPUT] KEYDOWN key=right code=1073741903 state=PLAYING
22:13:57 - [INPUT] KEYUP key=right code=1073741903 state=PLAYING
22:13:57 - [INPUT] KEYDOWN key=left code=1073741904 state=PLAYING
22:13:58 - [INPUT] KEYUP key=left code=1073741904 state=PLAYING
22:13:58 - [INPUT] KEYDOWN key=right code=1073741903 state=PLAYING
22:13:58 - [INPUT] KEYUP key=right code=1073741903 state=PLAYING
22:13:58 - [INPUT] KEYDOWN key=left code=1073741904 state=PLAYING
22:13:58 - [INPUT] KEYUP key=left code=1073741904 state=PLAYING
22:13:58 - [INPUT] KEYDOWN key=right code=1073741903 state=PLAYING
22:13:59 - [INPUT] KEYUP key=right code=1073741903 state=PLAYING
22:13:59 - [INPUT] KEYDOWN key=left code=1073741904 state=PLAYING
22:13:59 - [INPUT] KEYUP key=left code=1073741904 state=PLAYING
22:14:00 - [INPUT] KEYDOWN key=left code=1073741904 state=PLAYING
22:14:00 - [INPUT] KEYUP key=left code=1073741904 state=PLAYING
22:14:00 - [INPUT] KEYDOWN key=right code=1073741903 state=PLAYING
22:14:01 - [INPUT] KEYUP key=right code=1073741903 state=PLAYING
22:14:01 - [INPUT] KEYDOWN key=left code=1073741904 state=PLAYING
22:14:02 - [INPUT] KEYUP key=left code=1073741904 state=PLAYING
22:14:02 - [INPUT] KEYDOWN key=left code=1073741904 state=PLAYING
22:14:02 - [INPUT] KEYUP key=left code=1073741904 state=PLAYING
22:14:03 - [INPUT] KEYDOWN key=right code=1073741903 state=PLAYING
22:14:04 - [INPUT] KEYUP key=right code=1073741903 state=PLAYING
22:14:04 - [INPUT] KEYDOWN key=left code=1073741904 state=PLAYING
22:14:04 - [INPUT] KEYUP key=left code=1073741904 state=PLAYING
22:14:04 - [INPUT] KEYDOWN key=left code=1073741904 state=PLAYING
22:14:04 - [INPUT] KEYUP key=left code=1073741904 state=PLAYING
22:14:06 - [INPUT] KEYDOWN key=right code=1073741903 state=PLAYING
22:14:06 - [INPUT] KEYUP key=right code=1073741903 state=PLAYING
22:14:07 - [INPUT] KEYDOWN key=left code=1073741904 state=PLAYING
22:14:07 - [INPUT] KEYUP key=left code=1073741904 state=PLAYING
22:14:08 - [INPUT] KEYDOWN key=right code=1073741903 state=PLAYING
22:14:08 - [INPUT] KEYUP key=right code=1073741903 state=PLAYING
22:14:08 - [INPUT] KEYDOWN key=left code=1073741904 state=PLAYING
22:14:08 - [INPUT] KEYUP key=left code=1073741904 state=PLAYING
22:14:09 - [INPUT] KEYDOWN key=right code=1073741903 state=PLAYING
22:14:09 - [INPUT] KEYUP key=right code=1073741903 state=PLAYING
22:14:10 - [INPUT] KEYDOWN key=right code=1073741903 state=PLAYING
22:14:10 - [INPUT] KEYUP key=right code=1073741903 state=PLAYING
22:14:10 - [INPUT] KEYDOWN key=left code=1073741904 state=PLAYING
22:14:10 - [INPUT] KEYUP key=left code=1073741904 state=PLAYING
22:14:11 - [INPUT] KEYDOWN key=left code=1073741904 state=PLAYING
22:14:11 - [INPUT] KEYUP key=left code=1073741904 state=PLAYING
22:14:12 - [INPUT] KEYDOWN key=right code=1073741903 state=PLAYING
22:14:12 - [INPUT] KEYUP key=right code=1073741903 state=PLAYING
22:14:12 - [INPUT] KEYDOWN key=left code=1073741904 state=PLAYING
22:14:12 - [INPUT] KEYUP key=left code=1073741904 state=PLAYING
22:14:14 - [INPUT] KEYDOWN key=right code=1073741903 state=PLAYING
22:14:14 - [INPUT] KEYUP key=right code=1073741903 state=PLAYING
22:14:14 - [INPUT] KEYDOWN key=right code=1073741903 state=PLAYING
22:14:14 - [INPUT] KEYUP key=right code=1073741903 state=PLAYING
22:14:14 - [INPUT] KEYDOWN key=right code=1073741903 state=PLAYING
22:14:15 - [INPUT] KEYUP key=right code=1073741903 state=PLAYING
22:14:15 - [INPUT] KEYDOWN key=left code=1073741904 state=PLAYING
22:14:15 - [INPUT] KEYUP key=left code=1073741904 state=PLAYING
22:14:16 - [INPUT] KEYDOWN key=right code=1073741903 state=PLAYING
22:14:16 - [INPUT] KEYUP key=right code=1073741903 state=PLAYING
22:14:16 - [INPUT] KEYDOWN key=left code=1073741904 state=PLAYING
22:14:16 - [INPUT] KEYUP key=left code=1073741904 state=PLAYING
22:14:16 - [INPUT] KEYDOWN key=right code=1073741903 state=PLAYING
22:14:17 - [INPUT] KEYUP key=right code=1073741903 state=PLAYING
22:14:17 - [INPUT] KEYDOWN key=left code=1073741904 state=PLAYING
22:14:17 - [INPUT] KEYUP key=left code=1073741904 state=PLAYING
22:14:17 - [INPUT] KEYDOWN key=left code=1073741904 state=PLAYING
22:14:18 - [INPUT] KEYUP key=left code=1073741904 state=PLAYING
22:14:18 - [INPUT] KEYDOWN key=right code=1073741903 state=PLAYING
22:14:18 - [INPUT] KEYUP key=right code=1073741903 state=PLAYING
22:14:19 - [INPUT] KEYDOWN key=right code=1073741903 state=PLAYING
22:14:19 - [INPUT] KEYUP key=right code=1073741903 state=PLAYING
22:14:20 - [INPUT] KEYDOWN key=right code=1073741903 state=PLAYING
22:14:20 - [INPUT] KEYUP key=right code=1073741903 state=PLAYING
22:14:20 - [INPUT] KEYDOWN key=left code=1073741904 state=PLAYING
22:14:20 - [INPUT] KEYUP key=left code=1073741904 state=PLAYING
22:14:21 - [INPUT] KEYDOWN key=left code=1073741904 state=PLAYING
22:14:21 - [INPUT] KEYUP key=left code=1073741904 state=PLAYING
22:14:22 - [INPUT] KEYDOWN key=right code=1073741903 state=PLAYING
22:14:22 - [INPUT] KEYUP key=right code=1073741903 state=PLAYING
22:14:23 - [INPUT] KEYDOWN key=left code=1073741904 state=PLAYING
22:14:23 - [INPUT] KEYUP key=left code=1073741904 state=PLAYING
22:14:23 - [INPUT] KEYDOWN key=right code=1073741903 state=PLAYING
22:14:24 - [INPUT] KEYUP key=right code=1073741903 state=PLAYING
22:14:24 - [INPUT] KEYDOWN key=right code=1073741903 state=PLAYING
22:14:24 - [INPUT] KEYUP key=right code=1073741903 state=PLAYING
22:14:25 - [INPUT] KEYDOWN key=left code=1073741904 state=PLAYING
22:14:25 - [INPUT] KEYUP key=left code=1073741904 state=PLAYING
22:14:25 - [INPUT] KEYDOWN key=right code=1073741903 state=PLAYING
22:14:25 - [INPUT] KEYUP key=right code=1073741903 state=PLAYING
22:14:25 - [INPUT] KEYDOWN key=space code=32 state=PLAYING
22:14:25 - [INPUT] KEYUP key=space code=32 state=PLAYING
22:14:26 - [INPUT] KEYDOWN key=space code=32 state=PLAYING
22:14:26 - [INPUT] KEYUP key=space code=32 state=PLAYING
22:14:26 - [INPUT] KEYDOWN key=up code=1073741906 state=PLAYING
22:14:26 - [INPUT] KEYUP key=up code=1073741906 state=PLAYING
22:14:26 - [INPUT] KEYDOWN key=space code=32 state=PLAYING
22:14:26 - [INPUT] KEYUP key=space code=32 state=PLAYING
22:14:26 - [INPUT] KEYDOWN key=space code=32 state=PLAYING
22:14:26 - [INPUT] KEYDOWN key=left code=1073741904 state=PLAYING
22:14:26 - [INPUT] KEYUP key=space code=32 state=PLAYING
22:14:27 - [INPUT] KEYDOWN key=space code=32 state=PLAYING
22:14:27 - [INPUT] KEYUP key=left code=1073741904 state=PLAYING
22:14:27 - [INPUT] KEYUP key=space code=32 state=PLAYING
22:14:27 - [INPUT] KEYDOWN key=space code=32 state=PLAYING
22:14:27 - [INPUT] KEYUP key=space code=32 state=PLAYING
22:14:27 - [INPUT] KEYDOWN key=space code=32 state=PLAYING
22:14:27 - [INPUT] KEYUP key=space code=32 state=PLAYING
22:14:27 - [INPUT] KEYDOWN key=space code=32 state=PLAYING
22:14:27 - [INPUT] KEYUP key=space code=32 state=PLAYING
22:14:27 - [INPUT] KEYDOWN key=space code=32 state=PLAYING
22:14:27 - [INPUT] KEYUP key=space code=32 state=PLAYING
22:14:27 - [INPUT] KEYDOWN key=space code=32 state=PLAYING
22:14:28 - [INPUT] KEYDOWN key=right code=1073741903 state=PLAYING
22:14:28 - [INPUT] KEYUP key=space code=32 state=PLAYING
22:14:28 - [INPUT] KEYUP key=right code=1073741903 state=PLAYING
22:14:28 - [INPUT] KEYDOWN key=space code=32 state=PLAYING
22:14:28 - [INPUT] KEYUP key=space code=32 state=PLAYING
22:14:28 - [INPUT] KEYDOWN key=space code=32 state=PLAYING
22:14:28 - [INPUT] KEYUP key=space code=32 state=PLAYING
22:14:28 - [INPUT] KEYDOWN key=space code=32 state=PLAYING
22:14:28 - [INPUT] KEYUP key=space code=32 state=PLAYING
22:14:28 - [INPUT] KEYDOWN key=space code=32 state=PLAYING
22:14:28 - [INPUT] KEYUP key=space code=32 state=PLAYING
22:14:28 - [INPUT] KEYDOWN key=space code=32 state=PLAYING
22:14:29 - [INPUT] KEYUP key=space code=32 state=PLAYING
22:14:29 - [INPUT] KEYDOWN key=space code=32 state=PLAYING
22:14:29 - [INPUT] KEYUP key=space code=32 state=PLAYING
22:14:29 - [INPUT] KEYDOWN key=space code=32 state=PLAYING
22:14:29 - [INPUT] KEYUP key=space code=32 state=PLAYING
22:14:29 - [INPUT] KEYDOWN key=space code=32 state=PLAYING
22:14:29 - [INPUT] KEYUP key=space code=32 state=PLAYING
22:14:29 - [INPUT] KEYDOWN key=space code=32 state=PLAYING
22:14:29 - [INPUT] KEYUP key=space code=32 state=PLAYING
22:14:29 - [INPUT] KEYDOWN key=space code=32 state=PLAYING
22:14:29 - [INPUT] KEYUP key=space code=32 state=PLAYING
22:14:30 - [INPUT] KEYDOWN key=space code=32 state=PLAYING
22:14:30 - [INPUT] KEYUP key=space code=32 state=PLAYING
22:14:30 - [INPUT] KEYDOWN key=space code=32 state=PLAYING
22:14:30 - [INPUT] KEYUP key=space code=32 state=PLAYING
22:14:30 - [INPUT] KEYDOWN key=space code=32 state=PLAYING
22:14:30 - [INPUT] KEYUP key=space code=32 state=PLAYING
22:14:30 - [INPUT] KEYDOWN key=space code=32 state=PLAYING
22:14:30 - [INPUT] KEYUP key=space code=32 state=PLAYING
22:14:30 - [INPUT] KEYDOWN key=space code=32 state=PLAYING
22:14:30 - [INPUT] KEYUP key=space code=32 state=PLAYING
22:14:30 - [INPUT] KEYDOWN key=space code=32 state=PLAYING
22:14:30 - [INPUT] KEYUP key=space code=32 state=PLAYING
22:14:30 - [INPUT] KEYDOWN key=space code=32 state=PLAYING
22:14:31 - [INPUT] KEYUP key=space code=32 state=PLAYING
22:14:31 - [INPUT] KEYDOWN key=space code=32 state=PLAYING
22:14:31 - [INPUT] KEYUP key=space code=32 state=PLAYING
22:14:31 - [INPUT] KEYDOWN key=space code=32 state=PLAYING
22:14:31 - [INPUT] KEYUP key=space code=32 state=PLAYING
22:14:31 - [INPUT] KEYDOWN key=space code=32 state=PLAYING
22:14:31 - [INPUT] KEYUP key=space code=32 state=PLAYING
22:14:31 - [INPUT] KEYDOWN key=space code=32 state=PLAYING
22:14:31 - [INPUT] KEYUP key=space code=32 state=PLAYING
22:14:31 - [INPUT] KEYDOWN key=space code=32 state=PLAYING
22:14:31 - [INPUT] KEYUP key=space code=32 state=PLAYING
22:14:32 - [INPUT] KEYDOWN key=space code=32 state=PLAYING
22:14:32 - [INPUT] KEYUP key=space code=32 state=PLAYING
22:14:32 - [INPUT] KEYDOWN key=space code=32 state=PLAYING
22:14:32 - [INPUT] KEYUP key=space code=32 state=PLAYING
22:14:32 - [INPUT] KEYDOWN key=space code=32 state=PLAYING
22:14:32 - [INPUT] KEYUP key=space code=32 state=PLAYING
22:14:32 - [INPUT] KEYDOWN key=space code=32 state=PLAYING
22:14:32 - [INPUT] KEYUP key=space code=32 state=PLAYING
22:14:32 - [INPUT] KEYDOWN key=space code=32 state=PLAYING
22:14:32 - [INPUT] KEYUP key=space code=32 state=PLAYING
22:14:32 - [INPUT] KEYDOWN key=space code=32 state=PLAYING
22:14:32 - [INPUT] KEYUP key=space code=32 state=PLAYING
22:14:33 - [INPUT] KEYDOWN key=space code=32 state=PLAYING
22:14:33 - [INPUT] KEYUP key=space code=32 state=PLAYING
22:14:33 - [INPUT] KEYDOWN key=space code=32 state=PLAYING
22:14:33 - [INPUT] KEYUP key=space code=32 state=PLAYING
22:14:33 - [INPUT] KEYDOWN key=space code=32 state=PLAYING
22:14:33 - [INPUT] KEYUP key=space code=32 state=PLAYING
22:14:33 - [INPUT] KEYDOWN key=space code=32 state=PLAYING
22:14:33 - [INPUT] KEYUP key=space code=32 state=PLAYING
22:14:33 - [INPUT] KEYDOWN key=space code=32 state=PLAYING
22:14:33 - [INPUT] KEYUP key=space code=32 state=PLAYING
22:14:33 - [INPUT] KEYDOWN key=space code=32 state=PLAYING
22:14:34 - [INPUT] KEYUP key=space code=32 state=PLAYING
22:14:34 - [INPUT] KEYDOWN key=space code=32 state=PLAYING
22:14:34 - [INPUT] KEYUP key=space code=32 state=PLAYING
22:14:34 - [INPUT] KEYDOWN key=space code=32 state=PLAYING
22:14:34 - [INPUT] KEYUP key=space code=32 state=PLAYING
22:14:34 - [INPUT] KEYDOWN key=space code=32 state=PLAYING
22:14:34 - [INPUT] KEYUP key=space code=32 state=PLAYING
22:14:34 - [INPUT] KEYDOWN key=space code=32 state=PLAYING
22:14:34 - [INPUT] KEYUP key=space code=32 state=PLAYING
22:14:34 - [INPUT] KEYDOWN key=space code=32 state=PLAYING
22:14:34 - [INPUT] KEYUP key=space code=32 state=PLAYING
22:14:34 - [INPUT] KEYDOWN key=space code=32 state=PLAYING
22:14:35 - [INPUT] KEYUP key=space code=32 state=PLAYING
22:14:35 - [INPUT] KEYDOWN key=space code=32 state=PLAYING
22:14:35 - [INPUT] KEYUP key=space code=32 state=PLAYING
22:14:35 - [INPUT] KEYDOWN key=space code=32 state=PLAYING
22:14:35 - [INPUT] KEYUP key=space code=32 state=PLAYING
22:14:35 - [INPUT] KEYDOWN key=space code=32 state=PLAYING
22:14:35 - [INPUT] KEYUP key=space code=32 state=PLAYING
22:14:35 - [INPUT] KEYDOWN key=space code=32 state=PLAYING
22:14:35 - [INPUT] KEYUP key=space code=32 state=PLAYING
22:14:35 - [INPUT] KEYDOWN key=space code=32 state=PLAYING
22:14:35 - [INPUT] KEYUP key=space code=32 state=PLAYING
22:14:36 - [INPUT] KEYDOWN key=space code=32 state=PLAYING
22:14:36 - [INPUT] KEYUP key=space code=32 state=PLAYING
22:14:36 - [INPUT] KEYDOWN key=space code=32 state=PLAYING
22:14:36 - [INPUT] KEYUP key=space code=32 state=PLAYING
22:14:36 - [INPUT] KEYDOWN key=space code=32 state=PLAYING
22:14:36 - [INPUT] KEYUP key=space code=32 state=PLAYING
22:14:36 - [INPUT] KEYDOWN key=space code=32 state=PLAYING
22:14:36 - [INPUT] KEYUP key=space code=32 state=PLAYING
22:14:36 - [INPUT] KEYDOWN key=space code=32 state=PLAYING
22:14:36 - [INPUT] KEYUP key=space code=32 state=PLAYING
22:14:37 - [INPUT] KEYDOWN key=space code=32 state=PLAYING
22:14:37 - [INPUT] KEYUP key=space code=32 state=PLAYING
22:14:37 - [INPUT] KEYDOWN key=space code=32 state=PLAYING
22:14:37 - [INPUT] KEYUP key=space code=32 state=PLAYING
22:14:37 - [INPUT] KEYDOWN key=space code=32 state=PLAYING
22:14:37 - [INPUT] KEYUP key=space code=32 state=PLAYING
22:14:37 - [INPUT] KEYDOWN key=space code=32 state=PLAYING
22:14:37 - [INPUT] KEYUP key=space code=32 state=PLAYING
22:14:37 - [INPUT] KEYDOWN key=space code=32 state=PLAYING
22:14:37 - [INPUT] KEYUP key=space code=32 state=PLAYING
22:14:38 - [INPUT] KEYDOWN key=space code=32 state=PLAYING
22:14:38 - [INPUT] KEYUP key=space code=32 state=PLAYING
22:14:38 - [INPUT] KEYDOWN key=space code=32 state=PLAYING
22:14:38 - [INPUT] KEYUP key=space code=32 state=PLAYING
22:14:38 - [INPUT] KEYDOWN key=space code=32 state=PLAYING
22:14:38 - [INPUT] KEYUP key=space code=32 state=PLAYING
22:14:38 - [INPUT] KEYDOWN key=space code=32 state=PLAYING
22:14:38 - [INPUT] KEYUP key=space code=32 state=PLAYING
22:14:38 - [INPUT] KEYDOWN key=space code=32 state=PLAYING
22:14:38 - [INPUT] KEYUP key=space code=32 state=PLAYING
22:14:39 - [INPUT] KEYDOWN key=space code=32 state=PLAYING
22:14:39 - [INPUT] KEYUP key=space code=32 state=PLAYING
22:14:39 - [INPUT] KEYDOWN key=space code=32 state=PLAYING
22:14:39 - [INPUT] KEYUP key=space code=32 state=PLAYING
22:14:39 - [INPUT] KEYDOWN key=space code=32 state=PLAYING
22:14:39 - [INPUT] KEYUP key=space code=32 state=PLAYING
22:14:39 - [INPUT] KEYDOWN key=space code=32 state=PLAYING
22:14:39 - [INPUT] KEYUP key=space code=32 state=PLAYING
22:14:39 - [INPUT] KEYDOWN key=space code=32 state=PLAYING
22:14:39 - [INPUT] KEYUP key=space code=32 state=PLAYING
22:14:40 - [INPUT] KEYDOWN key=space code=32 state=PLAYING
22:14:40 - [INPUT] KEYUP key=space code=32 state=PLAYING
22:14:40 - [INPUT] KEYDOWN key=space code=32 state=PLAYING
22:14:40 - [INPUT] KEYUP key=space code=32 state=PLAYING
22:14:40 - [INPUT] KEYDOWN key=space code=32 state=PLAYING
22:14:40 - [INPUT] KEYUP key=space code=32 state=PLAYING
22:14:40 - [INPUT] KEYDOWN key=space code=32 state=PLAYING
22:14:40 - [INPUT] KEYUP key=space code=32 state=PLAYING
22:14:40 - [INPUT] KEYDOWN key=space code=32 state=PLAYING
22:14:41 - [INPUT] KEYUP key=space code=32 state=PLAYING
22:14:41 - [INPUT] KEYDOWN key=space code=32 state=PLAYING
22:14:41 - [INPUT] KEYUP key=space code=32 state=PLAYING
22:14:41 - [INPUT] KEYDOWN key=space code=32 state=PLAYING
22:14:41 - [INPUT] KEYUP key=space code=32 state=PLAYING
22:14:41 - [INPUT] KEYDOWN key=space code=32 state=PLAYING
22:14:41 - [INPUT] KEYUP key=space code=32 state=PLAYING
22:14:41 - [INPUT] KEYDOWN key=space code=32 state=PLAYING
22:14:41 - [INPUT] KEYUP key=space code=32 state=PLAYING
22:14:42 - [INPUT] KEYDOWN key=space code=32 state=PLAYING
22:14:42 - [INPUT] KEYUP key=space code=32 state=PLAYING
22:14:42 - [INPUT] KEYDOWN key=space code=32 state=PLAYING
22:14:42 - [INPUT] KEYUP key=space code=32 state=PLAYING
22:14:42 - [INPUT] KEYDOWN key=space code=32 state=PLAYING
22:14:42 - [INPUT] KEYUP key=space code=32 state=PLAYING
22:14:42 - [INPUT] KEYDOWN key=space code=32 state=PLAYING
22:14:42 - [INPUT] KEYUP key=space code=32 state=PLAYING
22:14:42 - [INPUT] KEYDOWN key=space code=32 state=PLAYING
22:14:42 - [INPUT] KEYUP key=space code=32 state=PLAYING
22:14:43 - [INPUT] KEYDOWN key=space code=32 state=PLAYING
22:14:43 - [INPUT] KEYUP key=space code=32 state=PLAYING
22:14:43 - [INPUT] KEYDOWN key=space code=32 state=PLAYING
22:14:43 - [INPUT] KEYUP key=space code=32 state=PLAYING
22:14:43 - [INPUT] KEYDOWN key=space code=32 state=PLAYING
22:14:43 - [INPUT] KEYUP key=space code=32 state=PLAYING
22:14:43 - [INPUT] KEYDOWN key=space code=32 state=PLAYING
22:14:43 - [INPUT] KEYUP key=space code=32 state=PLAYING
22:14:43 - [INPUT] KEYDOWN key=space code=32 state=PLAYING
22:14:44 - [INPUT] KEYUP key=space code=32 state=PLAYING
22:14:44 - [INPUT] KEYDOWN key=space code=32 state=PLAYING
22:14:44 - [INPUT] KEYUP key=space code=32 state=PLAYING
22:14:44 - [INPUT] KEYDOWN key=space code=32 state=PLAYING
22:14:44 - [INPUT] KEYUP key=space code=32 state=PLAYING
22:14:44 - [INPUT] KEYDOWN key=space code=32 state=PLAYING
22:14:44 - [INPUT] KEYUP key=space code=32 state=PLAYING
22:14:44 - [INPUT] KEYDOWN key=space code=32 state=PLAYING
22:14:44 - [INPUT] KEYUP key=space code=32 state=PLAYING
22:14:44 - [INPUT] KEYDOWN key=space code=32 state=PLAYING
22:14:45 - [INPUT] KEYUP key=space code=32 state=PLAYING
22:14:45 - [INPUT] KEYDOWN key=space code=32 state=PLAYING
22:14:45 - [INPUT] KEYUP key=space code=32 state=PLAYING
22:14:45 - [INPUT] KEYDOWN key=space code=32 state=PLAYING
22:14:45 - [INPUT] KEYUP key=space code=32 state=PLAYING
22:14:45 - [INPUT] KEYDOWN key=space code=32 state=PLAYING
22:14:45 - [INPUT] KEYUP key=space code=32 state=PLAYING
22:14:45 - [INPUT] KEYDOWN key=space code=32 state=PLAYING
22:14:45 - [INPUT] KEYUP key=space code=32 state=PLAYING
22:14:46 - [INPUT] KEYDOWN key=space code=32 state=PLAYING
22:14:46 - [INPUT] KEYUP key=space code=32 state=PLAYING
22:14:46 - [INPUT] KEYDOWN key=space code=32 state=PLAYING
22:14:46 - [INPUT] KEYUP key=space code=32 state=PLAYING
22:14:46 - [INPUT] KEYDOWN key=space code=32 state=PLAYING
22:14:46 - [INPUT] KEYUP key=space code=32 state=PLAYING
22:14:46 - [INPUT] KEYDOWN key=space code=32 state=PLAYING
22:14:46 - [INPUT] KEYUP key=space code=32 state=PLAYING
22:14:46 - [INPUT] KEYDOWN key=space code=32 state=PLAYING
22:14:46 - [INPUT] KEYUP key=space code=32 state=PLAYING
22:14:47 - [INPUT] KEYDOWN key=space code=32 state=PLAYING
22:14:47 - [INPUT] KEYUP key=space code=32 state=PLAYING
22:14:47 - [INPUT] KEYDOWN key=space code=32 state=PLAYING
22:14:47 - [INPUT] KEYUP key=space code=32 state=PLAYING
22:14:48 - [INPUT] KEYDOWN key=space code=32 state=PLAYING
22:14:49 - [INPUT] KEYUP key=space code=32 state=PLAYING
22:14:49 - [INPUT] KEYDOWN key=space code=32 state=PLAYING
22:14:49 - [INPUT] KEYUP key=space code=32 state=PLAYING
22:14:49 - [INPUT] KEYDOWN key=space code=32 state=PLAYING
22:14:49 - [INPUT] KEYUP key=space code=32 state=PLAYING
22:14:49 - [INPUT] KEYDOWN key=space code=32 state=PLAYING
22:14:49 - [INPUT] KEYUP key=space code=32 state=PLAYING
