21:47:53 - [INPUT] KEYDOWN key=return code=13 state=MENU
21:47:53 - \U0001f3ae Inizia nuova partita
21:47:53 - \U0001f504 Nuova partita iniziata!
21:47:53 - [INPUT] KEYUP key=return code=13 state=PLAYING
21:47:53 - [INPUT] KEYDOWN key=left code=1073741904 state=PLAYING
21:47:53 - [INPUT] KEYUP key=left code=1073741904 state=PLAYING
21:47:54 - [INPUT] KEYDOWN key=right code=1073741903 state=PLAYING
21:47:54 - [INPUT] KEYUP key=right code=1073741903 state=PLAYING
21:47:55 - [INPUT] KEYDOWN key=left code=1073741904 state=PLAYING
21:47:55 - [INPUT] KEYUP key=left code=1073741904 state=PLAYING
21:47:56 - [INPUT] KEYDOWN key=right code=1073741903 state=PLAYING
21:47:56 - [INPUT] KEYUP key=right code=1073741903 state=PLAYING
21:47:57 - [INPUT] KEYDOWN key=left code=1073741904 state=PLAYING
21:47:57 - [INPUT] KEYUP key=left code=1073741904 state=PLAYING
21:47:58 - [INPUT] KEYDOWN key=right code=1073741903 state=PLAYING
21:47:58 - [INPUT] KEYUP key=right code=1073741903 state=PLAYING
21:47:58 - [INPUT] KEYDOWN key=left code=1073741904 state=PLAYING
21:47:58 - [INPUT] KEYUP key=left code=1073741904 state=PLAYING
21:47:59 - [INPUT] KEYDOWN key=right code=1073741903 state=PLAYING
21:47:59 - [INPUT] KEYUP key=right code=1073741903 state=PLAYING
21:47:59 - [INPUT] KEYDOWN key=right code=1073741903 state=PLAYING
21:47:59 - [INPUT] KEYUP key=right code=1073741903 state=PLAYING
21:48:00 - [INPUT] KEYDOWN key=left code=1073741904 state=PLAYING
21:48:01 - [INPUT] KEYUP key=left code=1073741904 state=PLAYING
21:48:01 - [INPUT] KEYDOWN key=left code=1073741904 state=PLAYING
21:48:01 - [INPUT] KEYUP key=left code=1073741904 state=PLAYING
21:48:01 - [INPUT] KEYDOWN key=left code=1073741904 state=PLAYING
21:48:01 - [INPUT] KEYUP key=left code=1073741904 state=PLAYING
21:48:01 - [INPUT] KEYDOWN key=left code=1073741904 state=PLAYING
21:48:02 - [INPUT] KEYUP key=left code=1073741904 state=PLAYING
21:48:02 - [INPUT] KEYDOWN key=right code=1073741903 state=PLAYING
21:48:02 - [INPUT] KEYUP key=right code=1073741903 state=PLAYING
21:48:03 - [INPUT] KEYDOWN key=space code=32 state=PLAYING
21:48:03 - [INPUT] KEYUP key=space code=32 state=PLAYING
21:48:04 - [INPUT] KEYDOWN key=space code=32 state=PLAYING
21:48:04 - [INPUT] KEYUP key=space code=32 state=PLAYING
21:48:04 - [INPUT] KEYDOWN key=space code=32 state=PLAYING
21:48:04 - [INPUT] KEYUP key=space code=32 state=PLAYING
21:48:04 - [INPUT] KEYDOWN key=left code=1073741904 state=PLAYING
21:48:05 - [INPUT] KEYUP key=left code=1073741904 state=PLAYING
21:48:05 - [INPUT] KEYDOWN key=right code=1073741903 state=PLAYING
21:48:05 - [INPUT] KEYUP key=right code=1073741903 state=PLAYING
21:48:05 - [INPUT] KEYDOWN key=space code=32 state=PLAYING
21:48:06 - [INPUT] KEYUP key=space code=32 state=PLAYING
21:48:06 - [INPUT] KEYDOWN key=space code=32 state=PLAYING
21:48:06 - [INPUT] KEYUP key=space code=32 state=PLAYING
21:48:06 - [INPUT] KEYDOWN key=space code=32 state=PLAYING
21:48:06 - [INPUT] KEYUP key=space code=32 state=PLAYING
21:48:06 - [INPUT] KEYDOWN key=space code=32 state=PLAYING
21:48:06 - [INPUT] KEYUP key=space code=32 state=PLAYING
21:48:07 - [INPUT] KEYDOWN key=left code=1073741904 state=PLAYING
21:48:07 - [INPUT] KEYUP key=left code=1073741904 state=PLAYING
21:48:08 - [INPUT] KEYDOWN key=space code=32 state=PLAYING
21:48:08 - [INPUT] KEYUP key=space code=32 state=PLAYING
21:48:08 - [INPUT] KEYDOWN key=space code=32 state=PLAYING
21:48:09 - [INPUT] KEYUP key=space code=32 state=PLAYING
21:48:09 - [INPUT] KEYDOWN key=space code=32 state=PLAYING
21:48:09 - [INPUT] KEYDOWN key=right code=1073741903 state=PLAYING
21:48:09 - [INPUT] KEYUP key=space code=32 state=PLAYING
21:48:09 - [INPUT] KEYDOWN key=space code=32 state=PLAYING
21:48:09 - [INPUT] KEYUP key=right code=1073741903 state=PLAYING
21:48:09 - [INPUT] KEYDOWN key=right code=1073741903 state=PLAYING
21:48:09 - [INPUT] KEYUP key=space code=32 state=PLAYING
21:48:09 - [INPUT] KEYDOWN key=space code=32 state=PLAYING
21:48:09 - [INPUT] KEYUP key=right code=1073741903 state=PLAYING
21:48:09 - [INPUT] KEYUP key=space code=32 state=PLAYING
21:48:10 - [INPUT] KEYDOWN key=left code=1073741904 state=PLAYING
21:48:10 - [INPUT] KEYUP key=left code=1073741904 state=PLAYING
21:48:10 - [INPUT] KEYDOWN key=space code=32 state=PLAYING
21:48:11 - [INPUT] KEYUP key=space code=32 state=PLAYING
21:48:11 - [INPUT] KEYDOWN key=space code=32 state=PLAYING
21:48:11 - [INPUT] KEYUP key=space code=32 state=PLAYING
21:48:11 - [INPUT] KEYDOWN key=space code=32 state=PLAYING
21:48:11 - [INPUT] KEYDOWN key=left code=1073741904 state=PLAYING
21:48:11 - [INPUT] KEYUP key=space code=32 state=PLAYING
21:48:11 - [INPUT] KEYUP key=left code=1073741904 state=PLAYING
21:48:12 - [INPUT] KEYDOWN key=space code=32 state=PLAYING
21:48:12 - [INPUT] KEYUP key=space code=32 state=PLAYING
21:48:12 - [INPUT] KEYDOWN key=space code=32 state=PLAYING
21:48:12 - [INPUT] KEYUP key=space code=32 state=PLAYING
21:48:12 - [INPUT] KEYDOWN key=right code=1073741903 state=PLAYING
21:48:12 - [INPUT] KEYDOWN key=space code=32 state=PLAYING
21:48:12 - [INPUT] KEYUP key=space code=32 state=PLAYING
21:48:12 - [INPUT] KEYUP key=right code=1073741903 state=PLAYING
21:48:12 - [INPUT] KEYDOWN key=space code=32 state=PLAYING
21:48:13 - [INPUT] KEYUP key=space code=32 state=PLAYING
21:48:14 - [INPUT] KEYDOWN key=space code=32 state=PLAYING
21:48:14 - [INPUT] KEYUP key=space code=32 state=PLAYING
21:48:14 - [INPUT] KEYDOWN key=space code=32 state=PLAYING
21:48:14 - [INPUT] KEYDOWN key=right code=1073741903 state=PLAYING
21:48:14 - [INPUT] KEYUP key=space code=32 state=PLAYING
21:48:14 - [INPUT] KEYDOWN key=space code=32 state=PLAYING
21:48:14 - [INPUT] KEYUP key=space code=32 state=PLAYING
21:48:14 - [INPUT] KEYUP key=right code=1073741903 state=PLAYING
21:48:15 - [INPUT] KEYDOWN key=left code=1073741904 state=PLAYING
21:48:15 - [INPUT] KEYUP key=left code=1073741904 state=PLAYING
21:48:15 - [INPUT] KEYDOWN key=left code=1073741904 state=PLAYING
21:48:16 - [INPUT] KEYUP key=left code=1073741904 state=PLAYING
21:48:16 - [INPUT] KEYDOWN key=right code=1073741903 state=PLAYING
21:48:16 - [INPUT] KEYUP key=right code=1073741903 state=PLAYING
21:48:16 - [INPUT] KEYDOWN key=left code=1073741904 state=PLAYING
21:48:16 - [INPUT] KEYUP key=left code=1073741904 state=PLAYING
21:48:17 - [INPUT] KEYDOWN key=left code=1073741904 state=PLAYING
21:48:17 - [INPUT] KEYUP key=left code=1073741904 state=PLAYING
21:48:18 - [INPUT] KEYDOWN key=right code=1073741903 state=PLAYING
21:48:18 - [INPUT] KEYUP key=right code=1073741903 state=PLAYING
21:48:18 - [INPUT] KEYDOWN key=space code=32 state=PLAYING
21:48:18 - [INPUT] KEYUP key=space code=32 state=PLAYING
21:48:18 - [INPUT] KEYDOWN key=space code=32 state=PLAYING
21:48:18 - [INPUT] KEYUP key=space code=32 state=PLAYING
21:48:19 - [INPUT] KEYDOWN key=space code=32 state=PLAYING
21:48:19 - [INPUT] KEYUP key=space code=32 state=PLAYING
21:48:19 - [INPUT] KEYDOWN key=left code=1073741904 state=PLAYING
21:48:20 - [INPUT] KEYUP key=left code=1073741904 state=PLAYING
21:48:20 - [INPUT] KEYDOWN key=space code=32 state=PLAYING
21:48:20 - [INPUT] KEYUP key=space code=32 state=PLAYING
21:48:20 - [INPUT] KEYDOWN key=space code=32 state=PLAYING
21:48:20 - [INPUT] KEYUP key=space code=32 state=PLAYING
21:48:20 - [INPUT] KEYDOWN key=space code=32 state=PLAYING
21:48:21 - [INPUT] KEYUP key=space code=32 state=PLAYING
21:48:21 - [INPUT] KEYDOWN key=space code=32 state=PLAYING
21:48:21 - [INPUT] KEYUP key=space code=32 state=PLAYING
21:48:21 - [INPUT] KEYDOWN key=right code=1073741903 state=PLAYING
21:48:21 - [INPUT] KEYDOWN key=space code=32 state=PLAYING
21:48:21 - [INPUT] KEYUP key=right code=1073741903 state=PLAYING
21:48:21 - [INPUT] KEYUP key=space code=32 state=PLAYING
21:48:22 - [INPUT] KEYDOWN key=space code=32 state=PLAYING
21:48:22 - [INPUT] KEYUP key=space code=32 state=PLAYING
21:48:23 - [INPUT] KEYDOWN key=space code=32 state=PLAYING
21:48:23 - [INPUT] KEYUP key=space code=32 state=PLAYING
21:48:23 - [INPUT] KEYDOWN key=space code=32 state=PLAYING
21:48:23 - [INPUT] KEYUP key=space code=32 state=PLAYING
21:48:23 - [INPUT] KEYDOWN key=space code=32 state=PLAYING
21:48:23 - [INPUT] KEYUP key=space code=32 state=PLAYING
21:48:23 - [INPUT] KEYDOWN key=space code=32 state=PLAYING
21:48:23 - [INPUT] KEYUP key=space code=32 state=PLAYING
21:48:23 - [INPUT] KEYDOWN key=space code=32 state=PLAYING
21:48:23 - [INPUT] KEYUP key=space code=32 state=PLAYING
21:48:24 - [INPUT] KEYDOWN key=right code=1073741903 state=PLAYING
21:48:24 - [INPUT] KEYDOWN key=up code=1073741906 state=PLAYING
21:48:24 - [INPUT] KEYDOWN key=space code=32 state=PLAYING
21:48:24 - [INPUT] KEYUP key=up code=1073741906 state=PLAYING
21:48:24 - [INPUT] KEYUP key=space code=32 state=PLAYING
21:48:24 - [INPUT] KEYUP key=right code=1073741903 state=PLAYING
21:48:24 - [INPUT] KEYDOWN key=space code=32 state=PLAYING
21:48:24 - [INPUT] KEYDOWN key=left code=1073741904 state=PLAYING
21:48:24 - [INPUT] KEYUP key=left code=1073741904 state=PLAYING
21:48:24 - [INPUT] KEYUP key=space code=32 state=PLAYING
21:48:24 - [INPUT] KEYDOWN key=space code=32 state=PLAYING
21:48:24 - [INPUT] KEYDOWN key=left code=1073741904 state=PLAYING
21:48:24 - [INPUT] KEYUP key=space code=32 state=PLAYING
21:48:24 - [INPUT] KEYUP key=left code=1073741904 state=PLAYING
21:48:24 - [INPUT] KEYDOWN key=space code=32 state=PLAYING
21:48:24 - [INPUT] KEYDOWN key=left code=1073741904 state=PLAYING
21:48:24 - [INPUT] KEYUP key=left code=1073741904 state=PLAYING
21:48:24 - [INPUT] KEYUP key=space code=32 state=PLAYING
21:48:25 - [INPUT] KEYDOWN key=space code=32 state=PLAYING
21:48:25 - [INPUT] KEYUP key=space code=32 state=PLAYING
21:48:25 - [INPUT] KEYDOWN key=space code=32 state=PLAYING
21:48:25 - [INPUT] KEYUP key=space code=32 state=PLAYING
21:48:25 - [INPUT] KEYDOWN key=space code=32 state=PLAYING
21:48:25 - [INPUT] KEYUP key=space code=32 state=PLAYING
21:48:25 - [INPUT] KEYDOWN key=space code=32 state=PLAYING
21:48:25 - [INPUT] KEYUP key=space code=32 state=PLAYING
21:48:26 - [INPUT] KEYDOWN key=space code=32 state=PLAYING
21:48:26 - [INPUT] KEYUP key=space code=32 state=PLAYING
21:48:26 - [INPUT] KEYDOWN key=space code=32 state=PLAYING
21:48:26 - [INPUT] KEYUP key=space code=32 state=PLAYING
21:48:26 - [INPUT] KEYDOWN key=space code=32 state=PLAYING
21:48:26 - [INPUT] KEYUP key=space code=32 state=PLAYING
21:48:26 - [INPUT] KEYDOWN key=space code=32 state=PLAYING
21:48:26 - [INPUT] KEYUP key=space code=32 state=PLAYING
21:48:26 - [INPUT] KEYDOWN key=space code=32 state=PLAYING
21:48:26 - [INPUT] KEYDOWN key=right code=1073741903 state=PLAYING
21:48:26 - [INPUT] KEYUP key=space code=32 state=PLAYING
21:48:27 - [INPUT] KEYDOWN key=space code=32 state=PLAYING
21:48:27 - [INPUT] KEYUP key=space code=32 state=PLAYING
21:48:27 - [INPUT] KEYUP key=right code=1073741903 state=PLAYING
21:48:27 - [INPUT] KEYDOWN key=space code=32 state=PLAYING
21:48:27 - [INPUT] KEYUP key=space code=32 state=PLAYING
21:48:27 - [INPUT] KEYDOWN key=left code=1073741904 state=PLAYING
21:48:27 - [INPUT] KEYUP key=left code=1073741904 state=PLAYING
21:48:28 - [INPUT] KEYDOWN key=right code=1073741903 state=PLAYING
21:48:28 - [INPUT] KEYDOWN key=space code=32 state=PLAYING
21:48:28 - [INPUT] KEYUP key=right code=1073741903 state=PLAYING
21:48:28 - [INPUT] KEYUP key=space code=32 state=PLAYING
21:48:28 - [INPUT] KEYDOWN key=space code=32 state=PLAYING
21:48:28 - [INPUT] KEYDOWN key=left code=1073741904 state=PLAYING
21:48:29 - [INPUT] KEYUP key=space code=32 state=PLAYING
21:48:29 - [INPUT] KEYUP key=left code=1073741904 state=PLAYING
21:48:29 - [INPUT] KEYDOWN key=left code=1073741904 state=PLAYING
21:48:29 - [INPUT] KEYUP key=left code=1073741904 state=PLAYING
21:48:30 - [INPUT] KEYDOWN key=right code=1073741903 state=PLAYING
21:48:30 - [INPUT] KEYUP key=right code=1073741903 state=PLAYING
21:48:30 - [INPUT] KEYDOWN key=left code=1073741904 state=PLAYING
21:48:30 - [INPUT] KEYUP key=left code=1073741904 state=PLAYING
21:48:31 - [INPUT] KEYDOWN key=space code=32 state=PLAYING
21:48:31 - [INPUT] KEYUP key=space code=32 state=PLAYING
21:48:31 - [INPUT] KEYDOWN key=space code=32 state=PLAYING
21:48:31 - [INPUT] KEYUP key=space code=32 state=PLAYING
21:48:31 - [INPUT] KEYDOWN key=space code=32 state=PLAYING
21:48:31 - [INPUT] KEYUP key=space code=32 state=PLAYING
21:48:32 - [INPUT] KEYDOWN key=right code=1073741903 state=PLAYING
21:48:32 - [INPUT] KEYDOWN key=space code=32 state=PLAYING
21:48:32 - [INPUT] KEYUP key=space code=32 state=PLAYING
21:48:32 - [INPUT] KEYUP key=right code=1073741903 state=PLAYING
21:48:32 - [INPUT] KEYDOWN key=space code=32 state=PLAYING
21:48:32 - [INPUT] KEYUP key=space code=32 state=PLAYING
21:48:32 - [INPUT] KEYDOWN key=space code=32 state=PLAYING
21:48:32 - [INPUT] KEYDOWN key=left code=1073741904 state=PLAYING
21:48:32 - [INPUT] KEYUP key=space code=32 state=PLAYING
21:48:32 - [INPUT] KEYDOWN key=space code=32 state=PLAYING
21:48:32 - [INPUT] KEYUP key=left code=1073741904 state=PLAYING
21:48:32 - [INPUT] KEYUP key=space code=32 state=PLAYING
21:48:32 - [INPUT] KEYDOWN key=left code=1073741904 state=PLAYING
21:48:33 - [INPUT] KEYDOWN key=space code=32 state=PLAYING
21:48:33 - [INPUT] KEYUP key=left code=1073741904 state=PLAYING
21:48:33 - [INPUT] KEYUP key=space code=32 state=PLAYING
21:48:33 - [INPUT] KEYDOWN key=space code=32 state=PLAYING
21:48:33 - [INPUT] KEYUP key=space code=32 state=PLAYING
21:48:33 - [INPUT] KEYDOWN key=space code=32 state=PLAYING
21:48:33 - [INPUT] KEYUP key=space code=32 state=PLAYING
21:48:33 - [INPUT] KEYDOWN key=space code=32 state=PLAYING
21:48:33 - [INPUT] KEYUP key=space code=32 state=PLAYING
21:48:33 - [INPUT] KEYDOWN key=right code=1073741903 state=PLAYING
21:48:33 - [INPUT] KEYDOWN key=space code=32 state=PLAYING
21:48:33 - [INPUT] KEYUP key=right code=1073741903 state=PLAYING
21:48:33 - [INPUT] KEYUP key=space code=32 state=PLAYING
21:48:34 - [INPUT] KEYDOWN key=space code=32 state=PLAYING
21:48:34 - [INPUT] KEYUP key=space code=32 state=PLAYING
21:48:34 - [INPUT] KEYDOWN key=space code=32 state=PLAYING
21:48:34 - [INPUT] KEYUP key=space code=32 state=PLAYING
21:48:34 - [INPUT] KEYDOWN key=space code=32 state=PLAYING
21:48:34 - [INPUT] KEYDOWN key=left code=1073741904 state=PLAYING
21:48:34 - [INPUT] KEYUP key=left code=1073741904 state=PLAYING
21:48:34 - [INPUT] KEYUP key=space code=32 state=PLAYING
21:48:34 - [INPUT] KEYDOWN key=space code=32 state=PLAYING
21:48:35 - [INPUT] KEYUP key=space code=32 state=PLAYING
