10:46:30 - [INPUT] KEYDOWN key=return code=13 state=MENU
10:46:30 - \U0001f3ae Inizia nuova partita
10:46:30 - \U0001f504 Nuova partita iniziata!
10:46:30 - [INPUT] KEYUP key=return code=13 state=PLAYING
10:46:31 - [INPUT] KEYDOWN key=space code=32 state=PLAYING
10:46:31 - [INPUT] KEYUP key=space code=32 state=PLAYING
10:46:31 - [INPUT] KEYDOWN key=space code=32 state=PLAYING
10:46:31 - [INPUT] KEYUP key=space code=32 state=PLAYING
10:46:31 - [INPUT] KEYDOWN key=space code=32 state=PLAYING
10:46:31 - [INPUT] KEYUP key=space code=32 state=PLAYING
10:46:31 - [INPUT] KEYDOWN key=space code=32 state=PLAYING
10:46:31 - [INPUT] KEYUP key=space code=32 state=PLAYING
10:46:31 - [INPUT] KEYDOWN key=space code=32 state=PLAYING
10:46:32 - [INPUT] KEYUP key=space code=32 state=PLAYING
10:46:32 - [INPUT] KEYDOWN key=space code=32 state=PLAYING
10:46:32 - [INPUT] KEYUP key=space code=32 state=PLAYING
10:46:32 - [INPUT] KEYDOWN key=left code=1073741904 state=PLAYING
10:46:32 - [INPUT] KEYDOWN key=space code=32 state=PLAYING
10:46:32 - [INPUT] KEYUP key=left code=1073741904 state=PLAYING
10:46:32 - [INPUT] KEYUP key=space code=32 state=PLAYING
10:46:32 - [INPUT] KEYDOWN key=left code=1073741904 state=PLAYING
10:46:32 - [INPUT] KEYDOWN key=space code=32 state=PLAYING
10:46:32 - [INPUT] KEYUP key=left code=1073741904 state=PLAYING
10:46:32 - [INPUT] KEYUP key=space code=32 state=PLAYING
10:46:32 - [INPUT] KEYDOWN key=right code=1073741903 state=PLAYING
10:46:32 - [INPUT] KEYDOWN key=space code=32 state=PLAYING
10:46:32 - [INPUT] KEYUP key=space code=32 state=PLAYING
10:46:32 - [INPUT] KEYDOWN key=space code=32 state=PLAYING
10:46:33 - [INPUT] KEYUP key=right code=1073741903 state=PLAYING
10:46:33 - [INPUT] KEYUP key=space code=32 state=PLAYING
10:46:33 - [INPUT] KEYDOWN key=left code=1073741904 state=PLAYING
10:46:33 - [INPUT] KEYDOWN key=space code=32 state=PLAYING
10:46:33 - [INPUT] KEYUP key=left code=1073741904 state=PLAYING
10:46:33 - [INPUT] KEYUP key=space code=32 state=PLAYING
10:46:33 - [INPUT] KEYDOWN key=space code=32 state=PLAYING
10:46:33 - [INPUT] KEYDOWN key=left code=1073741904 state=PLAYING
10:46:33 - [INPUT] KEYUP key=left code=1073741904 state=PLAYING
10:46:33 - [INPUT] KEYUP key=space code=32 state=PLAYING
10:46:33 - [INPUT] KEYDOWN key=space code=32 state=PLAYING
10:46:33 - [INPUT] KEYDOWN key=left code=1073741904 state=PLAYING
10:46:33 - [INPUT] KEYUP key=left code=1073741904 state=PLAYING
10:46:33 - [INPUT] KEYUP key=space code=32 state=PLAYING
10:46:33 - [INPUT] KEYDOWN key=space code=32 state=PLAYING
10:46:33 - [INPUT] KEYDOWN key=left code=1073741904 state=PLAYING
10:46:33 - [INPUT] KEYUP key=left code=1073741904 state=PLAYING
10:46:33 - [INPUT] KEYUP key=space code=32 state=PLAYING
10:46:33 - [INPUT] KEYDOWN key=space code=32 state=PLAYING
10:46:34 - [INPUT] KEYDOWN key=right code=1073741903 state=PLAYING
10:46:34 - [INPUT] KEYUP key=space code=32 state=PLAYING
10:46:34 - [INPUT] KEYUP key=right code=1073741903 state=PLAYING
10:46:34 - [INPUT] KEYDOWN key=space code=32 state=PLAYING
10:46:34 - [INPUT] KEYDOWN key=left code=1073741904 state=PLAYING
10:46:34 - [INPUT] KEYUP key=space code=32 state=PLAYING
10:46:34 - [INPUT] KEYUP key=left code=1073741904 state=PLAYING
10:46:34 - [INPUT] KEYDOWN key=space code=32 state=PLAYING
10:46:34 - [INPUT] KEYUP key=space code=32 state=PLAYING
10:46:34 - [INPUT] KEYDOWN key=right code=1073741903 state=PLAYING
10:46:34 - [INPUT] KEYDOWN key=space code=32 state=PLAYING
10:46:34 - [INPUT] KEYUP key=right code=1073741903 state=PLAYING
10:46:34 - [INPUT] KEYUP key=space code=32 state=PLAYING
10:46:34 - [INPUT] KEYDOWN key=right code=1073741903 state=PLAYING
10:46:34 - [INPUT] KEYDOWN key=space code=32 state=PLAYING
10:46:34 - [INPUT] KEYUP key=space code=32 state=PLAYING
10:46:35 - [INPUT] KEYDOWN key=space code=32 state=PLAYING
10:46:35 - [INPUT] KEYUP key=right code=1073741903 state=PLAYING
10:46:35 - [INPUT] KEYDOWN key=left code=1073741904 state=PLAYING
10:46:35 - [INPUT] KEYUP key=space code=32 state=PLAYING
10:46:35 - [INPUT] KEYDOWN key=space code=32 state=PLAYING
10:46:35 - [INPUT] KEYUP key=space code=32 state=PLAYING
10:46:35 - [INPUT] KEYDOWN key=space code=32 state=PLAYING
10:46:35 - [INPUT] KEYUP key=space code=32 state=PLAYING
10:46:35 - [INPUT] KEYDOWN key=space code=32 state=PLAYING
10:46:35 - [INPUT] KEYUP key=left code=1073741904 state=PLAYING
10:46:35 - [INPUT] KEYDOWN key=right code=1073741903 state=PLAYING
10:46:35 - [INPUT] KEYUP key=space code=32 state=PLAYING
10:46:35 - [INPUT] KEYDOWN key=space code=32 state=PLAYING
10:46:35 - [INPUT] KEYUP key=right code=1073741903 state=PLAYING
10:46:36 - [INPUT] KEYUP key=space code=32 state=PLAYING
10:46:36 - [INPUT] KEYDOWN key=space code=32 state=PLAYING
10:46:36 - [INPUT] KEYUP key=space code=32 state=PLAYING
10:46:36 - [INPUT] KEYDOWN key=space code=32 state=PLAYING
10:46:36 - [INPUT] KEYUP key=space code=32 state=PLAYING
10:46:36 - [INPUT] KEYDOWN key=space code=32 state=PLAYING
10:46:36 - [INPUT] KEYDOWN key=right code=1073741903 state=PLAYING
10:46:36 - [INPUT] KEYUP key=space code=32 state=PLAYING
10:46:36 - [INPUT] KEYDOWN key=space code=32 state=PLAYING
10:46:36 - [INPUT] KEYUP key=right code=1073741903 state=PLAYING
10:46:36 - [INPUT] KEYUP key=space code=32 state=PLAYING
10:46:36 - [INPUT] KEYDOWN key=space code=32 state=PLAYING
10:46:37 - [INPUT] KEYUP key=space code=32 state=PLAYING
10:46:37 - [INPUT] KEYDOWN key=space code=32 state=PLAYING
10:46:37 - [INPUT] KEYUP key=space code=32 state=PLAYING
10:46:37 - [INPUT] KEYDOWN key=space code=32 state=PLAYING
10:46:37 - [INPUT] KEYUP key=space code=32 state=PLAYING
10:46:37 - [INPUT] KEYDOWN key=space code=32 state=PLAYING
10:46:37 - [INPUT] KEYUP key=space code=32 state=PLAYING
10:46:37 - [INPUT] KEYDOWN key=space code=32 state=PLAYING
10:46:38 - [INPUT] KEYUP key=space code=32 state=PLAYING
10:46:39 - [INPUT] KEYDOWN key=left code=1073741904 state=PLAYING
10:46:39 - [INPUT] KEYUP key=left code=1073741904 state=PLAYING
10:46:39 - [INPUT] KEYDOWN key=space code=32 state=PLAYING
10:46:39 - [INPUT] KEYUP key=space code=32 state=PLAYING
10:46:40 - [INPUT] KEYDOWN key=space code=32 state=PLAYING
10:46:40 - [INPUT] KEYUP key=space code=32 state=PLAYING
10:46:40 - [INPUT] KEYDOWN key=space code=32 state=PLAYING
10:46:40 - [INPUT] KEYUP key=space code=32 state=PLAYING
10:46:40 - [INPUT] KEYDOWN key=space code=32 state=PLAYING
10:46:41 - [INPUT] KEYUP key=space code=32 state=PLAYING
10:46:41 - [INPUT] KEYDOWN key=left code=1073741904 state=PLAYING
10:46:41 - [INPUT] KEYDOWN key=space code=32 state=PLAYING
10:46:41 - [INPUT] KEYUP key=space code=32 state=PLAYING
10:46:41 - [INPUT] KEYDOWN key=space code=32 state=PLAYING
10:46:41 - [INPUT] KEYUP key=space code=32 state=PLAYING
10:46:41 - [INPUT] KEYDOWN key=space code=32 state=PLAYING
10:46:41 - [INPUT] KEYUP key=space code=32 state=PLAYING
10:46:41 - [INPUT] KEYUP key=left code=1073741904 state=PLAYING
10:46:41 - [INPUT] KEYDOWN key=right code=1073741903 state=PLAYING
10:46:42 - [INPUT] KEYDOWN key=space code=32 state=PLAYING
10:46:42 - [INPUT] KEYUP key=space code=32 state=PLAYING
10:46:42 - [INPUT] KEYUP key=right code=1073741903 state=PLAYING
10:46:42 - [INPUT] KEYDOWN key=space code=32 state=PLAYING
10:46:42 - [INPUT] KEYDOWN key=left code=1073741904 state=PLAYING
10:46:42 - [INPUT] KEYUP key=space code=32 state=PLAYING
10:46:42 - [INPUT] KEYUP key=left code=1073741904 state=PLAYING
10:46:42 - [INPUT] KEYDOWN key=space code=32 state=PLAYING
10:46:42 - [INPUT] KEYUP key=space code=32 state=PLAYING
10:46:42 - [INPUT] KEYDOWN key=space code=32 state=PLAYING
10:46:43 - [INPUT] KEYUP key=space code=32 state=PLAYING
10:46:43 - [INPUT] KEYDOWN key=space code=32 state=PLAYING
10:46:43 - [INPUT] KEYUP key=space code=32 state=PLAYING
10:46:43 - [INPUT] KEYDOWN key=space code=32 state=PLAYING
10:46:43 - [INPUT] KEYUP key=space code=32 state=PLAYING
10:46:43 - [INPUT] KEYDOWN key=space code=32 state=PLAYING
10:46:43 - [INPUT] KEYUP key=space code=32 state=PLAYING
10:46:43 - [INPUT] KEYDOWN key=space code=32 state=PLAYING
10:46:43 - [INPUT] KEYDOWN key=right code=1073741903 state=PLAYING
10:46:43 - [INPUT] KEYUP key=space code=32 state=PLAYING
10:46:43 - [INPUT] KEYUP key=right code=1073741903 state=PLAYING
10:46:44 - [INPUT] KEYDOWN key=space code=32 state=PLAYING
10:46:44 - [INPUT] KEYUP key=space code=32 state=PLAYING
10:46:44 - [INPUT] KEYDOWN key=left code=1073741904 state=PLAYING
10:46:44 - [INPUT] KEYDOWN key=space code=32 state=PLAYING
10:46:44 - [INPUT] KEYUP key=space code=32 state=PLAYING
10:46:44 - [INPUT] KEYDOWN key=space code=32 state=PLAYING
10:46:44 - [INPUT] KEYUP key=space code=32 state=PLAYING
10:46:44 - [INPUT] KEYUP key=left code=1073741904 state=PLAYING
10:46:44 - [INPUT] KEYDOWN key=space code=32 state=PLAYING
10:46:44 - [INPUT] KEYUP key=space code=32 state=PLAYING
10:46:45 - [INPUT] KEYDOWN key=right code=1073741903 state=PLAYING
10:46:45 - [INPUT] KEYUP key=right code=1073741903 state=PLAYING
10:46:45 - [INPUT] KEYDOWN key=space code=32 state=PLAYING
10:46:45 - [INPUT] KEYUP key=space code=32 state=PLAYING
10:46:45 - [INPUT] KEYDOWN key=space code=32 state=PLAYING
10:46:46 - [INPUT] KEYUP key=space code=32 state=PLAYING
10:46:46 - [INPUT] KEYDOWN key=right code=1073741903 state=PLAYING
10:46:46 - [INPUT] KEYUP key=right code=1073741903 state=PLAYING
10:46:47 - [INPUT] KEYDOWN key=left code=1073741904 state=PLAYING
10:46:47 - [INPUT] KEYUP key=left code=1073741904 state=PLAYING
10:46:48 - [INPUT] KEYDOWN key=left code=1073741904 state=PLAYING
10:46:48 - [INPUT] KEYUP key=left code=1073741904 state=PLAYING
10:46:48 - [INPUT] KEYDOWN key=right code=1073741903 state=PLAYING
10:46:48 - [INPUT] KEYUP key=right code=1073741903 state=PLAYING
10:46:49 - [INPUT] KEYDOWN key=right code=1073741903 state=PLAYING
10:46:49 - [INPUT] KEYUP key=right code=1073741903 state=PLAYING
10:46:50 - [INPUT] KEYDOWN key=left code=1073741904 state=PLAYING
10:46:50 - [INPUT] KEYUP key=left code=1073741904 state=PLAYING
10:46:50 - [INPUT] KEYDOWN key=left code=1073741904 state=PLAYING
10:46:50 - [INPUT] KEYUP key=left code=1073741904 state=PLAYING
10:46:51 - [INPUT] KEYDOWN key=left code=1073741904 state=PLAYING
10:46:51 - [INPUT] KEYUP key=left code=1073741904 state=PLAYING
10:46:51 - [INPUT] KEYDOWN key=right code=1073741903 state=PLAYING
10:46:51 - [INPUT] KEYUP key=right code=1073741903 state=PLAYING
10:46:51 - [INPUT] KEYDOWN key=left code=1073741904 state=PLAYING
10:46:52 - [INPUT] KEYUP key=left code=1073741904 state=PLAYING
10:46:54 - [INPUT] KEYDOWN key=right code=1073741903 state=PLAYING
10:46:55 - [INPUT] KEYUP key=right code=1073741903 state=PLAYING
10:46:55 - [INPUT] KEYDOWN key=left code=1073741904 state=PLAYING
10:46:55 - [INPUT] KEYUP key=left code=1073741904 state=PLAYING
10:46:56 - [INPUT] KEYDOWN key=right code=1073741903 state=PLAYING
10:46:56 - [INPUT] KEYUP key=right code=1073741903 state=PLAYING
10:46:56 - [INPUT] KEYDOWN key=left code=1073741904 state=PLAYING
10:46:56 - [INPUT] KEYUP key=left code=1073741904 state=PLAYING
10:46:57 - [INPUT] KEYDOWN key=right code=1073741903 state=PLAYING
10:46:58 - [INPUT] KEYUP key=right code=1073741903 state=PLAYING
