22:10:29 - [INPUT] KEYDOWN key=return code=13 state=MENU
22:10:29 - \U0001f3ae Inizia nuova partita
22:10:29 - \U0001f504 Nuova partita iniziata!
22:10:29 - [INPUT] KEYUP key=return code=13 state=PLAYING
22:10:30 - [INPUT] KEYDOWN key=right code=1073741903 state=PLAYING
22:10:30 - [INPUT] KEYUP key=right code=1073741903 state=PLAYING
22:10:31 - [INPUT] KEYDOWN key=left code=1073741904 state=PLAYING
22:10:32 - [INPUT] KEYUP key=left code=1073741904 state=PLAYING
22:10:32 - [INPUT] KEYDOWN key=right code=1073741903 state=PLAYING
22:10:33 - [INPUT] KEYUP key=right code=1073741903 state=PLAYING
22:10:33 - [INPUT] KEYDOWN key=right code=1073741903 state=PLAYING
22:10:33 - [INPUT] KEYUP key=right code=1073741903 state=PLAYING
22:10:33 - [INPUT] KEYDOWN key=left code=1073741904 state=PLAYING
22:10:33 - [INPUT] KEYUP key=left code=1073741904 state=PLAYING
22:10:34 - [INPUT] KEYDOWN key=left code=1073741904 state=PLAYING
22:10:34 - [INPUT] KEYUP key=left code=1073741904 state=PLAYING
22:10:35 - [INPUT] KEYDOWN key=right code=1073741903 state=PLAYING
22:10:35 - [INPUT] KEYUP key=right code=1073741903 state=PLAYING
22:10:35 - [INPUT] KEYDOWN key=left code=1073741904 state=PLAYING
22:10:35 - [INPUT] KEYUP key=left code=1073741904 state=PLAYING
22:10:36 - [INPUT] KEYDOWN key=right code=1073741903 state=PLAYING
22:10:36 - [INPUT] KEYUP key=right code=1073741903 state=PLAYING
22:10:37 - [INPUT] KEYDOWN key=left code=1073741904 state=PLAYING
22:10:37 - [INPUT] KEYUP key=left code=1073741904 state=PLAYING
22:10:39 - [INPUT] KEYDOWN key=left code=1073741904 state=PLAYING
22:10:39 - [INPUT] KEYUP key=left code=1073741904 state=PLAYING
22:10:40 - [INPUT] KEYDOWN key=right code=1073741903 state=PLAYING
22:10:40 - [INPUT] KEYUP key=right code=1073741903 state=PLAYING
22:10:40 - [INPUT] KEYDOWN key=left code=1073741904 state=PLAYING
22:10:40 - [INPUT] KEYUP key=left code=1073741904 state=PLAYING
22:10:41 - [INPUT] KEYDOWN key=left code=1073741904 state=PLAYING
22:10:41 - [INPUT] KEYUP key=left code=1073741904 state=PLAYING
22:10:41 - [INPUT] KEYDOWN key=right code=1073741903 state=PLAYING
22:10:41 - [INPUT] KEYUP key=right code=1073741903 state=PLAYING
22:10:42 - [INPUT] KEYDOWN key=left code=1073741904 state=PLAYING
22:10:42 - [INPUT] KEYUP key=left code=1073741904 state=PLAYING
22:10:43 - [INPUT] KEYDOWN key=right code=1073741903 state=PLAYING
22:10:43 - [INPUT] KEYUP key=right code=1073741903 state=PLAYING
22:10:43 - [INPUT] KEYDOWN key=right code=1073741903 state=PLAYING
22:10:44 - [INPUT] KEYUP key=right code=1073741903 state=PLAYING
22:10:44 - [INPUT] KEYDOWN key=left code=1073741904 state=PLAYING
22:10:44 - [INPUT] KEYUP key=left code=1073741904 state=PLAYING
22:10:45 - [INPUT] KEYDOWN key=right code=1073741903 state=PLAYING
22:10:45 - [INPUT] KEYUP key=right code=1073741903 state=PLAYING
22:10:45 - [INPUT] KEYDOWN key=left code=1073741904 state=PLAYING
22:10:46 - [INPUT] KEYUP key=left code=1073741904 state=PLAYING
22:10:46 - [INPUT] KEYDOWN key=right code=1073741903 state=PLAYING
22:10:47 - [INPUT] KEYUP key=right code=1073741903 state=PLAYING
22:10:47 - [INPUT] KEYDOWN key=left code=1073741904 state=PLAYING
22:10:47 - [INPUT] KEYUP key=left code=1073741904 state=PLAYING
22:10:47 - [INPUT] KEYDOWN key=right code=1073741903 state=PLAYING
22:10:47 - [INPUT] KEYUP key=right code=1073741903 state=PLAYING
22:10:48 - [INPUT] KEYDOWN key=left code=1073741904 state=PLAYING
22:10:48 - [INPUT] KEYUP key=left code=1073741904 state=PLAYING
22:10:48 - [INPUT] KEYDOWN key=left code=1073741904 state=PLAYING
22:10:48 - [INPUT] KEYUP key=left code=1073741904 state=PLAYING
22:10:50 - [INPUT] KEYDOWN key=left code=1073741904 state=PLAYING
22:10:50 - [INPUT] KEYUP key=left code=1073741904 state=PLAYING
22:10:51 - [INPUT] KEYDOWN key=right code=1073741903 state=PLAYING
22:10:51 - [INPUT] KEYUP key=right code=1073741903 state=PLAYING
22:10:51 - [INPUT] KEYDOWN key=left code=1073741904 state=PLAYING
22:10:52 - [INPUT] KEYUP key=left code=1073741904 state=PLAYING
22:10:52 - [INPUT] KEYDOWN key=right code=1073741903 state=PLAYING
22:10:53 - [INPUT] KEYUP key=right code=1073741903 state=PLAYING
22:10:53 - [INPUT] KEYDOWN key=left code=1073741904 state=PLAYING
22:10:54 - [INPUT] KEYUP key=left code=1073741904 state=PLAYING
22:10:54 - [INPUT] KEYDOWN key=right code=1073741903 state=PLAYING
22:10:55 - [INPUT] KEYUP key=right code=1073741903 state=PLAYING
22:10:56 - [INPUT] KEYDOWN key=left code=1073741904 state=PLAYING
22:10:57 - [INPUT] KEYUP key=left code=1073741904 state=PLAYING
22:10:57 - [INPUT] KEYDOWN key=right code=1073741903 state=PLAYING
22:10:57 - [INPUT] KEYDOWN key=up code=1073741906 state=PLAYING
22:10:57 - [INPUT] KEYUP key=right code=1073741903 state=PLAYING
22:10:57 - [INPUT] KEYUP key=up code=1073741906 state=PLAYING
22:10:58 - [INPUT] KEYDOWN key=right code=1073741903 state=PLAYING
22:10:58 - [INPUT] KEYUP key=right code=1073741903 state=PLAYING
22:10:58 - [INPUT] KEYDOWN key=left code=1073741904 state=PLAYING
22:10:58 - [INPUT] KEYUP key=left code=1073741904 state=PLAYING
22:11:00 - [INPUT] KEYDOWN key=left code=1073741904 state=PLAYING
22:11:00 - [INPUT] KEYUP key=left code=1073741904 state=PLAYING
22:11:00 - [INPUT] KEYDOWN key=left code=1073741904 state=PLAYING
22:11:00 - [INPUT] KEYUP key=left code=1073741904 state=PLAYING
22:11:00 - [INPUT] KEYDOWN key=right code=1073741903 state=PLAYING
22:11:01 - [INPUT] KEYUP key=right code=1073741903 state=PLAYING
22:11:04 - [INPUT] KEYDOWN key=right code=1073741903 state=PLAYING
22:11:05 - [INPUT] KEYUP key=right code=1073741903 state=PLAYING
