10:52:55 - [INPUT] KEYDOWN key=return code=13 state=MENU
10:52:55 - \U0001f3ae Inizia nuova partita
10:52:55 - \U0001f504 Nuova partita iniziata!
10:52:55 - [INPUT] KEYUP key=return code=13 state=PLAYING
10:52:55 - [INPUT] KEYDOWN key=space code=32 state=PLAYING
10:52:55 - [INPUT] KEYUP key=space code=32 state=PLAYING
10:52:55 - [INPUT] KEYDOWN key=space code=32 state=PLAYING
10:52:55 - [INPUT] KEYDOWN key=right code=1073741903 state=PLAYING
10:52:55 - [INPUT] KEYUP key=space code=32 state=PLAYING
10:52:55 - [INPUT] KEYDOWN key=space code=32 state=PLAYING
10:52:56 - [INPUT] KEYUP key=space code=32 state=PLAYING
10:52:56 - [INPUT] KEYUP key=right code=1073741903 state=PLAYING
10:52:56 - [INPUT] KEYDOWN key=space code=32 state=PLAYING
10:52:56 - [INPUT] KEYUP key=space code=32 state=PLAYING
10:52:56 - [INPUT] KEYDOWN key=left code=1073741904 state=PLAYING
10:52:56 - [INPUT] KEYDOWN key=space code=32 state=PLAYING
10:52:56 - [INPUT] KEYUP key=left code=1073741904 state=PLAYING
10:52:56 - [INPUT] KEYUP key=space code=32 state=PLAYING
10:52:56 - [INPUT] KEYDOWN key=space code=32 state=PLAYING
10:52:56 - [INPUT] KEYDOWN key=right code=1073741903 state=PLAYING
10:52:57 - [INPUT] KEYUP key=space code=32 state=PLAYING
10:52:57 - [INPUT] KEYUP key=right code=1073741903 state=PLAYING
10:52:57 - [INPUT] KEYDOWN key=left code=1073741904 state=PLAYING
10:52:57 - [INPUT] KEYUP key=left code=1073741904 state=PLAYING
10:52:57 - [INPUT] KEYDOWN key=left code=1073741904 state=PLAYING
10:52:57 - [INPUT] KEYUP key=left code=1073741904 state=PLAYING
10:52:58 - [INPUT] KEYDOWN key=right code=1073741903 state=PLAYING
10:52:58 - [INPUT] KEYUP key=right code=1073741903 state=PLAYING
10:52:58 - [INPUT] KEYDOWN key=left code=1073741904 state=PLAYING
10:52:59 - [INPUT] KEYUP key=left code=1073741904 state=PLAYING
10:53:00 - [INPUT] KEYDOWN key=right code=1073741903 state=PLAYING
10:53:00 - [INPUT] KEYUP key=right code=1073741903 state=PLAYING
10:53:00 - [INPUT] KEYDOWN key=left code=1073741904 state=PLAYING
10:53:00 - [INPUT] KEYUP key=left code=1073741904 state=PLAYING
10:53:01 - [INPUT] KEYDOWN key=right code=1073741903 state=PLAYING
10:53:01 - [INPUT] KEYUP key=right code=1073741903 state=PLAYING
10:53:01 - [INPUT] KEYDOWN key=left code=1073741904 state=PLAYING
10:53:01 - [INPUT] KEYUP key=left code=1073741904 state=PLAYING
10:53:01 - [INPUT] KEYDOWN key=right code=1073741903 state=PLAYING
10:53:02 - [INPUT] KEYUP key=right code=1073741903 state=PLAYING
10:53:02 - [INPUT] KEYDOWN key=left code=1073741904 state=PLAYING
10:53:02 - [INPUT] KEYUP key=left code=1073741904 state=PLAYING
10:53:02 - [INPUT] KEYDOWN key=left code=1073741904 state=PLAYING
10:53:03 - [INPUT] KEYUP key=left code=1073741904 state=PLAYING
10:53:03 - [INPUT] KEYDOWN key=right code=1073741903 state=PLAYING
10:53:03 - [INPUT] KEYUP key=right code=1073741903 state=PLAYING
10:53:03 - [INPUT] KEYDOWN key=right code=1073741903 state=PLAYING
10:53:03 - [INPUT] KEYUP key=right code=1073741903 state=PLAYING
10:53:04 - [INPUT] KEYDOWN key=left code=1073741904 state=PLAYING
10:53:04 - [INPUT] KEYUP key=left code=1073741904 state=PLAYING
10:53:04 - [INPUT] KEYDOWN key=left code=1073741904 state=PLAYING
10:53:04 - [INPUT] KEYUP key=left code=1073741904 state=PLAYING
10:53:04 - [INPUT] KEYDOWN key=right code=1073741903 state=PLAYING
10:53:04 - [INPUT] KEYUP key=right code=1073741903 state=PLAYING
10:53:04 - [INPUT] KEYDOWN key=left code=1073741904 state=PLAYING
10:53:05 - [INPUT] KEYUP key=left code=1073741904 state=PLAYING
10:53:05 - [INPUT] KEYDOWN key=right code=1073741903 state=PLAYING
10:53:05 - [INPUT] KEYUP key=right code=1073741903 state=PLAYING
10:53:05 - [INPUT] KEYDOWN key=left code=1073741904 state=PLAYING
10:53:05 - [INPUT] KEYUP key=left code=1073741904 state=PLAYING
10:53:06 - [INPUT] KEYDOWN key=left code=1073741904 state=PLAYING
10:53:06 - [INPUT] KEYUP key=left code=1073741904 state=PLAYING
10:53:06 - [INPUT] KEYDOWN key=left code=1073741904 state=PLAYING
10:53:06 - [INPUT] KEYUP key=left code=1073741904 state=PLAYING
10:53:06 - [INPUT] KEYDOWN key=left code=1073741904 state=PLAYING
10:53:07 - [INPUT] KEYUP key=left code=1073741904 state=PLAYING
10:53:07 - [INPUT] KEYDOWN key=left code=1073741904 state=PLAYING
10:53:07 - [INPUT] KEYUP key=left code=1073741904 state=PLAYING
10:53:07 - [INPUT] KEYDOWN key=left code=1073741904 state=PLAYING
10:53:07 - [INPUT] KEYUP key=left code=1073741904 state=PLAYING
10:53:08 - [INPUT] KEYDOWN key=left code=1073741904 state=PLAYING
10:53:08 - [INPUT] KEYUP key=left code=1073741904 state=PLAYING
10:53:08 - [INPUT] KEYDOWN key=right code=1073741903 state=PLAYING
10:53:08 - [INPUT] KEYUP key=right code=1073741903 state=PLAYING
10:53:08 - [INPUT] KEYDOWN key=right code=1073741903 state=PLAYING
10:53:09 - [INPUT] KEYUP key=right code=1073741903 state=PLAYING
10:53:09 - [INPUT] KEYDOWN key=left code=1073741904 state=PLAYING
10:53:09 - [INPUT] KEYUP key=left code=1073741904 state=PLAYING
10:53:10 - [INPUT] KEYDOWN key=right code=1073741903 state=PLAYING
10:53:10 - [INPUT] KEYUP key=right code=1073741903 state=PLAYING
10:53:10 - [INPUT] KEYDOWN key=left code=1073741904 state=PLAYING
10:53:10 - [INPUT] KEYUP key=left code=1073741904 state=PLAYING
10:53:11 - [INPUT] KEYDOWN key=right code=1073741903 state=PLAYING
10:53:11 - [INPUT] KEYUP key=right code=1073741903 state=PLAYING
10:53:11 - [INPUT] KEYDOWN key=left code=1073741904 state=PLAYING
10:53:11 - [INPUT] KEYUP key=left code=1073741904 state=PLAYING
10:53:11 - [INPUT] KEYDOWN key=right code=1073741903 state=PLAYING
10:53:11 - [INPUT] KEYUP key=right code=1073741903 state=PLAYING
10:53:12 - [INPUT] KEYDOWN key=left code=1073741904 state=PLAYING
10:53:12 - [INPUT] KEYUP key=left code=1073741904 state=PLAYING
10:53:12 - [INPUT] KEYDOWN key=right code=1073741903 state=PLAYING
10:53:12 - [INPUT] KEYUP key=right code=1073741903 state=PLAYING
10:53:12 - [INPUT] KEYDOWN key=space code=32 state=PLAYING
10:53:12 - [INPUT] KEYDOWN key=right code=1073741903 state=PLAYING
10:53:13 - [INPUT] KEYUP key=space code=32 state=PLAYING
10:53:13 - [INPUT] KEYDOWN key=space code=32 state=PLAYING
10:53:13 - [INPUT] KEYUP key=space code=32 state=PLAYING
10:53:13 - [INPUT] KEYDOWN key=space code=32 state=PLAYING
10:53:13 - [INPUT] KEYUP key=right code=1073741903 state=PLAYING
10:53:13 - [INPUT] KEYUP key=space code=32 state=PLAYING
10:53:13 - [INPUT] KEYDOWN key=left code=1073741904 state=PLAYING
10:53:13 - [INPUT] KEYDOWN key=space code=32 state=PLAYING
10:53:13 - [INPUT] KEYUP key=space code=32 state=PLAYING
10:53:14 - [INPUT] KEYDOWN key=space code=32 state=PLAYING
10:53:14 - [INPUT] KEYUP key=left code=1073741904 state=PLAYING
10:53:14 - [INPUT] KEYDOWN key=right code=1073741903 state=PLAYING
10:53:14 - [INPUT] KEYUP key=space code=32 state=PLAYING
10:53:14 - [INPUT] KEYDOWN key=space code=32 state=PLAYING
10:53:14 - [INPUT] KEYUP key=right code=1073741903 state=PLAYING
10:53:14 - [INPUT] KEYUP key=space code=32 state=PLAYING
10:53:14 - [INPUT] KEYDOWN key=space code=32 state=PLAYING
10:53:14 - [INPUT] KEYDOWN key=left code=1073741904 state=PLAYING
10:53:14 - [INPUT] KEYUP key=left code=1073741904 state=PLAYING
10:53:14 - [INPUT] KEYUP key=space code=32 state=PLAYING
10:53:14 - [INPUT] KEYDOWN key=space code=32 state=PLAYING
10:53:15 - [INPUT] KEYDOWN key=left code=1073741904 state=PLAYING
10:53:15 - [INPUT] KEYUP key=space code=32 state=PLAYING
10:53:15 - [INPUT] KEYUP key=left code=1073741904 state=PLAYING
10:53:15 - [INPUT] KEYDOWN key=space code=32 state=PLAYING
10:53:15 - [INPUT] KEYDOWN key=left code=1073741904 state=PLAYING
10:53:15 - [INPUT] KEYUP key=left code=1073741904 state=PLAYING
10:53:15 - [INPUT] KEYUP key=space code=32 state=PLAYING
10:53:15 - [INPUT] KEYDOWN key=space code=32 state=PLAYING
10:53:15 - [INPUT] KEYUP key=space code=32 state=PLAYING
10:53:15 - [INPUT] KEYDOWN key=space code=32 state=PLAYING
10:53:15 - [INPUT] KEYUP key=space code=32 state=PLAYING
10:53:15 - [INPUT] KEYDOWN key=space code=32 state=PLAYING
10:53:15 - [INPUT] KEYDOWN key=left code=1073741904 state=PLAYING
10:53:15 - [INPUT] KEYUP key=space code=32 state=PLAYING
10:53:15 - [INPUT] KEYUP key=left code=1073741904 state=PLAYING
10:53:15 - [INPUT] KEYDOWN key=space code=32 state=PLAYING
10:53:16 - [INPUT] KEYUP key=space code=32 state=PLAYING
10:53:16 - [INPUT] KEYDOWN key=space code=32 state=PLAYING
10:53:16 - [INPUT] KEYDOWN key=right code=1073741903 state=PLAYING
10:53:16 - [INPUT] KEYUP key=space code=32 state=PLAYING
10:53:16 - [INPUT] KEYUP key=right code=1073741903 state=PLAYING
10:53:16 - [INPUT] KEYDOWN key=space code=32 state=PLAYING
10:53:16 - [INPUT] KEYDOWN key=left code=1073741904 state=PLAYING
10:53:16 - [INPUT] KEYUP key=space code=32 state=PLAYING
10:53:16 - [INPUT] KEYDOWN key=space code=32 state=PLAYING
10:53:16 - [INPUT] KEYUP key=left code=1073741904 state=PLAYING
10:53:16 - [INPUT] KEYUP key=space code=32 state=PLAYING
10:53:16 - [INPUT] KEYDOWN key=left code=1073741904 state=PLAYING
10:53:16 - [INPUT] KEYDOWN key=space code=32 state=PLAYING
10:53:16 - [INPUT] KEYUP key=left code=1073741904 state=PLAYING
10:53:16 - [INPUT] KEYUP key=space code=32 state=PLAYING
10:53:16 - [INPUT] KEYDOWN key=space code=32 state=PLAYING
10:53:17 - [INPUT] KEYDOWN key=right code=1073741903 state=PLAYING
10:53:17 - [INPUT] KEYUP key=space code=32 state=PLAYING
10:53:17 - [INPUT] KEYUP key=right code=1073741903 state=PLAYING
10:53:17 - [INPUT] KEYDOWN key=space code=32 state=PLAYING
10:53:17 - [INPUT] KEYUP key=space code=32 state=PLAYING
10:53:17 - [INPUT] KEYDOWN key=space code=32 state=PLAYING
10:53:17 - [INPUT] KEYUP key=space code=32 state=PLAYING
10:53:17 - [INPUT] KEYDOWN key=space code=32 state=PLAYING
10:53:17 - [INPUT] KEYUP key=space code=32 state=PLAYING
10:53:17 - [INPUT] KEYDOWN key=space code=32 state=PLAYING
10:53:17 - [INPUT] KEYUP key=space code=32 state=PLAYING
10:53:17 - [INPUT] KEYDOWN key=space code=32 state=PLAYING
10:53:18 - [INPUT] KEYUP key=space code=32 state=PLAYING
10:53:18 - [INPUT] KEYDOWN key=space code=32 state=PLAYING
10:53:18 - [INPUT] KEYUP key=space code=32 state=PLAYING
10:53:18 - [INPUT] KEYDOWN key=space code=32 state=PLAYING
10:53:18 - [INPUT] KEYUP key=space code=32 state=PLAYING
10:53:18 - [INPUT] KEYDOWN key=space code=32 state=PLAYING
10:53:18 - [INPUT] KEYUP key=space code=32 state=PLAYING
10:53:18 - [INPUT] KEYDOWN key=space code=32 state=PLAYING
10:53:18 - [INPUT] KEYUP key=space code=32 state=PLAYING
10:53:18 - [INPUT] KEYDOWN key=space code=32 state=PLAYING
10:53:18 - [INPUT] KEYUP key=space code=32 state=PLAYING
10:53:18 - [INPUT] KEYDOWN key=space code=32 state=PLAYING
10:53:19 - [INPUT] KEYUP key=space code=32 state=PLAYING
10:53:19 - [INPUT] KEYDOWN key=right code=1073741903 state=PLAYING
10:53:19 - [INPUT] KEYDOWN key=space code=32 state=PLAYING
10:53:19 - [INPUT] KEYUP key=right code=1073741903 state=PLAYING
10:53:19 - [INPUT] KEYUP key=space code=32 state=PLAYING
10:53:19 - [INPUT] KEYDOWN key=left code=1073741904 state=PLAYING
10:53:19 - [INPUT] KEYUP key=left code=1073741904 state=PLAYING
10:53:19 - [INPUT] KEYDOWN key=right code=1073741903 state=PLAYING
10:53:20 - [INPUT] KEYUP key=right code=1073741903 state=PLAYING
10:53:20 - [INPUT] KEYDOWN key=left code=1073741904 state=PLAYING
10:53:20 - [INPUT] KEYDOWN key=space code=32 state=PLAYING
10:53:20 - [INPUT] KEYUP key=space code=32 state=PLAYING
10:53:20 - [INPUT] KEYDOWN key=space code=32 state=PLAYING
10:53:20 - [INPUT] KEYUP key=space code=32 state=PLAYING
10:53:20 - [INPUT] KEYUP key=left code=1073741904 state=PLAYING
10:53:21 - [INPUT] KEYDOWN key=right code=1073741903 state=PLAYING
10:53:21 - [INPUT] KEYUP key=right code=1073741903 state=PLAYING
10:53:21 - [INPUT] KEYDOWN key=right code=1073741903 state=PLAYING
10:53:21 - [INPUT] KEYUP key=right code=1073741903 state=PLAYING
10:53:21 - [INPUT] KEYDOWN key=right code=1073741903 state=PLAYING
10:53:21 - [INPUT] KEYUP key=right code=1073741903 state=PLAYING
10:53:22 - [INPUT] KEYDOWN key=left code=1073741904 state=PLAYING
10:53:22 - [INPUT] KEYUP key=left code=1073741904 state=PLAYING
10:53:23 - [INPUT] KEYDOWN key=right code=1073741903 state=PLAYING
10:53:23 - [INPUT] KEYUP key=right code=1073741903 state=PLAYING
10:53:23 - [INPUT] KEYDOWN key=right code=1073741903 state=PLAYING
10:53:23 - [INPUT] KEYUP key=right code=1073741903 state=PLAYING
10:53:23 - [INPUT] KEYDOWN key=left code=1073741904 state=PLAYING
10:53:24 - [INPUT] KEYDOWN key=space code=32 state=PLAYING
10:53:24 - [INPUT] KEYUP key=space code=32 state=PLAYING
10:53:24 - [INPUT] KEYDOWN key=space code=32 state=PLAYING
10:53:24 - [INPUT] KEYUP key=left code=1073741904 state=PLAYING
10:53:24 - [INPUT] KEYUP key=space code=32 state=PLAYING
10:53:24 - [INPUT] KEYDOWN key=right code=1073741903 state=PLAYING
10:53:24 - [INPUT] KEYDOWN key=space code=32 state=PLAYING
10:53:24 - [INPUT] KEYUP key=right code=1073741903 state=PLAYING
10:53:24 - [INPUT] KEYUP key=space code=32 state=PLAYING
10:53:24 - [INPUT] KEYDOWN key=space code=32 state=PLAYING
10:53:24 - [INPUT] KEYDOWN key=left code=1073741904 state=PLAYING
10:53:24 - [INPUT] KEYUP key=space code=32 state=PLAYING
10:53:24 - [INPUT] KEYUP key=left code=1073741904 state=PLAYING
10:53:24 - [INPUT] KEYDOWN key=space code=32 state=PLAYING
10:53:25 - [INPUT] KEYUP key=space code=32 state=PLAYING
10:53:25 - [INPUT] KEYDOWN key=space code=32 state=PLAYING
10:53:25 - [INPUT] KEYDOWN key=right code=1073741903 state=PLAYING
10:53:25 - [INPUT] KEYUP key=space code=32 state=PLAYING
10:53:25 - [INPUT] KEYDOWN key=space code=32 state=PLAYING
10:53:25 - [INPUT] KEYUP key=space code=32 state=PLAYING
10:53:25 - [INPUT] KEYDOWN key=space code=32 state=PLAYING
10:53:25 - [INPUT] KEYUP key=right code=1073741903 state=PLAYING
10:53:25 - [INPUT] KEYUP key=space code=32 state=PLAYING
10:53:25 - [INPUT] KEYDOWN key=space code=32 state=PLAYING
10:53:25 - [INPUT] KEYUP key=space code=32 state=PLAYING
10:53:25 - [INPUT] KEYDOWN key=left code=1073741904 state=PLAYING
10:53:26 - [INPUT] KEYDOWN key=space code=32 state=PLAYING
10:53:26 - [INPUT] KEYUP key=left code=1073741904 state=PLAYING
10:53:26 - [INPUT] KEYUP key=space code=32 state=PLAYING
10:53:26 - [INPUT] KEYDOWN key=space code=32 state=PLAYING
10:53:26 - [INPUT] KEYUP key=space code=32 state=PLAYING
10:53:26 - [INPUT] KEYDOWN key=space code=32 state=PLAYING
10:53:26 - [INPUT] KEYUP key=space code=32 state=PLAYING
10:53:26 - [INPUT] KEYDOWN key=space code=32 state=PLAYING
10:53:26 - [INPUT] KEYUP key=space code=32 state=PLAYING
10:53:26 - [INPUT] KEYDOWN key=space code=32 state=PLAYING
10:53:27 - [INPUT] KEYUP key=space code=32 state=PLAYING
10:53:27 - [INPUT] KEYDOWN key=space code=32 state=PLAYING
10:53:27 - [INPUT] KEYUP key=space code=32 state=PLAYING
10:53:27 - [INPUT] KEYDOWN key=space code=32 state=PLAYING
10:53:27 - [INPUT] KEYUP key=space code=32 state=PLAYING
10:53:27 - [INPUT] KEYDOWN key=space code=32 state=PLAYING
10:53:27 - [INPUT] KEYUP key=space code=32 state=PLAYING
10:53:27 - [INPUT] KEYDOWN key=space code=32 state=PLAYING
10:53:27 - [INPUT] KEYUP key=space code=32 state=PLAYING
10:53:27 - [INPUT] KEYDOWN key=space code=32 state=PLAYING
10:53:27 - [INPUT] KEYUP key=space code=32 state=PLAYING
10:53:28 - [INPUT] KEYDOWN key=space code=32 state=PLAYING
10:53:28 - [INPUT] KEYUP key=space code=32 state=PLAYING
10:53:28 - [INPUT] KEYDOWN key=space code=32 state=PLAYING
10:53:28 - [INPUT] KEYUP key=space code=32 state=PLAYING
10:53:28 - [INPUT] KEYDOWN key=space code=32 state=PLAYING
10:53:28 - [INPUT] KEYUP key=space code=32 state=PLAYING
10:53:28 - [INPUT] KEYDOWN key=space code=32 state=PLAYING
10:53:28 - [INPUT] KEYUP key=space code=32 state=PLAYING
10:53:28 - [INPUT] KEYDOWN key=space code=32 state=PLAYING
10:53:28 - [INPUT] KEYUP key=space code=32 state=PLAYING
10:53:28 - [INPUT] KEYDOWN key=space code=32 state=PLAYING
10:53:28 - [INPUT] KEYUP key=space code=32 state=PLAYING
10:53:28 - [INPUT] KEYDOWN key=space code=32 state=PLAYING
10:53:29 - [INPUT] KEYUP key=space code=32 state=PLAYING
10:53:29 - [INPUT] KEYDOWN key=space code=32 state=PLAYING
10:53:29 - [INPUT] KEYUP key=space code=32 state=PLAYING
10:53:29 - [INPUT] KEYDOWN key=space code=32 state=PLAYING
10:53:29 - [INPUT] KEYUP key=space code=32 state=PLAYING
10:53:29 - [INPUT] KEYDOWN key=space code=32 state=PLAYING
10:53:29 - [INPUT] KEYUP key=space code=32 state=PLAYING
10:53:29 - [INPUT] KEYDOWN key=space code=32 state=PLAYING
10:53:29 - [INPUT] KEYUP key=space code=32 state=PLAYING
10:53:29 - [INPUT] KEYDOWN key=space code=32 state=PLAYING
10:53:29 - [INPUT] KEYUP key=space code=32 state=PLAYING
10:53:30 - [INPUT] KEYDOWN key=space code=32 state=PLAYING
10:53:30 - [INPUT] KEYUP key=space code=32 state=PLAYING
10:53:30 - [INPUT] KEYDOWN key=space code=32 state=PLAYING
10:53:30 - [INPUT] KEYUP key=space code=32 state=PLAYING
10:53:30 - [INPUT] KEYDOWN key=space code=32 state=PLAYING
10:53:30 - [INPUT] KEYUP key=space code=32 state=PLAYING
10:53:30 - [INPUT] KEYDOWN key=space code=32 state=PLAYING
10:53:30 - [INPUT] KEYUP key=space code=32 state=PLAYING
10:53:30 - [INPUT] KEYDOWN key=space code=32 state=PLAYING
10:53:30 - [INPUT] KEYUP key=space code=32 state=PLAYING
10:53:30 - [INPUT] KEYDOWN key=space code=32 state=PLAYING
10:53:30 - [INPUT] KEYUP key=space code=32 state=PLAYING
10:53:31 - [INPUT] KEYDOWN key=space code=32 state=PLAYING
10:53:31 - [INPUT] KEYUP key=space code=32 state=PLAYING
10:53:31 - [INPUT] KEYDOWN key=space code=32 state=PLAYING
10:53:31 - [INPUT] KEYUP key=space code=32 state=PLAYING
10:53:31 - [INPUT] KEYDOWN key=space code=32 state=PLAYING
10:53:31 - [INPUT] KEYUP key=space code=32 state=PLAYING
10:53:31 - [INPUT] KEYDOWN key=space code=32 state=PLAYING
10:53:31 - [INPUT] KEYUP key=space code=32 state=PLAYING
10:53:31 - [INPUT] KEYDOWN key=space code=32 state=PLAYING
10:53:31 - [INPUT] KEYUP key=space code=32 state=PLAYING
10:53:31 - [INPUT] KEYDOWN key=space code=32 state=PLAYING
10:53:32 - [INPUT] KEYUP key=space code=32 state=PLAYING
10:53:32 - [INPUT] KEYDOWN key=space code=32 state=PLAYING
10:53:32 - [INPUT] KEYUP key=space code=32 state=PLAYING
10:53:32 - [INPUT] KEYDOWN key=space code=32 state=PLAYING
10:53:32 - [INPUT] KEYUP key=space code=32 state=PLAYING
10:53:32 - [INPUT] KEYDOWN key=space code=32 state=PLAYING
10:53:32 - [INPUT] KEYUP key=space code=32 state=PLAYING
10:53:32 - [INPUT] KEYDOWN key=space code=32 state=PLAYING
10:53:32 - [INPUT] KEYUP key=space code=32 state=PLAYING
10:53:32 - [INPUT] KEYDOWN key=space code=32 state=PLAYING
10:53:32 - [INPUT] KEYUP key=space code=32 state=PLAYING
