22:41:07 - [INPUT] KEYDOWN key=return code=13 state=MENU
22:41:07 - \U0001f3ae Inizia nuova partita
22:41:07 - \U0001f504 Nuova partita iniziata!
22:41:07 - [INPUT] KEYUP key=return code=13 state=PLAYING
22:41:08 - [INPUT] KEYDOWN key=left code=1073741904 state=PLAYING
22:41:08 - [INPUT] KEYUP key=left code=1073741904 state=PLAYING
22:41:08 - [INPUT] KEYDOWN key=right code=1073741903 state=PLAYING
22:41:09 - [INPUT] KEYUP key=right code=1073741903 state=PLAYING
22:41:09 - [INPUT] KEYDOWN key=left code=1073741904 state=PLAYING
22:41:09 - [INPUT] KEYUP key=left code=1073741904 state=PLAYING
22:41:09 - [INPUT] KEYDOWN key=left code=1073741904 state=PLAYING
22:41:09 - [INPUT] KEYUP key=left code=1073741904 state=PLAYING
22:41:10 - [INPUT] KEYDOWN key=left code=1073741904 state=PLAYING
22:41:10 - [INPUT] KEYUP key=left code=1073741904 state=PLAYING
22:41:10 - [INPUT] KEYDOWN key=right code=1073741903 state=PLAYING
22:41:10 - [INPUT] KEYUP key=right code=1073741903 state=PLAYING
22:41:10 - [INPUT] KEYDOWN key=left code=1073741904 state=PLAYING
22:41:11 - [INPUT] KEYUP key=left code=1073741904 state=PLAYING
22:41:11 - [INPUT] KEYDOWN key=right code=1073741903 state=PLAYING
22:41:11 - [INPUT] KEYUP key=right code=1073741903 state=PLAYING
22:41:12 - [INPUT] KEYDOWN key=left code=1073741904 state=PLAYING
22:41:12 - [INPUT] KEYUP key=left code=1073741904 state=PLAYING
22:41:12 - [INPUT] KEYDOWN key=right code=1073741903 state=PLAYING
22:41:12 - [INPUT] KEYUP key=right code=1073741903 state=PLAYING
22:41:13 - [INPUT] KEYDOWN key=right code=1073741903 state=PLAYING
22:41:13 - [INPUT] KEYUP key=right code=1073741903 state=PLAYING
22:41:13 - [INPUT] KEYDOWN key=left code=1073741904 state=PLAYING
22:41:14 - [INPUT] KEYUP key=left code=1073741904 state=PLAYING
22:41:15 - [INPUT] KEYDOWN key=right code=1073741903 state=PLAYING
22:41:15 - [INPUT] KEYUP key=right code=1073741903 state=PLAYING
22:41:15 - [INPUT] KEYDOWN key=left code=1073741904 state=PLAYING
22:41:16 - [INPUT] KEYUP key=left code=1073741904 state=PLAYING
22:41:16 - [INPUT] KEYDOWN key=right code=1073741903 state=PLAYING
22:41:16 - [INPUT] KEYUP key=right code=1073741903 state=PLAYING
22:41:17 - [INPUT] KEYDOWN key=right code=1073741903 state=PLAYING
22:41:17 - [INPUT] KEYUP key=right code=1073741903 state=PLAYING
22:41:17 - [INPUT] KEYDOWN key=left code=1073741904 state=PLAYING
22:41:18 - [INPUT] KEYUP key=left code=1073741904 state=PLAYING
22:41:18 - [INPUT] KEYDOWN key=right code=1073741903 state=PLAYING
22:41:18 - [INPUT] KEYUP key=right code=1073741903 state=PLAYING
22:41:18 - [INPUT] KEYDOWN key=left code=1073741904 state=PLAYING
22:41:18 - [INPUT] KEYUP key=left code=1073741904 state=PLAYING
22:41:19 - [INPUT] KEYDOWN key=right code=1073741903 state=PLAYING
22:41:19 - [INPUT] KEYUP key=right code=1073741903 state=PLAYING
22:41:19 - [INPUT] KEYDOWN key=left code=1073741904 state=PLAYING
22:41:19 - [INPUT] KEYUP key=left code=1073741904 state=PLAYING
22:41:19 - [INPUT] KEYDOWN key=right code=1073741903 state=PLAYING
22:41:19 - [INPUT] KEYUP key=right code=1073741903 state=PLAYING
22:41:20 - [INPUT] KEYDOWN key=left code=1073741904 state=PLAYING
22:41:21 - [INPUT] KEYUP key=left code=1073741904 state=PLAYING
22:41:21 - [INPUT] KEYDOWN key=right code=1073741903 state=PLAYING
22:41:21 - [INPUT] KEYUP key=right code=1073741903 state=PLAYING
22:41:22 - [INPUT] KEYDOWN key=right code=1073741903 state=PLAYING
22:41:22 - [INPUT] KEYUP key=right code=1073741903 state=PLAYING
22:41:22 - [INPUT] KEYDOWN key=left code=1073741904 state=PLAYING
22:41:22 - [INPUT] KEYUP key=left code=1073741904 state=PLAYING
22:41:23 - [INPUT] KEYDOWN key=left code=1073741904 state=PLAYING
22:41:24 - [INPUT] KEYUP key=left code=1073741904 state=PLAYING
22:41:24 - [INPUT] KEYDOWN key=right code=1073741903 state=PLAYING
22:41:25 - [INPUT] KEYUP key=right code=1073741903 state=PLAYING
22:41:25 - [INPUT] KEYDOWN key=left code=1073741904 state=PLAYING
22:41:26 - [INPUT] KEYUP key=left code=1073741904 state=PLAYING
22:41:26 - [INPUT] KEYDOWN key=right code=1073741903 state=PLAYING
22:41:26 - [INPUT] KEYUP key=right code=1073741903 state=PLAYING
22:41:27 - [INPUT] KEYDOWN key=right code=1073741903 state=PLAYING
22:41:27 - [INPUT] KEYUP key=right code=1073741903 state=PLAYING
22:41:28 - [INPUT] KEYDOWN key=right code=1073741903 state=PLAYING
22:41:28 - [INPUT] KEYUP key=right code=1073741903 state=PLAYING
22:41:28 - [INPUT] KEYDOWN key=left code=1073741904 state=PLAYING
22:41:29 - [INPUT] KEYUP key=left code=1073741904 state=PLAYING
22:41:34 - [INPUT] KEYDOWN key=left code=1073741904 state=PLAYING
22:41:35 - [INPUT] KEYUP key=left code=1073741904 state=PLAYING
