17:10:10 - Creata piattaforma a x=250, y=750, livello=Mantello
17:10:10 - Creata piattaforma a x=285, y=670, livello=Mantello
17:10:10 - Creata piattaforma a x=429, y=590, livello=Mantello
17:10:10 - Creata piattaforma a x=236, y=510, livello=Mantello
17:10:10 - Creata piattaforma a x=403, y=430, livello=Mantello
17:10:10 - Creata piattaforma a x=74, y=350, livello=Mantello
17:10:10 - Creata piattaforma a x=221, y=270, livello=Mantello
17:10:10 - Creata piattaforma a x=389, y=190, livello=Mantello
17:10:10 - Creata piattaforma a x=53, y=110, livello=Mantello
17:10:10 - Creata piattaforma a x=429, y=30, livello=Mantello
17:10:10 - Creata piattaforma a x=448, y=-50, livello=Crosta Terrestre
17:10:10 - Creata piattaforma a x=345, y=-130, livello=Crosta Terrestre
17:10:10 - Creata piattaforma a x=443, y=-210, livello=Crosta Terrestre
17:10:10 - Creata piattaforma a x=200, y=-290, livello=Crosta Terrestre
17:10:10 - Creata piattaforma a x=379, y=-370, livello=Crosta Terrestre
17:10:10 - Creata piattaforma a x=424, y=-450, livello=Crosta Terrestre
17:10:10 - Creata piattaforma a x=176, y=-530, livello=Crosta Terrestre
17:10:10 - Creata piattaforma a x=405, y=-610, livello=Crosta Terrestre
17:10:10 - Creata piattaforma a x=74, y=-690, livello=Crosta Terrestre
17:10:10 - Creata piattaforma a x=416, y=-770, livello=Vulcano
17:10:10 - Creata piattaforma a x=54, y=-850, livello=Vulcano
17:10:10 - Creata piattaforma a x=425, y=-930, livello=Vulcano
17:10:10 - Creata piattaforma a x=424, y=-1010, livello=Vulcano
17:10:10 - Creata piattaforma a x=428, y=-1090, livello=Vulcano
17:10:10 - Creata piattaforma a x=408, y=-1170, livello=Vulcano
17:10:10 - Creata piattaforma a x=55, y=-1250, livello=Vulcano
17:10:10 - Creata piattaforma a x=147, y=-1330, livello=Vulcano
17:10:10 - Creata piattaforma a x=440, y=-1410, livello=Vulcano
17:10:10 - Creata piattaforma a x=409, y=-1490, livello=Vulcano
17:10:10 - Creata piattaforma a x=422, y=-1570, livello=Vulcano
17:10:10 - Creata piattaforma a x=299, y=-1650, livello=Vulcano
17:10:10 - Creata piattaforma a x=310, y=-1730, livello=Vulcano
17:10:10 - Creata piattaforma a x=225, y=-1810, livello=Vulcano
17:10:10 - Creata piattaforma a x=288, y=-1890, livello=Vulcano
17:10:10 - Creata piattaforma a x=196, y=-1970, livello=Vulcano
17:10:10 - Creata piattaforma a x=281, y=-2050, livello=Vulcano
17:10:10 - Creata piattaforma a x=140, y=-2130, livello=Vulcano
17:10:10 - Creata piattaforma a x=435, y=-2210, livello=Vulcano
17:10:10 - Creata piattaforma a x=98, y=-2290, livello=Vulcano
17:10:10 - Creata piattaforma a x=342, y=-2370, livello=Vulcano
17:10:10 - Creata piattaforma a x=443, y=-2450, livello=Vulcano
17:10:10 - Creata piattaforma a x=378, y=-2530, livello=Vulcano
17:10:10 - Creata piattaforma a x=380, y=-2610, livello=Vulcano
17:10:10 - Creata piattaforma a x=66, y=-2690, livello=Vulcano
17:10:10 - Creata piattaforma a x=83, y=-2770, livello=Vulcano
17:10:10 - Creata piattaforma a x=419, y=-2850, livello=Vulcano
17:10:10 - Creata piattaforma a x=449, y=-2930, livello=Vulcano
17:10:10 - Creata piattaforma a x=410, y=-3010, livello=Vulcano
17:10:10 - Creata piattaforma a x=227, y=-3090, livello=Vulcano
17:10:10 - Creata piattaforma a x=184, y=-3170, livello=Vulcano
17:10:10 - Creata piattaforma a x=293, y=-3250, livello=Vulcano
17:10:10 - Creata piattaforma a x=187, y=-3330, livello=Vulcano
17:10:10 - Creata piattaforma a x=306, y=-3410, livello=Vulcano
17:10:10 - Creata piattaforma a x=399, y=-3490, livello=Vulcano
17:10:10 - Creata piattaforma a x=348, y=-3570, livello=Vulcano
17:10:10 - Creata piattaforma a x=379, y=-3650, livello=Vulcano
17:10:10 - Creata piattaforma a x=305, y=-3730, livello=Vulcano
17:10:10 - Creata piattaforma a x=446, y=-3810, livello=Vulcano
17:10:10 - Creata piattaforma a x=123, y=-3890, livello=Vulcano
17:10:10 - Creata piattaforma a x=114, y=-3970, livello=Vulcano
17:10:10 - Creata piattaforma a x=208, y=-4050, livello=Vulcano
17:10:10 - Creata piattaforma a x=187, y=-4130, livello=Vulcano
17:10:10 - Creata piattaforma a x=433, y=-4210, livello=Vulcano
17:10:10 - Creata piattaforma a x=97, y=-4290, livello=Vulcano
17:10:10 - Creata piattaforma a x=106, y=-4370, livello=Vulcano
17:10:10 - Creata piattaforma a x=408, y=-4450, livello=Vulcano
17:10:10 - Generate 66 piattaforme, 13 power-ups, 21 collectibles, 16 nemici
17:10:11 - Creata piattaforma a x=250, y=750, livello=Mantello
17:10:11 - Creata piattaforma a x=362, y=670, livello=Mantello
17:10:11 - Creata piattaforma a x=385, y=590, livello=Mantello
17:10:11 - Creata piattaforma a x=95, y=510, livello=Mantello
17:10:11 - Creata piattaforma a x=100, y=430, livello=Mantello
17:10:11 - Creata piattaforma a x=306, y=350, livello=Mantello
17:10:11 - Creata piattaforma a x=190, y=270, livello=Mantello
17:10:11 - Creata piattaforma a x=187, y=190, livello=Mantello
17:10:11 - Creata piattaforma a x=355, y=110, livello=Mantello
17:10:11 - Creata piattaforma a x=170, y=30, livello=Mantello
17:10:11 - Creata piattaforma a x=119, y=-50, livello=Crosta Terrestre
17:10:11 - Creata piattaforma a x=325, y=-130, livello=Crosta Terrestre
17:10:11 - Creata piattaforma a x=445, y=-210, livello=Crosta Terrestre
17:10:11 - Creata piattaforma a x=268, y=-290, livello=Crosta Terrestre
17:10:11 - Creata piattaforma a x=417, y=-370, livello=Crosta Terrestre
17:10:11 - Creata piattaforma a x=250, y=-450, livello=Crosta Terrestre
17:10:11 - Creata piattaforma a x=392, y=-530, livello=Crosta Terrestre
17:10:11 - Creata piattaforma a x=236, y=-610, livello=Crosta Terrestre
17:10:11 - Creata piattaforma a x=124, y=-690, livello=Crosta Terrestre
17:10:11 - Creata piattaforma a x=195, y=-770, livello=Vulcano
17:10:11 - Creata piattaforma a x=347, y=-850, livello=Vulcano
17:10:11 - Creata piattaforma a x=342, y=-930, livello=Vulcano
17:10:11 - Creata piattaforma a x=74, y=-1010, livello=Vulcano
17:10:11 - Creata piattaforma a x=225, y=-1090, livello=Vulcano
17:10:11 - Creata piattaforma a x=339, y=-1170, livello=Vulcano
17:10:11 - Creata piattaforma a x=200, y=-1250, livello=Vulcano
17:10:11 - Creata piattaforma a x=92, y=-1330, livello=Vulcano
17:10:11 - Creata piattaforma a x=300, y=-1410, livello=Vulcano
17:10:11 - Creata piattaforma a x=421, y=-1490, livello=Vulcano
17:10:11 - Creata piattaforma a x=101, y=-1570, livello=Vulcano
17:10:11 - Creata piattaforma a x=414, y=-1650, livello=Vulcano
17:10:11 - Creata piattaforma a x=424, y=-1730, livello=Vulcano
17:10:11 - Creata piattaforma a x=154, y=-1810, livello=Vulcano
17:10:11 - Creata piattaforma a x=90, y=-1890, livello=Vulcano
17:10:11 - Creata piattaforma a x=402, y=-1970, livello=Vulcano
17:10:11 - Creata piattaforma a x=436, y=-2050, livello=Vulcano
17:10:11 - Creata piattaforma a x=426, y=-2130, livello=Vulcano
17:10:11 - Creata piattaforma a x=148, y=-2210, livello=Vulcano
17:10:11 - Creata piattaforma a x=189, y=-2290, livello=Vulcano
17:10:11 - Creata piattaforma a x=354, y=-2370, livello=Vulcano
17:10:11 - Creata piattaforma a x=405, y=-2450, livello=Vulcano
17:10:11 - Creata piattaforma a x=422, y=-2530, livello=Vulcano
17:10:11 - Creata piattaforma a x=63, y=-2610, livello=Vulcano
17:10:11 - Creata piattaforma a x=324, y=-2690, livello=Vulcano
17:10:11 - Creata piattaforma a x=178, y=-2770, livello=Vulcano
17:10:11 - Creata piattaforma a x=422, y=-2850, livello=Vulcano
17:10:11 - Creata piattaforma a x=385, y=-2930, livello=Vulcano
17:10:11 - Creata piattaforma a x=105, y=-3010, livello=Vulcano
17:10:11 - Creata piattaforma a x=449, y=-3090, livello=Vulcano
17:10:11 - Creata piattaforma a x=338, y=-3170, livello=Vulcano
17:10:11 - Creata piattaforma a x=407, y=-3250, livello=Vulcano
17:10:11 - Creata piattaforma a x=413, y=-3330, livello=Vulcano
17:10:11 - Creata piattaforma a x=427, y=-3410, livello=Vulcano
17:10:11 - Creata piattaforma a x=243, y=-3490, livello=Vulcano
17:10:11 - Creata piattaforma a x=79, y=-3570, livello=Vulcano
17:10:11 - Creata piattaforma a x=83, y=-3650, livello=Vulcano
17:10:11 - Creata piattaforma a x=62, y=-3730, livello=Vulcano
17:10:11 - Creata piattaforma a x=395, y=-3810, livello=Vulcano
17:10:11 - Creata piattaforma a x=95, y=-3890, livello=Vulcano
17:10:11 - Creata piattaforma a x=429, y=-3970, livello=Vulcano
17:10:11 - Creata piattaforma a x=160, y=-4050, livello=Vulcano
17:10:11 - Creata piattaforma a x=247, y=-4130, livello=Vulcano
17:10:11 - Creata piattaforma a x=441, y=-4210, livello=Vulcano
17:10:11 - Creata piattaforma a x=319, y=-4290, livello=Vulcano
17:10:11 - Creata piattaforma a x=78, y=-4370, livello=Vulcano
17:10:11 - Creata piattaforma a x=429, y=-4450, livello=Vulcano
17:10:11 - Generate 66 piattaforme, 11 power-ups, 23 collectibles, 14 nemici
17:10:11 - Gioco resettato - Player posizionato a x=300, y=718
17:10:11 - Collisione con piattaforma 0 - Tipo: 0 - plat_top(screen)=750.0
17:10:11 - Scroll - km: 0.00, world_offset: 0.2
17:10:11 - Scroll - km: 0.08, world_offset: 4.1
17:10:11 - Scroll - km: 0.21, world_offset: 10.3
17:10:11 - Scroll - km: 0.33, world_offset: 16.5
17:10:11 - Scroll - km: 0.40, world_offset: 19.9
17:10:11 - Scroll - km: 0.40, world_offset: 19.9
17:10:11 - Collisione con piattaforma 5 - Tipo: 0 - plat_top(screen)=370.0
17:10:11 - Collisione con piattaforma 5 - Tipo: 0 - plat_top(screen)=370.0
17:10:11 - Collisione con piattaforma 5 - Tipo: 0 - plat_top(screen)=370.0
17:10:11 - Collisione con piattaforma 5 - Tipo: 0 - plat_top(screen)=370.0
17:10:11 - Collisione con piattaforma 5 - Tipo: 0 - plat_top(screen)=370.0
17:10:11 - Collisione con piattaforma 5 - Tipo: 0 - plat_top(screen)=370.0
17:10:11 - Collisione con piattaforma 5 - Tipo: 0 - plat_top(screen)=370.0
17:10:11 - Collisione con piattaforma 5 - Tipo: 0 - plat_top(screen)=370.0
17:10:11 - Collisione con piattaforma 5 - Tipo: 0 - plat_top(screen)=370.0
17:10:12 - Collisione con piattaforma 5 - Tipo: 0 - plat_top(screen)=370.0
17:10:12 - Collisione con piattaforma 5 - Tipo: 0 - plat_top(screen)=370.0
17:10:12 - Collisione con piattaforma 5 - Tipo: 0 - plat_top(screen)=370.0
17:10:12 - Collisione con piattaforma 5 - Tipo: 0 - plat_top(screen)=370.0
17:10:12 - Collisione con piattaforma 5 - Tipo: 0 - plat_top(screen)=370.0
17:10:12 - Collisione con piattaforma 5 - Tipo: 0 - plat_top(screen)=370.0
17:10:12 - Collisione con piattaforma 5 - Tipo: 0 - plat_top(screen)=370.0
17:10:12 - Collisione con piattaforma 5 - Tipo: 0 - plat_top(screen)=370.0
17:10:12 - Collisione con piattaforma 5 - Tipo: 0 - plat_top(screen)=370.0
17:10:12 - Collisione con piattaforma 5 - Tipo: 0 - plat_top(screen)=370.0
17:10:12 - Collisione con piattaforma 5 - Tipo: 0 - plat_top(screen)=370.0
17:10:12 - Collisione con piattaforma 5 - Tipo: 0 - plat_top(screen)=370.0
17:10:12 - Collisione con piattaforma 5 - Tipo: 0 - plat_top(screen)=370.0
17:10:12 - Collisione con piattaforma 5 - Tipo: 0 - plat_top(screen)=370.0
17:10:12 - Collisione con piattaforma 5 - Tipo: 0 - plat_top(screen)=370.0
17:10:12 - Collisione con piattaforma 5 - Tipo: 0 - plat_top(screen)=370.0
17:10:12 - Collisione con piattaforma 4 - Tipo: 0 - plat_top(screen)=450.0
17:10:12 - Collisione con piattaforma 4 - Tipo: 0 - plat_top(screen)=450.0
17:10:12 - Collisione con piattaforma 4 - Tipo: 0 - plat_top(screen)=450.0
17:10:12 - Collisione con piattaforma 4 - Tipo: 0 - plat_top(screen)=450.0
17:10:12 - Collisione con piattaforma 4 - Tipo: 0 - plat_top(screen)=450.0
17:10:12 - Collisione con piattaforma 4 - Tipo: 0 - plat_top(screen)=450.0
17:10:12 - Collisione con piattaforma 4 - Tipo: 0 - plat_top(screen)=450.0
17:10:12 - Collisione con piattaforma 4 - Tipo: 0 - plat_top(screen)=450.0
17:10:12 - Collisione con piattaforma 4 - Tipo: 0 - plat_top(screen)=450.0
17:10:12 - Collisione con piattaforma 4 - Tipo: 0 - plat_top(screen)=450.0
17:10:12 - Collisione con piattaforma 4 - Tipo: 0 - plat_top(screen)=450.0
17:10:12 - Collisione con piattaforma 4 - Tipo: 0 - plat_top(screen)=450.0
17:10:12 - Collisione con piattaforma 4 - Tipo: 0 - plat_top(screen)=450.0
17:10:13 - Collisione con piattaforma 4 - Tipo: 0 - plat_top(screen)=450.0
17:10:13 - Collisione con piattaforma 4 - Tipo: 0 - plat_top(screen)=450.0
17:10:13 - Collisione con piattaforma 4 - Tipo: 0 - plat_top(screen)=450.0
17:10:13 - Collisione con piattaforma 4 - Tipo: 0 - plat_top(screen)=450.0
17:10:13 - Collisione con piattaforma 4 - Tipo: 0 - plat_top(screen)=450.0
17:10:13 - Collisione con piattaforma 4 - Tipo: 0 - plat_top(screen)=450.0
17:10:13 - Collisione con piattaforma 1 - Tipo: 0 - plat_top(screen)=690.0
17:10:13 - Collisione con piattaforma 1 - Tipo: 0 - plat_top(screen)=690.0
17:10:13 - Collisione con piattaforma 1 - Tipo: 0 - plat_top(screen)=690.0
17:10:13 - Collisione con piattaforma 1 - Tipo: 0 - plat_top(screen)=690.0
17:10:13 - Collisione con piattaforma 1 - Tipo: 0 - plat_top(screen)=690.0
17:10:13 - Collisione con piattaforma 1 - Tipo: 0 - plat_top(screen)=690.0
17:10:13 - Collisione con piattaforma 1 - Tipo: 0 - plat_top(screen)=690.0
17:10:13 - Collisione con piattaforma 1 - Tipo: 0 - plat_top(screen)=690.0
17:10:13 - Collisione con piattaforma 1 - Tipo: 0 - plat_top(screen)=690.0
17:10:13 - Collisione con piattaforma 1 - Tipo: 0 - plat_top(screen)=690.0
17:10:13 - Collisione con piattaforma 1 - Tipo: 0 - plat_top(screen)=690.0
17:10:13 - Collisione con piattaforma 1 - Tipo: 0 - plat_top(screen)=690.0
17:10:13 - Collisione con piattaforma 1 - Tipo: 0 - plat_top(screen)=690.0
17:10:13 - Collisione con piattaforma 1 - Tipo: 0 - plat_top(screen)=690.0
17:10:13 - Collisione con piattaforma 1 - Tipo: 0 - plat_top(screen)=690.0
17:10:13 - Collisione con piattaforma 1 - Tipo: 0 - plat_top(screen)=690.0
17:10:14 - Collisione con piattaforma 1 - Tipo: 0 - plat_top(screen)=690.0
17:10:14 - Collisione con piattaforma 0 - Tipo: 0 - plat_top(screen)=770.0
17:10:14 - Collisione con piattaforma 0 - Tipo: 0 - plat_top(screen)=770.0
17:10:14 - Collisione con piattaforma 0 - Tipo: 0 - plat_top(screen)=770.0
17:10:14 - Collisione con piattaforma 0 - Tipo: 0 - plat_top(screen)=770.0
17:10:14 - Collisione con piattaforma 0 - Tipo: 0 - plat_top(screen)=770.0
17:10:14 - Collisione con piattaforma 0 - Tipo: 0 - plat_top(screen)=770.0
17:10:14 - Collisione con piattaforma 0 - Tipo: 0 - plat_top(screen)=770.0
17:10:14 - Collisione con piattaforma 0 - Tipo: 0 - plat_top(screen)=770.0
17:10:14 - Collisione con piattaforma 0 - Tipo: 0 - plat_top(screen)=770.0
17:10:14 - Collisione con piattaforma 0 - Tipo: 0 - plat_top(screen)=770.0
17:10:14 - Collisione con piattaforma 0 - Tipo: 0 - plat_top(screen)=770.0
