09:52:38 - [INPUT] KEYDOWN key=return code=13 state=MENU
09:52:38 - \U0001f3ae Inizia nuova partita
09:52:38 - \U0001f504 Nuova partita iniziata!
09:52:38 - [INPUT] KEYUP key=return code=13 state=PLAYING
09:52:39 - [INPUT] KEYDOWN key=right code=1073741903 state=PLAYING
09:52:39 - [INPUT] KEYUP key=right code=1073741903 state=PLAYING
09:52:39 - [INPUT] KEYDOWN key=left code=1073741904 state=PLAYING
09:52:39 - [INPUT] KEYUP key=left code=1073741904 state=PLAYING
09:52:40 - [INPUT] KEYDOWN key=right code=1073741903 state=PLAYING
09:52:40 - [INPUT] KEYUP key=right code=1073741903 state=PLAYING
09:52:40 - [INPUT] KEYDOWN key=left code=1073741904 state=PLAYING
09:52:41 - [INPUT] KEYUP key=left code=1073741904 state=PLAYING
09:52:41 - [INPUT] KEYDOWN key=left code=1073741904 state=PLAYING
09:52:41 - [INPUT] KEYUP key=left code=1073741904 state=PLAYING
09:52:41 - [INPUT] KEYDOWN key=left code=1073741904 state=PLAYING
09:52:41 - [INPUT] KEYUP key=left code=1073741904 state=PLAYING
09:52:41 - [INPUT] KEYDOWN key=right code=1073741903 state=PLAYING
09:52:41 - [INPUT] KEYDOWN key=a code=97 state=PLAYING
09:52:41 - [INPUT] KEYUP key=a code=97 state=PLAYING
09:52:42 - [INPUT] KEYUP key=right code=1073741903 state=PLAYING
09:52:42 - [INPUT] KEYDOWN key=left code=1073741904 state=PLAYING
09:52:43 - [INPUT] KEYUP key=left code=1073741904 state=PLAYING
09:52:43 - [INPUT] KEYDOWN key=left code=1073741904 state=PLAYING
09:52:43 - [INPUT] KEYUP key=left code=1073741904 state=PLAYING
09:52:43 - [INPUT] KEYDOWN key=right code=1073741903 state=PLAYING
09:52:44 - [INPUT] KEYUP key=right code=1073741903 state=PLAYING
09:52:44 - [INPUT] KEYDOWN key=left code=1073741904 state=PLAYING
09:52:44 - [INPUT] KEYUP key=left code=1073741904 state=PLAYING
09:52:45 - [INPUT] KEYDOWN key=left code=1073741904 state=PLAYING
09:52:45 - [INPUT] KEYUP key=left code=1073741904 state=PLAYING
09:52:45 - [INPUT] KEYDOWN key=right code=1073741903 state=PLAYING
09:52:46 - [INPUT] KEYUP key=right code=1073741903 state=PLAYING
09:52:46 - [INPUT] KEYDOWN key=left code=1073741904 state=PLAYING
09:52:46 - [INPUT] KEYUP key=left code=1073741904 state=PLAYING
09:52:47 - [INPUT] KEYDOWN key=left code=1073741904 state=PLAYING
09:52:47 - [INPUT] KEYUP key=left code=1073741904 state=PLAYING
09:52:48 - [INPUT] KEYDOWN key=right code=1073741903 state=PLAYING
09:52:49 - [INPUT] KEYUP key=right code=1073741903 state=PLAYING
09:52:49 - [INPUT] KEYDOWN key=left code=1073741904 state=PLAYING
09:52:49 - [INPUT] KEYUP key=left code=1073741904 state=PLAYING
09:52:49 - [INPUT] KEYDOWN key=right code=1073741903 state=PLAYING
09:52:49 - [INPUT] KEYUP key=right code=1073741903 state=PLAYING
09:52:50 - [INPUT] KEYDOWN key=left code=1073741904 state=PLAYING
09:52:50 - [INPUT] KEYUP key=left code=1073741904 state=PLAYING
09:52:52 - [INPUT] KEYDOWN key=right code=1073741903 state=PLAYING
09:52:52 - [INPUT] KEYUP key=right code=1073741903 state=PLAYING
09:52:52 - [INPUT] KEYDOWN key=right code=1073741903 state=PLAYING
09:52:53 - [INPUT] KEYUP key=right code=1073741903 state=PLAYING
09:52:54 - [INPUT] KEYDOWN key=left code=1073741904 state=PLAYING
09:52:54 - [INPUT] KEYUP key=left code=1073741904 state=PLAYING
09:52:54 - [INPUT] KEYDOWN key=left code=1073741904 state=PLAYING
09:52:55 - [INPUT] KEYUP key=left code=1073741904 state=PLAYING
09:52:55 - [INPUT] KEYDOWN key=right code=1073741903 state=PLAYING
09:52:55 - [INPUT] KEYUP key=right code=1073741903 state=PLAYING
09:52:55 - [INPUT] KEYDOWN key=left code=1073741904 state=PLAYING
09:52:55 - [INPUT] KEYUP key=left code=1073741904 state=PLAYING
09:52:56 - [INPUT] KEYDOWN key=right code=1073741903 state=PLAYING
09:52:56 - [INPUT] KEYUP key=right code=1073741903 state=PLAYING
09:52:56 - [INPUT] KEYDOWN key=left code=1073741904 state=PLAYING
