10:14:03 - [INPUT] KEYDOWN key=down code=1073741905 state=MENU
10:14:03 - [INPUT] KEYUP key=down code=1073741905 state=MENU
10:14:03 - [INPUT] KEYDOWN key=down code=1073741905 state=MENU
10:14:03 - [INPUT] KEYUP key=down code=1073741905 state=MENU
10:14:03 - [INPUT] KEYDOWN key=up code=1073741906 state=MENU
10:14:03 - [INPUT] KEYUP key=up code=1073741906 state=MENU
10:14:03 - [INPUT] KEYDOWN key=up code=1073741906 state=MENU
10:14:03 - [INPUT] KEYUP key=up code=1073741906 state=MENU
10:14:05 - [INPUT] KEYDOWN key=return code=13 state=MENU
10:14:05 - \U0001f3ae Inizia nuova partita
10:14:05 - \U0001f504 Nuova partita iniziata!
10:14:05 - [INPUT] KEYUP key=return code=13 state=PLAYING
10:14:06 - [INPUT] KEYDOWN key=space code=32 state=PLAYING
10:14:06 - [INPUT] KEYUP key=space code=32 state=PLAYING
10:14:06 - [INPUT] KEYDOWN key=space code=32 state=PLAYING
10:14:06 - [INPUT] KEYUP key=space code=32 state=PLAYING
10:14:07 - [INPUT] KEYDOWN key=space code=32 state=PLAYING
10:14:07 - [INPUT] KEYUP key=space code=32 state=PLAYING
10:14:07 - [INPUT] KEYDOWN key=right code=1073741903 state=PLAYING
10:14:07 - [INPUT] KEYDOWN key=space code=32 state=PLAYING
10:14:07 - [INPUT] KEYUP key=right code=1073741903 state=PLAYING
10:14:07 - [INPUT] KEYUP key=space code=32 state=PLAYING
10:14:07 - [INPUT] KEYDOWN key=space code=32 state=PLAYING
10:14:07 - [INPUT] KEYDOWN key=left code=1073741904 state=PLAYING
10:14:07 - [INPUT] KEYUP key=space code=32 state=PLAYING
10:14:07 - [INPUT] KEYUP key=left code=1073741904 state=PLAYING
10:14:07 - [INPUT] KEYDOWN key=space code=32 state=PLAYING
10:14:07 - [INPUT] KEYDOWN key=left code=1073741904 state=PLAYING
10:14:07 - [INPUT] KEYUP key=left code=1073741904 state=PLAYING
10:14:07 - [INPUT] KEYUP key=space code=32 state=PLAYING
10:14:07 - [INPUT] KEYDOWN key=space code=32 state=PLAYING
10:14:07 - [INPUT] KEYDOWN key=left code=1073741904 state=PLAYING
10:14:08 - [INPUT] KEYUP key=left code=1073741904 state=PLAYING
10:14:08 - [INPUT] KEYUP key=space code=32 state=PLAYING
10:14:08 - [INPUT] KEYDOWN key=space code=32 state=PLAYING
10:14:08 - [INPUT] KEYDOWN key=left code=1073741904 state=PLAYING
10:14:08 - [INPUT] KEYUP key=left code=1073741904 state=PLAYING
10:14:08 - [INPUT] KEYUP key=space code=32 state=PLAYING
10:14:08 - [INPUT] KEYDOWN key=right code=1073741903 state=PLAYING
10:14:08 - [INPUT] KEYDOWN key=space code=32 state=PLAYING
10:14:08 - [INPUT] KEYUP key=right code=1073741903 state=PLAYING
10:14:08 - [INPUT] KEYUP key=space code=32 state=PLAYING
10:14:08 - [INPUT] KEYDOWN key=right code=1073741903 state=PLAYING
10:14:08 - [INPUT] KEYDOWN key=space code=32 state=PLAYING
10:14:08 - [INPUT] KEYUP key=right code=1073741903 state=PLAYING
10:14:08 - [INPUT] KEYUP key=space code=32 state=PLAYING
10:14:08 - [INPUT] KEYDOWN key=space code=32 state=PLAYING
10:14:09 - [INPUT] KEYUP key=space code=32 state=PLAYING
10:14:09 - [INPUT] KEYDOWN key=space code=32 state=PLAYING
10:14:09 - [INPUT] KEYDOWN key=left code=1073741904 state=PLAYING
10:14:09 - [INPUT] KEYUP key=left code=1073741904 state=PLAYING
10:14:09 - [INPUT] KEYUP key=space code=32 state=PLAYING
10:14:09 - [INPUT] KEYDOWN key=space code=32 state=PLAYING
10:14:09 - [INPUT] KEYDOWN key=left code=1073741904 state=PLAYING
10:14:09 - [INPUT] KEYUP key=left code=1073741904 state=PLAYING
10:14:09 - [INPUT] KEYUP key=space code=32 state=PLAYING
10:14:09 - [INPUT] KEYDOWN key=right code=1073741903 state=PLAYING
10:14:09 - [INPUT] KEYUP key=right code=1073741903 state=PLAYING
10:14:09 - [INPUT] KEYDOWN key=space code=32 state=PLAYING
10:14:09 - [INPUT] KEYDOWN key=right code=1073741903 state=PLAYING
10:14:09 - [INPUT] KEYUP key=space code=32 state=PLAYING
10:14:09 - [INPUT] KEYUP key=right code=1073741903 state=PLAYING
10:14:09 - [INPUT] KEYDOWN key=space code=32 state=PLAYING
10:14:09 - [INPUT] KEYDOWN key=right code=1073741903 state=PLAYING
10:14:10 - [INPUT] KEYUP key=space code=32 state=PLAYING
10:14:10 - [INPUT] KEYDOWN key=space code=32 state=PLAYING
10:14:10 - [INPUT] KEYUP key=right code=1073741903 state=PLAYING
10:14:10 - [INPUT] KEYDOWN key=right code=1073741903 state=PLAYING
10:14:10 - [INPUT] KEYUP key=space code=32 state=PLAYING
10:14:10 - [INPUT] KEYUP key=right code=1073741903 state=PLAYING
10:14:10 - [INPUT] KEYDOWN key=space code=32 state=PLAYING
10:14:10 - [INPUT] KEYDOWN key=left code=1073741904 state=PLAYING
10:14:10 - [INPUT] KEYUP key=space code=32 state=PLAYING
10:14:10 - [INPUT] KEYDOWN key=space code=32 state=PLAYING
10:14:10 - [INPUT] KEYUP key=space code=32 state=PLAYING
10:14:10 - [INPUT] KEYDOWN key=space code=32 state=PLAYING
10:14:11 - [INPUT] KEYUP key=space code=32 state=PLAYING
10:14:11 - [INPUT] KEYUP key=left code=1073741904 state=PLAYING
10:14:11 - [INPUT] KEYDOWN key=right code=1073741903 state=PLAYING
10:14:11 - [INPUT] KEYDOWN key=space code=32 state=PLAYING
10:14:11 - [INPUT] KEYUP key=right code=1073741903 state=PLAYING
10:14:11 - [INPUT] KEYDOWN key=left code=1073741904 state=PLAYING
10:14:11 - [INPUT] KEYUP key=space code=32 state=PLAYING
10:14:11 - [INPUT] KEYUP key=left code=1073741904 state=PLAYING
10:14:11 - [INPUT] KEYDOWN key=space code=32 state=PLAYING
10:14:11 - [INPUT] KEYDOWN key=right code=1073741903 state=PLAYING
10:14:11 - [INPUT] KEYUP key=space code=32 state=PLAYING
10:14:11 - [INPUT] KEYUP key=right code=1073741903 state=PLAYING
10:14:11 - [INPUT] KEYDOWN key=space code=32 state=PLAYING
10:14:11 - [INPUT] KEYUP key=space code=32 state=PLAYING
10:14:12 - [INPUT] KEYDOWN key=space code=32 state=PLAYING
10:14:12 - [INPUT] KEYUP key=space code=32 state=PLAYING
10:14:12 - [INPUT] KEYDOWN key=space code=32 state=PLAYING
10:14:12 - [INPUT] KEYDOWN key=right code=1073741903 state=PLAYING
10:14:12 - [INPUT] KEYUP key=space code=32 state=PLAYING
10:14:12 - [INPUT] KEYUP key=right code=1073741903 state=PLAYING
10:14:12 - [INPUT] KEYDOWN key=space code=32 state=PLAYING
10:14:12 - [INPUT] KEYDOWN key=right code=1073741903 state=PLAYING
10:14:12 - [INPUT] KEYUP key=space code=32 state=PLAYING
10:14:12 - [INPUT] KEYDOWN key=space code=32 state=PLAYING
10:14:12 - [INPUT] KEYUP key=right code=1073741903 state=PLAYING
10:14:12 - [INPUT] KEYUP key=space code=32 state=PLAYING
10:14:12 - [INPUT] KEYDOWN key=right code=1073741903 state=PLAYING
10:14:12 - [INPUT] KEYDOWN key=space code=32 state=PLAYING
10:14:13 - [INPUT] KEYUP key=right code=1073741903 state=PLAYING
10:14:13 - [INPUT] KEYDOWN key=left code=1073741904 state=PLAYING
10:14:13 - [INPUT] KEYUP key=space code=32 state=PLAYING
10:14:13 - [INPUT] KEYUP key=left code=1073741904 state=PLAYING
10:14:13 - [INPUT] KEYDOWN key=space code=32 state=PLAYING
10:14:13 - [INPUT] KEYUP key=space code=32 state=PLAYING
10:14:13 - [INPUT] KEYDOWN key=left code=1073741904 state=PLAYING
10:14:13 - [INPUT] KEYDOWN key=space code=32 state=PLAYING
10:14:13 - [INPUT] KEYUP key=left code=1073741904 state=PLAYING
10:14:13 - [INPUT] KEYDOWN key=left code=1073741904 state=PLAYING
10:14:13 - [INPUT] KEYUP key=space code=32 state=PLAYING
10:14:13 - [INPUT] KEYUP key=left code=1073741904 state=PLAYING
10:14:13 - [INPUT] KEYDOWN key=space code=32 state=PLAYING
10:14:13 - [INPUT] KEYUP key=space code=32 state=PLAYING
10:14:13 - [INPUT] KEYDOWN key=space code=32 state=PLAYING
10:14:13 - [INPUT] KEYDOWN key=right code=1073741903 state=PLAYING
10:14:14 - [INPUT] KEYUP key=space code=32 state=PLAYING
