22:29:52 - [INPUT] KEYDOWN key=return code=13 state=MENU
22:29:52 - \U0001f3ae Inizia nuova partita
22:29:52 - \U0001f504 Nuova partita iniziata!
22:29:52 - [INPUT] KEYUP key=return code=13 state=PLAYING
22:29:53 - [INPUT] KEYDOWN key=right code=1073741903 state=PLAYING
22:29:53 - [INPUT] KEYUP key=right code=1073741903 state=PLAYING
22:29:53 - [INPUT] KEYDOWN key=left code=1073741904 state=PLAYING
22:29:54 - [INPUT] KEYUP key=left code=1073741904 state=PLAYING
22:29:55 - [INPUT] KEYDOWN key=right code=1073741903 state=PLAYING
22:29:55 - [INPUT] KEYUP key=right code=1073741903 state=PLAYING
22:29:55 - [INPUT] KEYDOWN key=left code=1073741904 state=PLAYING
22:29:55 - [INPUT] KEYUP key=left code=1073741904 state=PLAYING
22:29:56 - [INPUT] KEYDOWN key=left code=1073741904 state=PLAYING
22:29:57 - [INPUT] KEYUP key=left code=1073741904 state=PLAYING
22:29:57 - [INPUT] KEYDOWN key=right code=1073741903 state=PLAYING
22:29:58 - [INPUT] KEYUP key=right code=1073741903 state=PLAYING
22:29:58 - [INPUT] KEYDOWN key=left code=1073741904 state=PLAYING
22:29:58 - [INPUT] KEYUP key=left code=1073741904 state=PLAYING
22:29:59 - [INPUT] KEYDOWN key=right code=1073741903 state=PLAYING
22:30:00 - [INPUT] KEYUP key=right code=1073741903 state=PLAYING
22:30:00 - [INPUT] KEYDOWN key=left code=1073741904 state=PLAYING
22:30:00 - [INPUT] KEYUP key=left code=1073741904 state=PLAYING
22:30:00 - [INPUT] KEYDOWN key=left code=1073741904 state=PLAYING
22:30:00 - [INPUT] KEYUP key=left code=1073741904 state=PLAYING
22:30:01 - [INPUT] KEYDOWN key=left code=1073741904 state=PLAYING
22:30:01 - [INPUT] KEYUP key=left code=1073741904 state=PLAYING
22:30:02 - [INPUT] KEYDOWN key=right code=1073741903 state=PLAYING
22:30:02 - [INPUT] KEYUP key=right code=1073741903 state=PLAYING
22:30:02 - [INPUT] KEYDOWN key=left code=1073741904 state=PLAYING
22:30:03 - [INPUT] KEYUP key=left code=1073741904 state=PLAYING
22:30:04 - [INPUT] KEYDOWN key=left code=1073741904 state=PLAYING
22:30:04 - [INPUT] KEYUP key=left code=1073741904 state=PLAYING
22:30:05 - [INPUT] KEYDOWN key=right code=1073741903 state=PLAYING
22:30:05 - [INPUT] KEYUP key=right code=1073741903 state=PLAYING
22:30:06 - [INPUT] KEYDOWN key=left code=1073741904 state=PLAYING
22:30:07 - [INPUT] KEYUP key=left code=1073741904 state=PLAYING
22:30:07 - [INPUT] KEYDOWN key=right code=1073741903 state=PLAYING
22:30:07 - [INPUT] KEYUP key=right code=1073741903 state=PLAYING
22:30:08 - [INPUT] KEYDOWN key=right code=1073741903 state=PLAYING
22:30:08 - [INPUT] KEYUP key=right code=1073741903 state=PLAYING
22:30:09 - [INPUT] KEYDOWN key=left code=1073741904 state=PLAYING
22:30:10 - [INPUT] KEYUP key=left code=1073741904 state=PLAYING
22:30:10 - [INPUT] KEYDOWN key=right code=1073741903 state=PLAYING
22:30:10 - [INPUT] KEYUP key=right code=1073741903 state=PLAYING
22:30:10 - [INPUT] KEYDOWN key=right code=1073741903 state=PLAYING
22:30:10 - [INPUT] KEYUP key=right code=1073741903 state=PLAYING
22:30:10 - [INPUT] KEYDOWN key=right code=1073741903 state=PLAYING
22:30:11 - [INPUT] KEYDOWN key=left code=1073741904 state=PLAYING
22:30:11 - [INPUT] KEYUP key=right code=1073741903 state=PLAYING
22:30:11 - [INPUT] KEYUP key=left code=1073741904 state=PLAYING
22:30:11 - [INPUT] KEYDOWN key=left code=1073741904 state=PLAYING
22:30:12 - [INPUT] KEYUP key=left code=1073741904 state=PLAYING
22:30:12 - [INPUT] KEYDOWN key=left code=1073741904 state=PLAYING
22:30:13 - [INPUT] KEYUP key=left code=1073741904 state=PLAYING
22:30:13 - [INPUT] KEYDOWN key=right code=1073741903 state=PLAYING
22:30:13 - [INPUT] KEYUP key=right code=1073741903 state=PLAYING
22:30:13 - [INPUT] KEYDOWN key=right code=1073741903 state=PLAYING
22:30:14 - [INPUT] KEYUP key=right code=1073741903 state=PLAYING
22:30:14 - [INPUT] KEYDOWN key=left code=1073741904 state=PLAYING
22:30:14 - [INPUT] KEYUP key=left code=1073741904 state=PLAYING
22:30:14 - [INPUT] KEYDOWN key=right code=1073741903 state=PLAYING
22:30:14 - [INPUT] KEYUP key=right code=1073741903 state=PLAYING
22:30:15 - [INPUT] KEYDOWN key=left code=1073741904 state=PLAYING
22:30:15 - [INPUT] KEYUP key=left code=1073741904 state=PLAYING
22:30:15 - [INPUT] KEYDOWN key=right code=1073741903 state=PLAYING
22:30:15 - [INPUT] KEYUP key=right code=1073741903 state=PLAYING
22:30:16 - [INPUT] KEYDOWN key=left code=1073741904 state=PLAYING
22:30:16 - [INPUT] KEYUP key=left code=1073741904 state=PLAYING
22:30:16 - [INPUT] KEYDOWN key=right code=1073741903 state=PLAYING
22:30:16 - [INPUT] KEYUP key=right code=1073741903 state=PLAYING
22:30:17 - [INPUT] KEYDOWN key=right code=1073741903 state=PLAYING
22:30:17 - [INPUT] KEYUP key=right code=1073741903 state=PLAYING
22:30:17 - [INPUT] KEYDOWN key=left code=1073741904 state=PLAYING
22:30:18 - [INPUT] KEYUP key=left code=1073741904 state=PLAYING
22:30:18 - \U0001f3d4\ufe0f Cima raggiunta! Bonus +20000
22:30:26 - [INPUT] KEYDOWN key=escape code=27 state=LEADERBOARD
22:30:26 - [INPUT] KEYUP key=escape code=27 state=LEADERBOARD
22:30:26 - [INPUT] KEYDOWN key=escape code=27 state=LEADERBOARD
22:30:26 - [INPUT] KEYUP key=escape code=27 state=LEADERBOARD
22:30:26 - [INPUT] KEYDOWN key=escape code=27 state=LEADERBOARD
22:30:26 - [INPUT] KEYUP key=escape code=27 state=LEADERBOARD
22:30:26 - [INPUT] KEYDOWN key=escape code=27 state=LEADERBOARD
22:30:26 - [INPUT] KEYUP key=escape code=27 state=LEADERBOARD
22:30:27 - [INPUT] KEYDOWN key=escape code=27 state=LEADERBOARD
22:30:27 - [INPUT] KEYUP key=escape code=27 state=LEADERBOARD
22:30:27 - [INPUT] KEYDOWN key=escape code=27 state=LEADERBOARD
22:30:27 - [INPUT] KEYUP key=escape code=27 state=LEADERBOARD
22:30:27 - [INPUT] KEYDOWN key=escape code=27 state=LEADERBOARD
22:30:27 - [INPUT] KEYUP key=escape code=27 state=LEADERBOARD
22:30:27 - [INPUT] KEYDOWN key=escape code=27 state=LEADERBOARD
22:30:27 - [INPUT] KEYUP key=escape code=27 state=LEADERBOARD
22:30:27 - [INPUT] KEYDOWN key=escape code=27 state=LEADERBOARD
22:30:27 - [INPUT] KEYUP key=escape code=27 state=LEADERBOARD
22:30:27 - [INPUT] KEYDOWN key=escape code=27 state=LEADERBOARD
22:30:28 - [INPUT] KEYUP key=escape code=27 state=LEADERBOARD
22:30:28 - [INPUT] KEYDOWN key=escape code=27 state=LEADERBOARD
22:30:28 - [INPUT] KEYUP key=escape code=27 state=LEADERBOARD
22:30:28 - [INPUT] KEYDOWN key=escape code=27 state=LEADERBOARD
22:30:28 - [INPUT] KEYUP key=escape code=27 state=LEADERBOARD
